exp: -9.9000084867
exp: -9.8000418018
exp: -9.7000968567
exp: -9.6001735981
exp: -9.5002725260
exp: -9.4003961224
exp: -9.3005467727
exp: -9.2007251612
exp: -9.1009348475
exp: -9.0011809301
exp: -8.9014436126
exp: -8.8017350068
exp: -8.7020820840
exp: -8.6024300690
exp: -8.5028148801
exp: -8.4032404683
exp: -8.3036865843
exp: -8.2041888453
exp: -8.1047192336
exp: -8.0052500663
exp: -7.9058775558
exp: -7.8065058516
exp: -7.7071982332
exp: -7.6079695619
exp: -7.5087290666
exp: -7.4095741526
exp: -7.3103942847
exp: -7.2113486484
exp: -7.1123879430
exp: -7.0133277460
exp: -6.9145293483
exp: -6.8156575359
exp: -6.7168194675
exp: -6.6180740188
exp: -6.5194004416
exp: -6.4209965382
exp: -6.3228058670
exp: -6.2246080351
exp: -6.1273807145
exp: -6.0303787361
exp: -5.9335969992
exp: -5.8367414865
exp: -5.7400653440
exp: -5.6429097581
exp: -5.5455697051
exp: -5.4482473058
exp: -5.3511091622
exp: -5.2540145060
exp: -5.1570764754
exp: -5.0602884585
exp: -4.9637019813
exp: -4.8671485643
exp: -4.7709550551
exp: -4.6760026543
exp: -4.5803918448
exp: -4.4847548250
exp: -4.3892005731
exp: -4.2938618497
exp: -4.1986727945
exp: -4.1091673995
exp: -4.0173262945
exp: -3.9267597989
exp: -3.8345656354
exp: -3.7469596503
exp: -3.6592922756
exp: -3.5717535307
exp: -3.4874065935
exp: -3.4005047862
exp: -3.3184852984
exp: -3.2365609547
exp: -3.1576710269
exp: -3.0781033981
exp: -2.9962245256
exp: -2.9183562708
exp: -2.8437432539
exp: -2.7711877748
exp: -2.6986899015
exp: -2.6299212896
exp: -2.5612314590
exp: -2.4953920952
exp: -2.4301080872
exp: -2.3682081026
exp: -2.3063919803
exp: -2.2459901271
exp: -2.1840492289
exp: -2.1266743376
exp: -2.0708816194
exp: -2.0172914977
exp: -1.9638265854
exp: -1.9146089409
exp: -1.8651548012
exp: -1.8187697328
exp: -1.7794802399
exp: -1.7481666301
exp: -1.7220153172
exp: -1.6973779713
exp: -1.6856578050
exp: -1.6796575659
exp: -1.6727530298
exp: -1.6750940235
Overlap: 0.5690084112
exp: -1.6696432488
Overlap: 0.5432818209
