exp: -9.9000181056
exp: -9.8000753821
exp: -9.7002213975
exp: -9.6003990427
exp: -9.5006379508
exp: -9.4009329917
exp: -9.3012527653
exp: -9.2016656621
exp: -9.1020905598
exp: -9.0025872555
exp: -8.9032546101
exp: -8.8039474455
exp: -8.7047540586
exp: -8.6055787073
exp: -8.5064820185
exp: -8.4074876025
exp: -8.3085410095
exp: -8.2096810804
exp: -8.1109096021
exp: -8.0122300399
exp: -7.9136720644
exp: -7.8151925424
exp: -7.7168028589
exp: -7.6185580779
exp: -7.5203829698
exp: -7.4223885537
exp: -7.3245000927
exp: -7.2267453637
exp: -7.1290733064
exp: -7.0315061815
exp: -6.9339975285
exp: -6.8366789223
exp: -6.7395558784
exp: -6.6424476019
exp: -6.5454741621
exp: -6.4487063631
exp: -6.3520294907
exp: -6.2554311404
exp: -6.1590281128
exp: -6.0627309970
exp: -5.9666192327
exp: -5.8707034357
exp: -5.7748437892
exp: -5.6792346801
exp: -5.5837845429
exp: -5.4885953572
exp: -5.3934859982
exp: -5.2986771722
exp: -5.2041581610
exp: -5.1097538848
exp: -5.0159538457
exp: -4.9223791719
exp: -4.8289119038
exp: -4.7363645098
exp: -4.6438100616
exp: -4.5514893281
exp: -4.4591599214
exp: -4.3672737510
exp: -4.2755683230
exp: -4.1839078377
exp: -4.0928762594
exp: -4.0018346508
exp: -3.9118211299
exp: -3.8223716281
exp: -3.7337856327
exp: -3.6456124988
exp: -3.5586442514
exp: -3.4717585944
exp: -3.3853756311
exp: -3.3008753877
exp: -3.2163749243
exp: -3.1358619940
exp: -3.0572452105
exp: -2.9798974077
exp: -2.9042466866
exp: -2.8281178543
exp: -2.7532276837
exp: -2.6797667804
exp: -2.6081514284
exp: -2.5387559090
exp: -2.4720395218
exp: -2.4102532421
exp: -2.3462038286
exp: -2.2875944714
exp: -2.2321432615
exp: -2.1788496811
exp: -2.1297473678
exp: -2.0823673098
exp: -2.0412141161
exp: -2.0037413866
exp: -1.9689569592
exp: -1.9416889163
exp: -1.9128792430
exp: -1.8883874052
exp: -1.8675294421
exp: -1.8498783453
exp: -1.8388460549
exp: -1.8245521092
exp: -1.8136635699
exp: -1.8084293159
Overlap: 0.0103033085
exp: -1.8161553664
Overlap: 0.0109781024
