exp: -9.9000220134
exp: -9.8000809563
exp: -9.7001596096
exp: -9.6003105702
exp: -9.5005321884
exp: -9.4008349905
exp: -9.3012030986
exp: -9.2015703362
exp: -9.1020211981
exp: -9.0025999800
exp: -8.9031443066
exp: -8.8037945906
exp: -8.7045100738
exp: -8.6052084132
exp: -8.5059336466
exp: -8.4068676798
exp: -8.3077377150
exp: -8.2087437208
exp: -8.1098293765
exp: -8.0109181051
exp: -7.9119954233
exp: -7.8132592892
exp: -7.7145909701
exp: -7.6160305718
exp: -7.5175176409
exp: -7.4190359916
exp: -7.3206906120
exp: -7.2224765116
exp: -7.1243518385
exp: -7.0264831631
exp: -6.9284627164
exp: -6.8306302612
exp: -6.7328761746
exp: -6.6353716337
exp: -6.5380189008
exp: -6.4407110219
exp: -6.3437549149
exp: -6.2469660837
exp: -6.1502632923
exp: -6.0536023978
exp: -5.9572291650
exp: -5.8610198074
exp: -5.7650273444
exp: -5.6690624140
exp: -5.5735608393
exp: -5.4786333292
exp: -5.3836063998
exp: -5.2882210569
exp: -5.1933689198
exp: -5.0988049473
exp: -5.0041792608
exp: -4.9095104793
exp: -4.8148193179
exp: -4.7208327958
exp: -4.6267979014
exp: -4.5333394400
exp: -4.4399403777
exp: -4.3467352759
exp: -4.2549682109
exp: -4.1626336426
exp: -4.0718036392
exp: -3.9837162461
exp: -3.8975683900
exp: -3.8129910681
exp: -3.7321782340
exp: -3.6500971285
exp: -3.5698284878
exp: -3.4912807493
exp: -3.4159113821
exp: -3.3407206345
exp: -3.2689312079
exp: -3.1995134651
exp: -3.1301664734
exp: -3.0623827826
exp: -2.9988432379
exp: -2.9352670462
exp: -2.8735761229
exp: -2.8143171716
exp: -2.7579965640
exp: -2.7038384631
exp: -2.6511777067
exp: -2.6011200896
exp: -2.5528223606
exp: -2.5062534332
exp: -2.4606396012
exp: -2.4176892176
exp: -2.3761167513
exp: -2.3376335745
exp: -2.3033516885
exp: -2.2676758134
exp: -2.2304342257
exp: -2.2030657335
exp: -2.1755650237
exp: -2.1547238404
exp: -2.1343131639
exp: -2.1202607529
exp: -2.1067212849
exp: -2.1013086091
exp: -2.1196828693
exp: -2.1317725722
Overlap: 0.0002035195
exp: -2.1288826266
Overlap: 0.0002018880
