exp: -9.9000231294
exp: -9.8000953233
exp: -9.7002150667
exp: -9.6003859872
exp: -9.5006184215
exp: -9.4009003963
exp: -9.3012614961
exp: -9.2016542057
exp: -9.1021158451
exp: -9.0026360827
exp: -8.9032406821
exp: -8.8039216755
exp: -8.7046592212
exp: -8.6054455637
exp: -8.5062985333
exp: -8.4072693245
exp: -8.3082633739
exp: -8.2093603466
exp: -8.1106115080
exp: -8.0119741157
exp: -7.9133848844
exp: -7.8149520469
exp: -7.7166424611
exp: -7.6185492504
exp: -7.5206923763
exp: -7.4229529165
exp: -7.3253709724
exp: -7.2279594609
exp: -7.1311612065
exp: -7.0346882067
exp: -6.9383721434
exp: -6.8420614678
exp: -6.7461241782
exp: -6.6508420998
exp: -6.5554205545
exp: -6.4597441655
exp: -6.3641338068
exp: -6.2684704876
exp: -6.1727502840
exp: -6.0772213012
exp: -5.9818240540
exp: -5.8866824028
exp: -5.7917545153
exp: -5.6968409977
exp: -5.6024353614
exp: -5.5080513454
exp: -5.4138829803
exp: -5.3201710968
exp: -5.2264310505
exp: -5.1328899728
exp: -5.0396199408
exp: -4.9465260989
exp: -4.8539404710
exp: -4.7613590166
exp: -4.6693106590
exp: -4.5771552949
exp: -4.4860487290
exp: -4.3950312122
exp: -4.3042241409
exp: -4.2135694799
exp: -4.1234473085
exp: -4.0340052909
exp: -3.9447072440
exp: -3.8574441538
exp: -3.7705146545
exp: -3.6842139348
exp: -3.5987742448
exp: -3.5143350228
exp: -3.4304098216
exp: -3.3476867421
exp: -3.2653084727
exp: -3.1846605579
exp: -3.1039687186
exp: -3.0251024524
exp: -2.9460931855
exp: -2.8710375686
exp: -2.7947760486
exp: -2.7219730483
exp: -2.6515482134
exp: -2.5835211643
exp: -2.5153217261
exp: -2.4496615514
exp: -2.3847142571
exp: -2.3239949366
exp: -2.2660264078
exp: -2.2127208325
exp: -2.1629830640
exp: -2.1153973188
exp: -2.0755044238
exp: -2.0418914722
exp: -2.0208504120
exp: -2.0079127614
exp: -1.9901435617
exp: -1.9766538211
exp: -1.9716336852
exp: -1.9690962529
exp: -1.9739241300
exp: -1.9857884303
exp: -1.9987295228
exp: -2.0162673976
Overlap: 0.0000060875
exp: -2.0158725581
Overlap: 0.0000082749
