exp: -9.9000098106
exp: -9.8000390062
exp: -9.7000875533
exp: -9.6001643702
exp: -9.5002528957
exp: -9.4003695147
exp: -9.3005040748
exp: -9.2006644623
exp: -9.1008405046
exp: -9.0010517169
exp: -8.9012850716
exp: -8.8015461862
exp: -8.7018190999
exp: -8.6021197641
exp: -8.5024487620
exp: -8.4028059878
exp: -8.3031708563
exp: -8.2035751973
exp: -8.1040352309
exp: -8.0044906592
exp: -7.9050415921
exp: -7.8055680698
exp: -7.7060681614
exp: -7.6067145671
exp: -7.5073735694
exp: -7.4080295925
exp: -7.3087337354
exp: -7.2094565676
exp: -7.1103145622
exp: -7.0112560508
exp: -6.9122054019
exp: -6.8132101026
exp: -6.7143620792
exp: -6.6154532667
exp: -6.5166968357
exp: -6.4179060404
exp: -6.3193024897
exp: -6.2208925530
exp: -6.1224659234
exp: -6.0242551629
exp: -5.9256775436
exp: -5.8272477781
exp: -5.7288794406
exp: -5.6305419269
exp: -5.5321424781
exp: -5.4337718679
exp: -5.3357295402
exp: -5.2375757271
exp: -5.1394152634
exp: -5.0414506188
exp: -4.9438807739
exp: -4.8502741773
exp: -4.7535459827
exp: -4.6585612221
exp: -4.5655338401
exp: -4.4707741954
exp: -4.3749763907
exp: -4.2799843775
exp: -4.1881031254
exp: -4.0994087970
exp: -4.0267576139
exp: -3.9485008045
exp: -3.8736641329
exp: -3.7996627534
exp: -3.7279397366
exp: -3.6553149830
exp: -3.5844799585
exp: -3.5149974436
exp: -3.4470263790
exp: -3.3807114922
exp: -3.3158100531
exp: -3.2521231206
exp: -3.1901386645
exp: -3.1292518879
exp: -3.0700178552
exp: -3.0126300209
exp: -2.9563161370
exp: -2.9018129300
exp: -2.8494290420
exp: -2.7984297768
exp: -2.7498346201
exp: -2.7019702655
exp: -2.6564921571
exp: -2.6136709542
exp: -2.5727356131
exp: -2.5353600890
exp: -2.4994576020
exp: -2.4660170858
exp: -2.4332369183
exp: -2.4023916714
exp: -2.3740091403
exp: -2.3492912541
exp: -2.3279583473
exp: -2.3095871541
exp: -2.2933008991
exp: -2.2777500651
exp: -2.2679066204
exp: -2.2672576452
exp: -2.2447670193
exp: -2.2385397715
Overlap: 0.0120024878
exp: -2.2410528869
Overlap: 0.0296013594
