exp: -9.9000077006
exp: -9.7999888862
exp: -9.7000228984
exp: -9.6002029188
exp: -9.5003281431
exp: -9.4004782760
exp: -9.3006773000
exp: -9.2009150479
exp: -9.1011976202
exp: -9.0015119739
exp: -8.9018917238
exp: -8.8022506745
exp: -8.7026793167
exp: -8.6031327238
exp: -8.5036420596
exp: -8.4042022305
exp: -8.3047940842
exp: -8.2054460604
exp: -8.1061970406
exp: -8.0069906664
exp: -7.9078102562
exp: -7.8087011616
exp: -7.7096174569
exp: -7.6106328037
exp: -7.5117100192
exp: -7.4128625672
exp: -7.3141238715
exp: -7.2155071596
exp: -7.1168790216
exp: -7.0183846982
exp: -6.9200512894
exp: -6.8216611039
exp: -6.7234695457
exp: -6.6253612176
exp: -6.5272887189
exp: -6.4292763682
exp: -6.3313599185
exp: -6.2335401289
exp: -6.1357489317
exp: -6.0379999302
exp: -5.9404276766
exp: -5.8428445065
exp: -5.7453906371
exp: -5.6481141526
exp: -5.5508900961
exp: -5.4537109324
exp: -5.3566757515
exp: -5.2597923850
exp: -5.1630308281
exp: -5.0664658529
exp: -4.9700174678
exp: -4.8735015009
exp: -4.7772980753
exp: -4.6810855267
exp: -4.5850116154
exp: -4.4895661718
exp: -4.3938488898
exp: -4.2990293179
exp: -4.2043919873
exp: -4.1097788575
exp: -4.0166708881
exp: -3.9231832034
exp: -3.8310842890
exp: -3.7390837041
exp: -3.6495288301
exp: -3.5594306587
exp: -3.4726045184
exp: -3.3853463446
exp: -3.2967619508
exp: -3.2125974651
exp: -3.1323203630
exp: -3.0529138309
exp: -2.9789364296
exp: -2.9125119584
exp: -2.8380383262
exp: -2.7655118115
exp: -2.6932786807
exp: -2.6255664880
exp: -2.5614674252
exp: -2.4954434826
exp: -2.4310313840
exp: -2.3679125749
exp: -2.3068934267
exp: -2.2481509775
exp: -2.1921730803
exp: -2.1383150296
exp: -2.0864762687
exp: -2.0384018182
exp: -1.9912687736
exp: -1.9452217128
exp: -1.9024852642
exp: -1.8626677484
exp: -1.8252427221
exp: -1.7953799815
exp: -1.7696916359
exp: -1.7465564841
exp: -1.7276207846
exp: -1.7112165892
exp: -1.6991777107
exp: -1.6918445785
Overlap: 0.0000000228
exp: -1.6918284943
Overlap: 0.0000001125
