exp: -9.9000294646
exp: -9.8000992427
exp: -9.7002224217
exp: -9.6004017672
exp: -9.5006374844
exp: -9.4009314167
exp: -9.3012838892
exp: -9.2016867103
exp: -9.1021459694
exp: -9.0026715585
exp: -8.9032578265
exp: -8.8039033001
exp: -8.7046289033
exp: -8.6054330883
exp: -8.5063135867
exp: -8.4072445569
exp: -8.3083084936
exp: -8.2094214828
exp: -8.1106800011
exp: -8.0119808153
exp: -7.9134284029
exp: -7.8149090926
exp: -7.7164761809
exp: -7.6181550351
exp: -7.5201610983
exp: -7.4220895548
exp: -7.3242464721
exp: -7.2263675929
exp: -7.1287159904
exp: -7.0313810666
exp: -6.9341761632
exp: -6.8370548634
exp: -6.7400370736
exp: -6.6431702205
exp: -6.5464634957
exp: -6.4503688120
exp: -6.3541370229
exp: -6.2583586543
exp: -6.1626319964
exp: -6.0673394321
exp: -5.9723477475
exp: -5.8781043272
exp: -5.7840230264
exp: -5.6902352271
exp: -5.5967106810
exp: -5.5037820944
exp: -5.4112304914
exp: -5.3186509457
exp: -5.2266117168
exp: -5.1349000949
exp: -5.0434211309
exp: -4.9523558229
exp: -4.8611319100
exp: -4.7706363541
exp: -4.6803474638
exp: -4.5905448507
exp: -4.5006708889
exp: -4.4117115857
exp: -4.3233688063
exp: -4.2354388586
exp: -4.1478865972
exp: -4.0611866202
exp: -3.9754250659
exp: -3.8906811656
exp: -3.8063726184
exp: -3.7228539670
exp: -3.6402514158
exp: -3.5585892895
exp: -3.4796736690
exp: -3.4003643827
exp: -3.3246704351
exp: -3.2486446986
exp: -3.1735235077
exp: -3.0999641577
exp: -3.0278751350
exp: -2.9577267698
exp: -2.8887248183
exp: -2.8216800438
exp: -2.7560960094
exp: -2.6926928448
exp: -2.6311116773
exp: -2.5718905685
exp: -2.5139294850
exp: -2.4579320373
exp: -2.4045800756
exp: -2.3532779047
exp: -2.3039130611
exp: -2.2601961305
exp: -2.2194133612
exp: -2.1814197553
exp: -2.1459898211
exp: -2.1126987235
exp: -2.0851069837
exp: -2.0594763828
exp: -2.0399594281
exp: -2.0244294308
exp: -2.0131215219
exp: -2.0074507743
exp: -2.0149807569
exp: -2.0114144652
Overlap: 0.0088420851
exp: -2.0111898659
Overlap: 0.0088472558
