exp: -9.9000081034
exp: -9.8000250420
exp: -9.7000433883
exp: -9.6001279715
exp: -9.5001834239
exp: -9.4002401114
exp: -9.3003281758
exp: -9.2004433829
exp: -9.1005740966
exp: -9.0007183909
exp: -8.9008691194
exp: -8.8010925770
exp: -8.7012823560
exp: -8.6014855984
exp: -8.5017657899
exp: -8.4020257325
exp: -8.3023121399
exp: -8.2026598865
exp: -8.1030938865
exp: -8.0035088507
exp: -7.9040178838
exp: -7.8044910677
exp: -7.7050418242
exp: -7.6056227267
exp: -7.5062284663
exp: -7.4070067092
exp: -7.3078947495
exp: -7.2086597557
exp: -7.1095720224
exp: -7.0106204929
exp: -6.9119201238
exp: -6.8128707176
exp: -6.7140954675
exp: -6.6155331567
exp: -6.5172156759
exp: -6.4188725429
exp: -6.3210626761
exp: -6.2226900259
exp: -6.1242351040
exp: -6.0258472454
exp: -5.9275574664
exp: -5.8294238582
exp: -5.7312643141
exp: -5.6333574599
exp: -5.5356899943
exp: -5.4379784706
exp: -5.3404397908
exp: -5.2430358388
exp: -5.1462515256
exp: -5.0495791902
exp: -4.9529542199
exp: -4.8569901567
exp: -4.7608536232
exp: -4.6651373098
exp: -4.5692020804
exp: -4.4745307221
exp: -4.3835051178
exp: -4.2906351872
exp: -4.1969258864
exp: -4.1036172588
exp: -4.0110326519
exp: -3.9183935443
exp: -3.8280691519
exp: -3.7383443216
exp: -3.6505578770
exp: -3.5638473474
exp: -3.4807263822
exp: -3.3967170691
exp: -3.3168100768
exp: -3.2378170464
exp: -3.1586766173
exp: -3.0822550232
exp: -3.0062765017
exp: -2.9306718567
exp: -2.8548575887
exp: -2.7795567651
exp: -2.7052742757
exp: -2.6313737214
exp: -2.5585058297
exp: -2.4867014669
exp: -2.4162309723
exp: -2.3473826246
exp: -2.2802713919
exp: -2.2142441301
exp: -2.1500100033
exp: -2.0877778202
exp: -2.0276173067
exp: -1.9700653858
exp: -1.9162712410
exp: -1.8674660489
exp: -1.8237360459
exp: -1.7847785893
exp: -1.7494141247
exp: -1.7167295486
exp: -1.6902643429
exp: -1.6702368121
exp: -1.6553943614
exp: -1.6431286074
exp: -1.6462714632
exp: -1.6538471588
Overlap: 0.2365917857
exp: -1.6523967998
Overlap: 0.2322422581
