exp: -9.9000137288
exp: -9.8000712689
exp: -9.7001671297
exp: -9.6003027039
exp: -9.5004807410
exp: -9.4007120811
exp: -9.3009860782
exp: -9.2013217255
exp: -9.1017421007
exp: -9.0021893547
exp: -8.9027113553
exp: -8.8032726249
exp: -8.7039276998
exp: -8.6046632623
exp: -8.5054596654
exp: -8.4063144729
exp: -8.3072775931
exp: -8.2083009054
exp: -8.1093898817
exp: -8.0105494866
exp: -7.9118366255
exp: -7.8132354870
exp: -7.7147245980
exp: -7.6164192397
exp: -7.5181817427
exp: -7.4200042454
exp: -7.3220352074
exp: -7.2241426021
exp: -7.1264175410
exp: -7.0287063217
exp: -6.9312535716
exp: -6.8339402072
exp: -6.7368453127
exp: -6.6398581346
exp: -6.5429321982
exp: -6.4462323917
exp: -6.3498839717
exp: -6.2535932936
exp: -6.1574322723
exp: -6.0614946706
exp: -5.9655483640
exp: -5.8698809183
exp: -5.7746932162
exp: -5.6795706669
exp: -5.5846870200
exp: -5.4901147582
exp: -5.3962212111
exp: -5.3023243554
exp: -5.2092069946
exp: -5.1163462639
exp: -5.0241557320
exp: -4.9328905511
exp: -4.8421246398
exp: -4.7512397462
exp: -4.6602577745
exp: -4.5694863467
exp: -4.4787872937
exp: -4.3883876935
exp: -4.2984768257
exp: -4.2088625031
exp: -4.1197971662
exp: -4.0311029486
exp: -3.9429239569
exp: -3.8548970242
exp: -3.7678722591
exp: -3.6809694296
exp: -3.5949470886
exp: -3.5094853042
exp: -3.4246980132
exp: -3.3405166958
exp: -3.2571097950
exp: -3.1742044176
exp: -3.0917294906
exp: -3.0105857699
exp: -2.9310773947
exp: -2.8524420805
exp: -2.7756321106
exp: -2.6987324390
exp: -2.6241262042
exp: -2.5514302041
exp: -2.4802092414
exp: -2.4114356706
exp: -2.3453542103
exp: -2.2834092766
exp: -2.2252809246
exp: -2.1669340395
exp: -2.1088834916
exp: -2.0543380567
exp: -2.0013283710
exp: -1.9518325202
exp: -1.9054190054
exp: -1.8613297959
exp: -1.8215465804
exp: -1.7855406541
exp: -1.7542812483
exp: -1.7253746508
exp: -1.7046979711
exp: -1.6882658849
exp: -1.6806270778
exp: -1.6863209071
Overlap: 0.3367274159
exp: -1.6877503338
Overlap: 0.3246259586
