exp: -9.8999989745
exp: -9.7999841729
exp: -9.6996423974
exp: -9.5999264892
exp: -9.4997138414
exp: -9.4003629069
exp: -9.3005194418
exp: -9.2006992306
exp: -9.1009147154
exp: -9.0011850275
exp: -8.9014550544
exp: -8.8017704664
exp: -8.7021297474
exp: -8.6025381793
exp: -8.5029504124
exp: -8.4034221542
exp: -8.3038781468
exp: -8.2045173388
exp: -8.1051276007
exp: -8.0057819197
exp: -7.9064750935
exp: -7.8072070306
exp: -7.7079691763
exp: -7.6088247491
exp: -7.5097955555
exp: -7.4107028575
exp: -7.3117498705
exp: -7.2128404452
exp: -7.1140007755
exp: -7.0152508339
exp: -6.9165985508
exp: -6.8179711497
exp: -6.7195573730
exp: -6.6212671208
exp: -6.5230478789
exp: -6.4248920055
exp: -6.3268841362
exp: -6.2289963663
exp: -6.1313456766
exp: -6.0336810240
exp: -5.9363245401
exp: -5.8390568591
exp: -5.7419627978
exp: -5.6448811120
exp: -5.5479673883
exp: -5.4512465741
exp: -5.3544124338
exp: -5.2577957075
exp: -5.1615380813
exp: -5.0656344309
exp: -4.9695216607
exp: -4.8736554493
exp: -4.7780677026
exp: -4.6826036645
exp: -4.5873638000
exp: -4.4917413393
exp: -4.3965740130
exp: -4.3015478860
exp: -4.2064196334
exp: -4.1118610498
exp: -4.0175318401
exp: -3.9244511988
exp: -3.8312347636
exp: -3.7388422051
exp: -3.6476531688
exp: -3.5562736326
exp: -3.4644359897
exp: -3.3754450019
exp: -3.2868321387
exp: -3.2001276757
exp: -3.1141883275
exp: -3.0301756403
exp: -2.9495210537
exp: -2.8688127577
exp: -2.7883523568
exp: -2.7084641394
exp: -2.6302542756
exp: -2.5533814113
exp: -2.4751551051
exp: -2.3982647167
exp: -2.3263249262
exp: -2.2545993109
exp: -2.1843014142
exp: -2.1272737538
exp: -2.0619518444
exp: -1.9976415441
exp: -1.9327748843
exp: -1.8711618454
exp: -1.8129774096
exp: -1.7569322127
exp: -1.7071061904
exp: -1.6509210122
exp: -1.6075107228
exp: -1.5704330978
exp: -1.5290270309
exp: -1.4926464884
exp: -1.4615926193
exp: -1.4343099483
exp: -1.4157165056
exp: -1.4089348068
Overlap: 0.0007995109
exp: -1.3996571232
Overlap: 0.0003676485
