exp: -9.8999795413
exp: -9.8000403211
exp: -9.7000899123
exp: -9.6001608574
exp: -9.5002516349
exp: -9.4003736707
exp: -9.3005031270
exp: -9.2006814557
exp: -9.1008705989
exp: -9.0010891971
exp: -8.9013449295
exp: -8.8016413358
exp: -8.7019363689
exp: -8.6022372199
exp: -8.5026058195
exp: -8.4030015296
exp: -8.3034215718
exp: -8.2038926809
exp: -8.1043811847
exp: -8.0049271765
exp: -7.9054853463
exp: -7.8060726160
exp: -7.7067094395
exp: -7.6073488670
exp: -7.5081221551
exp: -7.4089127355
exp: -7.3097034327
exp: -7.2106055528
exp: -7.1114723310
exp: -7.0124198514
exp: -6.9133922121
exp: -6.8144804525
exp: -6.7156101360
exp: -6.6167922960
exp: -6.5180101219
exp: -6.4193267240
exp: -6.3206781891
exp: -6.2220862772
exp: -6.1235784643
exp: -6.0252057964
exp: -5.9269064263
exp: -5.8286925989
exp: -5.7304736155
exp: -5.6324076323
exp: -5.5343595567
exp: -5.4364794787
exp: -5.3386122470
exp: -5.2409072770
exp: -5.1434024341
exp: -5.0458430731
exp: -4.9484539436
exp: -4.8512619071
exp: -4.7541156604
exp: -4.6572064528
exp: -4.5603461801
exp: -4.4657023779
exp: -4.3707858377
exp: -4.2762672738
exp: -4.1827667379
exp: -4.0908481353
exp: -3.9992442409
exp: -3.9084709398
exp: -3.8201664813
exp: -3.7310115921
exp: -3.6400878790
exp: -3.5561011645
exp: -3.4701148598
exp: -3.3845523288
exp: -3.3042666611
exp: -3.2239251275
exp: -3.1482304132
exp: -3.0733130275
exp: -2.9965498674
exp: -2.9226638262
exp: -2.8508583911
exp: -2.7792543518
exp: -2.7092490404
exp: -2.6396950007
exp: -2.5743089675
exp: -2.5105901010
exp: -2.4490944220
exp: -2.3918737325
exp: -2.3428996568
exp: -2.2920877810
exp: -2.2407286057
exp: -2.1952593904
exp: -2.1524565032
exp: -2.1133465974
exp: -2.0742603055
exp: -2.0398418893
exp: -2.0101455829
exp: -1.9816047309
exp: -1.9548498067
exp: -1.9284763441
exp: -1.9041632874
exp: -1.8822200004
exp: -1.8614313446
exp: -1.8498245314
exp: -1.8421098593
exp: -1.8576669303
Overlap: 0.0000007249
exp: -1.8530773093
Overlap: 0.0000014389
