exp: -9.8999913031
exp: -9.7994585506
exp: -9.7002861938
exp: -9.6005777426
exp: -9.5009225222
exp: -9.4013455575
exp: -9.3018748967
exp: -9.2024645402
exp: -9.1031871856
exp: -9.0039678562
exp: -8.9049093593
exp: -8.8059011444
exp: -8.7070259864
exp: -8.6082618988
exp: -8.5096325800
exp: -8.4112057313
exp: -8.3127468695
exp: -8.2144815141
exp: -8.1162850980
exp: -8.0183391481
exp: -7.9204392225
exp: -7.8226819768
exp: -7.7250955159
exp: -7.6276942417
exp: -7.5303223746
exp: -7.4331846890
exp: -7.3361924549
exp: -7.2392551429
exp: -7.1425953958
exp: -7.0460789797
exp: -6.9497157586
exp: -6.8536342628
exp: -6.7577003602
exp: -6.6619744915
exp: -6.5664600174
exp: -6.4712922686
exp: -6.3764721507
exp: -6.2818183282
exp: -6.1874251435
exp: -6.0932256467
exp: -5.9993927905
exp: -5.9057785845
exp: -5.8126304173
exp: -5.7194886389
exp: -5.6262829999
exp: -5.5334950311
exp: -5.4408403289
exp: -5.3484630608
exp: -5.2565863880
exp: -5.1648118038
exp: -5.0733733366
exp: -4.9822973358
exp: -4.8916712743
exp: -4.8013314791
exp: -4.7116228082
exp: -4.6219833327
exp: -4.5333109035
exp: -4.4447562146
exp: -4.3568248334
exp: -4.2696417800
exp: -4.1826853601
exp: -4.0961918661
exp: -4.0111465072
exp: -3.9266328135
exp: -3.8429877691
exp: -3.7603105525
exp: -3.6793849815
exp: -3.5994927592
exp: -3.5222562397
exp: -3.4483676661
exp: -3.3738980783
exp: -3.3030965627
exp: -3.2316041006
exp: -3.1621243861
exp: -3.0942650723
exp: -3.0283059113
exp: -2.9644709848
exp: -2.9033512206
exp: -2.8457900093
exp: -2.7903354831
exp: -2.7368358266
exp: -2.6855945966
exp: -2.6369906041
exp: -2.5909181264
exp: -2.5476660503
exp: -2.5070557613
exp: -2.4694664967
exp: -2.4347325419
exp: -2.4027152340
exp: -2.3730834633
exp: -2.3461503966
exp: -2.3220703775
exp: -2.3008284681
exp: -2.2827997809
exp: -2.2674393503
exp: -2.2562266690
exp: -2.2480863453
exp: -2.2434781336
exp: -2.2425276051
exp: -2.2440136399
Overlap: 0.2155905389
exp: -2.2439511183
Overlap: 0.2143117385
