exp: -9.9000042813
exp: -9.7999805074
exp: -9.6999228881
exp: -9.5997124668
exp: -9.4998244829
exp: -9.4000503832
exp: -9.2984637674
exp: -9.1988130840
exp: -9.0964290134
exp: -8.9973520319
exp: -8.9004259078
exp: -8.8013311302
exp: -8.7017726419
exp: -8.6022016904
exp: -8.5025661498
exp: -8.4030819959
exp: -8.3034966849
exp: -8.2041148523
exp: -8.1045531164
exp: -8.0050183611
exp: -7.9055932857
exp: -7.8060295904
exp: -7.7069845991
exp: -7.6079283270
exp: -7.5088894318
exp: -7.4096439650
exp: -7.3104727223
exp: -7.2117034621
exp: -7.1126112146
exp: -7.0137211801
exp: -6.9141267990
exp: -6.8152249822
exp: -6.7169886602
exp: -6.6180841680
exp: -6.5193975301
exp: -6.4208941469
exp: -6.3225776206
exp: -6.2239382277
exp: -6.1251652693
exp: -6.0269936569
exp: -5.9286300015
exp: -5.8308285659
exp: -5.7321555436
exp: -5.6347573489
exp: -5.5370242347
exp: -5.4391685715
exp: -5.3409906473
exp: -5.2439510680
exp: -5.1461129375
exp: -5.0478058057
exp: -4.9527476728
exp: -4.8546580275
exp: -4.7571654553
exp: -4.6604409914
exp: -4.5647465665
exp: -4.4712120684
exp: -4.3784019994
exp: -4.2849491086
exp: -4.1936866428
exp: -4.1027691723
exp: -4.0141487823
exp: -3.9267369183
exp: -3.8401275195
exp: -3.7543885275
exp: -3.6677939663
exp: -3.5847490772
exp: -3.5017405048
exp: -3.4203551199
exp: -3.3425628645
exp: -3.2648169484
exp: -3.1889513496
exp: -3.1142204384
exp: -3.0416228302
exp: -2.9720593647
exp: -2.9050440253
exp: -2.8397157382
exp: -2.7767119596
exp: -2.7150089642
exp: -2.6563614642
exp: -2.6006061615
exp: -2.5473089648
exp: -2.4969587031
exp: -2.4490258329
exp: -2.4029663500
exp: -2.3581360523
exp: -2.3162157219
exp: -2.2767528815
exp: -2.2384128535
exp: -2.2027435624
exp: -2.1697789162
exp: -2.1377479388
exp: -2.1086717431
exp: -2.0803967232
exp: -2.0502177509
exp: -2.0203495421
exp: -1.9947991922
exp: -1.9746374944
exp: -1.9652218905
exp: -1.9484189991
exp: -1.9423642927
Overlap: 0.0000000166
exp: -1.9385322701
Overlap: 0.0000000067
