exp: -9.8999879762
exp: -9.8000171742
exp: -9.7000378888
exp: -9.6000666171
exp: -9.5001011867
exp: -9.4001422796
exp: -9.3001778173
exp: -9.2002722270
exp: -9.1003052864
exp: -9.0003892597
exp: -8.9004463303
exp: -8.8004963562
exp: -8.7006408420
exp: -8.6006729203
exp: -8.5007883136
exp: -8.4007069657
exp: -8.3009999866
exp: -8.2012975229
exp: -8.1015829112
exp: -8.0013763602
exp: -7.9009747714
exp: -7.8017763419
exp: -7.7014360885
exp: -7.6012621910
exp: -7.5074567561
exp: -7.4095964200
exp: -7.3106544705
exp: -7.2116517353
exp: -7.1126941612
exp: -7.0137705561
exp: -6.9149229115
exp: -6.8161202887
exp: -6.7173542794
exp: -6.6186316645
exp: -6.5199591774
exp: -6.4213265864
exp: -6.3227525428
exp: -6.2241535635
exp: -6.1257514738
exp: -6.0274460623
exp: -5.9291983181
exp: -5.8309781809
exp: -5.7328348239
exp: -5.6348236848
exp: -5.5368919426
exp: -5.4390520827
exp: -5.3413143142
exp: -5.2437541707
exp: -5.1462797876
exp: -5.0488450918
exp: -4.9514164229
exp: -4.8541086412
exp: -4.7576961670
exp: -4.6622142898
exp: -4.5669293802
exp: -4.4733738531
exp: -4.3801062836
exp: -4.2877831581
exp: -4.1955953174
exp: -4.1052925196
exp: -4.0176815353
exp: -3.9362951673
exp: -3.8605957144
exp: -3.7807044180
exp: -3.7003953327
exp: -3.6218077429
exp: -3.5435834195
exp: -3.4669729272
exp: -3.3924514699
exp: -3.3208392252
exp: -3.2492852151
exp: -3.1785170936
exp: -3.1102913962
exp: -3.0424165284
exp: -2.9768441434
exp: -2.9109996623
exp: -2.8486736358
exp: -2.7847011819
exp: -2.7216584975
exp: -2.6583988221
exp: -2.5962455666
exp: -2.5352000903
exp: -2.4754094817
exp: -2.4174847975
exp: -2.3638564902
exp: -2.3106950938
exp: -2.2619381538
exp: -2.2143968964
exp: -2.1711363783
exp: -2.1291170582
exp: -2.0867717507
exp: -2.0481419644
exp: -2.0100903091
exp: -1.9750441869
exp: -1.9427614353
exp: -1.8992858479
exp: -1.8536818782
exp: -1.8315975691
exp: -1.8103923673
exp: -1.8199173553
Overlap: 0.0000000000
exp: -1.8202177355
Overlap: 0.0000000016
