exp: -9.9000233865
exp: -9.8001081347
exp: -9.7002215686
exp: -9.6003734876
exp: -9.5005767824
exp: -9.4008164117
exp: -9.3010965969
exp: -9.2014213177
exp: -9.1017898026
exp: -9.0022216762
exp: -8.9026906694
exp: -8.8031840029
exp: -8.7037208642
exp: -8.6043411445
exp: -8.5049952720
exp: -8.4056800825
exp: -8.3065027588
exp: -8.2072934346
exp: -8.1081983031
exp: -8.0092508796
exp: -7.9102779555
exp: -7.8114000171
exp: -7.7125935630
exp: -7.6138833889
exp: -7.5152339441
exp: -7.4167216945
exp: -7.3182494993
exp: -7.2199146944
exp: -7.1217118327
exp: -7.0237967395
exp: -6.9256221680
exp: -6.8278098638
exp: -6.7300685909
exp: -6.6326344607
exp: -6.5349418313
exp: -6.4376393019
exp: -6.3405873877
exp: -6.2433628011
exp: -6.1463959133
exp: -6.0497117058
exp: -5.9531136396
exp: -5.8566638771
exp: -5.7599216063
exp: -5.6632524820
exp: -5.5668793790
exp: -5.4705890491
exp: -5.3744476677
exp: -5.2787862658
exp: -5.1833142872
exp: -5.0884047719
exp: -4.9947372508
exp: -4.9001392690
exp: -4.8070182735
exp: -4.7158937577
exp: -4.6268461398
exp: -4.5407287207
exp: -4.4557974345
exp: -4.3768069918
exp: -4.3013877147
exp: -4.2204297110
exp: -4.1378481672
exp: -4.0555587057
exp: -3.9742573551
exp: -3.8930971987
exp: -3.8135986027
exp: -3.7356522329
exp: -3.6587443440
exp: -3.5831192359
exp: -3.5085615648
exp: -3.4348592463
exp: -3.3627398801
exp: -3.2912681550
exp: -3.2220293240
exp: -3.1537470776
exp: -3.0869738654
exp: -3.0227427699
exp: -2.9616377895
exp: -2.9011950868
exp: -2.8451609622
exp: -2.7903835996
exp: -2.7358976451
exp: -2.6846664382
exp: -2.6344109926
exp: -2.5871542806
exp: -2.5421109678
exp: -2.5007132831
exp: -2.4594181115
exp: -2.4223068860
exp: -2.3858473742
exp: -2.3524427501
exp: -2.3213011018
exp: -2.2928810806
exp: -2.2680366465
exp: -2.2486986091
exp: -2.2365411781
exp: -2.2312251609
exp: -2.2296634355
exp: -2.2427912006
exp: -2.2317905828
exp: -2.2646684551
Overlap: 0.4000517352
exp: -2.2649264211
Overlap: 0.4054781073
