exp: -9.9000266862
exp: -9.8001080136
exp: -9.7002513712
exp: -9.6004524012
exp: -9.5007290413
exp: -9.4010475977
exp: -9.3014520968
exp: -9.2019279367
exp: -9.1024582663
exp: -9.0030570923
exp: -8.9037763558
exp: -8.8045332528
exp: -8.7053554185
exp: -8.6062663339
exp: -8.5072020406
exp: -8.4083320178
exp: -8.3094518591
exp: -8.2106820129
exp: -8.1120001695
exp: -8.0133093371
exp: -7.9148299908
exp: -7.8164341024
exp: -7.7181113437
exp: -7.6198956960
exp: -7.5217946381
exp: -7.4239002203
exp: -7.3259020979
exp: -7.2283344284
exp: -7.1306744670
exp: -7.0331716630
exp: -6.9356902002
exp: -6.8384813823
exp: -6.7414075454
exp: -6.6445134157
exp: -6.5478812763
exp: -6.4510908076
exp: -6.3546120317
exp: -6.2583061124
exp: -6.1621648095
exp: -6.0661576331
exp: -5.9704742764
exp: -5.8749156238
exp: -5.7798618233
exp: -5.6846487189
exp: -5.5901485692
exp: -5.4957584349
exp: -5.4034051398
exp: -5.3123331113
exp: -5.2252844571
exp: -5.1410969842
exp: -5.0564890943
exp: -4.9703610610
exp: -4.8819734535
exp: -4.7933240372
exp: -4.7047922550
exp: -4.6164836046
exp: -4.5288489435
exp: -4.4415115206
exp: -4.3547056865
exp: -4.2683146362
exp: -4.1830509024
exp: -4.0979979458
exp: -4.0133356434
exp: -3.9301470746
exp: -3.8480034165
exp: -3.7668133644
exp: -3.6862663770
exp: -3.6071005657
exp: -3.5280263543
exp: -3.4501332725
exp: -3.3730232773
exp: -3.2970449791
exp: -3.2225135725
exp: -3.1482797979
exp: -3.0758101232
exp: -3.0044464224
exp: -2.9349454781
exp: -2.8670025707
exp: -2.8017040469
exp: -2.7379400219
exp: -2.6754767600
exp: -2.6154688599
exp: -2.5577666400
exp: -2.5027858845
exp: -2.4511081717
exp: -2.3991765934
exp: -2.3538661354
exp: -2.3162890546
exp: -2.2815649952
exp: -2.2495500825
exp: -2.2190425589
exp: -2.1888295166
exp: -2.1601404554
exp: -2.1378533904
exp: -2.1164574526
exp: -2.0984428630
exp: -2.0809816663
exp: -2.0533976835
exp: -2.0502289556
exp: -2.0532236903
Overlap: 0.0309397720
exp: -2.0538010435
Overlap: 0.0310241593
