exp: -9.8999705702
exp: -9.8000360298
exp: -9.7000737114
exp: -9.6001823459
exp: -9.5002904325
exp: -9.4004436456
exp: -9.3005844532
exp: -9.2007592254
exp: -9.1009669334
exp: -9.0012464223
exp: -8.9014851954
exp: -8.8018232125
exp: -8.7021312127
exp: -8.6024890772
exp: -8.5029469242
exp: -8.4033213501
exp: -8.3037831757
exp: -8.2042722638
exp: -8.1048313484
exp: -8.0053964370
exp: -7.9060128463
exp: -7.8068050787
exp: -7.7075100638
exp: -7.6084040309
exp: -7.5095169630
exp: -7.4105575098
exp: -7.3116068676
exp: -7.2126653605
exp: -7.1137960770
exp: -7.0150666667
exp: -6.9163448927
exp: -6.8178388364
exp: -6.7193418773
exp: -6.6209175165
exp: -6.5227773045
exp: -6.4246198710
exp: -6.3267184172
exp: -6.2287978900
exp: -6.1310258061
exp: -6.0335330552
exp: -5.9361241352
exp: -5.8390757548
exp: -5.7423646898
exp: -5.6463406078
exp: -5.5506308907
exp: -5.4555591941
exp: -5.3604448625
exp: -5.2659115552
exp: -5.1708634993
exp: -5.0758522427
exp: -4.9805717517
exp: -4.8853454549
exp: -4.7901973651
exp: -4.6952206539
exp: -4.6004895123
exp: -4.5064100784
exp: -4.4153222516
exp: -4.3236651259
exp: -4.2314547001
exp: -4.1396850129
exp: -4.0494330335
exp: -3.9602230556
exp: -3.8716898911
exp: -3.7845351522
exp: -3.6988928992
exp: -3.6147049351
exp: -3.5317330277
exp: -3.4500068985
exp: -3.3693786876
exp: -3.2904077575
exp: -3.2126381008
exp: -3.1365526730
exp: -3.0613664606
exp: -2.9868719326
exp: -2.9129959700
exp: -2.8400823560
exp: -2.7682558785
exp: -2.6977340395
exp: -2.6285613090
exp: -2.5605362951
exp: -2.4938048145
exp: -2.4280421350
exp: -2.3637770354
exp: -2.3011147454
exp: -2.2401839376
exp: -2.1858680781
exp: -2.1304896059
exp: -2.0782734912
exp: -2.0270589505
exp: -1.9799335002
exp: -1.9349092659
exp: -1.8945909422
exp: -1.8570740403
exp: -1.8263487539
exp: -1.7980987764
exp: -1.7751866990
exp: -1.7558360755
exp: -1.7397133875
exp: -1.7279641306
exp: -1.7190331372
Overlap: 0.0382866731
exp: -1.7184978647
Overlap: 0.0393895471
