exp: -9.9000148264
exp: -9.8000768491
exp: -9.7001729230
exp: -9.6003148032
exp: -9.5004978471
exp: -9.4007207582
exp: -9.3009937747
exp: -9.2013069268
exp: -9.1016638452
exp: -9.0020705945
exp: -8.9025223569
exp: -8.8030104548
exp: -8.7035633533
exp: -8.6041655372
exp: -8.5048112435
exp: -8.4055161701
exp: -8.3062672869
exp: -8.2070715352
exp: -8.1079318259
exp: -8.0088635942
exp: -7.9098297804
exp: -7.8108873177
exp: -7.7120271334
exp: -7.6132243295
exp: -7.5144354233
exp: -7.4157322791
exp: -7.3171087238
exp: -7.2186052309
exp: -7.1201108775
exp: -7.0217778721
exp: -6.9235144188
exp: -6.8253505029
exp: -6.7272412278
exp: -6.6293266204
exp: -6.5314903708
exp: -6.4338499676
exp: -6.3362866725
exp: -6.2388976042
exp: -6.1416325139
exp: -6.0445507949
exp: -5.9475977012
exp: -5.8507851054
exp: -5.7541456530
exp: -5.6575713157
exp: -5.5609848083
exp: -5.4644851262
exp: -5.3680840918
exp: -5.2717419829
exp: -5.1755833534
exp: -5.0795122644
exp: -4.9836060608
exp: -4.8879164236
exp: -4.7923543980
exp: -4.6964541884
exp: -4.6014782226
exp: -4.5074253004
exp: -4.4144952993
exp: -4.3228669736
exp: -4.2326446702
exp: -4.1436477590
exp: -4.0554508670
exp: -3.9683421366
exp: -3.8832117960
exp: -3.7991618886
exp: -3.7159437828
exp: -3.6338809814
exp: -3.5527968953
exp: -3.4735225973
exp: -3.3947003843
exp: -3.3176503374
exp: -3.2416693813
exp: -3.1678692956
exp: -3.0958225130
exp: -3.0242029874
exp: -2.9546148386
exp: -2.8862224260
exp: -2.8199012452
exp: -2.7546568721
exp: -2.6910467886
exp: -2.6288467099
exp: -2.5677750751
exp: -2.5095990839
exp: -2.4534013330
exp: -2.3980925508
exp: -2.3426660672
exp: -2.2876170174
exp: -2.2348287481
exp: -2.1813329009
exp: -2.1311266607
exp: -2.0820230981
exp: -2.0386936175
exp: -1.9965073070
exp: -1.9532686606
exp: -1.9134025948
exp: -1.8751211810
exp: -1.8428523357
exp: -1.8181547125
exp: -1.7931082222
exp: -1.7813627201
exp: -1.7761821894
Overlap: 0.0011400714
exp: -1.7726423074
Overlap: 0.0013256351
