exp: -9.9000311657
exp: -9.8001373325
exp: -9.7003129377
exp: -9.6005642999
exp: -9.5008929785
exp: -9.4012883685
exp: -9.3018114185
exp: -9.2023817603
exp: -9.1030617407
exp: -9.0038152302
exp: -8.9046664059
exp: -8.8056131285
exp: -8.7066455241
exp: -8.6077903665
exp: -8.5090538218
exp: -8.4104582578
exp: -8.3118954744
exp: -8.2134445261
exp: -8.1152176419
exp: -8.0169986813
exp: -7.9189226698
exp: -7.8209872469
exp: -7.7233174196
exp: -7.6257527711
exp: -7.5283562897
exp: -7.4310445206
exp: -7.3341278718
exp: -7.2378313368
exp: -7.1412584672
exp: -7.0449415084
exp: -6.9489905281
exp: -6.8531139561
exp: -6.7574758025
exp: -6.6618754904
exp: -6.5666724111
exp: -6.4722715704
exp: -6.3776617179
exp: -6.2833530396
exp: -6.1895686591
exp: -6.0956092392
exp: -6.0017863315
exp: -5.9082845214
exp: -5.8146645445
exp: -5.7212190224
exp: -5.6280766423
exp: -5.5351021307
exp: -5.4423016494
exp: -5.3498268307
exp: -5.2577444137
exp: -5.1658834764
exp: -5.0741909561
exp: -4.9828125053
exp: -4.8918903953
exp: -4.8011747201
exp: -4.7111428487
exp: -4.6212872085
exp: -4.5319722512
exp: -4.4435099230
exp: -4.3554794107
exp: -4.2673356655
exp: -4.1807550680
exp: -4.0957458066
exp: -4.0115572481
exp: -3.9291685706
exp: -3.8482668590
exp: -3.7682668984
exp: -3.6907646878
exp: -3.6135908330
exp: -3.5401293021
exp: -3.4666647693
exp: -3.3946272385
exp: -3.3232596373
exp: -3.2499039427
exp: -3.1804289245
exp: -3.1123929974
exp: -3.0474578374
exp: -2.9875822137
exp: -2.9290967276
exp: -2.8757062371
exp: -2.8239824405
exp: -2.7791127387
exp: -2.7388992577
exp: -2.7033431862
exp: -2.6731527533
exp: -2.6455392130
exp: -2.6228417781
exp: -2.6002440121
exp: -2.5974109527
exp: -2.5880969136
exp: -2.5801602615
exp: -2.5737760571
exp: -2.5685444803
exp: -2.5669205337
exp: -2.5679288435
exp: -2.5714407181
exp: -2.5766438061
exp: -2.5853528989
exp: -2.5960636601
exp: -2.6095355698
exp: -2.6255789758
Overlap: 0.0000000054
exp: -2.6255832613
Overlap: 0.0000000012
