exp: -9.8999999772
exp: -9.7999745365
exp: -9.6999858809
exp: -9.5996241021
exp: -9.4996860274
exp: -9.3999646397
exp: -9.2993447031
exp: -9.1978451609
exp: -9.0976692450
exp: -8.9985041336
exp: -8.8993738643
exp: -8.7992323493
exp: -8.6997549334
exp: -8.5996831175
exp: -8.4996133169
exp: -8.3999782269
exp: -8.2999618010
exp: -8.2000977234
exp: -8.1001616691
exp: -8.0001202630
exp: -7.9001633308
exp: -7.8001815460
exp: -7.7002081025
exp: -7.6002124132
exp: -7.5002443619
exp: -7.4002823972
exp: -7.3003288932
exp: -7.2002003959
exp: -7.1000196016
exp: -7.0000107140
exp: -6.9004949683
exp: -6.8003973523
exp: -6.7002481677
exp: -6.6005284922
exp: -6.5004185239
exp: -6.4002315384
exp: -6.3001133831
exp: -6.2005377691
exp: -6.1011338121
exp: -6.0012305583
exp: -5.9011917960
exp: -5.8012698009
exp: -5.7011743242
exp: -5.6013574877
exp: -5.5014302343
exp: -5.4016927765
exp: -5.3016894575
exp: -5.2016861444
exp: -5.1020789069
exp: -5.0020189692
exp: -4.9027808609
exp: -4.8034755948
exp: -4.7035770632
exp: -4.6056232442
exp: -4.5081523754
exp: -4.4116429410
exp: -4.3157673109
exp: -4.2205715900
exp: -4.1265919522
exp: -4.0331962502
exp: -3.9514429514
exp: -3.8696262833
exp: -3.7846743139
exp: -3.7012007458
exp: -3.6181317984
exp: -3.5376780304
exp: -3.4583186564
exp: -3.3817226120
exp: -3.3048705331
exp: -3.2278613195
exp: -3.1581599737
exp: -3.0851773959
exp: -3.0152396466
exp: -2.9412302681
exp: -2.8943633856
exp: -2.8480043645
exp: -2.7932174029
exp: -2.7315866345
exp: -2.6716408376
exp: -2.6131265019
exp: -2.5554960757
exp: -2.4987527582
exp: -2.4435537585
exp: -2.3896004890
exp: -2.3357556003
exp: -2.2833944922
exp: -2.2313158012
exp: -2.1804346777
exp: -2.1298689272
exp: -2.0810874781
exp: -2.0347117485
exp: -1.9887099874
exp: -1.9437599497
exp: -1.9001715786
exp: -1.8612207090
exp: -1.8236889732
exp: -1.7948081332
exp: -1.7666785205
exp: -1.7546851140
exp: -1.7488257760
Overlap: 0.6961135989
exp: -1.7487396274
Overlap: 0.6793764542
