exp: -10.8899867161
exp: -10.7800723898
exp: -10.6701556524
exp: -10.5602929879
exp: -10.4504622380
exp: -10.3406643210
exp: -10.2309101851
exp: -10.1211961321
exp: -10.0114993946
exp: -9.9018698727
exp: -9.7922331297
exp: -9.6826779790
exp: -9.5731814193
exp: -9.4637152618
exp: -9.3542816529
exp: -9.2449349510
exp: -9.1356337903
exp: -9.0263952597
exp: -8.9171745389
exp: -8.8080429385
exp: -8.6988717518
exp: -8.5897829813
exp: -8.4807764486
exp: -8.3715637488
exp: -8.2627400367
exp: -8.1539652169
exp: -8.0452086654
exp: -7.9364577790
exp: -7.8275944795
exp: -7.7190919875
exp: -7.6103031227
exp: -7.5017347275
exp: -7.3934523351
exp: -7.2849154296
exp: -7.1767367743
exp: -7.0683548161
exp: -6.9601941789
exp: -6.8516095734
exp: -6.7429320541
exp: -6.6349657254
exp: -6.5267348736
exp: -6.4187749418
exp: -6.3110527324
exp: -6.2031990958
exp: -6.0953753779
exp: -5.9876734506
exp: -5.8802289851
exp: -5.7726020561
exp: -5.6647835062
exp: -5.5585979839
exp: -5.4519809715
exp: -5.3436136395
exp: -5.2376028332
exp: -5.1310198156
exp: -5.0273930696
exp: -4.9271010889
exp: -4.8272202512
exp: -4.7201041997
exp: -4.6255740260
exp: -4.5335336975
exp: -4.4344095093
exp: -4.3429039907
exp: -4.2486533641
exp: -4.1535201633
exp: -4.0676618167
exp: -3.9845867679
exp: -3.9006616776
exp: -3.8183450843
exp: -3.7383710238
exp: -3.6617612813
exp: -3.5871570590
exp: -3.5187890627
exp: -3.4513763188
exp: -3.3860140498
exp: -3.3304550652
exp: -3.2675958632
exp: -3.2167650294
exp: -3.1701948178
exp: -3.1213144541
exp: -3.0735047799
exp: -3.0284287834
exp: -2.9857407422
exp: -2.9444738794
exp: -2.9064698986
exp: -2.8717148446
exp: -2.8363354820
exp: -2.8048445537
exp: -2.7794927724
exp: -2.7619578008
exp: -2.7534292894
exp: -2.7480407596
exp: -2.7400651803
exp: -2.7313881305
exp: -2.7254016079
exp: -2.7215393220
exp: -2.7206334772
exp: -2.7229799392
exp: -2.7274609596
exp: -2.7333750330
exp: -2.7597003030
Overlap: 0.0000000000
exp: -2.7595248529
Overlap: 0.0000000001
