exp: -10.8900338606
exp: -10.7801115672
exp: -10.6702387804
exp: -10.5604384645
exp: -10.4506725608
exp: -10.3409797615
exp: -10.2313369469
exp: -10.1217814757
exp: -10.0122781571
exp: -9.9028315977
exp: -9.7933999762
exp: -9.6841803488
exp: -9.5749861701
exp: -9.4658546523
exp: -9.3567311248
exp: -9.2477777999
exp: -9.1389634304
exp: -9.0301425543
exp: -8.9213950775
exp: -8.8127749021
exp: -8.7042788565
exp: -8.5957533530
exp: -8.4873701020
exp: -8.3791459985
exp: -8.2709731022
exp: -8.1630085635
exp: -8.0551975068
exp: -7.9474317678
exp: -7.8397706350
exp: -7.7322087030
exp: -7.6250269599
exp: -7.5179870202
exp: -7.4116774705
exp: -7.3054509628
exp: -7.1999617018
exp: -7.0957493726
exp: -6.9924552121
exp: -6.8898477229
exp: -6.7884836242
exp: -6.6867821326
exp: -6.5830484260
exp: -6.4791088979
exp: -6.3754831768
exp: -6.2724394151
exp: -6.1696362873
exp: -6.0669528384
exp: -5.9626005047
exp: -5.8618748784
exp: -5.7625685890
exp: -5.6634540268
exp: -5.5656904735
exp: -5.4689922421
exp: -5.3748264497
exp: -5.2813039598
exp: -5.1874958571
exp: -5.0923706815
exp: -4.9979611411
exp: -4.9030387049
exp: -4.8093524202
exp: -4.7165282000
exp: -4.6245108155
exp: -4.5344478135
exp: -4.4454569240
exp: -4.3569921380
exp: -4.2688898767
exp: -4.1817453486
exp: -4.0971651215
exp: -4.0122647640
exp: -3.9283634732
exp: -3.8455766819
exp: -3.7638290216
exp: -3.6854809452
exp: -3.6072077367
exp: -3.5313875576
exp: -3.4575950340
exp: -3.3836524799
exp: -3.3115544315
exp: -3.2407346896
exp: -3.1717328646
exp: -3.1053650419
exp: -3.0395874325
exp: -2.9763768230
exp: -2.9160972473
exp: -2.8584217105
exp: -2.8029555314
exp: -2.7505356215
exp: -2.7017710743
exp: -2.6563322513
exp: -2.6137915089
exp: -2.5744286341
exp: -2.5396885711
exp: -2.5094528305
exp: -2.4829379556
exp: -2.4582336885
exp: -2.4366233611
exp: -2.4219713907
exp: -2.4080198740
exp: -2.3911668742
exp: -2.3814812672
exp: -2.3920354590
Overlap: 0.1212403414
exp: -2.3934090993
Overlap: 0.1204496305
