exp: -10.8900085697
exp: -10.7800343395
exp: -10.6700885965
exp: -10.5601544646
exp: -10.4502435755
exp: -10.3403527998
exp: -10.2304948806
exp: -10.1206722082
exp: -10.0108866986
exp: -9.9011169223
exp: -9.7913826784
exp: -9.6816955883
exp: -9.5720482890
exp: -9.4624209570
exp: -9.3528304247
exp: -9.2432863455
exp: -9.1337615130
exp: -9.0242750086
exp: -8.9148505016
exp: -8.8054637858
exp: -8.6960895868
exp: -8.5867789825
exp: -8.4774914291
exp: -8.3682381723
exp: -8.2590428439
exp: -8.1498700624
exp: -8.0407556331
exp: -7.9317042915
exp: -7.8226948906
exp: -7.7137010530
exp: -7.6047561607
exp: -7.4958930689
exp: -7.3870736833
exp: -7.2783174487
exp: -7.1695858169
exp: -7.0609542369
exp: -6.9523540542
exp: -6.8438636960
exp: -6.7353704191
exp: -6.6269812267
exp: -6.5186947764
exp: -6.4104798415
exp: -6.3023452225
exp: -6.1942980407
exp: -6.0864148870
exp: -5.9784907193
exp: -5.8706991523
exp: -5.7629177811
exp: -5.6552861036
exp: -5.5476549876
exp: -5.4402305095
exp: -5.3328279376
exp: -5.2256291462
exp: -5.1193767119
exp: -5.0128628353
exp: -4.9071355655
exp: -4.8025391915
exp: -4.6981542157
exp: -4.5947016944
exp: -4.4919059698
exp: -4.3897823375
exp: -4.2883750723
exp: -4.1879966088
exp: -4.0885976441
exp: -3.9920846410
exp: -3.8965931335
exp: -3.8103685239
exp: -3.7259438354
exp: -3.6376960487
exp: -3.5490326790
exp: -3.4612952007
exp: -3.3751058737
exp: -3.2913360494
exp: -3.2090199425
exp: -3.1284236332
exp: -3.0483122495
exp: -2.9685524797
exp: -2.8917138877
exp: -2.8154741522
exp: -2.7401400748
exp: -2.6700733854
exp: -2.6010795168
exp: -2.5359992169
exp: -2.4693898991
exp: -2.4086761110
exp: -2.3539528622
exp: -2.3030905652
exp: -2.2502978724
exp: -2.1967551987
exp: -2.1450425863
exp: -2.0953786925
exp: -2.0474260880
exp: -2.0014990026
exp: -1.9574981963
exp: -1.9154097687
exp: -1.8751384462
exp: -1.8368590738
exp: -1.8003836181
exp: -1.7656475940
exp: -1.7374013887
Overlap: 0.0406407522
exp: -1.7375713963
Overlap: 0.0294831335
