exp: -10.8897038366
exp: -10.7799309694
exp: -10.6700940365
exp: -10.5602420049
exp: -10.4503463662
exp: -10.3404367526
exp: -10.2306039448
exp: -10.1207945869
exp: -10.0110093383
exp: -9.9013494540
exp: -9.7916737927
exp: -9.6820437390
exp: -9.5724817548
exp: -9.4628620508
exp: -9.3533187961
exp: -9.2438679569
exp: -9.1344629934
exp: -9.0251659189
exp: -8.9156777454
exp: -8.8063884599
exp: -8.6966507410
exp: -8.5879886745
exp: -8.4790938034
exp: -8.3699300554
exp: -8.2606319902
exp: -8.1521594667
exp: -8.0435422089
exp: -7.9350358752
exp: -7.8256571830
exp: -7.7164114145
exp: -7.6058236253
exp: -7.4975410206
exp: -7.3894508606
exp: -7.2800968919
exp: -7.1713064707
exp: -7.0628717461
exp: -6.9533949481
exp: -6.8473693765
exp: -6.7391288102
exp: -6.6284462643
exp: -6.5194667043
exp: -6.4147198623
exp: -6.3058598213
exp: -6.1984395530
exp: -6.0916117861
exp: -5.9782045280
exp: -5.8653599550
exp: -5.7628181625
exp: -5.6525110128
exp: -5.5442677700
exp: -5.4391141105
exp: -5.3310515118
exp: -5.2281985225
exp: -5.1229642363
exp: -5.0199972675
exp: -4.9182954636
exp: -4.8135580390
exp: -4.7139474721
exp: -4.6163772717
exp: -4.5203194617
exp: -4.4231683841
exp: -4.3329913167
exp: -4.2402230312
exp: -4.1498282079
exp: -4.0623320420
exp: -3.9733188505
exp: -3.8920202929
exp: -3.8074965442
exp: -3.7292796878
exp: -3.6511476076
exp: -3.5743031160
exp: -3.5020203156
exp: -3.4242142174
exp: -3.3525278261
exp: -3.2845310580
exp: -3.2167022542
exp: -3.1538583983
exp: -3.0883309673
exp: -3.0248595504
exp: -2.9659289571
exp: -2.9132027061
exp: -2.8561508405
exp: -2.8025111149
exp: -2.7506829852
exp: -2.7009162731
exp: -2.6594602765
exp: -2.6168173038
exp: -2.5756955937
exp: -2.5394551152
exp: -2.5012789631
exp: -2.4702893659
exp: -2.4369787051
exp: -2.4120545544
exp: -2.3899797260
exp: -2.3755942565
exp: -2.3606914177
exp: -2.3550401700
exp: -2.3504438688
exp: -2.3844325229
exp: -2.4243928696
Overlap: 0.0000000802
exp: -2.4243696513
Overlap: 0.0000000083
