exp: -10.8900156352
exp: -10.7800903465
exp: -10.6701955617
exp: -10.5603386683
exp: -10.4505514965
exp: -10.3407872594
exp: -10.2310607296
exp: -10.1213972238
exp: -10.0117693944
exp: -9.9022328927
exp: -9.7926972623
exp: -9.6832123075
exp: -9.5737623095
exp: -9.4643400872
exp: -9.3549890701
exp: -9.2456458612
exp: -9.1363447841
exp: -9.0270586634
exp: -8.9178986104
exp: -8.8086875306
exp: -8.6996452552
exp: -8.5908035349
exp: -8.4819954446
exp: -8.3731446432
exp: -8.2641955136
exp: -8.1555066676
exp: -8.0469081582
exp: -7.9384050646
exp: -7.8304219979
exp: -7.7219117184
exp: -7.6136224457
exp: -7.5056146717
exp: -7.3976022132
exp: -7.2894771631
exp: -7.1813302498
exp: -7.0737660129
exp: -6.9669338181
exp: -6.8596606228
exp: -6.7523099538
exp: -6.6455124289
exp: -6.5383474074
exp: -6.4312746076
exp: -6.3243019759
exp: -6.2186985066
exp: -6.1119946405
exp: -6.0055069581
exp: -5.8983486944
exp: -5.7916572631
exp: -5.6850910644
exp: -5.5786276415
exp: -5.4721863102
exp: -5.3660977285
exp: -5.2607357273
exp: -5.1567849440
exp: -5.0558537307
exp: -4.9530866488
exp: -4.8526456718
exp: -4.7552944755
exp: -4.6560708776
exp: -4.5596271433
exp: -4.4647238419
exp: -4.3739194256
exp: -4.2812040725
exp: -4.1883950554
exp: -4.0980382949
exp: -4.0086038769
exp: -3.9209752889
exp: -3.8323793843
exp: -3.7440419925
exp: -3.6576945862
exp: -3.5755171997
exp: -3.4906910475
exp: -3.4089872609
exp: -3.3252639409
exp: -3.2477469808
exp: -3.1722573819
exp: -3.0990940916
exp: -3.0268248490
exp: -2.9556568532
exp: -2.8874836809
exp: -2.8230739756
exp: -2.7613625401
exp: -2.7014664768
exp: -2.6442082342
exp: -2.5889936174
exp: -2.5358777895
exp: -2.4871887890
exp: -2.4407194193
exp: -2.3986108504
exp: -2.3591208846
exp: -2.3226949969
exp: -2.2926764528
exp: -2.2666599724
exp: -2.2466908986
exp: -2.2317165789
exp: -2.2208459281
exp: -2.2156804815
exp: -2.2184218932
exp: -2.2255270582
exp: -2.2395504621
Overlap: 0.0000000000
exp: -2.2395413084
Overlap: 0.0000000000
