exp: -10.8900082633
exp: -10.7800466739
exp: -10.6701094786
exp: -10.5601968528
exp: -10.4503105301
exp: -10.3404550693
exp: -10.2306251316
exp: -10.1208265773
exp: -10.0110597425
exp: -9.9013243281
exp: -9.7916225911
exp: -9.6819558804
exp: -9.5723227561
exp: -9.4627275313
exp: -9.3531711002
exp: -9.2436516809
exp: -9.1341704310
exp: -9.0247326103
exp: -8.9153410924
exp: -8.8059871077
exp: -8.6966847699
exp: -8.5874509824
exp: -8.4782535457
exp: -8.3691079504
exp: -8.2600187457
exp: -8.1509997251
exp: -8.0420532326
exp: -7.9331446949
exp: -7.8243092160
exp: -7.7155368940
exp: -7.6068299311
exp: -7.4982007754
exp: -7.3896678394
exp: -7.2812102550
exp: -7.1728043430
exp: -7.0644864109
exp: -6.9562349341
exp: -6.8480833105
exp: -6.7399908324
exp: -6.6319959486
exp: -6.5241060183
exp: -6.4163051597
exp: -6.3086083822
exp: -6.2010185170
exp: -6.0935206056
exp: -5.9861528634
exp: -5.8788758968
exp: -5.7717664952
exp: -5.6647717857
exp: -5.5579410285
exp: -5.4512043011
exp: -5.3446613245
exp: -5.2382708110
exp: -5.1320253689
exp: -5.0260174796
exp: -4.9201855404
exp: -4.8146012047
exp: -4.7088939707
exp: -4.6036569394
exp: -4.4997247767
exp: -4.3962484218
exp: -4.2933024268
exp: -4.1916252047
exp: -4.0908903357
exp: -3.9901136816
exp: -3.8907731076
exp: -3.7924843923
exp: -3.6948444708
exp: -3.5988401188
exp: -3.5037129652
exp: -3.4108344512
exp: -3.3208996274
exp: -3.2309564068
exp: -3.1426269903
exp: -3.0541749287
exp: -2.9671558912
exp: -2.8816039403
exp: -2.7965920970
exp: -2.7143102810
exp: -2.6339070703
exp: -2.5550581802
exp: -2.4778002245
exp: -2.4034009009
exp: -2.3311575595
exp: -2.2601597447
exp: -2.1907123825
exp: -2.1223706799
exp: -2.0562601554
exp: -1.9917208661
exp: -1.9276255601
exp: -1.8643976413
exp: -1.8071673524
exp: -1.7336775464
exp: -1.6802225266
exp: -1.6357211807
exp: -1.5857969207
exp: -1.5321565718
exp: -1.4989281866
exp: -1.4918303630
exp: -1.4956878876
Overlap: 0.6674999282
exp: -1.4913572664
Overlap: 0.6482444783
