exp: -10.8900027669
exp: -10.7800711906
exp: -10.6701691354
exp: -10.5603468643
exp: -10.4505564829
exp: -10.3408042820
exp: -10.2311101337
exp: -10.1214741376
exp: -10.0119076201
exp: -9.9023888445
exp: -9.7929620846
exp: -9.6835628561
exp: -9.5742876674
exp: -9.4650310087
exp: -9.3558410764
exp: -9.2467213948
exp: -9.1376824123
exp: -9.0287379669
exp: -8.9198308391
exp: -8.8110140949
exp: -8.7023953871
exp: -8.5937354832
exp: -8.4851786468
exp: -8.3768093879
exp: -8.2684150986
exp: -8.1601804196
exp: -8.0520393326
exp: -7.9439854700
exp: -7.8360700865
exp: -7.7283286889
exp: -7.6206596460
exp: -7.5131001250
exp: -7.4057125810
exp: -7.2984033766
exp: -7.1913609303
exp: -7.0843471972
exp: -6.9774711586
exp: -6.8707820852
exp: -6.7642405051
exp: -6.6579600615
exp: -6.5518316478
exp: -6.4458605082
exp: -6.3400158195
exp: -6.2342719819
exp: -6.1288349066
exp: -6.0235158935
exp: -5.9183903032
exp: -5.8135188731
exp: -5.7090015662
exp: -5.6045411882
exp: -5.5004334024
exp: -5.3966062891
exp: -5.2931380927
exp: -5.1897186043
exp: -5.0867514977
exp: -4.9843140032
exp: -4.8819459544
exp: -4.7799147404
exp: -4.6784178367
exp: -4.5771567467
exp: -4.4765445273
exp: -4.3763929906
exp: -4.2766094486
exp: -4.1774518588
exp: -4.0797796145
exp: -3.9829463309
exp: -3.8869241155
exp: -3.7923924506
exp: -3.6979676066
exp: -3.6056341521
exp: -3.5149484197
exp: -3.4264029436
exp: -3.3390946730
exp: -3.2550296169
exp: -3.1740051695
exp: -3.0949043675
exp: -3.0164062088
exp: -2.9413464064
exp: -2.8657271791
exp: -2.7941253538
exp: -2.7248781451
exp: -2.6578902462
exp: -2.5942175078
exp: -2.5313126411
exp: -2.4711837530
exp: -2.4144904406
exp: -2.3612646066
exp: -2.3115004535
exp: -2.2657755881
exp: -2.2240607866
exp: -2.1845982233
exp: -2.1491536270
exp: -2.1187429899
exp: -2.0911750724
exp: -2.0717337688
exp: -2.0579449315
exp: -2.0470544078
exp: -2.0448986711
exp: -2.0588115655
exp: -2.0705059223
Overlap: 0.0000328699
exp: -2.0711175523
Overlap: 0.0000203819
