exp: -10.8900192217
exp: -10.7800657080
exp: -10.6701519300
exp: -10.5602729637
exp: -10.4504233794
exp: -10.3406199076
exp: -10.2308517028
exp: -10.1211383374
exp: -10.0114700687
exp: -9.9018721659
exp: -9.7923336060
exp: -9.6828081418
exp: -9.5733618311
exp: -9.4639617288
exp: -9.3546415460
exp: -9.2453869184
exp: -9.1361655570
exp: -9.0270120495
exp: -8.9179617403
exp: -8.8090155384
exp: -8.7001614049
exp: -8.5914076475
exp: -8.4827953113
exp: -8.3742613867
exp: -8.2658310426
exp: -8.1576054568
exp: -8.0494260470
exp: -7.9413205449
exp: -7.8332724476
exp: -7.7253635382
exp: -7.6174874043
exp: -7.5097008500
exp: -7.4020050214
exp: -7.2944203684
exp: -7.1869473549
exp: -7.0796052853
exp: -6.9723916461
exp: -6.8652291889
exp: -6.7582473411
exp: -6.6513222022
exp: -6.5445659978
exp: -6.4379426813
exp: -6.3314712267
exp: -6.2252028014
exp: -6.1190398385
exp: -6.0130500847
exp: -5.9072095698
exp: -5.8015983418
exp: -5.6960430545
exp: -5.5907800213
exp: -5.4857540208
exp: -5.3809021682
exp: -5.2764650583
exp: -5.1721284353
exp: -5.0681288380
exp: -4.9642761790
exp: -4.8610186886
exp: -4.7583000894
exp: -4.6558311877
exp: -4.5538873767
exp: -4.4519593699
exp: -4.3508500223
exp: -4.2504116379
exp: -4.1503174199
exp: -4.0509185228
exp: -3.9520636487
exp: -3.8541084834
exp: -3.7572964485
exp: -3.6607511429
exp: -3.5656325690
exp: -3.4709329893
exp: -3.3767970154
exp: -3.2827077143
exp: -3.1898917859
exp: -3.0978971194
exp: -3.0064347834
exp: -2.9157063733
exp: -2.8271166091
exp: -2.7388599928
exp: -2.6521781128
exp: -2.5673713491
exp: -2.4846845463
exp: -2.4028480418
exp: -2.3224935515
exp: -2.2451062432
exp: -2.1705514458
exp: -2.0984335347
exp: -2.0288351764
exp: -1.9622577508
exp: -1.8994261930
exp: -1.8386239182
exp: -1.7827435534
exp: -1.7326352385
exp: -1.6854471287
exp: -1.6449023900
exp: -1.6066726985
exp: -1.5728976765
exp: -1.5421620306
exp: -1.5227406256
exp: -1.5177798195
Overlap: 0.4269950699
exp: -1.5193406100
Overlap: 0.4347364395
