exp: -10.8898993411
exp: -10.7800008416
exp: -10.6700519776
exp: -10.5599976727
exp: -10.4501978944
exp: -10.3402974923
exp: -10.2304223482
exp: -10.1205602274
exp: -10.0107287759
exp: -9.9009171504
exp: -9.7911239404
exp: -9.6813670268
exp: -9.5716292864
exp: -9.4619144554
exp: -9.3522370069
exp: -9.2425824774
exp: -9.1329743078
exp: -9.0233907094
exp: -8.9138505297
exp: -8.8043761073
exp: -8.6949012063
exp: -8.5854782397
exp: -8.4761022503
exp: -8.3667370612
exp: -8.2574171500
exp: -8.1481833789
exp: -8.0390229587
exp: -7.9298798715
exp: -7.8208345011
exp: -7.7118518797
exp: -7.6029357741
exp: -7.4940519034
exp: -7.3852356419
exp: -7.2764759140
exp: -7.1677868924
exp: -7.0592124590
exp: -6.9507973271
exp: -6.8427911753
exp: -6.7347138791
exp: -6.6268858447
exp: -6.5191859980
exp: -6.4113116243
exp: -6.3035176361
exp: -6.1957244860
exp: -6.0880746844
exp: -5.9803764134
exp: -5.8728673372
exp: -5.7653958486
exp: -5.6580360441
exp: -5.5508168567
exp: -5.4436430103
exp: -5.3366943999
exp: -5.2298471437
exp: -5.1232195875
exp: -5.0167512302
exp: -4.9104825930
exp: -4.8043863931
exp: -4.6984741564
exp: -4.5927782304
exp: -4.4881741664
exp: -4.3841557774
exp: -4.2808298427
exp: -4.1781422157
exp: -4.0759471926
exp: -3.9742512335
exp: -3.8724970166
exp: -3.7731266609
exp: -3.6745763249
exp: -3.5763778203
exp: -3.4806955761
exp: -3.3855543774
exp: -3.3005151118
exp: -3.2124194997
exp: -3.1273609914
exp: -3.0412623080
exp: -2.9556818750
exp: -2.8720514472
exp: -2.7900936180
exp: -2.7095809305
exp: -2.6311031730
exp: -2.5545896063
exp: -2.4809847756
exp: -2.4100643576
exp: -2.3404147509
exp: -2.2707649239
exp: -2.2025719371
exp: -2.1363964653
exp: -2.0725300299
exp: -2.0112473247
exp: -1.9522446656
exp: -1.8968151645
exp: -1.8444624942
exp: -1.7923564905
exp: -1.7454290331
exp: -1.7019743588
exp: -1.6618577222
exp: -1.6222404685
exp: -1.5850925553
exp: -1.5503169625
exp: -1.5170813847
Overlap: 0.1610846062
exp: -1.5172111059
Overlap: 0.1608791361
