exp: -10.8900116185
exp: -10.7800620827
exp: -10.6701414299
exp: -10.5602455636
exp: -10.4503882129
exp: -10.3405570352
exp: -10.2307639623
exp: -10.1210172259
exp: -10.0112849771
exp: -9.9016028127
exp: -9.7919567168
exp: -9.6823495915
exp: -9.5727942465
exp: -9.4632694055
exp: -9.3537560183
exp: -9.2443143557
exp: -9.1349342256
exp: -9.0255411205
exp: -8.9162430815
exp: -8.8070128834
exp: -8.6978250422
exp: -8.5886884234
exp: -8.4795992292
exp: -8.3705929150
exp: -8.2616389694
exp: -8.1527783958
exp: -8.0440546263
exp: -7.9352918494
exp: -7.8264147604
exp: -7.7180234847
exp: -7.6094617299
exp: -7.5010710587
exp: -7.3928083647
exp: -7.2846143192
exp: -7.1764402580
exp: -7.0684513632
exp: -6.9602133969
exp: -6.8523102269
exp: -6.7443899694
exp: -6.6369134807
exp: -6.5294582084
exp: -6.4219189977
exp: -6.3148744431
exp: -6.2077638015
exp: -6.1011898329
exp: -5.9939810898
exp: -5.8876657931
exp: -5.7808845099
exp: -5.6745639142
exp: -5.5683439788
exp: -5.4622126414
exp: -5.3555491516
exp: -5.2501045055
exp: -5.1450218682
exp: -5.0416404765
exp: -4.9360499663
exp: -4.8342355471
exp: -4.7336146820
exp: -4.6333800177
exp: -4.5343761188
exp: -4.4348032831
exp: -4.3366993158
exp: -4.2414405279
exp: -4.1486406442
exp: -4.0502917299
exp: -3.9568049970
exp: -3.8715156864
exp: -3.7910654541
exp: -3.7086275429
exp: -3.6231721426
exp: -3.5450541313
exp: -3.4648539262
exp: -3.3987186207
exp: -3.3239148738
exp: -3.2474192713
exp: -3.1773202275
exp: -3.1086854162
exp: -3.0410503313
exp: -2.9760488981
exp: -2.9192639015
exp: -2.8638543724
exp: -2.8115028523
exp: -2.7603052798
exp: -2.7155854753
exp: -2.6753374005
exp: -2.6371892327
exp: -2.5988589658
exp: -2.5632464838
exp: -2.5307774948
exp: -2.5009522516
exp: -2.4739554680
exp: -2.4494396591
exp: -2.4277239558
exp: -2.4091385522
exp: -2.3919676840
exp: -2.3778925493
exp: -2.3693392026
exp: -2.3637563025
exp: -2.3656575718
exp: -2.3313501212
Overlap: 0.2308080943
exp: -2.3268053886
Overlap: 0.2086484254
