exp: -10.8900313121
exp: -10.7801217535
exp: -10.6702873436
exp: -10.5605074276
exp: -10.4508112889
exp: -10.3411842731
exp: -10.2316415740
exp: -10.1221902751
exp: -10.0127941148
exp: -9.9034803174
exp: -9.7942486761
exp: -9.6850966504
exp: -9.5760402125
exp: -9.4670457300
exp: -9.3581449679
exp: -9.2493150882
exp: -9.1407792664
exp: -9.0321288959
exp: -8.9236369773
exp: -8.8151853010
exp: -8.7068660669
exp: -8.5986680497
exp: -8.4904484460
exp: -8.3824677361
exp: -8.2745043521
exp: -8.1667250281
exp: -8.0590619922
exp: -7.9515844905
exp: -7.8440795991
exp: -7.7368817953
exp: -7.6299863072
exp: -7.5226862307
exp: -7.4156999073
exp: -7.3093198867
exp: -7.2031144461
exp: -7.0968972430
exp: -6.9911392195
exp: -6.8859446711
exp: -6.7813800367
exp: -6.6766631773
exp: -6.5731635863
exp: -6.4699759108
exp: -6.3681894775
exp: -6.2668642669
exp: -6.1677913498
exp: -6.0688786909
exp: -5.9693462246
exp: -5.8689502656
exp: -5.7677626720
exp: -5.6664665911
exp: -5.5650461436
exp: -5.4637895239
exp: -5.3628892118
exp: -5.2625203576
exp: -5.1621367691
exp: -5.0625398487
exp: -4.9632946663
exp: -4.8642450604
exp: -4.7657346311
exp: -4.6678499382
exp: -4.5703041281
exp: -4.4736996010
exp: -4.3772553941
exp: -4.2817479740
exp: -4.1864994955
exp: -4.0923546240
exp: -3.9995458386
exp: -3.9065921266
exp: -3.8160023580
exp: -3.7249409583
exp: -3.6398078359
exp: -3.5569828491
exp: -3.4748926220
exp: -3.3969208181
exp: -3.3188517050
exp: -3.2442180056
exp: -3.1710818496
exp: -3.0998891906
exp: -3.0285940837
exp: -2.9611754796
exp: -2.8968783685
exp: -2.8344213106
exp: -2.7745309943
exp: -2.7209823333
exp: -2.6745259088
exp: -2.6289875570
exp: -2.5862433297
exp: -2.5552739180
exp: -2.5249619429
exp: -2.4926618316
exp: -2.4612990801
exp: -2.4334928164
exp: -2.4067431368
exp: -2.3858852329
exp: -2.3673190904
exp: -2.3510743988
exp: -2.3381696029
exp: -2.3262688026
exp: -2.3173544886
exp: -2.3097784927
Overlap: 0.0156196112
exp: -2.3135179785
Overlap: 0.0149582914
