exp: -10.8899915342
exp: -10.7800289413
exp: -10.6700752273
exp: -10.5601204991
exp: -10.4501950436
exp: -10.3402828986
exp: -10.2302981759
exp: -10.1205240397
exp: -10.0107846752
exp: -9.9010100855
exp: -9.7912439145
exp: -9.6814999186
exp: -9.5717772192
exp: -9.4620716187
exp: -9.3524348367
exp: -9.2427895903
exp: -9.1332072212
exp: -9.0235930035
exp: -8.9140256881
exp: -8.8045345706
exp: -8.6950186026
exp: -8.5855396929
exp: -8.4760515773
exp: -8.3667319460
exp: -8.2573542536
exp: -8.1479680082
exp: -8.0385219465
exp: -7.9291991748
exp: -7.8199840092
exp: -7.7107937992
exp: -7.6017004134
exp: -7.4925218630
exp: -7.3836377087
exp: -7.2744942128
exp: -7.1653766420
exp: -7.0564587724
exp: -6.9474787075
exp: -6.8386660213
exp: -6.7299223766
exp: -6.6213201037
exp: -6.5124663359
exp: -6.4039747394
exp: -6.2960869964
exp: -6.1877497250
exp: -6.0790357002
exp: -5.9707128824
exp: -5.8620497582
exp: -5.7537355182
exp: -5.6455672896
exp: -5.5377803561
exp: -5.4292316598
exp: -5.3222742802
exp: -5.2164283852
exp: -5.1112094639
exp: -5.0067378063
exp: -4.9026422432
exp: -4.8004396057
exp: -4.6999728905
exp: -4.6021087565
exp: -4.5072572823
exp: -4.4153407321
exp: -4.3238992567
exp: -4.2316833182
exp: -4.1407119810
exp: -4.0506960847
exp: -3.9618521585
exp: -3.8752518207
exp: -3.7902057638
exp: -3.7032012860
exp: -3.6223763273
exp: -3.5458518869
exp: -3.4820707944
exp: -3.4078368710
exp: -3.3369139996
exp: -3.2650211175
exp: -3.1956735716
exp: -3.1277418095
exp: -3.0607828474
exp: -2.9955168234
exp: -2.9319548936
exp: -2.8699964905
exp: -2.8095156040
exp: -2.7517490128
exp: -2.6967497316
exp: -2.6436567527
exp: -2.5940560334
exp: -2.5462263399
exp: -2.5016879251
exp: -2.4642684716
exp: -2.4332590559
exp: -2.4061884542
exp: -2.3783170474
exp: -2.3548725537
exp: -2.3303155025
exp: -2.3098883457
exp: -2.2927072046
exp: -2.2783911121
exp: -2.2641074332
exp: -2.2614631820
exp: -2.2778074879
Overlap: 0.0171789022
exp: -2.2793368809
Overlap: 0.0203025793
