exp: -10.8900170643
exp: -10.7800584628
exp: -10.6701308474
exp: -10.5602283989
exp: -10.4503552421
exp: -10.3405163965
exp: -10.2306997097
exp: -10.1209054307
exp: -10.0111520727
exp: -9.9014384096
exp: -9.7917756731
exp: -9.6821110454
exp: -9.5724953928
exp: -9.4628849221
exp: -9.3533232942
exp: -9.2438049084
exp: -9.1343509550
exp: -9.0249156536
exp: -8.9154975216
exp: -8.8060870921
exp: -8.6968284616
exp: -8.5875540634
exp: -8.4782898634
exp: -8.3690820383
exp: -8.2601875788
exp: -8.1511674075
exp: -8.0420703459
exp: -7.9331072039
exp: -7.8243993338
exp: -7.7155880338
exp: -7.6068826315
exp: -7.4983476135
exp: -7.3895340692
exp: -7.2810529687
exp: -7.1730641256
exp: -7.0647014290
exp: -6.9562796931
exp: -6.8479008054
exp: -6.7400376784
exp: -6.6317915144
exp: -6.5242535608
exp: -6.4162333887
exp: -6.3086996005
exp: -6.2011553610
exp: -6.0942945553
exp: -5.9867613101
exp: -5.8798869341
exp: -5.7733632592
exp: -5.6670778825
exp: -5.5616683487
exp: -5.4553928771
exp: -5.3495937125
exp: -5.2440663854
exp: -5.1384005863
exp: -5.0337270167
exp: -4.9293155802
exp: -4.8244821621
exp: -4.7206564176
exp: -4.6167458551
exp: -4.5138088355
exp: -4.4123522313
exp: -4.3123598490
exp: -4.2139009465
exp: -4.1161576285
exp: -4.0162813853
exp: -3.9192051666
exp: -3.8244177600
exp: -3.7325805958
exp: -3.6424966855
exp: -3.5542178027
exp: -3.4692476895
exp: -3.3859813062
exp: -3.3052910767
exp: -3.2315909378
exp: -3.1580075646
exp: -3.0912533641
exp: -3.0277293938
exp: -2.9636968571
exp: -2.9164405443
exp: -2.8688672718
exp: -2.8200395305
exp: -2.7675279539
exp: -2.7160592624
exp: -2.6675479600
exp: -2.6203225939
exp: -2.5752106402
exp: -2.5324519924
exp: -2.4918175354
exp: -2.4532934481
exp: -2.4163055399
exp: -2.3836946295
exp: -2.3512942938
exp: -2.3229013259
exp: -2.2970731082
exp: -2.2784091110
exp: -2.2620494917
exp: -2.2503978584
exp: -2.2447321253
exp: -2.2473442371
exp: -2.2571759746
Overlap: 0.0000000409
exp: -2.2607232325
Overlap: 0.0000000160
