exp: -10.8900051182
exp: -10.7800194991
exp: -10.6700406134
exp: -10.5600720905
exp: -10.4501146185
exp: -10.3401659473
exp: -10.2302276514
exp: -10.1203022996
exp: -10.0103872402
exp: -9.9004842836
exp: -9.7905883652
exp: -9.6807117626
exp: -9.5708449227
exp: -9.4609915408
exp: -9.3511485325
exp: -9.2413235617
exp: -9.1315113631
exp: -9.0217138879
exp: -8.9119367766
exp: -8.8021744430
exp: -8.6924260774
exp: -8.5826942305
exp: -8.4729894814
exp: -8.3632950767
exp: -8.2536217925
exp: -8.1439737810
exp: -8.0343432231
exp: -7.9247401278
exp: -7.8151368946
exp: -7.7055906559
exp: -7.5960826002
exp: -7.4865554167
exp: -7.3771062037
exp: -7.2676415172
exp: -7.1581911749
exp: -7.0488118979
exp: -6.9394434968
exp: -6.8301550109
exp: -6.7208290795
exp: -6.6115633573
exp: -6.5023402034
exp: -6.3931942888
exp: -6.2840192284
exp: -6.1748739174
exp: -6.0658291147
exp: -5.9568462552
exp: -5.8478185103
exp: -5.7388965166
exp: -5.6300128241
exp: -5.5212837243
exp: -5.4125037622
exp: -5.3038563367
exp: -5.1956267141
exp: -5.0890382862
exp: -4.9812171329
exp: -4.8752343046
exp: -4.7695913870
exp: -4.6651869681
exp: -4.5616675910
exp: -4.4580354860
exp: -4.3557473629
exp: -4.2540380918
exp: -4.1535352001
exp: -4.0542669777
exp: -3.9588994669
exp: -3.8842875541
exp: -3.7973485150
exp: -3.7077651714
exp: -3.6164495419
exp: -3.5259566456
exp: -3.4360333178
exp: -3.3466662596
exp: -3.2583697679
exp: -3.1707273744
exp: -3.0836122705
exp: -2.9972711415
exp: -2.9115860863
exp: -2.8268614098
exp: -2.7431505451
exp: -2.6603643573
exp: -2.5788067330
exp: -2.4987801503
exp: -2.4199128603
exp: -2.3431430600
exp: -2.2663630865
exp: -2.1908272143
exp: -2.1188019726
exp: -2.0478356207
exp: -1.9804746430
exp: -1.9142663479
exp: -1.8526450274
exp: -1.7964477253
exp: -1.7436504364
exp: -1.6938145325
exp: -1.6468825920
exp: -1.6024013131
exp: -1.5578032836
exp: -1.5194887932
exp: -1.4978714408
exp: -1.4993474780
Overlap: 0.0367265470
exp: -1.4968127662
Overlap: 0.0256252524
