exp: -10.8900049807
exp: -10.7800319930
exp: -10.6700767237
exp: -10.5601391927
exp: -10.4502191487
exp: -10.3403190127
exp: -10.2304388414
exp: -10.1205773495
exp: -10.0107368192
exp: -9.9009194433
exp: -9.7911228816
exp: -9.6813435199
exp: -9.5715904961
exp: -9.4618595612
exp: -9.3521500802
exp: -9.2424621478
exp: -9.1327990829
exp: -9.0231633634
exp: -8.9135484605
exp: -8.8039641314
exp: -8.6944093131
exp: -8.5848749798
exp: -8.4753725534
exp: -8.3658979071
exp: -8.2564525713
exp: -8.1470343878
exp: -8.0376489430
exp: -7.9282877928
exp: -7.8189801108
exp: -7.7096933622
exp: -7.6004608110
exp: -7.4912660138
exp: -7.3820934139
exp: -7.2729757048
exp: -7.1638853675
exp: -7.0548671189
exp: -6.9458310620
exp: -6.8368843056
exp: -6.7279785682
exp: -6.6191485682
exp: -6.5103356022
exp: -6.4016052526
exp: -6.2931059905
exp: -6.1844481557
exp: -6.0759484808
exp: -5.9670927505
exp: -5.8586516387
exp: -5.7502694776
exp: -5.6418675224
exp: -5.5336740676
exp: -5.4255442036
exp: -5.3175919282
exp: -5.2094965967
exp: -5.1017212991
exp: -4.9940665718
exp: -4.8863778337
exp: -4.7785836036
exp: -4.6693628410
exp: -4.5624606106
exp: -4.4555385607
exp: -4.3496347600
exp: -4.2455969570
exp: -4.1415870168
exp: -4.0377243417
exp: -3.9348289862
exp: -3.8321644828
exp: -3.7320303016
exp: -3.6314980429
exp: -3.5308803913
exp: -3.4338874585
exp: -3.3324834880
exp: -3.2412491781
exp: -3.1380150938
exp: -3.0604874174
exp: -2.9751272951
exp: -2.8861763570
exp: -2.7983164940
exp: -2.7121493609
exp: -2.6202130567
exp: -2.5338027857
exp: -2.4509518756
exp: -2.3676243291
exp: -2.2858019565
exp: -2.2078120516
exp: -2.1359392027
exp: -2.0657153247
exp: -1.9935617796
exp: -1.9222667463
exp: -1.8548968512
exp: -1.7921181663
exp: -1.7336287832
exp: -1.6795622010
exp: -1.6301446292
exp: -1.5854755211
exp: -1.5802202865
exp: -1.5604628670
exp: -1.5360695513
exp: -1.5116615487
exp: -1.4836784486
exp: -1.4622068142
Overlap: 0.0169013091
exp: -1.4617193036
Overlap: 0.0184932724
