exp: -10.8900273070
exp: -10.7801322001
exp: -10.6702831327
exp: -10.5604891101
exp: -10.4507838098
exp: -10.3411242254
exp: -10.2315719270
exp: -10.1221339553
exp: -10.0127139376
exp: -9.9034423454
exp: -9.7941707068
exp: -9.6850363444
exp: -9.5759486232
exp: -9.4669632203
exp: -9.3580696208
exp: -9.2492092534
exp: -9.1404197078
exp: -9.0317679685
exp: -8.9230924000
exp: -8.8147823077
exp: -8.7065200179
exp: -8.5982522364
exp: -8.4900569531
exp: -8.3820451824
exp: -8.2740272320
exp: -8.1661283884
exp: -8.0584436631
exp: -7.9508792040
exp: -7.8433752792
exp: -7.7362447057
exp: -7.6289872168
exp: -7.5217994217
exp: -7.4147225685
exp: -7.3079631231
exp: -7.2012475583
exp: -7.0948181294
exp: -6.9884687488
exp: -6.8827086579
exp: -6.7769976190
exp: -6.6710775985
exp: -6.5655983350
exp: -6.4604951441
exp: -6.3556047159
exp: -6.2512102212
exp: -6.1475013917
exp: -6.0433706029
exp: -5.9397775922
exp: -5.8372058918
exp: -5.7366131159
exp: -5.6357426217
exp: -5.5354169509
exp: -5.4344693353
exp: -5.3340617007
exp: -5.2345518340
exp: -5.1343375520
exp: -5.0352543270
exp: -4.9366132059
exp: -4.8388973317
exp: -4.7407305653
exp: -4.6431412776
exp: -4.5468113093
exp: -4.4505145529
exp: -4.3549876781
exp: -4.2597463543
exp: -4.1652963970
exp: -4.0714429395
exp: -3.9782961270
exp: -3.8861993659
exp: -3.7955746938
exp: -3.7063251015
exp: -3.6179943065
exp: -3.5318877917
exp: -3.4459389060
exp: -3.3625071751
exp: -3.2790571571
exp: -3.1965031731
exp: -3.1111474970
exp: -3.0302562299
exp: -2.9533007412
exp: -2.8793267231
exp: -2.8071970933
exp: -2.7370212548
exp: -2.6687953824
exp: -2.6066663713
exp: -2.5471159996
exp: -2.4957154295
exp: -2.4472591103
exp: -2.4116528458
exp: -2.3707071413
exp: -2.3349141583
exp: -2.3025780458
exp: -2.2752504927
exp: -2.2530416435
exp: -2.2322713223
exp: -2.2235307908
exp: -2.2208354316
exp: -2.2389006892
exp: -2.2827199848
exp: -2.2969196521
exp: -2.3219394920
Overlap: 0.0000000010
exp: -2.3191760868
Overlap: 0.0000000002
