exp: -10.8899993004
exp: -10.7799652352
exp: -10.6699589913
exp: -10.5600360734
exp: -10.4500606994
exp: -10.3400935586
exp: -10.2301340267
exp: -10.1201861326
exp: -10.0102266775
exp: -9.9003224774
exp: -9.7904212815
exp: -9.6804856489
exp: -9.5705986608
exp: -9.4606997958
exp: -9.3508205582
exp: -9.2410512199
exp: -9.1312882073
exp: -9.0214862232
exp: -8.9116620440
exp: -8.8017563978
exp: -8.6919114464
exp: -8.5819985858
exp: -8.4723215058
exp: -8.3625071481
exp: -8.2527438008
exp: -8.1429988475
exp: -8.0333647220
exp: -7.9235444900
exp: -7.8138837386
exp: -7.7042149644
exp: -7.5945543212
exp: -7.4849819931
exp: -7.3752168409
exp: -7.2657276529
exp: -7.1561756638
exp: -7.0465638353
exp: -6.9370920245
exp: -6.8275125665
exp: -6.7180493788
exp: -6.6086560876
exp: -6.4990613290
exp: -6.3897413548
exp: -6.2803375458
exp: -6.1710480226
exp: -6.0614699549
exp: -5.9522788619
exp: -5.8431730884
exp: -5.7337517931
exp: -5.6246834739
exp: -5.5154980603
exp: -5.4069471776
exp: -5.2979469011
exp: -5.1888659515
exp: -5.0802785614
exp: -4.9733147181
exp: -4.8661662057
exp: -4.7593508583
exp: -4.6547699139
exp: -4.5504804147
exp: -4.4477342372
exp: -4.3460750832
exp: -4.2464741009
exp: -4.1459305651
exp: -4.0476323910
exp: -3.9520701068
exp: -3.8561393431
exp: -3.7637862259
exp: -3.6703520746
exp: -3.5783187970
exp: -3.4872386199
exp: -3.3974786425
exp: -3.3116446508
exp: -3.2321207190
exp: -3.1531239190
exp: -3.0682434440
exp: -2.9838846949
exp: -2.9010731783
exp: -2.8195841543
exp: -2.7401867590
exp: -2.6611403745
exp: -2.5848141499
exp: -2.5123984650
exp: -2.4402971101
exp: -2.3683618912
exp: -2.2985570178
exp: -2.2318879000
exp: -2.1655724399
exp: -2.1012552089
exp: -2.0389032712
exp: -1.9770555821
exp: -1.9207001377
exp: -1.8720880348
exp: -1.8234559950
exp: -1.7786349218
exp: -1.7387524537
exp: -1.7001848549
exp: -1.6653471848
exp: -1.6634788338
exp: -1.6733046730
exp: -1.6779606417
Overlap: 0.0000122192
exp: -1.6782848668
Overlap: 0.0000126165
