exp: -10.8900017652
exp: -10.7800086740
exp: -10.6698742755
exp: -10.5600554559
exp: -10.4498111552
exp: -10.3402025476
exp: -10.2302854464
exp: -10.1203718848
exp: -10.0104752120
exp: -9.9005905689
exp: -9.7907095885
exp: -9.6808392586
exp: -9.5709960377
exp: -9.4611650252
exp: -9.3513488072
exp: -9.2415494112
exp: -9.1317151533
exp: -9.0219090867
exp: -8.9121836399
exp: -8.8024351156
exp: -8.6925767400
exp: -8.5827843494
exp: -8.4726494299
exp: -8.3635410025
exp: -8.2539415119
exp: -8.1444205623
exp: -8.0348118246
exp: -7.9239377735
exp: -7.8142944697
exp: -7.7056032058
exp: -7.5962390468
exp: -7.4867347566
exp: -7.3772531964
exp: -7.2677354057
exp: -7.1581479220
exp: -7.0486825688
exp: -6.9391699522
exp: -6.8296370139
exp: -6.7202766403
exp: -6.6109435975
exp: -6.5015723781
exp: -6.3920881161
exp: -6.2830222746
exp: -6.1735971429
exp: -6.0643563697
exp: -5.9547613158
exp: -5.8453823555
exp: -5.7366894434
exp: -5.6274271205
exp: -5.5183531138
exp: -5.4068565946
exp: -5.2988312519
exp: -5.1971629109
exp: -5.0920063292
exp: -4.9888889064
exp: -4.8889116089
exp: -4.7916963746
exp: -4.6944617888
exp: -4.5990667392
exp: -4.5074451686
exp: -4.4161747697
exp: -4.3273760600
exp: -4.2407826599
exp: -4.1589822432
exp: -4.0790183248
exp: -4.0010926443
exp: -3.9246096378
exp: -3.8464782993
exp: -3.7716118398
exp: -3.7000989432
exp: -3.6299569931
exp: -3.5642366508
exp: -3.5001252955
exp: -3.4335697359
exp: -3.3685779021
exp: -3.3037202659
exp: -3.2413701009
exp: -3.1796373080
exp: -3.1195580918
exp: -3.0610903836
exp: -3.0044797366
exp: -2.9498986917
exp: -2.8972096553
exp: -2.8457573858
exp: -2.7962359382
exp: -2.7481666606
exp: -2.7018259161
exp: -2.6571646731
exp: -2.6142079941
exp: -2.5731459157
exp: -2.5336972996
exp: -2.4956667078
exp: -2.4604890251
exp: -2.4275131648
exp: -2.3961244787
exp: -2.3674682805
exp: -2.3410815502
exp: -2.3179391567
exp: -2.2993421749
exp: -2.2920031380
Overlap: 0.0005899045
exp: -2.2931290074
Overlap: 0.0004301721
