exp: -10.8900354043
exp: -10.7801540742
exp: -10.6703775864
exp: -10.5606692355
exp: -10.4510556653
exp: -10.3415310066
exp: -10.2321537872
exp: -10.1228273165
exp: -10.0136235441
exp: -9.9045284110
exp: -9.7955019884
exp: -9.6866282849
exp: -9.5778252155
exp: -9.4691550558
exp: -9.3605852472
exp: -9.2522349332
exp: -9.1439728749
exp: -9.0358343554
exp: -8.9277633435
exp: -8.8196654659
exp: -8.7118015478
exp: -8.6041357733
exp: -8.4965642875
exp: -8.3892269688
exp: -8.2819470741
exp: -8.1747676458
exp: -8.0676852590
exp: -7.9607829220
exp: -7.8540613585
exp: -7.7474715257
exp: -7.6409322204
exp: -7.5346519723
exp: -7.4285508514
exp: -7.3224994790
exp: -7.2165131876
exp: -7.1106836966
exp: -7.0050336248
exp: -6.8995540238
exp: -6.7943686629
exp: -6.6894327512
exp: -6.5845263408
exp: -6.4795994464
exp: -6.3752308298
exp: -6.2710069132
exp: -6.1673814797
exp: -6.0636976030
exp: -5.9598910798
exp: -5.8567122676
exp: -5.7539442462
exp: -5.6515597149
exp: -5.5496639038
exp: -5.4484909028
exp: -5.3465082707
exp: -5.2466252642
exp: -5.1474326915
exp: -5.0493661065
exp: -4.9519139982
exp: -4.8565699557
exp: -4.7597355058
exp: -4.6623113825
exp: -4.5679894116
exp: -4.4721514059
exp: -4.3783973616
exp: -4.2848315495
exp: -4.1911724698
exp: -4.0990439995
exp: -4.0103528389
exp: -3.9248318730
exp: -3.8393768137
exp: -3.7565077896
exp: -3.6733527820
exp: -3.5879726393
exp: -3.5114470912
exp: -3.4352624716
exp: -3.3600925742
exp: -3.2843074761
exp: -3.2090109964
exp: -3.1397638667
exp: -3.0711867329
exp: -3.0068289244
exp: -2.9457198016
exp: -2.8867934773
exp: -2.8272557178
exp: -2.7716869985
exp: -2.7200069157
exp: -2.6672435452
exp: -2.6179416607
exp: -2.5726240051
exp: -2.5319956496
exp: -2.4922963063
exp: -2.4590908611
exp: -2.3792084062
exp: -2.2921071480
exp: -2.2394565256
exp: -2.2926397290
exp: -2.3112712705
exp: -2.3124811654
exp: -2.3295395029
exp: -2.3690675486
exp: -2.4165207554
Overlap: 0.0000583095
exp: -2.4171910463
Overlap: 0.0000643871
