exp: -10.8900049525
exp: -10.7800239092
exp: -10.6700600835
exp: -10.5601052990
exp: -10.4501666192
exp: -10.3402600932
exp: -10.2303599391
exp: -10.1204754418
exp: -10.0106019168
exp: -9.9007615699
exp: -9.7909263964
exp: -9.6811258986
exp: -9.5713522969
exp: -9.4615526657
exp: -9.3518170673
exp: -9.2420755844
exp: -9.1323273040
exp: -9.0226112392
exp: -8.9129456701
exp: -8.8033220256
exp: -8.6936642251
exp: -8.5840476705
exp: -8.4744708668
exp: -8.3650080144
exp: -8.2554642773
exp: -8.1460314352
exp: -8.0364874810
exp: -7.9271595038
exp: -7.8176431054
exp: -7.7083898041
exp: -7.5992467819
exp: -7.4899976942
exp: -7.3806670424
exp: -7.2715295136
exp: -7.1624591943
exp: -7.0533841048
exp: -6.9442819631
exp: -6.8352843914
exp: -6.7263747510
exp: -6.6176182463
exp: -6.5087098250
exp: -6.3996720869
exp: -6.2911816253
exp: -6.1825869038
exp: -6.0740227794
exp: -5.9655634976
exp: -5.8571932708
exp: -5.7485119495
exp: -5.6405548310
exp: -5.5321580359
exp: -5.4245272021
exp: -5.3168925672
exp: -5.2090732054
exp: -5.1023291528
exp: -4.9914795098
exp: -4.8595707631
exp: -4.7551757952
exp: -4.6545022533
exp: -4.5544384295
exp: -4.4622708518
exp: -4.3729483149
exp: -4.2915795257
exp: -4.1995613875
exp: -4.1052999528
exp: -4.0100031340
exp: -3.9162632541
exp: -3.8235997558
exp: -3.7314902919
exp: -3.6412878446
exp: -3.5519261674
exp: -3.4642689755
exp: -3.3785996566
exp: -3.2933809553
exp: -3.2103533139
exp: -3.1285237689
exp: -3.0490327145
exp: -2.9703457717
exp: -2.8937395596
exp: -2.8185052533
exp: -2.7457569521
exp: -2.6742038325
exp: -2.6045762632
exp: -2.5365378493
exp: -2.4701698048
exp: -2.4056243101
exp: -2.3425782889
exp: -2.2818493912
exp: -2.2234996679
exp: -2.1667796488
exp: -2.1123210451
exp: -2.0607857999
exp: -2.0107940377
exp: -1.9640376766
exp: -1.9209960541
exp: -1.8808250231
exp: -1.8478114077
exp: -1.8165762169
exp: -1.7935659589
exp: -1.7679993484
exp: -1.7728774184
Overlap: 0.0031283526
exp: -1.7924222973
Overlap: 0.0042039335
