exp: -11.8800122548
exp: -11.7600733298
exp: -11.6401330338
exp: -11.5197125971
exp: -11.4000586102
exp: -11.2805213411
exp: -11.1612205810
exp: -11.0417268742
exp: -10.9223726318
exp: -10.8029026159
exp: -10.6835557033
exp: -10.5642541932
exp: -10.4450633368
exp: -10.3259742407
exp: -10.2069146942
exp: -10.0880130597
exp: -9.9692040368
exp: -9.8504363358
exp: -9.7316017600
exp: -9.6128464646
exp: -9.4944260307
exp: -9.3757907825
exp: -9.2576218460
exp: -9.1393709526
exp: -9.0213279582
exp: -8.9031425374
exp: -8.7852794502
exp: -8.6672020141
exp: -8.5498759824
exp: -8.4325029723
exp: -8.3149694604
exp: -8.1971017641
exp: -8.0799370040
exp: -7.9633725053
exp: -7.8463316547
exp: -7.7294673370
exp: -7.6130394629
exp: -7.4967565595
exp: -7.3804358310
exp: -7.2643454712
exp: -7.1487242822
exp: -7.0331042184
exp: -6.9178883197
exp: -6.8022428327
exp: -6.6865914694
exp: -6.5721859138
exp: -6.4572032554
exp: -6.3430361309
exp: -6.2283865937
exp: -6.1137134565
exp: -5.9998573589
exp: -5.8856006549
exp: -5.7714470615
exp: -5.6582284070
exp: -5.5474395135
exp: -5.4376609420
exp: -5.3263201136
exp: -5.2223675928
exp: -5.1165660557
exp: -5.0129763704
exp: -4.9096003880
exp: -4.8069564747
exp: -4.7062936509
exp: -4.6125396658
exp: -4.5191014001
exp: -4.4273834631
exp: -4.3379395966
exp: -4.2499761969
exp: -4.1640229351
exp: -4.0811131233
exp: -4.0008991677
exp: -3.9237303556
exp: -3.8484843167
exp: -3.7774539136
exp: -3.7078706107
exp: -3.6408953532
exp: -3.5762563827
exp: -3.5126620782
exp: -3.4518553357
exp: -3.3923515300
exp: -3.3346568082
exp: -3.2785115660
exp: -3.2246125657
exp: -3.1726456291
exp: -3.1228604972
exp: -3.0748762766
exp: -3.0283255835
exp: -2.9847937829
exp: -2.9430856708
exp: -2.9041231861
exp: -2.8681338666
exp: -2.8354273806
exp: -2.8052092143
exp: -2.7783558872
exp: -2.7542398375
exp: -2.7339078631
exp: -2.7167014370
exp: -2.7016575367
exp: -2.6886368110
exp: -2.6870203685
Overlap: 0.0000006174
exp: -2.6864106342
Overlap: 0.0000009456
