exp: -11.8800009826
exp: -11.7600121999
exp: -11.6400280553
exp: -11.5200514645
exp: -11.4000735238
exp: -11.2801112938
exp: -11.1601653113
exp: -11.0402207269
exp: -10.9202589273
exp: -10.8003162891
exp: -10.6803913156
exp: -10.5604833040
exp: -10.4405561640
exp: -10.3206673696
exp: -10.2007671425
exp: -10.0808952936
exp: -9.9609991820
exp: -9.8410967818
exp: -9.7212569770
exp: -9.6014114079
exp: -9.4815572078
exp: -9.3617323661
exp: -9.2419147560
exp: -9.1221255399
exp: -9.0023570326
exp: -8.8825732383
exp: -8.7628693556
exp: -8.6430977366
exp: -8.5233745017
exp: -8.4036821253
exp: -8.2839690971
exp: -8.1643286204
exp: -8.0446645420
exp: -7.9250203297
exp: -7.8053819739
exp: -7.6857464996
exp: -7.5661594597
exp: -7.4466401719
exp: -7.3270508762
exp: -7.2075422826
exp: -7.0880228887
exp: -6.9685211122
exp: -6.8490422021
exp: -6.7296393852
exp: -6.6101800674
exp: -6.4907657313
exp: -6.3713406260
exp: -6.2519936108
exp: -6.1326217017
exp: -6.0133335733
exp: -5.8943439247
exp: -5.7791095572
exp: -5.6626192664
exp: -5.5467056489
exp: -5.4303334875
exp: -5.3147549655
exp: -5.2005136190
exp: -5.0866012027
exp: -4.9734914715
exp: -4.8610664343
exp: -4.7497816815
exp: -4.6390634297
exp: -4.5309720843
exp: -4.4220122761
exp: -4.3200816441
exp: -4.2219939680
exp: -4.1230817199
exp: -4.0311819664
exp: -3.9307159116
exp: -3.8313012442
exp: -3.7329366633
exp: -3.6357713967
exp: -3.5399772357
exp: -3.4456710926
exp: -3.3516250604
exp: -3.2590132102
exp: -3.1666960686
exp: -3.0783996409
exp: -2.9947759320
exp: -2.9225983361
exp: -2.8471869387
exp: -2.7669171245
exp: -2.6862532830
exp: -2.6084294045
exp: -2.5303701305
exp: -2.4540872210
exp: -2.3779818444
exp: -2.3017170735
exp: -2.2254665584
exp: -2.1527473075
exp: -2.0819476048
exp: -2.0144455317
exp: -1.9512713501
exp: -1.8916415244
exp: -1.8349497146
exp: -1.7831221417
exp: -1.7359617620
exp: -1.6956993648
exp: -1.6727992863
exp: -1.6567942458
Overlap: 0.0000004085
exp: -1.6503586848
Overlap: 0.0000023199
