exp: -11.8800055336
exp: -11.7600208278
exp: -11.6400438593
exp: -11.5200862758
exp: -11.4001421724
exp: -11.2802241213
exp: -11.1603154298
exp: -11.0403996686
exp: -10.9205445103
exp: -10.8006904696
exp: -10.6808530797
exp: -10.5610387765
exp: -10.4412449244
exp: -10.3214653844
exp: -10.2016866049
exp: -10.0819573577
exp: -9.9622342762
exp: -9.8424788001
exp: -9.7227907098
exp: -9.6030691511
exp: -9.4834104470
exp: -9.3637621825
exp: -9.2441193655
exp: -9.1245638024
exp: -9.0049690319
exp: -8.8854440115
exp: -8.7659240091
exp: -8.6463812282
exp: -8.5269548044
exp: -8.4075397293
exp: -8.2881726195
exp: -8.1687600171
exp: -8.0493618857
exp: -7.9299372803
exp: -7.8105875654
exp: -7.6914066082
exp: -7.5721051777
exp: -7.4528572312
exp: -7.3336530633
exp: -7.2143804455
exp: -7.0952726868
exp: -6.9762936398
exp: -6.8572106353
exp: -6.7381004603
exp: -6.6188420411
exp: -6.4999656219
exp: -6.3812539385
exp: -6.2623961695
exp: -6.1435548605
exp: -6.0247880470
exp: -5.9068932041
exp: -5.7912914700
exp: -5.6761423479
exp: -5.5625948960
exp: -5.4502234928
exp: -5.3402923971
exp: -5.2334337589
exp: -5.1279670858
exp: -5.0248143841
exp: -4.9239963303
exp: -4.8245598362
exp: -4.7296373790
exp: -4.6358611911
exp: -4.5422890537
exp: -4.4507686146
exp: -4.3605929215
exp: -4.2716368117
exp: -4.1844099549
exp: -4.0984032265
exp: -4.0138807410
exp: -3.9307034586
exp: -3.8491700215
exp: -3.7688621974
exp: -3.6897210645
exp: -3.6118817781
exp: -3.5352286257
exp: -3.4599161391
exp: -3.3856792614
exp: -3.3127268866
exp: -3.2413620228
exp: -3.1709092007
exp: -3.1021116732
exp: -3.0343430503
exp: -2.9675981514
exp: -2.9019049567
exp: -2.8375049392
exp: -2.7746840206
exp: -2.7124662415
exp: -2.6525895150
exp: -2.5958475318
exp: -2.5416853097
exp: -2.4917923934
exp: -2.4399941759
exp: -2.3931209266
exp: -2.3463868068
exp: -2.3001739519
exp: -2.2608456131
exp: -2.2323601341
exp: -2.2141928164
exp: -2.2208366974
Overlap: 0.4495408152
exp: -2.2202211662
Overlap: 0.4470230457
