exp: -11.8800192365
exp: -11.7600537707
exp: -11.6401005841
exp: -11.5202643318
exp: -11.4003869222
exp: -11.2806728902
exp: -11.1609243958
exp: -11.0412059711
exp: -10.9215517414
exp: -10.8019333101
exp: -10.6823488509
exp: -10.5628212062
exp: -10.4433692365
exp: -10.3239149836
exp: -10.2045593310
exp: -10.0851910410
exp: -9.9658429197
exp: -9.8465691113
exp: -9.7273421527
exp: -9.6081737167
exp: -9.4890626571
exp: -9.3700107475
exp: -9.2509391805
exp: -9.1320044363
exp: -9.0130798804
exp: -8.8942365738
exp: -8.7755053238
exp: -8.6567802996
exp: -8.5381093589
exp: -8.4196120615
exp: -8.3010654996
exp: -8.1825748314
exp: -8.0639643009
exp: -7.9455752651
exp: -7.8272375541
exp: -7.7092023935
exp: -7.5910037731
exp: -7.4728503201
exp: -7.3549889846
exp: -7.2370112475
exp: -7.1191310079
exp: -7.0013277004
exp: -6.8834556590
exp: -6.7657593906
exp: -6.6485682842
exp: -6.5310371625
exp: -6.4137689521
exp: -6.2970111996
exp: -6.1806688316
exp: -6.0646986112
exp: -5.9501790708
exp: -5.8368168419
exp: -5.7245009169
exp: -5.6124295772
exp: -5.5008635675
exp: -5.3898781426
exp: -5.2790470430
exp: -5.1689131191
exp: -5.0600062811
exp: -4.9511299557
exp: -4.8437603233
exp: -4.7362641252
exp: -4.6305473053
exp: -4.5261878312
exp: -4.4227797321
exp: -4.3210209990
exp: -4.2188118934
exp: -4.1184178815
exp: -4.0199457948
exp: -3.9211241706
exp: -3.8249697969
exp: -3.7305872749
exp: -3.6364092314
exp: -3.5419473676
exp: -3.4484370427
exp: -3.3555532970
exp: -3.2697039488
exp: -3.1847186196
exp: -3.1010874554
exp: -3.0110850797
exp: -2.9309386307
exp: -2.8623890667
exp: -2.7931162816
exp: -2.7251810164
exp: -2.6576585880
exp: -2.5947153813
exp: -2.5333790667
exp: -2.4760598785
exp: -2.4244771891
exp: -2.3766504771
exp: -2.3294261778
exp: -2.2846354195
exp: -2.2430668995
exp: -2.2060492477
exp: -2.1732909699
exp: -2.1419160905
exp: -2.1180531535
exp: -2.0965304574
exp: -2.0938223184
exp: -2.1009776308
Overlap: 0.1764465163
exp: -2.1062477421
Overlap: 0.1660355278
