exp: -11.8800080156
exp: -11.7600236839
exp: -11.6400714623
exp: -11.5201295443
exp: -11.4001987934
exp: -11.2802928677
exp: -11.1604120928
exp: -11.0405559957
exp: -10.9207103946
exp: -10.8008422396
exp: -10.6810460740
exp: -10.5612839455
exp: -10.4415408292
exp: -10.3218208881
exp: -10.2021218437
exp: -10.0823943608
exp: -9.9627389288
exp: -9.8431090877
exp: -9.7234623507
exp: -9.6038829040
exp: -9.4843265178
exp: -9.3647941935
exp: -9.2452961218
exp: -9.1258174073
exp: -9.0063293755
exp: -8.8869043242
exp: -8.7674714664
exp: -8.6480645788
exp: -8.5286542622
exp: -8.4093416589
exp: -8.2899472532
exp: -8.1707357974
exp: -8.0515425146
exp: -7.9323456169
exp: -7.8131544299
exp: -7.6938943463
exp: -7.5748257717
exp: -7.4557488127
exp: -7.3365531213
exp: -7.2175694882
exp: -7.0986053792
exp: -6.9794502014
exp: -6.8607079713
exp: -6.7417174861
exp: -6.6228388044
exp: -6.5038476416
exp: -6.3854772401
exp: -6.2663077872
exp: -6.1482340834
exp: -6.0298719836
exp: -5.9114378448
exp: -5.7933985768
exp: -5.6752670201
exp: -5.5578842985
exp: -5.4415780065
exp: -5.3271993516
exp: -5.2128306672
exp: -5.1014378245
exp: -4.9882916244
exp: -4.8786142728
exp: -4.7713981047
exp: -4.6659750160
exp: -4.5690671702
exp: -4.4711083691
exp: -4.3829848181
exp: -4.2893756967
exp: -4.1958000424
exp: -4.1047745423
exp: -4.0180208894
exp: -3.9335261824
exp: -3.8524269848
exp: -3.7752273852
exp: -3.6963933991
exp: -3.6232153029
exp: -3.5524424692
exp: -3.4837523140
exp: -3.4175165195
exp: -3.3592243264
exp: -3.2970131220
exp: -3.2362865822
exp: -3.1778615711
exp: -3.1218952976
exp: -3.0678691477
exp: -3.0165804717
exp: -2.9679974054
exp: -2.9216713195
exp: -2.8782722140
exp: -2.8371376107
exp: -2.7985420819
exp: -2.7627062435
exp: -2.7293305483
exp: -2.6983107073
exp: -2.6696781710
exp: -2.6434483228
exp: -2.6193910252
exp: -2.5975247957
exp: -2.5780824397
exp: -2.5600311857
exp: -2.5417234733
exp: -2.5392070988
Overlap: 0.0000000398
exp: -2.5388960678
Overlap: 0.0000000007
