exp: -11.8800230325
exp: -11.7600941791
exp: -11.6402149239
exp: -11.5203549057
exp: -11.4004992267
exp: -11.2810305911
exp: -11.1614134459
exp: -11.0418607400
exp: -10.9223187392
exp: -10.8029459679
exp: -10.6836392601
exp: -10.5643373983
exp: -10.4451553774
exp: -10.3260937628
exp: -10.2070748039
exp: -10.0880361156
exp: -9.9692706450
exp: -9.8504585811
exp: -9.7317937665
exp: -9.6131781212
exp: -9.4947037047
exp: -9.3763381726
exp: -9.2580526998
exp: -9.1399310254
exp: -9.0218710856
exp: -8.9039916853
exp: -8.7862606817
exp: -8.6685219278
exp: -8.5508729165
exp: -8.4332890671
exp: -8.3160641039
exp: -8.1989643637
exp: -8.0820654877
exp: -7.9651932511
exp: -7.8484602096
exp: -7.7318695688
exp: -7.6154217360
exp: -7.4992650279
exp: -7.3831400362
exp: -7.2672377975
exp: -7.1512414940
exp: -7.0357880478
exp: -6.9200771292
exp: -6.8049080036
exp: -6.6901526200
exp: -6.5751165422
exp: -6.4608149971
exp: -6.3463268823
exp: -6.2316293097
exp: -6.1177064110
exp: -6.0043658739
exp: -5.8903875928
exp: -5.7778546905
exp: -5.6657665578
exp: -5.5535705497
exp: -5.4419752213
exp: -5.3309636906
exp: -5.2210141200
exp: -5.1113944523
exp: -5.0037720279
exp: -4.8991394970
exp: -4.7975350557
exp: -4.6955283432
exp: -4.5919337167
exp: -4.4923161369
exp: -4.3895312675
exp: -4.2894588321
exp: -4.1878312202
exp: -4.0911114249
exp: -3.9922110797
exp: -3.8951345427
exp: -3.7996226749
exp: -3.7062738593
exp: -3.6144137940
exp: -3.5235374701
exp: -3.4304936586
exp: -3.3462247308
exp: -3.2629480473
exp: -3.1890671224
exp: -3.1173195096
exp: -3.0493660988
exp: -2.9905718089
exp: -2.9267864043
exp: -2.8658835155
exp: -2.8040504867
exp: -2.7461653721
exp: -2.6876897102
exp: -2.6356109631
exp: -2.5797804518
exp: -2.5315869516
exp: -2.4931966341
exp: -2.4603229896
exp: -2.4258518105
exp: -2.3995914769
exp: -2.3757390481
exp: -2.3881603708
exp: -2.3891784275
exp: -2.4164542071
exp: -2.4782378804
exp: -2.4957552102
Overlap: 0.0000000107
exp: -2.4962862411
Overlap: 0.0000000027
