exp: -11.8800408882
exp: -11.7601560226
exp: -11.6403334921
exp: -11.5206369586
exp: -11.4010211979
exp: -11.2815204160
exp: -11.1620934007
exp: -11.0427860593
exp: -10.9236031417
exp: -10.8044553596
exp: -10.6853860273
exp: -10.5664829861
exp: -10.4476568838
exp: -10.3289339880
exp: -10.2103066085
exp: -10.0917802122
exp: -9.9733625330
exp: -9.8550613026
exp: -9.7367895845
exp: -9.6186847220
exp: -9.5006831487
exp: -9.3828247136
exp: -9.2650495867
exp: -9.1473944563
exp: -9.0297944216
exp: -8.9123493327
exp: -8.7949628507
exp: -8.6777488341
exp: -8.5606383431
exp: -8.4437438528
exp: -8.3268568104
exp: -8.2100821359
exp: -8.0934918686
exp: -7.9769201909
exp: -7.8605357969
exp: -7.7443355230
exp: -7.6282541895
exp: -7.5122631614
exp: -7.3965094690
exp: -7.2808410256
exp: -7.1653447983
exp: -7.0498797552
exp: -6.9346515908
exp: -6.8197032083
exp: -6.7047803547
exp: -6.5901978830
exp: -6.4758877863
exp: -6.3618834221
exp: -6.2480950755
exp: -6.1345538480
exp: -6.0215568783
exp: -5.9072296844
exp: -5.7931023468
exp: -5.6800168709
exp: -5.5695986260
exp: -5.4583026527
exp: -5.3476007316
exp: -5.2382358766
exp: -5.1300808129
exp: -5.0219204246
exp: -4.9164455786
exp: -4.8117801481
exp: -4.7059643641
exp: -4.6024091989
exp: -4.4977755935
exp: -4.3957323374
exp: -4.2953534795
exp: -4.2082299600
exp: -4.1302133466
exp: -4.0554516701
exp: -3.9838178595
exp: -3.8963472938
exp: -3.8096615139
exp: -3.7236366664
exp: -3.6390534121
exp: -3.5555778990
exp: -3.4729890947
exp: -3.3914799451
exp: -3.3111065429
exp: -3.2316828094
exp: -3.1534228283
exp: -3.0765544845
exp: -3.0009644339
exp: -2.9272353604
exp: -2.8551113084
exp: -2.7851502979
exp: -2.7162088257
exp: -2.6514025866
exp: -2.5866217864
exp: -2.5249292018
exp: -2.4663088552
exp: -2.4155871347
exp: -2.3684595691
exp: -2.3209652275
exp: -2.2764955120
exp: -2.2311122349
exp: -2.1897268114
exp: -2.1519499914
exp: -2.1224493429
exp: -2.0976285219
Overlap: 0.0013577609
exp: -2.0991361841
Overlap: 0.0014482517
