exp: -11.8799854232
exp: -11.7600074629
exp: -11.6400138264
exp: -11.5200231679
exp: -11.4000354651
exp: -11.2800489721
exp: -11.1600789661
exp: -11.0400975480
exp: -10.9201175164
exp: -10.8001523252
exp: -10.6801902410
exp: -10.5602296356
exp: -10.4402831497
exp: -10.3203326016
exp: -10.2003792359
exp: -10.0804666705
exp: -9.9605362107
exp: -9.8406166202
exp: -9.7206882681
exp: -9.6007920488
exp: -9.4808760278
exp: -9.3609882389
exp: -9.2410934834
exp: -9.1212181377
exp: -9.0013510760
exp: -8.8814912930
exp: -8.7616149585
exp: -8.6417597849
exp: -8.5219311171
exp: -8.4021045545
exp: -8.2822939156
exp: -8.1624920433
exp: -8.0426930933
exp: -7.9228573708
exp: -7.8030829503
exp: -7.6833124127
exp: -7.5635516824
exp: -7.4438374258
exp: -7.3240934013
exp: -7.2043869337
exp: -7.0847261166
exp: -6.9650286807
exp: -6.8453903824
exp: -6.7257662374
exp: -6.6061101980
exp: -6.4865331930
exp: -6.3669648915
exp: -6.2474026014
exp: -6.1278815331
exp: -6.0083919328
exp: -5.8893274517
exp: -5.7711618078
exp: -5.6535379611
exp: -5.5367544320
exp: -5.4209715588
exp: -5.3062425390
exp: -5.1918140153
exp: -5.0799051656
exp: -4.9701710102
exp: -4.8652914178
exp: -4.7741215242
exp: -4.6695735386
exp: -4.5651330191
exp: -4.4616834949
exp: -4.3590922673
exp: -4.2570704492
exp: -4.1559054470
exp: -4.0553620021
exp: -3.9554885684
exp: -3.8563963850
exp: -3.7579538112
exp: -3.6601011239
exp: -3.5628724483
exp: -3.4662332283
exp: -3.3702517873
exp: -3.2749075393
exp: -3.1802956870
exp: -3.0861180232
exp: -2.9915016149
exp: -2.9013466426
exp: -2.8111209342
exp: -2.7228212287
exp: -2.6350901207
exp: -2.5493072477
exp: -2.4648089822
exp: -2.3817123955
exp: -2.3020204146
exp: -2.2245548736
exp: -2.1473909282
exp: -2.0715602145
exp: -1.9963880410
exp: -1.9246158041
exp: -1.8562886753
exp: -1.7897220869
exp: -1.7239368677
exp: -1.6608467002
exp: -1.6043883841
exp: -1.5589688398
exp: -1.5203990794
exp: -1.4828664810
Overlap: 0.0534616676
exp: -1.4818538418
Overlap: 0.0531828230
