exp: -11.8799518136
exp: -11.7599906929
exp: -11.6401375246
exp: -11.5202673710
exp: -11.4002042069
exp: -11.2805790988
exp: -11.1609573954
exp: -11.0399132843
exp: -10.9217033121
exp: -10.8019548779
exp: -10.6823044108
exp: -10.5630826948
exp: -10.4439186533
exp: -10.3246848242
exp: -10.2057153198
exp: -10.0865946673
exp: -9.9673316340
exp: -9.8485192448
exp: -9.7302800511
exp: -9.6112108660
exp: -9.4926026961
exp: -9.3744883171
exp: -9.2562766234
exp: -9.1386256548
exp: -9.0250459995
exp: -8.9089281811
exp: -8.7909773006
exp: -8.6737349163
exp: -8.5563846378
exp: -8.4394099237
exp: -8.3229725726
exp: -8.2060251721
exp: -8.0895045350
exp: -7.9727367114
exp: -7.8560048396
exp: -7.7403695984
exp: -7.6242203794
exp: -7.5084300443
exp: -7.3927416499
exp: -7.2767959783
exp: -7.1619749867
exp: -7.0470652801
exp: -6.9330884535
exp: -6.8181452666
exp: -6.7039416527
exp: -6.5902865930
exp: -6.4767281314
exp: -6.3634176574
exp: -6.2499856614
exp: -6.1363154388
exp: -6.0249462007
exp: -5.9125189911
exp: -5.8015682854
exp: -5.6916820179
exp: -5.5860908955
exp: -5.4807524019
exp: -5.3773858454
exp: -5.2753688980
exp: -5.1737000395
exp: -5.0735449917
exp: -4.9754101154
exp: -4.8775256267
exp: -4.7799757191
exp: -4.6829326218
exp: -4.5887354149
exp: -4.4959688122
exp: -4.4058994423
exp: -4.3167835592
exp: -4.2272552528
exp: -4.1430503826
exp: -4.0608293091
exp: -3.9800248458
exp: -3.9003278217
exp: -3.8227550519
exp: -3.7473548671
exp: -3.6738420465
exp: -3.6023613289
exp: -3.5332865720
exp: -3.4665234401
exp: -3.4025066199
exp: -3.3418858385
exp: -3.2827800569
exp: -3.2269492810
exp: -3.1730507672
exp: -3.1229984116
exp: -3.0736219070
exp: -3.0294982808
exp: -2.9877897409
exp: -2.9527045869
exp: -2.9304174046
exp: -2.9069546187
exp: -2.8821843181
exp: -2.8616862797
exp: -2.8416267074
exp: -2.8245466501
exp: -2.8089401511
exp: -2.7983795073
exp: -2.7874794220
exp: -2.7769619801
exp: -2.7581827501
Overlap: 0.0113989776
exp: -2.7658005360
Overlap: 0.0104272102
