exp: -11.8800541746
exp: -11.7602174362
exp: -11.6404926601
exp: -11.5208765353
exp: -11.4013946640
exp: -11.2820171266
exp: -11.1627459733
exp: -11.0436389883
exp: -10.9246135703
exp: -10.8057050377
exp: -10.6869003895
exp: -10.5682159993
exp: -10.4496802494
exp: -10.3311943480
exp: -10.2129722616
exp: -10.0948444156
exp: -9.9768646295
exp: -9.8590320323
exp: -9.7411452327
exp: -9.6235346031
exp: -9.5060116439
exp: -9.3887987291
exp: -9.2717348617
exp: -9.1548070356
exp: -9.0383313054
exp: -8.9221124170
exp: -8.8058893048
exp: -8.6896128411
exp: -8.5742149285
exp: -8.4588470826
exp: -8.3435188320
exp: -8.2280151853
exp: -8.1133012978
exp: -7.9981730510
exp: -7.8835240932
exp: -7.7691531081
exp: -7.6557978576
exp: -7.5426487765
exp: -7.4296839424
exp: -7.3174121715
exp: -7.2050203326
exp: -7.0930340863
exp: -6.9826382810
exp: -6.8716628579
exp: -6.7613436167
exp: -6.6510345633
exp: -6.5407630332
exp: -6.4311186242
exp: -6.3215272434
exp: -6.2121894091
exp: -6.1032328996
exp: -5.9947628407
exp: -5.8869036491
exp: -5.7795231084
exp: -5.6726857412
exp: -5.5668229242
exp: -5.4606784293
exp: -5.3572732300
exp: -5.2536645620
exp: -5.1508929471
exp: -5.0486040271
exp: -4.9459235378
exp: -4.8471426481
exp: -4.7505236484
exp: -4.6570779749
exp: -4.5618877156
exp: -4.4688451655
exp: -4.3748434144
exp: -4.2858372611
exp: -4.1959092674
exp: -4.1105210476
exp: -4.0324503861
exp: -3.9562886839
exp: -3.8844985195
exp: -3.8086962318
exp: -3.7335290324
exp: -3.6649946248
exp: -3.5988201095
exp: -3.5370785259
exp: -3.4771870674
exp: -3.4214018622
exp: -3.3697282273
exp: -3.3219939040
exp: -3.2851049375
exp: -3.2522841133
exp: -3.2240785366
exp: -3.2024077082
exp: -3.1781516777
exp: -3.1510474239
exp: -3.1124462113
exp: -3.0850986746
exp: -3.0515432279
exp: -3.0058877953
exp: -2.9899805283
exp: -2.9587602576
exp: -2.9395916740
exp: -2.9202517771
exp: -2.9064745299
exp: -2.9205024962
exp: -2.9412665264
Overlap: 0.0082759218
exp: -2.9260865461
Overlap: 0.0074094892
