exp: -11.8800312809
exp: -11.7601415128
exp: -11.6403771313
exp: -11.5206710745
exp: -11.4010413897
exp: -11.2815697433
exp: -11.1621242791
exp: -11.0428020140
exp: -10.9235950265
exp: -10.8045006900
exp: -10.6854853851
exp: -10.5666113969
exp: -10.4477894777
exp: -10.3292097986
exp: -10.2106901426
exp: -10.0922996086
exp: -9.9740398493
exp: -9.8559433722
exp: -9.7380521773
exp: -9.6200266469
exp: -9.5021912663
exp: -9.3846517122
exp: -9.2671509321
exp: -9.1500207530
exp: -9.0330250984
exp: -8.9160187337
exp: -8.7998785446
exp: -8.6832669591
exp: -8.5674418842
exp: -8.4516442145
exp: -8.3363416331
exp: -8.2217881218
exp: -8.1069280649
exp: -7.9931979747
exp: -7.8794398304
exp: -7.7665451971
exp: -7.6530254908
exp: -7.5400553317
exp: -7.4276478359
exp: -7.3139346407
exp: -7.2017640843
exp: -7.0896215070
exp: -6.9779938547
exp: -6.8664586121
exp: -6.7551299926
exp: -6.6435005700
exp: -6.5320563189
exp: -6.4213749714
exp: -6.3111363680
exp: -6.2023922968
exp: -6.0928230870
exp: -5.9869614962
exp: -5.8857745408
exp: -5.7891172362
exp: -5.6875320137
exp: -5.5884954521
exp: -5.4843040719
exp: -5.3971444969
exp: -5.3097571009
exp: -5.2226560887
exp: -5.1398924214
exp: -5.0548698110
exp: -4.9682888917
exp: -4.8842523260
exp: -4.8031902521
exp: -4.7253817415
exp: -4.6465180692
exp: -4.5709700774
exp: -4.4976166335
exp: -4.4278644933
exp: -4.3560941261
exp: -4.2917301599
exp: -4.2295194154
exp: -4.1704410081
exp: -4.1176877535
exp: -4.0630723540
exp: -4.0161419145
exp: -3.9693917628
exp: -3.9302390324
exp: -3.8864106126
exp: -3.8544630880
exp: -3.8336186404
exp: -3.8275175763
exp: -3.8069052213
exp: -3.7868972820
exp: -3.7631402050
exp: -3.7413129864
exp: -3.7222817384
exp: -3.7045899317
exp: -3.6903373203
exp: -3.6784235347
exp: -3.6672202080
exp: -3.6554844580
exp: -3.6480522309
exp: -3.6482740348
exp: -3.6529450966
exp: -3.6643998612
exp: -3.6806301592
exp: -3.6989790881
exp: -3.7252213112
Overlap: 0.0000000000
exp: -3.7215467364
Overlap: 0.0000000000
