exp: -11.8799767195
exp: -11.7601712131
exp: -11.6403470212
exp: -11.5205823512
exp: -11.4009362897
exp: -11.2813471962
exp: -11.1618050550
exp: -11.0423170120
exp: -10.9229583950
exp: -10.8036912062
exp: -10.6845310417
exp: -10.5654998780
exp: -10.4464411694
exp: -10.3275637649
exp: -10.2089782420
exp: -10.0903281257
exp: -9.9719624739
exp: -9.8535277920
exp: -9.7352855690
exp: -9.6171710777
exp: -9.4990543744
exp: -9.3811951121
exp: -9.2634795449
exp: -9.1457949146
exp: -9.0283042391
exp: -8.9109909326
exp: -8.7938447241
exp: -8.6768087828
exp: -8.5598753145
exp: -8.4433176462
exp: -8.3268617014
exp: -8.2108789913
exp: -8.0950279274
exp: -7.9791195414
exp: -7.8638449506
exp: -7.7487248084
exp: -7.6335830609
exp: -7.5191009963
exp: -7.4051000802
exp: -7.2914600626
exp: -7.1785788442
exp: -7.0653235272
exp: -6.9528486228
exp: -6.8403426647
exp: -6.7275899542
exp: -6.6153223213
exp: -6.5033121051
exp: -6.3914245336
exp: -6.2800835058
exp: -6.1691362094
exp: -6.0582600453
exp: -5.9481353503
exp: -5.8383094919
exp: -5.7287736559
exp: -5.6198526600
exp: -5.5107470177
exp: -5.4026807979
exp: -5.2949921554
exp: -5.1876582194
exp: -5.0809002958
exp: -4.9749175696
exp: -4.8693381072
exp: -4.7638319182
exp: -4.6585725382
exp: -4.5539367328
exp: -4.4516313192
exp: -4.3486195434
exp: -4.2459857393
exp: -4.1450098510
exp: -4.0445434640
exp: -3.9449234256
exp: -3.8469641067
exp: -3.7499286244
exp: -3.6538635045
exp: -3.5592170735
exp: -3.4672217617
exp: -3.3770549774
exp: -3.2888618307
exp: -3.2043404262
exp: -3.1205293880
exp: -3.0381364092
exp: -2.9602306597
exp: -2.8830335430
exp: -2.8097209702
exp: -2.7381324825
exp: -2.6705518595
exp: -2.6082359425
exp: -2.5494029657
exp: -2.4933113648
exp: -2.4481233399
exp: -2.4180540979
exp: -2.4257197095
exp: -2.3990168721
exp: -2.3738875726
exp: -2.3529665864
exp: -2.3387540954
exp: -2.3240692088
exp: -2.3193048750
exp: -2.3228821997
exp: -2.3310963566
Overlap: 0.0000625692
exp: -2.3402814222
Overlap: 0.0000540765
