exp: -11.8799999687
exp: -11.7599399138
exp: -11.6400155882
exp: -11.5200498840
exp: -11.4000754954
exp: -11.2801090497
exp: -11.1601486457
exp: -11.0401934712
exp: -10.9202530731
exp: -10.8003085554
exp: -10.6803696772
exp: -10.5604486642
exp: -10.4405376100
exp: -10.3206409074
exp: -10.2007470463
exp: -10.0808584773
exp: -9.9609896368
exp: -9.8411369654
exp: -9.7213484808
exp: -9.6017043891
exp: -9.4819066883
exp: -9.3621600269
exp: -9.2424773261
exp: -9.1227937565
exp: -9.0032230710
exp: -8.8837625459
exp: -8.7640964464
exp: -8.6445040772
exp: -8.5248478415
exp: -8.4052354789
exp: -8.2856162713
exp: -8.1660335754
exp: -8.0465155617
exp: -7.9270461126
exp: -7.8076397981
exp: -7.6881073200
exp: -7.5686881445
exp: -7.4493169037
exp: -7.3299941705
exp: -7.2106316636
exp: -7.0912151069
exp: -6.9719080874
exp: -6.8527149413
exp: -6.7336715337
exp: -6.6143156905
exp: -6.4951993621
exp: -6.3761685522
exp: -6.2570846936
exp: -6.1381273177
exp: -6.0191033316
exp: -5.9001556904
exp: -5.7814160832
exp: -5.6629497535
exp: -5.5447347655
exp: -5.4262159671
exp: -5.3083986562
exp: -5.1928942473
exp: -5.0786525899
exp: -4.9633345652
exp: -4.8497932561
exp: -4.7359844692
exp: -4.6234323230
exp: -4.5111443510
exp: -4.3994244999
exp: -4.2890980287
exp: -4.1809178407
exp: -4.0768412051
exp: -3.9711764959
exp: -3.8657223807
exp: -3.7614892110
exp: -3.6584513793
exp: -3.5568588406
exp: -3.4557093982
exp: -3.3544324497
exp: -3.2532961141
exp: -3.1524486565
exp: -3.0522719589
exp: -2.9527463402
exp: -2.8537139327
exp: -2.7555160465
exp: -2.6576382992
exp: -2.5610020136
exp: -2.4655547510
exp: -2.3718581725
exp: -2.2777844770
exp: -2.1881247903
exp: -2.1059175920
exp: -2.0209799881
exp: -1.9390489315
exp: -1.8573219465
exp: -1.7770795736
exp: -1.7063302056
exp: -1.6329274626
exp: -1.5594348309
exp: -1.4865481370
exp: -1.4266693900
exp: -1.3722546772
exp: -1.3211191892
exp: -1.2770734462
exp: -1.2312520742
Overlap: 0.0032699184
exp: -1.2296034901
Overlap: 0.0003634823
