exp: -11.8800186648
exp: -11.7601068637
exp: -11.6402222999
exp: -11.5204256724
exp: -11.4006756683
exp: -11.2809881376
exp: -11.1613955934
exp: -11.0418622582
exp: -10.9224229602
exp: -10.8030595018
exp: -10.6838557417
exp: -10.5646348738
exp: -10.4454529852
exp: -10.3263579625
exp: -10.2074177695
exp: -10.0885142108
exp: -9.9697298696
exp: -9.8510341019
exp: -9.7324247246
exp: -9.6139449472
exp: -9.4956072287
exp: -9.3773526571
exp: -9.2591435900
exp: -9.1410408950
exp: -9.0230489218
exp: -8.9052363629
exp: -8.7875713413
exp: -8.6699915491
exp: -8.5524835195
exp: -8.4351003863
exp: -8.3177735070
exp: -8.2005486782
exp: -8.0834784091
exp: -7.9663950405
exp: -7.8495038313
exp: -7.7326825862
exp: -7.6159651022
exp: -7.4994104363
exp: -7.3828802793
exp: -7.2665377527
exp: -7.1502640743
exp: -7.0341775340
exp: -6.9182141232
exp: -6.8025413663
exp: -6.6869851448
exp: -6.5714132387
exp: -6.4560698223
exp: -6.3407833592
exp: -6.2258297835
exp: -6.1110873220
exp: -5.9964686401
exp: -5.8821888681
exp: -5.7680297026
exp: -5.6540877026
exp: -5.5403795247
exp: -5.4270024797
exp: -5.3139002397
exp: -5.2006946808
exp: -5.0889310922
exp: -4.9778903568
exp: -4.8668373297
exp: -4.7569348558
exp: -4.6488207894
exp: -4.5424537595
exp: -4.4374672536
exp: -4.3310563064
exp: -4.2257549765
exp: -4.1206623115
exp: -4.0170743765
exp: -3.9154637034
exp: -3.8149845728
exp: -3.7157315182
exp: -3.6181081160
exp: -3.5220564250
exp: -3.4278381838
exp: -3.3351088929
exp: -3.2442727752
exp: -3.1549999141
exp: -3.0678409074
exp: -2.9832376348
exp: -2.9008458966
exp: -2.8198090802
exp: -2.7418634753
exp: -2.6666541761
exp: -2.5942428863
exp: -2.5250254042
exp: -2.4588305135
exp: -2.3956373456
exp: -2.3364674096
exp: -2.2810253971
exp: -2.2308503336
exp: -2.1827001822
exp: -2.1368574077
exp: -2.0947346651
exp: -2.0576666663
exp: -2.0253509948
exp: -1.9967223903
exp: -1.9758265478
exp: -1.9646533211
exp: -1.9625447255
Overlap: 0.4343048699
exp: -1.9641261034
Overlap: 0.3042067489
