exp: -11.8800094776
exp: -11.7600322006
exp: -11.6401076063
exp: -11.5201948750
exp: -11.4003068578
exp: -11.2804519466
exp: -11.1606214279
exp: -11.0408411286
exp: -10.9211365650
exp: -10.8014154954
exp: -10.6817754903
exp: -10.5621966756
exp: -10.4426566758
exp: -10.3231506847
exp: -10.2036555155
exp: -10.0842246512
exp: -9.9649029742
exp: -9.8455458524
exp: -9.7262884764
exp: -9.6070933434
exp: -9.4879445145
exp: -9.3689761550
exp: -9.2499193657
exp: -9.1309652990
exp: -9.0119757150
exp: -8.8930491259
exp: -8.7742278665
exp: -8.6554485186
exp: -8.5366862089
exp: -8.4180878104
exp: -8.2993855030
exp: -8.1808550208
exp: -8.0622087362
exp: -7.9437619287
exp: -7.8252687462
exp: -7.7069348026
exp: -7.5886269784
exp: -7.4703433263
exp: -7.3523443634
exp: -7.2340770483
exp: -7.1160147824
exp: -6.9979257973
exp: -6.8797873836
exp: -6.7620396628
exp: -6.6441067111
exp: -6.5263431920
exp: -6.4085998403
exp: -6.2913552305
exp: -6.1736662747
exp: -6.0560759769
exp: -5.9388027195
exp: -5.8211603376
exp: -5.7040319815
exp: -5.5888544747
exp: -5.4733296560
exp: -5.3589207795
exp: -5.2453635143
exp: -5.1317854470
exp: -5.0192888390
exp: -4.9072894427
exp: -4.7963341873
exp: -4.6896142019
exp: -4.5912873169
exp: -4.4940999547
exp: -4.3947447217
exp: -4.2950978494
exp: -4.1982117012
exp: -4.1013600769
exp: -4.0094959087
exp: -3.9178892643
exp: -3.8311653674
exp: -3.7438254123
exp: -3.6646402025
exp: -3.5864663582
exp: -3.5092352795
exp: -3.4329662155
exp: -3.3614624971
exp: -3.2918859104
exp: -3.2227606560
exp: -3.1561837652
exp: -3.0922997218
exp: -3.0311476673
exp: -2.9713350680
exp: -2.9190326254
exp: -2.8676447773
exp: -2.8172551803
exp: -2.7706001743
exp: -2.7243710096
exp: -2.6801043029
exp: -2.6398174809
exp: -2.6024372910
exp: -2.5670591384
exp: -2.5345902555
exp: -2.5053219959
exp: -2.4770313580
exp: -2.4543609604
exp: -2.4338753292
exp: -2.4181158693
exp: -2.4061046522
exp: -2.4016723521
Overlap: 0.0052433374
exp: -2.4005382680
Overlap: 0.0050880810
