exp: -11.8799527497
exp: -11.7582918068
exp: -11.6402710821
exp: -11.5204543384
exp: -11.4006994913
exp: -11.2810072009
exp: -11.1613814761
exp: -11.0418052066
exp: -10.9223048769
exp: -10.8028620941
exp: -10.6835113279
exp: -10.5642085075
exp: -10.4449588812
exp: -10.3259197203
exp: -10.2067446818
exp: -10.0878218692
exp: -9.9688956865
exp: -9.8500829743
exp: -9.7313677404
exp: -9.6127939404
exp: -9.4942959179
exp: -9.3759094936
exp: -9.2576330981
exp: -9.1393955142
exp: -9.0214356358
exp: -8.9034129476
exp: -8.7859199673
exp: -8.6684109572
exp: -8.5512123997
exp: -8.4342528598
exp: -8.3177935040
exp: -8.2020572144
exp: -8.0869036793
exp: -7.9728603457
exp: -7.8581192540
exp: -7.7440608850
exp: -7.6299484872
exp: -7.5159111631
exp: -7.4019486572
exp: -7.2878198754
exp: -7.1741639748
exp: -7.0604498841
exp: -6.9471448234
exp: -6.8339223817
exp: -6.7212213210
exp: -6.6081207462
exp: -6.4959282533
exp: -6.3843387302
exp: -6.2730869843
exp: -6.1626052674
exp: -6.0518014228
exp: -5.9423995718
exp: -5.8334942206
exp: -5.7253921902
exp: -5.6193188164
exp: -5.5128859696
exp: -5.4089158501
exp: -5.3053847989
exp: -5.2022052899
exp: -5.1006639675
exp: -4.9991978647
exp: -4.8983508842
exp: -4.7990311546
exp: -4.7010617486
exp: -4.6052058823
exp: -4.5109445744
exp: -4.4189747764
exp: -4.3264446938
exp: -4.2353625247
exp: -4.1451164570
exp: -4.0568240570
exp: -3.9694384666
exp: -3.8841871172
exp: -3.8009519358
exp: -3.7195109786
exp: -3.6402805550
exp: -3.5618314162
exp: -3.4851082933
exp: -3.4124331135
exp: -3.3412951436
exp: -3.2722207541
exp: -3.2042063126
exp: -3.1397923283
exp: -3.0767167627
exp: -3.0165065666
exp: -2.9570292287
exp: -2.9006973529
exp: -2.8477828988
exp: -2.7964211917
exp: -2.7502262347
exp: -2.7207329959
exp: -2.6881846579
exp: -2.6599209034
exp: -2.6331281034
exp: -2.6198224301
exp: -2.6064621905
exp: -2.5876250236
exp: -2.5832903714
exp: -2.5825551533
exp: -2.5968451344
Overlap: 0.0608964051
exp: -2.5961906855
Overlap: 0.0587639663
