exp: -11.8800002361
exp: -11.7600042023
exp: -11.6400038326
exp: -11.5200180182
exp: -11.4000267692
exp: -11.2800375938
exp: -11.1600513142
exp: -11.0400676923
exp: -10.9200851862
exp: -10.8001032160
exp: -10.6801328837
exp: -10.5601586272
exp: -10.4401899146
exp: -10.3202234453
exp: -10.2002589166
exp: -10.0802979987
exp: -9.9603415132
exp: -9.8403821120
exp: -9.7204320484
exp: -9.6004868040
exp: -9.4805367986
exp: -9.3606077567
exp: -9.2406613089
exp: -9.1207353077
exp: -9.0008209321
exp: -8.8809050885
exp: -8.7609867859
exp: -8.6410701216
exp: -8.5211618215
exp: -8.4012652844
exp: -8.2813676495
exp: -8.1614733087
exp: -8.0416027093
exp: -7.9217140769
exp: -7.8018460480
exp: -7.6819854287
exp: -7.5621148019
exp: -7.4422565368
exp: -7.3224204219
exp: -7.2025897632
exp: -7.0827402725
exp: -6.9629380450
exp: -6.8430919397
exp: -6.7232871008
exp: -6.6034821743
exp: -6.4836945699
exp: -6.3639254719
exp: -6.2441771600
exp: -6.1244255688
exp: -6.0046470573
exp: -5.8849104721
exp: -5.7656430026
exp: -5.6472495138
exp: -5.5297872673
exp: -5.4129520815
exp: -5.2971688137
exp: -5.1846947938
exp: -5.0739455269
exp: -4.9668715847
exp: -4.8620383335
exp: -4.7548468826
exp: -4.6484191642
exp: -4.5430501070
exp: -4.4386926116
exp: -4.3356178412
exp: -4.2338221210
exp: -4.1334623805
exp: -4.0349984168
exp: -3.9386583259
exp: -3.8431140108
exp: -3.7489909263
exp: -3.6559963868
exp: -3.5644065803
exp: -3.4740986594
exp: -3.3851605766
exp: -3.2975435819
exp: -3.2112682438
exp: -3.1263736025
exp: -3.0426901534
exp: -2.9602928852
exp: -2.8790483692
exp: -2.7988971428
exp: -2.7198269690
exp: -2.6419945328
exp: -2.5652716315
exp: -2.4894228919
exp: -2.4147047154
exp: -2.3409390166
exp: -2.2681913785
exp: -2.1965892286
exp: -2.1260055305
exp: -2.0563813648
exp: -1.9876315641
exp: -1.9205920070
exp: -1.8547854269
exp: -1.7897593117
exp: -1.7131548627
exp: -1.6100218840
exp: -1.5444290407
exp: -1.5197862467
Overlap: 0.0599923084
exp: -1.5271734060
Overlap: 0.0563437882
