exp: -11.8800105391
exp: -11.7600411603
exp: -11.6400749675
exp: -11.5201551003
exp: -11.4002547910
exp: -11.2803734455
exp: -11.1604963075
exp: -11.0406400280
exp: -10.9208216761
exp: -10.8011182111
exp: -10.6814781088
exp: -10.5617623045
exp: -10.4421328810
exp: -10.3224554878
exp: -10.2028918452
exp: -10.0834217634
exp: -9.9639119856
exp: -9.8443773342
exp: -9.7249455053
exp: -9.6055681395
exp: -9.4862871798
exp: -9.3669810229
exp: -9.2477109546
exp: -9.1285739600
exp: -9.0094458042
exp: -8.8905076528
exp: -8.7715236271
exp: -8.6527146692
exp: -8.5337881703
exp: -8.4157323582
exp: -8.2977838313
exp: -8.1800951110
exp: -8.0627486189
exp: -7.9452542683
exp: -7.8280844010
exp: -7.7107199490
exp: -7.5935052248
exp: -7.4764893492
exp: -7.3596755363
exp: -7.2426744046
exp: -7.1256715238
exp: -7.0088633103
exp: -6.8920796049
exp: -6.7753567944
exp: -6.6587718166
exp: -6.5423337012
exp: -6.4261036078
exp: -6.3100246942
exp: -6.1941387303
exp: -6.0784523989
exp: -5.9629589977
exp: -5.8477012728
exp: -5.7326855979
exp: -5.6177869615
exp: -5.5031827612
exp: -5.3888479451
exp: -5.2754314072
exp: -5.1629741237
exp: -5.0514308623
exp: -4.9400752072
exp: -4.8296903636
exp: -4.7202531436
exp: -4.6111527819
exp: -4.5028404886
exp: -4.3954098214
exp: -4.2886254996
exp: -4.1830057121
exp: -4.0777288101
exp: -3.9735900545
exp: -3.8721801256
exp: -3.7734042112
exp: -3.6914926132
exp: -3.6064852639
exp: -3.5181938450
exp: -3.4279326346
exp: -3.3380006769
exp: -3.2487511975
exp: -3.1627402014
exp: -3.0773088247
exp: -2.9934496268
exp: -2.9109158214
exp: -2.8286396777
exp: -2.7474740714
exp: -2.6673295460
exp: -2.5875708964
exp: -2.5118523428
exp: -2.4377541589
exp: -2.3650767436
exp: -2.2957371932
exp: -2.2272875839
exp: -2.1617765357
exp: -2.0998831553
exp: -2.0432801233
exp: -1.9906618850
exp: -1.9413689964
exp: -1.8943353400
exp: -1.8502372292
exp: -1.8077442225
exp: -1.7622521662
exp: -1.7211246292
Overlap: 0.1188635320
exp: -1.7174408644
Overlap: 0.1151203281
