exp: -11.8799701444
exp: -11.7601109363
exp: -11.6402462845
exp: -11.5204369104
exp: -11.4006971013
exp: -11.2810016152
exp: -11.1613817358
exp: -11.0418196722
exp: -10.9223226576
exp: -10.8029020246
exp: -10.6835306169
exp: -10.5642396011
exp: -10.4450598371
exp: -10.3259048688
exp: -10.2068637700
exp: -10.0878993634
exp: -9.9690363505
exp: -9.8502909374
exp: -9.7317268047
exp: -9.6129935538
exp: -9.4946729619
exp: -9.3761541241
exp: -9.2577834866
exp: -9.1396042575
exp: -9.0219431831
exp: -8.9038867453
exp: -8.7860387986
exp: -8.6681911982
exp: -8.5508102335
exp: -8.4333609212
exp: -8.3163901458
exp: -8.1993432200
exp: -8.0824256793
exp: -7.9655975098
exp: -7.8490519451
exp: -7.7326808479
exp: -7.6164918304
exp: -7.5002786151
exp: -7.3843315928
exp: -7.2684862799
exp: -7.1528608411
exp: -7.0372979786
exp: -6.9221628077
exp: -6.8072286985
exp: -6.6926843925
exp: -6.5785335925
exp: -6.4643447337
exp: -6.3510115091
exp: -6.2374876915
exp: -6.1246719163
exp: -6.0121519528
exp: -5.9005168468
exp: -5.7893599265
exp: -5.6786750895
exp: -5.5682874988
exp: -5.4586967389
exp: -5.3501693311
exp: -5.2421431200
exp: -5.1344981522
exp: -5.0278622681
exp: -4.9222184519
exp: -4.8179824004
exp: -4.7139841615
exp: -4.6114379761
exp: -4.5103945314
exp: -4.4101218025
exp: -4.3119862130
exp: -4.2165475216
exp: -4.1229857269
exp: -4.0284720196
exp: -3.9372701371
exp: -3.8440484388
exp: -3.7530976457
exp: -3.6647815809
exp: -3.5803253315
exp: -3.4965225164
exp: -3.4151373412
exp: -3.3352580989
exp: -3.2561524965
exp: -3.1774515091
exp: -3.1005274111
exp: -3.0301704893
exp: -2.9606850242
exp: -2.8971769863
exp: -2.8313866642
exp: -2.7744114048
exp: -2.7191134186
exp: -2.6693413875
exp: -2.6212421641
exp: -2.5856909714
exp: -2.5535003360
exp: -2.5216876704
exp: -2.4907200326
exp: -2.4598288274
exp: -2.4328804051
exp: -2.4098767114
exp: -2.3946034613
exp: -2.3878455911
exp: -2.3911559588
exp: -2.3939387865
Overlap: 0.0297076559
exp: -2.3942867532
Overlap: 0.0322389928
