exp: -11.8800411842
exp: -11.7601746027
exp: -11.6403707932
exp: -11.5206721729
exp: -11.4010740342
exp: -11.2815841904
exp: -11.1622076321
exp: -11.0429129072
exp: -10.9237480687
exp: -10.8046730539
exp: -10.6857526947
exp: -10.5669600975
exp: -10.4481562279
exp: -10.3296801107
exp: -10.2112869642
exp: -10.0930883170
exp: -9.9748789253
exp: -9.8569357089
exp: -9.7392692103
exp: -9.6218353267
exp: -9.5045987480
exp: -9.3873298362
exp: -9.2707185310
exp: -9.1542885458
exp: -9.0379906709
exp: -8.9221888109
exp: -8.8064926709
exp: -8.6916471504
exp: -8.5767260292
exp: -8.4621983716
exp: -8.3481390156
exp: -8.2340506343
exp: -8.1199634184
exp: -8.0056725815
exp: -7.8916945875
exp: -7.7778190467
exp: -7.6642699357
exp: -7.5509396222
exp: -7.4378168568
exp: -7.3247614193
exp: -7.2120083146
exp: -7.0995804057
exp: -6.9874403850
exp: -6.8751810037
exp: -6.7636646695
exp: -6.6521196879
exp: -6.5410888652
exp: -6.4307512240
exp: -6.3203637413
exp: -6.2104356672
exp: -6.1007357834
exp: -5.9918058645
exp: -5.8836207897
exp: -5.7758866647
exp: -5.6682067994
exp: -5.5604577078
exp: -5.4538459691
exp: -5.3480393943
exp: -5.2427689830
exp: -5.1382570722
exp: -5.0348745203
exp: -4.9330552176
exp: -4.8323335693
exp: -4.7319484519
exp: -4.6339911896
exp: -4.5377593555
exp: -4.4423223115
exp: -4.3490264500
exp: -4.2592596354
exp: -4.1714346930
exp: -4.0859278044
exp: -4.0014809300
exp: -3.9201600253
exp: -3.8399234451
exp: -3.7625845471
exp: -3.6894659498
exp: -3.6181341052
exp: -3.5493951524
exp: -3.4823435243
exp: -3.4204349281
exp: -3.3638379739
exp: -3.3145537754
exp: -3.2624460695
exp: -3.2126336170
exp: -3.1644190196
exp: -3.1166601875
exp: -3.0711027688
exp: -3.0298968340
exp: -2.9923107956
exp: -2.9580186795
exp: -2.9281128608
exp: -2.9007922005
exp: -2.8766336430
exp: -2.8568268206
exp: -2.8418462799
exp: -2.8384600762
exp: -2.8414221726
exp: -2.8556434797
exp: -2.8661375656
exp: -2.8729471424
Overlap: 0.0000032536
exp: -2.8722744443
Overlap: 0.0000058975
