exp: -8.9099965832
exp: -8.8199475931
exp: -8.7298285929
exp: -8.6400530550
exp: -8.5501042649
exp: -8.4601685780
exp: -8.3702223111
exp: -8.2802978310
exp: -8.1903875012
exp: -8.1004860539
exp: -8.0105742333
exp: -7.9206808341
exp: -7.8308493997
exp: -7.7410143305
exp: -7.6511534943
exp: -7.5613007453
exp: -7.4714580421
exp: -7.3817022736
exp: -7.2919503851
exp: -7.2020906673
exp: -7.1123854494
exp: -7.0226496084
exp: -6.9329446916
exp: -6.8432177233
exp: -6.7535394191
exp: -6.6638772372
exp: -6.5742553866
exp: -6.4847315921
exp: -6.3950591934
exp: -6.3053397883
exp: -6.2158409880
exp: -6.1262233784
exp: -6.0368345496
exp: -5.9472852407
exp: -5.8574972808
exp: -5.7682053290
exp: -5.6787527968
exp: -5.5890637592
exp: -5.4995325662
exp: -5.4099642189
exp: -5.3210506832
exp: -5.2317924005
exp: -5.1425429637
exp: -5.0532935525
exp: -4.9639709660
exp: -4.8746229753
exp: -4.7852414478
exp: -4.6961211951
exp: -4.6069037184
exp: -4.5180665656
exp: -4.4291218325
exp: -4.3401653663
exp: -4.2484793754
exp: -4.1577824417
exp: -4.0711830508
exp: -3.9852924390
exp: -3.9001437683
exp: -3.8150182826
exp: -3.7328012853
exp: -3.6480057905
exp: -3.5651877257
exp: -3.4796291347
exp: -3.4020505301
exp: -3.3247640169
exp: -3.2455233392
exp: -3.1705062541
exp: -3.0943185079
exp: -3.0189349243
exp: -2.9454367416
exp: -2.8749857388
exp: -2.8056778875
exp: -2.7366227708
exp: -2.6700910677
exp: -2.6025779109
exp: -2.5374670239
exp: -2.4741436537
exp: -2.4118908770
exp: -2.3523199310
exp: -2.2943299584
exp: -2.2378038596
exp: -2.1825382668
exp: -2.1286858184
exp: -2.0765453681
exp: -2.0259047368
exp: -1.9770580715
exp: -1.9302887680
exp: -1.8855280027
exp: -1.8430078125
exp: -1.8022477327
exp: -1.7634663463
exp: -1.7264871720
exp: -1.6909071257
exp: -1.6570680213
exp: -1.6250966633
exp: -1.5942002421
exp: -1.5655626377
exp: -1.5380307505
exp: -1.5153605610
exp: -1.4956032032
exp: -1.4803871266
Overlap: 0.0000001421
exp: -1.4819566497
Overlap: 0.0000000325
