exp: -8.9100324141
exp: -8.8201757361
exp: -8.7303968289
exp: -8.6407102449
exp: -8.5511173680
exp: -8.4616150643
exp: -8.3722096870
exp: -8.2829201245
exp: -8.1937180660
exp: -8.1046330987
exp: -8.0156568233
exp: -7.9268265473
exp: -7.8381067063
exp: -7.7495514601
exp: -7.6610934642
exp: -7.5727741127
exp: -7.4845446765
exp: -7.3964781842
exp: -7.3085430057
exp: -7.2207038699
exp: -7.1329730020
exp: -7.0454312328
exp: -6.9579604535
exp: -6.8705576661
exp: -6.7833876903
exp: -6.6962702403
exp: -6.6093020576
exp: -6.5225138406
exp: -6.4358536778
exp: -6.3494269538
exp: -6.2630414905
exp: -6.1768068187
exp: -6.0907561443
exp: -6.0049353512
exp: -5.9192197180
exp: -5.8336137350
exp: -5.7482198664
exp: -5.6630698416
exp: -5.5781675883
exp: -5.4933766738
exp: -5.4088755702
exp: -5.3246007493
exp: -5.2405146804
exp: -5.1568340936
exp: -5.0732346429
exp: -4.9897828240
exp: -4.9066638116
exp: -4.8237216768
exp: -4.7412693661
exp: -4.6591927271
exp: -4.5774314121
exp: -4.4955943010
exp: -4.4140812802
exp: -4.3334299736
exp: -4.2531460555
exp: -4.1732241395
exp: -4.0942639964
exp: -4.0160095368
exp: -3.9383685563
exp: -3.8619507159
exp: -3.7859175795
exp: -3.7104739484
exp: -3.6351685978
exp: -3.5598404170
exp: -3.4855204665
exp: -3.4120530604
exp: -3.3393030577
exp: -3.2680684308
exp: -3.1978794189
exp: -3.1299076015
exp: -3.0634533654
exp: -2.9988656810
exp: -2.9358954202
exp: -2.8745671096
exp: -2.8147763922
exp: -2.7565488048
exp: -2.6999992882
exp: -2.6453740754
exp: -2.5927197642
exp: -2.5414242980
exp: -2.4919313211
exp: -2.4443247091
exp: -2.3982136520
exp: -2.3542854983
exp: -2.3120976240
exp: -2.2728686340
exp: -2.2357131503
exp: -2.2014096381
exp: -2.1682033821
exp: -2.1365132547
exp: -2.1091284713
exp: -2.0877866339
exp: -2.0685393514
exp: -2.0511873606
exp: -2.0360008465
exp: -2.0231445919
exp: -2.0124072571
exp: -2.0046810762
exp: -1.9956766010
exp: -1.9890563610
Overlap: 0.0000000443
exp: -1.9929745529
Overlap: 0.0000000008
