exp: -8.9100072047
exp: -8.8200233004
exp: -8.7300526870
exp: -8.6400947071
exp: -8.5501602441
exp: -8.4602078691
exp: -8.3702947475
exp: -8.2803786650
exp: -8.1904875674
exp: -8.1005963533
exp: -8.0107341340
exp: -7.9208820110
exp: -7.8310364342
exp: -7.7412123777
exp: -7.6514131391
exp: -7.5616091672
exp: -7.4718402740
exp: -7.3820807154
exp: -7.2923672946
exp: -7.2026351839
exp: -7.1129271649
exp: -7.0232493533
exp: -6.9335903374
exp: -6.8439603950
exp: -6.7543729141
exp: -6.6647796842
exp: -6.5752064638
exp: -6.4856788229
exp: -6.3961631846
exp: -6.3066934012
exp: -6.2172460898
exp: -6.1278524733
exp: -6.0384947857
exp: -5.9491868651
exp: -5.8599403081
exp: -5.7706386315
exp: -5.6814955777
exp: -5.5923201885
exp: -5.5032643633
exp: -5.4143273413
exp: -5.3253885392
exp: -5.2366147731
exp: -5.1479338333
exp: -5.0591714454
exp: -4.9706519799
exp: -4.8821915724
exp: -4.7937900509
exp: -4.7055206956
exp: -4.6174785218
exp: -4.5292500664
exp: -4.4413155330
exp: -4.3533752845
exp: -4.2657988486
exp: -4.1784271717
exp: -4.0910101091
exp: -4.0047351326
exp: -3.9185647002
exp: -3.8336552416
exp: -3.7499608622
exp: -3.6670459350
exp: -3.5825740982
exp: -3.4982276757
exp: -3.4142784557
exp: -3.3308598468
exp: -3.2479005759
exp: -3.1659296103
exp: -3.0852244148
exp: -3.0045392019
exp: -2.9266087734
exp: -2.8495156315
exp: -2.7756655967
exp: -2.7023835714
exp: -2.6299307515
exp: -2.5563331163
exp: -2.4831790006
exp: -2.4107116175
exp: -2.3393441346
exp: -2.2685718227
exp: -2.1986803093
exp: -2.1295288596
exp: -2.0613286467
exp: -1.9938536891
exp: -1.9269403342
exp: -1.8614236148
exp: -1.7966906103
exp: -1.7330826639
exp: -1.6701978653
exp: -1.6082902744
exp: -1.5488675618
exp: -1.4922544962
exp: -1.4361936888
exp: -1.3848306118
exp: -1.3410139256
exp: -1.3036443307
exp: -1.2706731014
exp: -1.2415722958
exp: -1.2179521616
exp: -1.1934394321
exp: -1.1753049156
exp: -1.1793907147
Overlap: 0.0000000107
exp: -1.1714186645
Overlap: 0.0000004101
