exp: -8.9100021015
exp: -8.8200069424
exp: -8.7300103722
exp: -8.6400276233
exp: -8.5500284888
exp: -8.4598977245
exp: -8.3697906625
exp: -8.2778911512
exp: -8.1891252301
exp: -8.1006596400
exp: -8.0108823625
exp: -7.9210769394
exp: -7.8312884179
exp: -7.7415165996
exp: -7.6517680465
exp: -7.5620407833
exp: -7.4723399297
exp: -7.3826714743
exp: -7.2930158300
exp: -7.2034000384
exp: -7.1137973674
exp: -7.0242264518
exp: -6.9346857825
exp: -6.8451808964
exp: -6.7557175802
exp: -6.6662461566
exp: -6.5768328659
exp: -6.4874651403
exp: -6.3981358290
exp: -6.3088301984
exp: -6.2195711275
exp: -6.1303285348
exp: -6.0411439632
exp: -5.9520301345
exp: -5.8628946420
exp: -5.7738555769
exp: -5.6849135393
exp: -5.5960264955
exp: -5.5071982898
exp: -5.4184935812
exp: -5.3298216077
exp: -5.2412459108
exp: -5.1528099895
exp: -5.0645370463
exp: -4.9763183354
exp: -4.8884024040
exp: -4.8005432554
exp: -4.7129773875
exp: -4.6256332402
exp: -4.5385841598
exp: -4.4516706232
exp: -4.3645863070
exp: -4.2774425734
exp: -4.1911197379
exp: -4.1048420001
exp: -4.0188374101
exp: -3.9338427960
exp: -3.8502523067
exp: -3.7661352881
exp: -3.6827025711
exp: -3.6001642330
exp: -3.5179338686
exp: -3.4359921210
exp: -3.3550699413
exp: -3.2750062054
exp: -3.1947696386
exp: -3.1162567863
exp: -3.0385964666
exp: -2.9601477541
exp: -2.8832711578
exp: -2.8091112897
exp: -2.7492313711
exp: -2.7115129760
exp: -2.6497550951
exp: -2.5880843606
exp: -2.5257312864
exp: -2.4644889321
exp: -2.4044341376
exp: -2.3457202907
exp: -2.2883809631
exp: -2.2325483361
exp: -2.1782356889
exp: -2.1253391799
exp: -2.0739531489
exp: -2.0238594405
exp: -1.9753070888
exp: -1.9282761465
exp: -1.8827470985
exp: -1.8384469039
exp: -1.7958364201
exp: -1.7551456109
exp: -1.7156662107
exp: -1.6779098474
exp: -1.6427383739
exp: -1.6087773970
exp: -1.5772999660
exp: -1.5496341613
exp: -1.5230918587
exp: -1.5000553001
exp: -1.4822729914
Overlap: 0.3289734722
exp: -1.4821961956
Overlap: 0.3260657144
