exp: -8.9100205540
exp: -8.8200887488
exp: -8.7302459207
exp: -8.6404348605
exp: -8.5507199951
exp: -8.4609595959
exp: -8.3713785072
exp: -8.2819238380
exp: -8.1925837792
exp: -8.1031984197
exp: -8.0139834882
exp: -7.9248181397
exp: -7.8356757687
exp: -7.7466500670
exp: -7.6576738562
exp: -7.5688729592
exp: -7.4801614119
exp: -7.3915119582
exp: -7.3028758350
exp: -7.2142513465
exp: -7.1258336107
exp: -7.0374129375
exp: -6.9490448467
exp: -6.8608627061
exp: -6.7726822403
exp: -6.6846461760
exp: -6.5967181832
exp: -6.5088902480
exp: -6.4212150889
exp: -6.3336487204
exp: -6.2460030129
exp: -6.1584609789
exp: -6.0709760078
exp: -5.9838435610
exp: -5.8970575312
exp: -5.8100413936
exp: -5.7230855455
exp: -5.6362547711
exp: -5.5495498271
exp: -5.4629856853
exp: -5.3763093650
exp: -5.2900429556
exp: -5.2037776459
exp: -5.1174988620
exp: -5.0312388266
exp: -4.9452831870
exp: -4.8593213015
exp: -4.7736766255
exp: -4.6884002252
exp: -4.6030979114
exp: -4.5177015594
exp: -4.4326078382
exp: -4.3475614499
exp: -4.2625428256
exp: -4.1780490087
exp: -4.0929902952
exp: -4.0077119943
exp: -3.9237328868
exp: -3.8397690001
exp: -3.7559804947
exp: -3.6752316617
exp: -3.5946375513
exp: -3.5194451402
exp: -3.4385350751
exp: -3.3680352718
exp: -3.2980569703
exp: -3.2299248969
exp: -3.1688184981
exp: -3.1067563759
exp: -3.0427629645
exp: -2.9809597205
exp: -2.9260678768
exp: -2.8673053835
exp: -2.8129241429
exp: -2.7577592756
exp: -2.7060207980
exp: -2.6548609923
exp: -2.6064332017
exp: -2.5595137089
exp: -2.5135686266
exp: -2.4696752855
exp: -2.4293085122
exp: -2.3848100756
exp: -2.3465103616
exp: -2.3082046949
exp: -2.2728000270
exp: -2.2380677892
exp: -2.2069922185
exp: -2.1737371307
exp: -2.1467182522
exp: -2.1266333183
exp: -2.1140190922
exp: -2.1208462912
exp: -2.1759676090
exp: -2.1772272156
exp: -2.1840908239
exp: -2.2015742204
exp: -2.2462744656
exp: -2.2555036706
exp: -2.2764289106
Overlap: 0.0654824852
exp: -2.2715594308
Overlap: 0.0538394557
