exp: -8.9099507621
exp: -8.8200085419
exp: -8.7300148731
exp: -8.6400543980
exp: -8.5499883488
exp: -8.4604564353
exp: -8.3706161175
exp: -8.2807940583
exp: -8.1909984400
exp: -8.1011943963
exp: -8.0114346948
exp: -7.9217333891
exp: -7.8320847223
exp: -7.7424692465
exp: -7.6528710541
exp: -7.5632983055
exp: -7.4737778391
exp: -7.3842551973
exp: -7.2949235505
exp: -7.2056031087
exp: -7.1163272877
exp: -7.0270430070
exp: -6.9378425818
exp: -6.8486406720
exp: -6.7597047288
exp: -6.6706763980
exp: -6.5815583311
exp: -6.4926525596
exp: -6.4037385144
exp: -6.3147381117
exp: -6.2260391565
exp: -6.1380873872
exp: -6.0493367385
exp: -5.9608721659
exp: -5.8724801035
exp: -5.7849737008
exp: -5.6973837672
exp: -5.6097807487
exp: -5.5229797429
exp: -5.4366787879
exp: -5.3495128760
exp: -5.2627121183
exp: -5.1760809647
exp: -5.0892950037
exp: -5.0031638253
exp: -4.9174224218
exp: -4.8314209873
exp: -4.7457358139
exp: -4.6600990306
exp: -4.5748724793
exp: -4.4895945965
exp: -4.4047185143
exp: -4.3198984326
exp: -4.2349738274
exp: -4.1507797970
exp: -4.0668995501
exp: -3.9832698795
exp: -3.8992814348
exp: -3.8167325484
exp: -3.7342217377
exp: -3.6525372307
exp: -3.5714233138
exp: -3.4919991417
exp: -3.4132671265
exp: -3.3355936780
exp: -3.2592519496
exp: -3.1839192528
exp: -3.1101487628
exp: -3.0363041818
exp: -2.9633545590
exp: -2.8909941651
exp: -2.8198588532
exp: -2.7498469629
exp: -2.6807640120
exp: -2.6131014891
exp: -2.5459405141
exp: -2.4806078525
exp: -2.4162564971
exp: -2.3539348071
exp: -2.2926746688
exp: -2.2327783413
exp: -2.1754945731
exp: -2.1187023567
exp: -2.0635871698
exp: -2.0090278206
exp: -1.9569705941
exp: -1.9068433043
exp: -1.8584339539
exp: -1.8119392322
exp: -1.7664044606
exp: -1.7235328246
exp: -1.6863676672
exp: -1.6456590652
exp: -1.6075548678
exp: -1.5767195102
exp: -1.5452301761
exp: -1.5186002388
exp: -1.4925349245
exp: -1.4739152960
exp: -1.4619420682
Overlap: 0.0000000019
exp: -1.4516390397
Overlap: 0.0000000263
