exp: -8.9099962024
exp: -8.8199945713
exp: -8.7300036601
exp: -8.6400951516
exp: -8.5500412076
exp: -8.4600385209
exp: -8.3698730138
exp: -8.2804680379
exp: -8.1906562326
exp: -8.1008222417
exp: -8.0110659935
exp: -7.9212865971
exp: -7.8315334663
exp: -7.7417966186
exp: -7.6521426978
exp: -7.5624209471
exp: -7.4727304627
exp: -7.3831285203
exp: -7.2935309861
exp: -7.2039530061
exp: -7.1144768144
exp: -7.0249465583
exp: -6.9355646337
exp: -6.8461378698
exp: -6.7568567333
exp: -6.6674232093
exp: -6.5781949055
exp: -6.4890992390
exp: -6.3998606661
exp: -6.3105973719
exp: -6.2215915437
exp: -6.1325455466
exp: -6.0434297063
exp: -5.9545963444
exp: -5.8655853379
exp: -5.7768651608
exp: -5.6879271046
exp: -5.5991920156
exp: -5.5105179052
exp: -5.4221985533
exp: -5.3334425630
exp: -5.2451546833
exp: -5.1569323093
exp: -5.0686203873
exp: -4.9805992534
exp: -4.8931311177
exp: -4.8053298857
exp: -4.7170797504
exp: -4.6297383107
exp: -4.5415848145
exp: -4.4549226812
exp: -4.3711657518
exp: -4.2840073227
exp: -4.2014887683
exp: -4.1171891355
exp: -4.0340807879
exp: -3.9540502797
exp: -3.8717172204
exp: -3.7908025111
exp: -3.7092861410
exp: -3.6289857695
exp: -3.5483305391
exp: -3.4697850760
exp: -3.3905553213
exp: -3.3112882502
exp: -3.2338958743
exp: -3.1599175474
exp: -3.0903562668
exp: -3.0237947795
exp: -2.9716713028
exp: -2.9057737834
exp: -2.8387791415
exp: -2.7727281543
exp: -2.7079718743
exp: -2.6445128826
exp: -2.5823732330
exp: -2.5218294835
exp: -2.4624120497
exp: -2.4045084485
exp: -2.3484146292
exp: -2.2938553550
exp: -2.2414834790
exp: -2.1916791872
exp: -2.1438968911
exp: -2.0974390940
exp: -2.0522276021
exp: -2.0094086955
exp: -1.9691131132
exp: -1.9317663197
exp: -1.8979869722
exp: -1.8677976017
exp: -1.8405921892
exp: -1.8169835178
exp: -1.7966125652
exp: -1.7778315693
exp: -1.7625759094
exp: -1.7520455109
exp: -1.7485705877
exp: -1.7601237509
exp: -1.7700118963
Overlap: 0.0001625568
exp: -1.7684322732
Overlap: 0.0001960274
