exp: -8.9100303727
exp: -8.8201401720
exp: -8.7303166620
exp: -8.6405661737
exp: -8.5508938650
exp: -8.4612965172
exp: -8.3717775501
exp: -8.2823430072
exp: -8.1929895479
exp: -8.1037289058
exp: -8.0145623650
exp: -7.9254798113
exp: -7.8364652574
exp: -7.7475820972
exp: -7.6587811399
exp: -7.5700752227
exp: -7.4814596321
exp: -7.3928990003
exp: -7.3045651745
exp: -7.2162367229
exp: -7.1279924758
exp: -7.0398564167
exp: -6.9518878593
exp: -6.8639845161
exp: -6.7761743608
exp: -6.6884689005
exp: -6.6008693956
exp: -6.5134555409
exp: -6.4261149547
exp: -6.3388959135
exp: -6.2517984983
exp: -6.1648061593
exp: -6.0778576243
exp: -5.9911004631
exp: -5.9045229052
exp: -5.8180023236
exp: -5.7316574846
exp: -5.6453804213
exp: -5.5593102712
exp: -5.4732407438
exp: -5.3874818730
exp: -5.3017526273
exp: -5.2162399473
exp: -5.1310292983
exp: -5.0456148335
exp: -4.9603971620
exp: -4.8756693164
exp: -4.7911419753
exp: -4.7069578124
exp: -4.6224816896
exp: -4.5385499368
exp: -4.4545533337
exp: -4.3710128605
exp: -4.2874146866
exp: -4.2040780244
exp: -4.1221685037
exp: -4.0377698122
exp: -3.9587800744
exp: -3.8800998947
exp: -3.8018303386
exp: -3.7241781925
exp: -3.6453465794
exp: -3.5691498002
exp: -3.4934659961
exp: -3.4183703415
exp: -3.3435283136
exp: -3.2733482521
exp: -3.2000054433
exp: -3.1305326056
exp: -3.0607230451
exp: -2.9939693525
exp: -2.9277197328
exp: -2.8634938531
exp: -2.8026024637
exp: -2.7433984287
exp: -2.6865325972
exp: -2.6319447410
exp: -2.5795089362
exp: -2.5292141095
exp: -2.4809207179
exp: -2.4365404005
exp: -2.3967682406
exp: -2.3589344866
exp: -2.3252509005
exp: -2.2931740602
exp: -2.2635876030
exp: -2.2316212294
exp: -2.2118907134
exp: -2.1921613776
exp: -2.1731712944
exp: -2.1573030132
exp: -2.1440988513
exp: -2.1332125588
exp: -2.1246017481
exp: -2.1195936651
exp: -2.1166897292
exp: -2.1167746436
exp: -2.1205708383
exp: -2.1273929621
exp: -2.1382294270
Overlap: 0.2599987425
exp: -2.1381843601
Overlap: 0.2531260533
