exp: -8.9100082102
exp: -8.8200345823
exp: -8.7300752557
exp: -8.6401324085
exp: -8.5502042957
exp: -8.4602913559
exp: -8.3703919502
exp: -8.2805041155
exp: -8.1906307310
exp: -8.1007715481
exp: -8.0109208456
exp: -7.9210980792
exp: -7.8312861739
exp: -7.7414894478
exp: -7.6517138900
exp: -7.5619663227
exp: -7.4722353762
exp: -7.3825274645
exp: -7.2928281523
exp: -7.2031685144
exp: -7.1135203938
exp: -7.0239032270
exp: -6.9342980203
exp: -6.8447225465
exp: -6.7551637785
exp: -6.6656254817
exp: -6.5761363882
exp: -6.4866485333
exp: -6.3971993612
exp: -6.3077612472
exp: -6.2183642122
exp: -6.1290227106
exp: -6.0396999493
exp: -5.9503581393
exp: -5.8610615957
exp: -5.7718209260
exp: -5.6826144657
exp: -5.5934370678
exp: -5.5043080418
exp: -5.4152181060
exp: -5.3261591103
exp: -5.2371920542
exp: -5.1481960636
exp: -5.0592370398
exp: -4.9703543819
exp: -4.8815102507
exp: -4.7927285427
exp: -4.7040839284
exp: -4.6154086676
exp: -4.5267901067
exp: -4.4382418388
exp: -4.3498749023
exp: -4.2628563267
exp: -4.1758195177
exp: -4.0892425664
exp: -4.0036693467
exp: -3.9189512262
exp: -3.8360296916
exp: -3.7543178697
exp: -3.6756854002
exp: -3.6006530422
exp: -3.5261833370
exp: -3.4510224398
exp: -3.3759966336
exp: -3.3018894415
exp: -3.2292597676
exp: -3.1579002067
exp: -3.0877736850
exp: -3.0200224065
exp: -2.9540578668
exp: -2.8878879368
exp: -2.8225668883
exp: -2.7581886553
exp: -2.6951499549
exp: -2.6330129954
exp: -2.5716012158
exp: -2.5117906899
exp: -2.4511158159
exp: -2.3927198306
exp: -2.3342257197
exp: -2.2770984328
exp: -2.2285167343
exp: -2.1825401914
exp: -2.1286200738
exp: -2.0844305686
exp: -2.0412990618
exp: -2.0043761672
exp: -1.9654793222
exp: -1.9294821637
exp: -1.8967342532
exp: -1.8600934143
exp: -1.8248337363
exp: -1.7917344086
exp: -1.7617117127
exp: -1.7336098983
exp: -1.7092403387
exp: -1.6866546888
exp: -1.6672510747
exp: -1.6538335812
exp: -1.6573619709
Overlap: 0.0000000001
exp: -1.6585289848
Overlap: 0.0000000001
