exp: -8.9100345914
exp: -8.8201497285
exp: -8.7303377674
exp: -8.6406014768
exp: -8.5509509182
exp: -8.4613902593
exp: -8.3719038011
exp: -8.2825349470
exp: -8.1932487244
exp: -8.1040443774
exp: -8.0149657571
exp: -7.9259556121
exp: -7.8370296746
exp: -7.7482143233
exp: -7.6595213565
exp: -7.5709170671
exp: -7.4824247073
exp: -7.3940212482
exp: -7.3058053254
exp: -7.2176848578
exp: -7.1296767139
exp: -7.0417631617
exp: -6.9539014739
exp: -6.8661745133
exp: -6.7784796571
exp: -6.6908307066
exp: -6.6034944292
exp: -6.5162539446
exp: -6.4292426291
exp: -6.3422996369
exp: -6.2555073123
exp: -6.1687014998
exp: -6.0819792301
exp: -5.9956472786
exp: -5.9094181589
exp: -5.8233307513
exp: -5.7373506912
exp: -5.6515146448
exp: -5.5659166604
exp: -5.4806529053
exp: -5.3951469842
exp: -5.3099704612
exp: -5.2248269176
exp: -5.1397740179
exp: -5.0548383793
exp: -4.9701576448
exp: -4.8857015491
exp: -4.8013540045
exp: -4.7169646776
exp: -4.6329454027
exp: -4.5489611384
exp: -4.4650555584
exp: -4.3816177877
exp: -4.2985250785
exp: -4.2155876150
exp: -4.1328105246
exp: -4.0505190691
exp: -3.9688571427
exp: -3.8870185817
exp: -3.8056888982
exp: -3.7248898468
exp: -3.6443912296
exp: -3.5636506998
exp: -3.4839936241
exp: -3.4041150135
exp: -3.3262690121
exp: -3.2504155078
exp: -3.1721095901
exp: -3.1007393768
exp: -3.0315426490
exp: -2.9656188074
exp: -2.9009734270
exp: -2.8351926436
exp: -2.7699678322
exp: -2.7062544725
exp: -2.6452149771
exp: -2.5843360890
exp: -2.5248289238
exp: -2.4703992498
exp: -2.4190485637
exp: -2.3685332282
exp: -2.3214099373
exp: -2.2771373827
exp: -2.2359924069
exp: -2.1943477395
exp: -2.1593559974
exp: -2.1346028082
exp: -2.1066755336
exp: -2.0792607017
exp: -2.0534781035
exp: -2.0320330116
exp: -2.0128586582
exp: -1.9926374252
exp: -1.9725010210
exp: -1.9547720265
exp: -1.9377978877
exp: -1.9226660447
exp: -1.9081830126
exp: -1.8957141796
exp: -1.8954139639
Overlap: 0.0012751713
exp: -1.8956100055
Overlap: 0.0012192284
