exp: -8.9100022607
exp: -8.8200099238
exp: -8.7300239611
exp: -8.6400466854
exp: -8.5500770405
exp: -8.4601085716
exp: -8.3701438116
exp: -8.2801755149
exp: -8.1902178828
exp: -8.1002841692
exp: -8.0103418703
exp: -7.9204139963
exp: -7.8304976299
exp: -7.7405686811
exp: -7.6506640853
exp: -7.5607889876
exp: -7.4709416327
exp: -7.3810469460
exp: -7.2911366511
exp: -7.2013173931
exp: -7.1114343997
exp: -7.0215630589
exp: -6.9317716080
exp: -6.8418450525
exp: -6.7520335885
exp: -6.6619538156
exp: -6.5722495913
exp: -6.4824327619
exp: -6.3925929096
exp: -6.3029437639
exp: -6.2132716848
exp: -6.1233728445
exp: -6.0335964819
exp: -5.9436337412
exp: -5.8535049422
exp: -5.7636229180
exp: -5.6734255398
exp: -5.5841031903
exp: -5.4947076434
exp: -5.4051333374
exp: -5.3155407747
exp: -5.2259745691
exp: -5.1363451451
exp: -5.0467840582
exp: -4.9571838888
exp: -4.8675642042
exp: -4.7779814174
exp: -4.6884209441
exp: -4.5988554787
exp: -4.5093192838
exp: -4.4198497065
exp: -4.3303196261
exp: -4.2407740513
exp: -4.1513335411
exp: -4.0620658376
exp: -3.9738215523
exp: -3.8871331604
exp: -3.8012502480
exp: -3.7176810768
exp: -3.6349718772
exp: -3.5537052553
exp: -3.4738411250
exp: -3.3947832969
exp: -3.3157362838
exp: -3.2375838650
exp: -3.1604122179
exp: -3.0840371295
exp: -3.0085137458
exp: -2.9337047017
exp: -2.8595426612
exp: -2.7862016227
exp: -2.7135531183
exp: -2.6418650733
exp: -2.5708794613
exp: -2.5006989748
exp: -2.4318476333
exp: -2.3638206602
exp: -2.2973179588
exp: -2.2316878752
exp: -2.1676424005
exp: -2.1055535516
exp: -2.0453005332
exp: -1.9869424635
exp: -1.9303513395
exp: -1.8757145580
exp: -1.8225199933
exp: -1.7718771518
exp: -1.7230891319
exp: -1.6764188599
exp: -1.6317136042
exp: -1.5877363391
exp: -1.5456584854
exp: -1.5056847349
exp: -1.4681707395
exp: -1.4332859485
exp: -1.4017660197
exp: -1.3758018908
exp: -1.3564457737
exp: -1.3413702874
exp: -1.3348949637
Overlap: 0.0000000007
exp: -1.3357731669
Overlap: 0.0000000003
