exp: -8.9100033122
exp: -8.8200135008
exp: -8.7300271067
exp: -8.6400425089
exp: -8.5499395956
exp: -8.4601759968
exp: -8.3702450363
exp: -8.2803235054
exp: -8.1904122780
exp: -8.1005146944
exp: -8.0106281521
exp: -7.9207528991
exp: -7.8308871357
exp: -7.7410342403
exp: -7.6511957501
exp: -7.5613700516
exp: -7.4715597493
exp: -7.3817658605
exp: -7.2919798215
exp: -7.2022162574
exp: -7.1124571698
exp: -7.0227258579
exp: -6.9330003135
exp: -6.8432875816
exp: -6.7535998122
exp: -6.6639319628
exp: -6.5742816013
exp: -6.4846306589
exp: -6.3950106522
exp: -6.3054004091
exp: -6.2158226336
exp: -6.1262572841
exp: -6.0367096371
exp: -5.9471821548
exp: -5.8576852436
exp: -5.7682165669
exp: -5.6787618936
exp: -5.5893700665
exp: -5.4999451743
exp: -5.4105547394
exp: -5.3212015733
exp: -5.2318617028
exp: -5.1425647423
exp: -5.0533073170
exp: -4.9640742609
exp: -4.8748701798
exp: -4.7857765922
exp: -4.6966654846
exp: -4.6076062320
exp: -4.5187169926
exp: -4.4299340067
exp: -4.3417159501
exp: -4.2542119806
exp: -4.1677892592
exp: -4.0817715241
exp: -3.9967701941
exp: -3.9127396511
exp: -3.8298902718
exp: -3.7472570242
exp: -3.6655518856
exp: -3.5856464673
exp: -3.5117273347
exp: -3.4423886426
exp: -3.3671782729
exp: -3.2909567864
exp: -3.2201506610
exp: -3.1485412989
exp: -3.0772075630
exp: -3.0061574115
exp: -2.9356413680
exp: -2.8657814879
exp: -2.7968200733
exp: -2.7285807499
exp: -2.6613292878
exp: -2.5951026090
exp: -2.5300999944
exp: -2.4663659800
exp: -2.4037949933
exp: -2.3421677246
exp: -2.2815347514
exp: -2.2223539366
exp: -2.1648379432
exp: -2.1083442267
exp: -2.0542562667
exp: -2.0021345821
exp: -1.9521888721
exp: -1.9021815553
exp: -1.8542586436
exp: -1.8068155335
exp: -1.7606787038
exp: -1.7159187639
exp: -1.6723579488
exp: -1.6301537592
exp: -1.5892867640
exp: -1.5497129441
exp: -1.5139698193
exp: -1.4814964271
exp: -1.4567118696
exp: -1.4352041598
exp: -1.4290640686
Overlap: 0.0000000001
exp: -1.4275508105
Overlap: 0.0000000001
