exp: -8.9100110335
exp: -8.8200429840
exp: -8.7300960512
exp: -8.6401914241
exp: -8.5503014525
exp: -8.4604428178
exp: -8.3706014521
exp: -8.2807938006
exp: -8.1910242982
exp: -8.1012797188
exp: -8.0115637063
exp: -7.9218742720
exp: -7.8322248444
exp: -7.7426305818
exp: -7.6530935343
exp: -7.5636141025
exp: -7.4741856717
exp: -7.3848525924
exp: -7.2955391471
exp: -7.2062852584
exp: -7.1170778429
exp: -7.0279481558
exp: -6.9388709967
exp: -6.8498333058
exp: -6.7609602689
exp: -6.6720030314
exp: -6.5831560484
exp: -6.4943274381
exp: -6.4056563331
exp: -6.3170148665
exp: -6.2284904632
exp: -6.1400103426
exp: -6.0516366556
exp: -5.9633009968
exp: -5.8750436702
exp: -5.7868141219
exp: -5.6986555391
exp: -5.6105989084
exp: -5.5227070487
exp: -5.4348316472
exp: -5.3469965045
exp: -5.2593978606
exp: -5.1716610783
exp: -5.0842823894
exp: -4.9969312067
exp: -4.9095226518
exp: -4.8224035588
exp: -4.7353861120
exp: -4.6487139684
exp: -4.5621982290
exp: -4.4758203084
exp: -4.3895581719
exp: -4.3041788320
exp: -4.2206773128
exp: -4.1379453303
exp: -4.0552583184
exp: -3.9718267624
exp: -3.8880587712
exp: -3.8047520371
exp: -3.7214699451
exp: -3.6390013919
exp: -3.5574762376
exp: -3.4762233119
exp: -3.3955862961
exp: -3.3150070510
exp: -3.2336463261
exp: -3.1534115322
exp: -3.0728810356
exp: -2.9934755696
exp: -2.9138797205
exp: -2.8357693436
exp: -2.7584849175
exp: -2.6819203165
exp: -2.6066200337
exp: -2.5314946045
exp: -2.4577959814
exp: -2.3836417015
exp: -2.3115325963
exp: -2.2404527604
exp: -2.1659304672
exp: -2.0970760360
exp: -2.0306724473
exp: -1.9664511539
exp: -1.9046257402
exp: -1.8449691231
exp: -1.7873766840
exp: -1.7325977662
exp: -1.6886335700
exp: -1.6417585033
exp: -1.5960287747
exp: -1.5524359794
exp: -1.5130385149
exp: -1.4754428293
exp: -1.4421560377
exp: -1.4132832697
exp: -1.3852924429
exp: -1.3611620588
exp: -1.3414474688
exp: -1.3274755343
exp: -1.3309350039
Overlap: 0.6137805647
exp: -1.3219272630
Overlap: 0.4646411902
