exp: -8.9099865303
exp: -8.8199128663
exp: -8.7300089910
exp: -8.6400124170
exp: -8.5500324571
exp: -8.4600438771
exp: -8.3700596477
exp: -8.2800342551
exp: -8.1901096721
exp: -8.1001361475
exp: -8.0101661709
exp: -7.9201972982
exp: -7.8302364053
exp: -7.7402693262
exp: -7.6503091433
exp: -7.5603646458
exp: -7.4704168595
exp: -7.3804775409
exp: -7.2905426537
exp: -7.2006051107
exp: -7.1106746678
exp: -7.0207469258
exp: -6.9308245017
exp: -6.8409064476
exp: -6.7509940217
exp: -6.6610743847
exp: -6.5711793515
exp: -6.4812903633
exp: -6.3914025094
exp: -6.3015163520
exp: -6.2116398648
exp: -6.1217746951
exp: -6.0319131755
exp: -5.9420546699
exp: -5.8522002290
exp: -5.7623701004
exp: -5.6725345693
exp: -5.5827168223
exp: -5.4929042895
exp: -5.4030953346
exp: -5.3133288984
exp: -5.2235133948
exp: -5.1337579753
exp: -5.0440154364
exp: -4.9543043555
exp: -4.8645320421
exp: -4.7748106698
exp: -4.6851402480
exp: -4.5954676931
exp: -4.5057983386
exp: -4.4161576950
exp: -4.3266251195
exp: -4.2372022003
exp: -4.1476844522
exp: -4.0583037020
exp: -3.9689299404
exp: -3.8795360974
exp: -3.7914692606
exp: -3.7043667782
exp: -3.6173252506
exp: -3.5312758559
exp: -3.4454254352
exp: -3.3605792954
exp: -3.2762927423
exp: -3.1925616324
exp: -3.1099615909
exp: -3.0284861783
exp: -2.9534032219
exp: -2.8736278000
exp: -2.8004151749
exp: -2.7504034452
exp: -2.6841559592
exp: -2.6130124552
exp: -2.5414911604
exp: -2.4701515444
exp: -2.3993038672
exp: -2.3292691868
exp: -2.2598779610
exp: -2.1915316833
exp: -2.1244616905
exp: -2.0570289675
exp: -1.9905515529
exp: -1.9273355022
exp: -1.8638299197
exp: -1.8010148331
exp: -1.7394486272
exp: -1.6784738398
exp: -1.6185051231
exp: -1.5592857588
exp: -1.5017026974
exp: -1.4454387897
exp: -1.3923381847
exp: -1.3438036255
exp: -1.2993696669
exp: -1.2576922426
exp: -1.2239730990
exp: -1.1940990868
exp: -1.1789446311
exp: -1.1707024151
exp: -1.1661931705
Overlap: 0.0000020382
exp: -1.1651769594
Overlap: 0.0000096777
