exp: -8.9099959191
exp: -8.8199964249
exp: -8.7300199187
exp: -8.6400366985
exp: -8.5500481903
exp: -8.4600725030
exp: -8.3700933750
exp: -8.2801366924
exp: -8.1901600181
exp: -8.1002023733
exp: -8.0102330364
exp: -7.9202829113
exp: -7.8303109802
exp: -7.7403587710
exp: -7.6504020549
exp: -7.5604567451
exp: -7.4705361069
exp: -7.3805836887
exp: -7.2906447091
exp: -7.2007149788
exp: -7.1108136585
exp: -7.0208930859
exp: -6.9309511722
exp: -6.8410495385
exp: -6.7511368966
exp: -6.6612081639
exp: -6.5713066172
exp: -6.4814286087
exp: -6.3915255842
exp: -6.3016478739
exp: -6.2117582320
exp: -6.1218902988
exp: -6.0320106752
exp: -5.9421143938
exp: -5.8522383376
exp: -5.7624355311
exp: -5.6725739808
exp: -5.5827201221
exp: -5.4929089197
exp: -5.4030793880
exp: -5.3132758587
exp: -5.2235257662
exp: -5.1337644458
exp: -5.0440757283
exp: -4.9543922733
exp: -4.8647112486
exp: -4.7750557565
exp: -4.6853932691
exp: -4.5956837723
exp: -4.5061375442
exp: -4.4169128110
exp: -4.3274047082
exp: -4.2378578159
exp: -4.1485026645
exp: -4.0594053583
exp: -3.9713282785
exp: -3.8822678946
exp: -3.7949791426
exp: -3.7092934358
exp: -3.6236711070
exp: -3.5385610551
exp: -3.4549776031
exp: -3.3724198348
exp: -3.2909644038
exp: -3.2102553745
exp: -3.1373244280
exp: -3.0729299164
exp: -3.0001084322
exp: -2.9275626714
exp: -2.8555854748
exp: -2.7824844136
exp: -2.7106294722
exp: -2.6406248459
exp: -2.5713544653
exp: -2.5016988320
exp: -2.4337298945
exp: -2.3685878087
exp: -2.3026624475
exp: -2.2391298225
exp: -2.1770979883
exp: -2.1188773318
exp: -2.0637967773
exp: -2.0115570070
exp: -1.9571737576
exp: -1.9030621590
exp: -1.8503033282
exp: -1.7989089750
exp: -1.7506784762
exp: -1.7032262481
exp: -1.6582027173
exp: -1.6149000527
exp: -1.5748312713
exp: -1.5382038527
exp: -1.5041696136
exp: -1.4742467295
exp: -1.4490456659
exp: -1.4277426378
exp: -1.4098591731
exp: -1.3981411119
exp: -1.3934760572
Overlap: 0.0281678220
exp: -1.3933172485
Overlap: 0.0283456101
