exp: -8.9100112402
exp: -8.8200235654
exp: -8.7298816131
exp: -8.6401587341
exp: -8.5502342488
exp: -8.4603407852
exp: -8.3704646720
exp: -8.2806225886
exp: -8.1907782604
exp: -8.1009491125
exp: -8.0111445467
exp: -7.9213635758
exp: -7.8315966225
exp: -7.7418567715
exp: -7.6521595602
exp: -7.5624537750
exp: -7.4727623484
exp: -7.3829909247
exp: -7.2933774782
exp: -7.2036894022
exp: -7.1141177737
exp: -7.0245435478
exp: -6.9349513270
exp: -6.8455107375
exp: -6.7559701264
exp: -6.6663862521
exp: -6.5769336480
exp: -6.4876323698
exp: -6.3981315984
exp: -6.3086697608
exp: -6.2194252051
exp: -6.1302833829
exp: -6.0408082983
exp: -5.9518679744
exp: -5.8625633177
exp: -5.7733781900
exp: -5.6841682555
exp: -5.5953195443
exp: -5.5059961701
exp: -5.4172816266
exp: -5.3283243917
exp: -5.2394434612
exp: -5.1505275784
exp: -5.0619308032
exp: -4.9727942302
exp: -4.8841479883
exp: -4.7949212424
exp: -4.7064905203
exp: -4.6193274279
exp: -4.5314266721
exp: -4.4444907079
exp: -4.3567524326
exp: -4.2703206769
exp: -4.1843204183
exp: -4.0997329930
exp: -4.0163835458
exp: -3.9339147954
exp: -3.8536751169
exp: -3.7755796602
exp: -3.6982973505
exp: -3.6261782595
exp: -3.5563785395
exp: -3.4832846772
exp: -3.4180591349
exp: -3.3568731301
exp: -3.3055492675
exp: -3.2444878974
exp: -3.1835733942
exp: -3.1270524148
exp: -3.0718387310
exp: -3.0193984594
exp: -2.9651604001
exp: -2.9125915009
exp: -2.8634215692
exp: -2.8193215208
exp: -2.7838575470
exp: -2.7471836576
exp: -2.7156104925
exp: -2.6889705648
exp: -2.6590125321
exp: -2.6271961807
exp: -2.5985123749
exp: -2.5690825726
exp: -2.5490268893
exp: -2.5360621214
exp: -2.5136155713
exp: -2.4923123384
exp: -2.4722155911
exp: -2.4533580392
exp: -2.4360305194
exp: -2.4199109573
exp: -2.4049369143
exp: -2.3914578051
exp: -2.3805869425
exp: -2.3720947139
exp: -2.3665329781
exp: -2.3619280567
exp: -2.3607959732
exp: -2.3552772231
exp: -2.3637823394
Overlap: 0.0000000000
exp: -2.3633334466
Overlap: 0.0000000000
