exp: -8.9100228277
exp: -8.8200969688
exp: -8.7302233415
exp: -8.6404029456
exp: -8.5506364748
exp: -8.4609237379
exp: -8.3712696400
exp: -8.2816706936
exp: -8.1921341141
exp: -8.1026607557
exp: -8.0132544021
exp: -7.9239136943
exp: -7.8346282605
exp: -7.7454202122
exp: -7.6562853223
exp: -7.5672188738
exp: -7.4782246101
exp: -7.3893200132
exp: -7.3004895244
exp: -7.2117328405
exp: -7.1230759072
exp: -7.0345224886
exp: -6.9460569186
exp: -6.8577003851
exp: -6.7694263596
exp: -6.6812424918
exp: -6.5931704873
exp: -6.5052115218
exp: -6.4173661716
exp: -6.3296106574
exp: -6.2419876960
exp: -6.1544743304
exp: -6.0670851525
exp: -5.9798279994
exp: -5.8926700699
exp: -5.8056751988
exp: -5.7188260542
exp: -5.6321097855
exp: -5.5455254868
exp: -5.4591003861
exp: -5.3728366819
exp: -5.2867437003
exp: -5.2008160798
exp: -5.1150732583
exp: -5.0295235578
exp: -4.9441768100
exp: -4.8590251755
exp: -4.7740689364
exp: -4.6893493929
exp: -4.6048076685
exp: -4.5205294592
exp: -4.4365530443
exp: -4.3531681956
exp: -4.2709532837
exp: -4.1887841117
exp: -4.1077414651
exp: -4.0278050690
exp: -3.9486885834
exp: -3.8702355260
exp: -3.7928614927
exp: -3.7159194250
exp: -3.6403282478
exp: -3.5656066228
exp: -3.4918169523
exp: -3.4201934403
exp: -3.3520442741
exp: -3.2830549890
exp: -3.2134401769
exp: -3.1446838356
exp: -3.0766273971
exp: -3.0145307548
exp: -2.9842096665
exp: -2.9567218551
exp: -2.9083565167
exp: -2.8533468310
exp: -2.7990723719
exp: -2.7459134314
exp: -2.6937621440
exp: -2.6425666638
exp: -2.5920608613
exp: -2.5423072243
exp: -2.4930458734
exp: -2.4462948528
exp: -2.4007680577
exp: -2.3564858502
exp: -2.3133206821
exp: -2.2709102273
exp: -2.2298146713
exp: -2.1909716786
exp: -2.1535055773
exp: -2.1179010101
exp: -2.0841095082
exp: -2.0523189442
exp: -2.0219574293
exp: -1.9935783182
exp: -1.9672506324
exp: -1.9431357082
exp: -1.9232808823
exp: -1.9189919690
exp: -1.9272799064
Overlap: 0.0073391532
exp: -1.9275514040
Overlap: 0.0071784509
