exp: -8.9100404775
exp: -8.8201315677
exp: -8.7303156623
exp: -8.6405509157
exp: -8.5508547302
exp: -8.4613560860
exp: -8.3718761307
exp: -8.2825011659
exp: -8.1931458867
exp: -8.1039553841
exp: -8.0148214915
exp: -7.9257967768
exp: -7.8368988660
exp: -7.7480261837
exp: -7.6593165850
exp: -7.5706447893
exp: -7.4820523527
exp: -7.3937317700
exp: -7.3052958017
exp: -7.2170287650
exp: -7.1289314570
exp: -7.0408509069
exp: -6.9528341910
exp: -6.8650119154
exp: -6.7773298273
exp: -6.6896626787
exp: -6.6021283904
exp: -6.5147699319
exp: -6.4276161566
exp: -6.3405627603
exp: -6.2537233890
exp: -6.1668760788
exp: -6.0801754775
exp: -5.9936270535
exp: -5.9071531599
exp: -5.8209327504
exp: -5.7347200250
exp: -5.6487029781
exp: -5.5629402864
exp: -5.4774157520
exp: -5.3921889603
exp: -5.3066567002
exp: -5.2217749960
exp: -5.1365269511
exp: -5.0518915349
exp: -4.9678457515
exp: -4.8846513609
exp: -4.8004285868
exp: -4.7164241788
exp: -4.6329164843
exp: -4.5503849037
exp: -4.4714667413
exp: -4.3938863443
exp: -4.3157123610
exp: -4.2407634107
exp: -4.1684226027
exp: -4.0950023008
exp: -4.0169567626
exp: -3.9389799317
exp: -3.8696933341
exp: -3.7990503690
exp: -3.7312528035
exp: -3.6633744898
exp: -3.6011782486
exp: -3.5441897749
exp: -3.4882868628
exp: -3.4339612050
exp: -3.3791384024
exp: -3.3247065227
exp: -3.2705827137
exp: -3.2180091874
exp: -3.1670906998
exp: -3.1177719273
exp: -3.0699460086
exp: -3.0237904005
exp: -2.9791666357
exp: -2.9364359317
exp: -2.8951972192
exp: -2.8557413315
exp: -2.8179625026
exp: -2.7818520503
exp: -2.7476911566
exp: -2.7152562241
exp: -2.6846694601
exp: -2.6559186971
exp: -2.6287748267
exp: -2.6031000875
exp: -2.5784766782
exp: -2.5555962878
exp: -2.5350869902
exp: -2.5161292699
exp: -2.4979830729
exp: -2.4840241404
exp: -2.4705064149
exp: -2.4590567308
exp: -2.4486746390
exp: -2.4411586259
exp: -2.4366993563
exp: -2.4334181359
exp: -2.4324097559
Overlap: 0.3064247089
exp: -2.4304083635
Overlap: 0.3230598753
