exp: -8.9100057070
exp: -8.8200254669
exp: -8.7300601352
exp: -8.6401116122
exp: -8.5501731078
exp: -8.4602483449
exp: -8.3703415035
exp: -8.2804492045
exp: -8.1905718807
exp: -8.1007012911
exp: -8.0108422276
exp: -7.9209995259
exp: -7.8311527964
exp: -7.7413461709
exp: -7.6515402422
exp: -7.5617714331
exp: -7.4719874494
exp: -7.3822194555
exp: -7.2924695949
exp: -7.2027396780
exp: -7.1130404301
exp: -7.0233546604
exp: -6.9336879463
exp: -6.8440103800
exp: -6.7543570204
exp: -6.6647577280
exp: -6.5751505595
exp: -6.4855877140
exp: -6.3960438612
exp: -6.3065288277
exp: -6.2170407730
exp: -6.1275294931
exp: -6.0381055333
exp: -5.9486624579
exp: -5.8593487883
exp: -5.7700125203
exp: -5.6807860778
exp: -5.5916140763
exp: -5.5024722201
exp: -5.4134092302
exp: -5.3242791509
exp: -5.2352560842
exp: -5.1464405393
exp: -5.0580563485
exp: -4.9695422103
exp: -4.8844719448
exp: -4.7962041971
exp: -4.7080628339
exp: -4.6197312309
exp: -4.5317827312
exp: -4.4436932594
exp: -4.3556851486
exp: -4.2685748266
exp: -4.1830609915
exp: -4.0966923346
exp: -4.0118391001
exp: -3.9275284897
exp: -3.8438851086
exp: -3.7615361931
exp: -3.6803971345
exp: -3.5999260758
exp: -3.5219920539
exp: -3.4471515297
exp: -3.3739096914
exp: -3.3025053297
exp: -3.2322655871
exp: -3.1617433683
exp: -3.0906183946
exp: -3.0200793189
exp: -2.9499915932
exp: -2.8810457070
exp: -2.8129042532
exp: -2.7456355045
exp: -2.6796781299
exp: -2.6144475670
exp: -2.5504991664
exp: -2.4877317377
exp: -2.4272478031
exp: -2.3683788500
exp: -2.3109480536
exp: -2.2549472361
exp: -2.1997839936
exp: -2.1457323854
exp: -2.0930316377
exp: -2.0418886625
exp: -1.9923511653
exp: -1.9446955965
exp: -1.8992529269
exp: -1.8558540656
exp: -1.8146992589
exp: -1.7760235035
exp: -1.7399988153
exp: -1.7064631486
exp: -1.6744246660
exp: -1.6471603072
exp: -1.6295295442
exp: -1.6137973666
exp: -1.6022717022
exp: -1.5933072321
exp: -1.5879887501
Overlap: 0.6610868367
exp: -1.5879651806
Overlap: 0.6604502929
