exp: -8.9100063201
exp: -8.8200337889
exp: -8.7300774382
exp: -8.6401362940
exp: -8.5502216495
exp: -8.4603135634
exp: -8.3703995386
exp: -8.2805762008
exp: -8.1907400980
exp: -8.1009371685
exp: -8.0110552265
exp: -7.9210073167
exp: -7.8312253638
exp: -7.7422449474
exp: -7.6528408996
exp: -7.5633837701
exp: -7.4739196218
exp: -7.3844639518
exp: -7.2950376270
exp: -7.2056532128
exp: -7.1163086972
exp: -7.0270069913
exp: -6.9377521644
exp: -6.8485427251
exp: -6.7593796125
exp: -6.6702720366
exp: -6.5812150242
exp: -6.4922160955
exp: -6.4032682741
exp: -6.3143790426
exp: -6.2255518031
exp: -6.1367922074
exp: -6.0480952499
exp: -5.9594665218
exp: -5.8709088461
exp: -5.7824198801
exp: -5.6940165741
exp: -5.6056984683
exp: -5.5174544796
exp: -5.4292989690
exp: -5.3412464805
exp: -5.2533046187
exp: -5.1654476978
exp: -5.0777039936
exp: -4.9900569379
exp: -4.9025254664
exp: -4.8151383173
exp: -4.7278647121
exp: -4.6407174156
exp: -4.5536830597
exp: -4.4668155293
exp: -4.3801210284
exp: -4.2935641444
exp: -4.2071698613
exp: -4.1209789721
exp: -4.0349380679
exp: -3.9491509623
exp: -3.8635279145
exp: -3.7785374107
exp: -3.6944751376
exp: -3.6110361061
exp: -3.5282244524
exp: -3.4467752744
exp: -3.3658152830
exp: -3.2848448637
exp: -3.2055116509
exp: -3.1272071619
exp: -3.0507537809
exp: -2.9720835866
exp: -2.8915494512
exp: -2.8140890663
exp: -2.7353063971
exp: -2.6585404400
exp: -2.5851678411
exp: -2.5068194152
exp: -2.4327701612
exp: -2.3630240964
exp: -2.3039902097
exp: -2.2482347756
exp: -2.1863978570
exp: -2.1232984017
exp: -2.0576194266
exp: -1.9884031859
exp: -1.9224347518
exp: -1.8523655049
exp: -1.7845003061
exp: -1.7211845379
exp: -1.6611613467
exp: -1.6037033157
exp: -1.5492273839
exp: -1.4969466693
exp: -1.4463959146
exp: -1.3986078842
exp: -1.3543159689
exp: -1.3100351211
exp: -1.2920693127
exp: -1.2650567073
exp: -1.2458139442
exp: -1.2285050569
exp: -1.2219335838
Overlap: 0.0000000000
exp: -1.2222174932
Overlap: 0.0000000000
