exp: -9.6666524859
exp: -9.3339029047
exp: -9.0013295779
exp: -8.6691910513
exp: -8.3375408322
exp: -8.0063896445
exp: -7.6760248419
exp: -7.3461915928
exp: -7.0172038156
exp: -6.6893126645
exp: -6.3625131547
exp: -6.0367994381
exp: -5.7130884381
exp: -5.3978599145
exp: -5.1029668667
exp: -4.8517306393
exp: -4.6529042763
exp: -4.4841010632
exp: -4.3747474398
exp: -4.3022133816
exp: -4.3655330640
exp: -4.5472749618
exp: -4.6157349831
exp: -4.6857712788
exp: -4.7766868680
exp: -4.8871365645
exp: -5.0158854794
exp: -5.1617584196
exp: -5.3235508123
exp: -5.4999948032
Overlap: 0.0000000000
