exp: -9.6666949256
exp: -9.3334422349
exp: -9.0002696131
exp: -8.6671237006
exp: -8.3341046313
exp: -8.0011491921
exp: -7.6682303484
exp: -7.3353104463
exp: -7.0020762378
exp: -6.6735557896
exp: -6.3451470923
exp: -6.0165792186
exp: -5.6943164990
exp: -5.3811048394
exp: -5.1088245672
exp: -4.8553515759
exp: -4.6494902044
exp: -4.5168340584
exp: -4.4237464778
exp: -4.4846412895
exp: -4.5832516402
exp: -4.6166300552
exp: -4.6561257075
exp: -4.7146493532
exp: -4.7973846771
exp: -4.9009794050
exp: -5.0237280997
exp: -5.1655205338
exp: -5.3245287226
exp: -5.4999833651
Overlap: 0.0000000000
