exp: -9.6668433260
exp: -9.3339888231
exp: -9.0014877841
exp: -8.6694791969
exp: -8.3379323214
exp: -8.0067755082
exp: -7.6762215715
exp: -7.3461883148
exp: -7.0168633318
exp: -6.6891778339
exp: -6.3618328490
exp: -6.0366034986
exp: -5.7122062538
exp: -5.4033634799
exp: -5.1209247648
exp: -4.8762875498
exp: -4.6818986745
exp: -4.5165269441
exp: -4.4016570038
exp: -4.5170162291
exp: -4.5496507111
exp: -4.5723621316
exp: -4.6184247902
exp: -4.6872404261
exp: -4.7773111131
exp: -4.8873227939
exp: -5.0159165336
exp: -5.1617572778
exp: -5.3235279084
exp: -5.4999720627
Overlap: 0.0000000000
