exp: -9.6667349137
exp: -9.3335915879
exp: -9.0005475712
exp: -8.6677406977
exp: -8.3351155019
exp: -8.0027819747
exp: -7.6707111972
exp: -7.3389079580
exp: -7.0076597181
exp: -6.6767311128
exp: -6.3462598315
exp: -6.0162305521
exp: -5.6867570130
exp: -5.3582079640
exp: -5.0304353867
exp: -4.7096242542
exp: -4.4341251684
exp: -4.1830844501
exp: -3.9954745919
exp: -3.8637729683
exp: -3.7606923599
exp: -3.6791770617
exp: -3.6204614332
exp: -3.5853413406
exp: -3.5818622498
exp: -3.6125730404
exp: -3.6756548276
exp: -3.7658543055
exp: -3.8737384555
exp: -3.9992812375
Overlap: 0.0000000000
