exp: -9.6666077536
exp: -9.3333484534
exp: -9.0000383768
exp: -8.6667278393
exp: -8.3334748692
exp: -8.0003082247
exp: -7.6664498397
exp: -7.3258194960
exp: -7.0000012068
exp: -6.6604127402
exp: -6.3289962912
exp: -5.9961633052
exp: -5.6639823333
exp: -5.3312605752
exp: -4.9991688055
exp: -4.6647111543
exp: -4.4044150080
exp: -4.1935917576
exp: -4.0180751810
exp: -3.8749499334
exp: -3.7586449732
exp: -3.6739901740
exp: -3.6105912244
exp: -3.5758436157
exp: -3.5533784581
exp: -3.5548692305
exp: -3.5643760175
exp: -3.6812031220
exp: -3.8656709587
exp: -3.9974223900
Overlap: 0.0000000654
