exp: -9.6666333371
exp: -9.3333157139
exp: -8.9999634445
exp: -8.6666111410
exp: -8.3332482099
exp: -7.9998742156
exp: -7.6665003244
exp: -7.3331140960
exp: -6.9997248659
exp: -6.6663244434
exp: -6.3329153720
exp: -5.9994870870
exp: -5.6660854937
exp: -5.3362098009
exp: -5.0305094424
exp: -4.7503015908
exp: -4.4907291545
exp: -4.2715447679
exp: -4.0313239400
exp: -3.8551005776
exp: -3.6388137046
exp: -3.6008023393
exp: -3.5353865206
exp: -3.4702469986
exp: -3.4902272075
exp: -3.5357942270
exp: -3.5414776348
exp: -3.6104242229
exp: -3.6850351170
exp: -3.7671064316
Overlap: 0.0000082767
