exp: -9.6666661370
exp: -9.3333332631
exp: -8.9999999476
exp: -8.6666655210
exp: -8.3333325606
exp: -7.9999982664
exp: -7.6666656732
exp: -7.3333307275
exp: -6.9999994663
exp: -6.6666658699
exp: -6.3333328342
exp: -5.9999989038
exp: -5.6666065452
exp: -5.3331855626
exp: -4.9999954025
exp: -4.6810153756
exp: -4.3926440257
exp: -4.1308075503
exp: -3.8927603356
exp: -3.6774604089
exp: -3.4763222276
exp: -3.2938702873
exp: -3.1294012791
exp: -2.9762122015
exp: -2.8342549791
exp: -2.7040043028
exp: -2.5829085574
exp: -2.4706201017
exp: -2.3661298564
exp: -2.2693916434
Overlap: 0.0000000771
