exp: -9.6667351134
exp: -9.3337261026
exp: -9.0010051696
exp: -8.6685330998
exp: -8.3363857825
exp: -8.0046007214
exp: -7.6731547848
exp: -7.3424094154
exp: -7.0118939300
exp: -6.6823106660
exp: -6.3532249408
exp: -6.0251793655
exp: -5.6982762284
exp: -5.3704799580
exp: -5.0660051148
exp: -4.8294730954
exp: -4.6260928753
exp: -4.4741075840
exp: -4.3960035746
exp: -4.3992839602
exp: -4.5256186936
exp: -4.5667955116
exp: -4.6148541844
exp: -4.6852667810
exp: -4.7764365234
exp: -4.8870311790
exp: -5.0158517155
exp: -5.1617467489
exp: -5.3235482959
exp: -5.4999975197
Overlap: 0.0000000015
