exp: -9.6668354652
exp: -9.3341785299
exp: -9.0019952374
exp: -8.6702599431
exp: -8.3393028502
exp: -8.0086935791
exp: -7.6788131482
exp: -7.3502962653
exp: -7.0221899448
exp: -6.6951962135
exp: -6.3685869502
exp: -6.0438143138
exp: -5.7213719606
exp: -5.4129240986
exp: -5.1438175845
exp: -4.9462614819
exp: -4.8115484795
exp: -4.6979077246
exp: -4.6167426625
exp: -4.5693697274
exp: -4.5527638466
exp: -4.5611815368
exp: -4.5915111276
exp: -4.6426073575
exp: -4.7085354322
exp: -4.8043910686
exp: -4.9050394499
exp: -5.0196073535
exp: -5.1348179557
exp: -5.2709888130
Overlap: 0.0000000001
