exp: -9.6667997426
exp: -9.3339277837
exp: -9.0013859542
exp: -8.6692241354
exp: -8.3374853573
exp: -8.0062149196
exp: -7.6754777238
exp: -7.3453334385
exp: -7.0158423236
exp: -6.6871673445
exp: -6.3592969936
exp: -6.0324591876
exp: -5.7069510976
exp: -5.3907685378
exp: -5.1216771797
exp: -4.9409401985
exp: -4.7955435655
exp: -4.6873297107
exp: -4.6109645390
exp: -4.5651173419
exp: -4.5474075451
exp: -4.5540901672
exp: -4.5815958242
exp: -4.6309892606
exp: -4.6951377066
exp: -4.7807051439
exp: -4.8805937951
exp: -4.9967253837
exp: -5.1258913659
exp: -5.2758325951
Overlap: 0.0001783233
