exp: -9.6667223471
exp: -9.3334541899
exp: -9.0002953054
exp: -8.6654376015
exp: -8.3339067382
exp: -8.0007211744
exp: -7.6669885562
exp: -7.3370876233
exp: -7.0047521222
exp: -6.6727592530
exp: -6.3409740900
exp: -6.0095310934
exp: -5.6782851721
exp: -5.3534370585
exp: -5.0593367204
exp: -4.7980302725
exp: -4.5939215761
exp: -4.4152949168
exp: -4.2743916772
exp: -4.1673090709
exp: -4.1174414862
exp: -4.1541905844
exp: -4.2110375250
exp: -3.7201197947
exp: -3.7312284717
exp: -3.6950776136
exp: -3.7750990089
exp: -4.6634903323
exp: -5.2392081923
exp: -5.4992991407
Overlap: 0.0000000000
