exp: -9.6668450784
exp: -9.3341193632
exp: -9.0017780087
exp: -8.6699804915
exp: -8.3386538143
exp: -8.0080341484
exp: -7.6780003614
exp: -7.3487098026
exp: -7.0202497840
exp: -6.6931178577
exp: -6.3665428055
exp: -6.0412658973
exp: -5.7175975852
exp: -5.4031996587
exp: -5.1168972199
exp: -4.8715573442
exp: -4.6583078261
exp: -4.4863259946
exp: -4.4101286629
exp: -4.5013885219
exp: -4.5540902414
exp: -4.5760122905
exp: -4.6192472048
exp: -4.6873010737
exp: -4.7774085167
exp: -4.8875019532
exp: -5.0159923910
exp: -5.1617259847
exp: -5.3235429074
exp: -5.4999423319
Overlap: 0.0000000000
