exp: -9.6667395995
exp: -9.3338579757
exp: -9.0012302731
exp: -8.6689340517
exp: -8.3369815664
exp: -8.0054174130
exp: -7.6743314422
exp: -7.3437490945
exp: -7.0136227443
exp: -6.6840953715
exp: -6.3555408777
exp: -6.0276263510
exp: -5.7004688077
exp: -5.3863686215
exp: -5.1008094619
exp: -4.8553255525
exp: -4.6275697931
exp: -4.4303938242
exp: -4.2630559320
exp: -4.1389843080
exp: -4.0440977931
exp: -3.9718227856
exp: -3.8820561751
exp: -3.5505201397
exp: -3.5507046088
exp: -3.5593197919
exp: -3.6868561742
exp: -3.7433061987
exp: -3.8438269027
exp: -3.9817399040
Overlap: 0.0000000000
