exp: -9.6668165727
exp: -9.3340230577
exp: -9.0016269810
exp: -8.6696786593
exp: -8.3382259339
exp: -8.0073637407
exp: -7.6769552018
exp: -7.3475056870
exp: -7.0187784113
exp: -6.6909653406
exp: -6.3642038049
exp: -6.0383348409
exp: -5.7139223531
exp: -5.4084922683
exp: -5.1374273465
exp: -4.9021864658
exp: -4.7363730874
exp: -4.6880759477
exp: -4.6466671841
exp: -4.6210607242
exp: -4.6131377006
exp: -4.6295588587
exp: -4.6663552963
exp: -4.7256837645
exp: -4.8063246225
exp: -4.9067458009
exp: -5.0272883878
exp: -5.1668025900
exp: -5.3247883096
exp: -5.4999950919
Overlap: 0.8273271224
