exp: -9.6668165697
exp: -9.3342457544
exp: -9.0018849711
exp: -8.6713088327
exp: -8.3411575673
exp: -8.0117121236
exp: -7.6834111483
exp: -7.3561022784
exp: -7.0303631753
exp: -6.7062889644
exp: -6.3838525931
exp: -6.0629587935
exp: -5.7452239852
exp: -5.4317860688
exp: -5.1637016900
exp: -4.9650377453
exp: -4.8098529559
exp: -4.6922540077
exp: -4.6199398460
exp: -4.5720269614
exp: -4.5548834193
exp: -4.5598023826
exp: -4.5831313660
exp: -4.6369095860
exp: -4.6985296579
exp: -4.7812276267
exp: -4.8765008983
exp: -4.9865823168
exp: -5.1104626014
exp: -5.2428591166
Overlap: 0.0000000000
