exp: -9.6668908651
exp: -9.3342725158
exp: -9.0021605276
exp: -8.6705931620
exp: -8.3396666215
exp: -8.0093510595
exp: -7.6798940439
exp: -7.3515906211
exp: -7.0236739872
exp: -6.6971327307
exp: -6.3716660881
exp: -6.0476698703
exp: -5.7253816214
exp: -5.4138041948
exp: -5.1490871332
exp: -4.9247505850
exp: -4.7630262345
exp: -4.6935960757
exp: -4.6447365445
exp: -4.6081057355
exp: -4.5993311325
exp: -4.6142939648
exp: -4.6543667571
exp: -4.7134896787
exp: -4.7983258492
exp: -4.9011118999
exp: -5.0237730426
exp: -5.1648875650
exp: -5.3242971792
exp: -5.4997487684
Overlap: 0.9997810676
