exp: -9.6667526843
exp: -9.3338107694
exp: -9.0011181467
exp: -8.6687461408
exp: -8.3367068796
exp: -8.0050382079
exp: -7.6737339448
exp: -7.3430959251
exp: -7.0130604869
exp: -6.6834314890
exp: -6.3544328170
exp: -6.0264970193
exp: -5.6996590667
exp: -5.3750661868
exp: -5.0529232616
exp: -4.7342693561
exp: -4.4239901161
exp: -4.1347783908
exp: -3.8990854337
exp: -3.6740229351
exp: -3.5158045538
exp: -3.3677767544
exp: -3.2395440044
exp: -3.1480468176
exp: -3.0872695385
exp: -3.1057411971
exp: -3.2319985306
exp: -3.3080290442
exp: -3.3932843372
exp: -3.4999928336
Overlap: 0.0000000027
