exp: -9.6668677292
exp: -9.3342787663
exp: -9.0021657787
exp: -8.6705203160
exp: -8.3395338461
exp: -8.0091309311
exp: -7.6796705763
exp: -7.3507717526
exp: -7.0227898745
exp: -6.6959255791
exp: -6.3702270662
exp: -6.0456320887
exp: -5.7227110984
exp: -5.4021927839
exp: -5.1059406137
exp: -4.8454332994
exp: -4.6149233741
exp: -4.4109840761
exp: -4.2851950106
exp: -4.2090881158
exp: -4.1759541293
exp: -4.2342654689
exp: -3.7864445959
exp: -3.6893597190
exp: -3.7861936953
exp: -4.4072317091
exp: -5.0064963192
exp: -5.1616963411
exp: -5.3234955217
exp: -5.4999887299
Overlap: 0.0000000000
