exp: -9.6666411254
exp: -9.3334351127
exp: -9.0003922255
exp: -8.6672274704
exp: -8.3346200096
exp: -8.0022996922
exp: -7.6699725301
exp: -7.3382241164
exp: -6.9935041119
exp: -6.6629716542
exp: -6.3438468973
exp: -6.0128513629
exp: -5.6841230792
exp: -5.3606525420
exp: -5.0800973459
exp: -4.8388892355
exp: -4.6335289659
exp: -4.4591004676
exp: -4.3557524405
exp: -4.3426943732
exp: -4.5278586293
exp: -4.5751432062
exp: -4.6199914509
exp: -4.6882082646
exp: -4.7777888417
exp: -4.8875575572
exp: -5.0160397867
exp: -5.1617793187
exp: -5.3235482337
exp: -5.4999962688
Overlap: 0.0000000000
