exp: -9.6667279860
exp: -9.3335940142
exp: -9.0005916996
exp: -8.6678128332
exp: -8.3352088711
exp: -8.0028755935
exp: -7.6708887937
exp: -7.3391744247
exp: -7.0077728418
exp: -6.6768298152
exp: -6.3463061493
exp: -6.0163831193
exp: -5.6870536666
exp: -5.3684074642
exp: -5.1020485746
exp: -4.9337007850
exp: -4.7874750536
exp: -4.6794532603
exp: -4.6082881043
exp: -4.5654456969
exp: -4.5509178591
exp: -4.5597949520
exp: -4.5855321157
exp: -4.6425002974
exp: -4.6964664487
exp: -4.7775136928
exp: -4.8733884943
exp: -4.9842406531
exp: -5.1093977021
exp: -5.2433831854
Overlap: 0.0000000002
