-1.0000000000 -0.9999999994
-1.0714285714 -1.0714285700
-1.1428571429 -1.1428571405
-1.2142857143 -1.2142857106
-1.2857142857 -1.2857142838
-1.3571428571 -1.3571428423
-1.4285714286 -1.4285714141
-1.5000000000 -1.4999999851
-1.5714285714 -1.5714285535
-1.6428571429 -1.6428571295
-1.7142857143 -1.7142856987
-1.7857142857 -1.7857142644
-1.8571428571 -1.8571428401
-1.9285714286 -1.9285714150
-2.0000000000 -1.9999999867
-2.0714285714 -2.0714285607
-2.1428571429 -2.1428571340
-2.2142857143 -2.2142856987
-2.2857142857 -2.2857142706
-2.3571428571 -2.3571428424
-2.4285714286 -2.4285714177
-2.5000000000 -2.4999999941
-2.5714285714 -2.5714285626
-2.6428571429 -2.6428571363
-2.7142857143 -2.7142856996
-2.7857142857 -2.7857142627
-2.8571428571 -2.8571428224
-2.9285714286 -2.9285713959
-3.0000000000 -2.9999999667
-3.0714285714 -3.0714285477
-3.1428571429 -3.1428571037
-3.2142857143 -3.2142856890
-3.2857142857 -3.2857142671
-3.3571428571 -3.3571428316
-3.4285714286 -3.4285714044
-3.5000000000 -3.4999999860
-3.5714285714 -3.5714285601
-3.6428571429 -3.6428571379
-3.7142857143 -3.7142857047
-3.7857142857 -3.7857142793
-3.8571428571 -3.8571428506
-3.9285714286 -3.9285714193
-4.0000000000 -3.9999999902
-4.0714285714 -4.0714285616
-4.1428571429 -4.1428571339
-4.2142857143 -4.2142857054
-4.2857142857 -4.2857142751
-4.3571428571 -4.3571428465
-4.4285714286 -4.4285714146
-4.5000000000 -4.4999999860
