-1.0000000000 -0.9999999994
-1.0306122449 -0.7468912512
-1.0612244898 -0.8179004195
-1.0918367347 -0.8889263341
-1.1224489796 -0.9599361677
-1.1530612245 -1.0309465366
-1.1836734694 -1.1019483239
-1.2142857143 -1.1729478418
-1.2448979592 -1.2439590761
-1.2755102041 -1.3149607567
-1.3061224490 -1.3859727408
-1.3367346939 -1.4569852619
-1.3673469388 -1.5279983205
-1.3979591837 -1.5990119169
-1.4285714286 -1.6700260515
-1.4591836735 -1.7410407247
-1.4897959184 -1.8120559369
-1.5204081633 -1.8830716884
-1.5510204082 -1.9540749716
-1.5816326531 -2.0250781444
-1.6122448980 -2.0960752156
-1.6428571429 -2.1670743939
-1.6734693878 -2.2381080957
-1.7040816327 -2.3091214720
-1.7346938776 -2.3801614309
-1.7653061224 -2.4511548053
-1.7959183673 -2.5221663736
-1.8265306122 -2.5931578872
-1.8571428571 -2.6641762902
-1.8877551020 -2.7352009624
-1.9183673469 -2.8062140065
-1.9489795918 -2.8772159029
-1.9795918367 -2.9481952282
-2.0102040816 -3.0191864387
-2.0408163265 -3.0901772828
-2.0714285714 -3.1611975542
-2.1020408163 -3.2322075889
-2.1326530612 -3.3032181806
-2.1632653061 -3.3742316925
-2.1938775510 -3.4452417133
-2.2244897959 -3.5162299535
-2.2551020408 -3.5872291629
-2.2857142857 -3.6582500783
-2.3163265306 -3.7292715373
-2.3469387755 -3.8002763583
-2.3775510204 -3.8712753078
-2.4081632653 -3.9422934363
-2.4387755102 -4.0132818240
-2.4693877551 -4.0843169292
-2.5000000000 -4.1553274371
