-1.0000000000 -0.9999999994
-1.0306122449 -1.0714285676
-1.0612244898 -1.1428571376
-1.0918367347 -1.2142857072
-1.1224489796 -1.2857142814
-1.1530612245 -1.3571428485
-1.1836734694 -1.4285714089
-1.2142857143 -1.4999999850
-1.2448979592 -1.5714285590
-1.2755102041 -1.6428571312
-1.3061224490 -1.7142857027
-1.3367346939 -1.7857142755
-1.3673469388 -1.8571428505
-1.3979591837 -1.9285714254
-1.4285714286 -1.9999999992
-1.4591836735 -2.0714285713
-1.4897959184 -2.1428571427
-1.5204081633 -2.2142857116
-1.5510204082 -2.2857142792
-1.5816326531 -2.3571428482
-1.6122448980 -2.4285714200
-1.6428571429 -2.4999999908
-1.6734693878 -2.5714285667
-1.7040816327 -2.6428571320
-1.7346938776 -2.7142856961
-1.7653061224 -2.7857142585
-1.7959183673 -2.8571428308
-1.8265306122 -2.9285714093
-1.8571428571 -2.9999999681
-1.8877551020 -3.0714285214
-1.9183673469 -3.1428570925
-1.9489795918 -3.2142856733
-1.9795918367 -3.2857142370
-2.0102040816 -3.3571428355
-2.0408163265 -3.4285714065
-2.0714285714 -3.4999999885
-2.1020408163 -3.5714285658
-2.1326530612 -3.6428571508
-2.1632653061 -3.7142857260
-2.1938775510 -3.7857143018
-2.2244897959 -3.8571428661
-2.2551020408 -3.9285714573
-2.2857142857 -4.0000000358
-2.3163265306 -4.0714286407
-2.3469387755 -4.1428572379
-2.3775510204 -4.2142857961
-2.4081632653 -4.2857143934
-2.4387755102 -4.3571429909
-2.4693877551 -4.4285715913
-2.5000000000 -4.5000001697
