-1.0000000000 -0.9999999994
-1.0612244898 -1.1020408140
-1.1224489796 -1.2040816314
-1.1836734694 -1.3061224460
-1.2448979592 -1.4081632631
-1.3061224490 -1.5102040770
-1.3673469388 -1.6122448934
-1.4285714286 -1.7142857100
-1.4897959184 -1.8163265175
-1.5510204082 -1.9183673353
-1.6122448980 -2.0204081559
-1.6734693878 -2.1224489715
-1.7346938776 -2.2244897827
-1.7959183673 -2.3265305987
-1.8571428571 -2.4285714145
-1.9183673469 -2.5306122309
-1.9795918367 -2.6326530481
-2.0408163265 -2.7346938579
-2.1020408163 -2.8367346790
-2.1632653061 -2.9387754882
-2.2244897959 -3.0408163104
-2.2857142857 -3.1428571333
-2.3469387755 -3.2448979570
-2.4081632653 -3.3469387820
-2.4693877551 -3.4489795997
-2.5306122449 -3.5510204134
-2.5918367347 -3.6530612329
-2.6530612245 -3.7551020397
-2.7142857143 -3.8571428598
-2.7755102041 -3.9591836794
-2.8367346939 -4.0612245087
-2.8979591837 -4.1632653250
-2.9591836735 -4.2653061535
-3.0204081633 -4.3673469814
-3.0816326531 -4.4693877979
-3.1428571429 -4.5714286266
-3.2040816327 -4.6734694509
-3.2653061224 -4.7755102697
-3.3265306122 -4.8775510938
-3.3877551020 -4.9795919173
-3.4489795918 -5.0816327425
-3.5102040816 -5.1836735484
-3.5714285714 -5.2857143653
-3.6326530612 -5.3877551694
-3.6938775510 -5.4897959889
-3.7551020408 -5.5918368149
-3.8163265306 -5.6938776238
-3.8775510204 -5.7959184306
-3.9387755102 -5.8979592630
-4.0000000000 -6.0000000790
