-1.0000000000 -0.9999999994
-1.0612244898 -1.1020408155
-1.1224489796 -1.2040816286
-1.1836734694 -1.3061224451
-1.2448979592 -1.4081632612
-1.3061224490 -1.5102040709
-1.3673469388 -1.6122448777
-1.4285714286 -1.7142856957
-1.4897959184 -1.8163265131
-1.5510204082 -1.9183673346
-1.6122448980 -2.0204081443
-1.6734693878 -2.1224489618
-1.7346938776 -2.2244897859
-1.7959183673 -2.3265305976
-1.8571428571 -2.4285714107
-1.9183673469 -2.5306122229
-1.9795918367 -2.6326530341
-2.0408163265 -2.7346938488
-2.1020408163 -2.8367346587
-2.1632653061 -2.9387754832
-2.2244897959 -3.0408163039
-2.2857142857 -3.1428571248
-2.3469387755 -3.2448979395
-2.4081632653 -3.3469387506
-2.4693877551 -3.4489795673
-2.5306122449 -3.5510203868
-2.5918367347 -3.6530612007
-2.6530612245 -3.7551020227
-2.7142857143 -3.8571428431
-2.7755102041 -3.9591836543
-2.8367346939 -4.0612244661
-2.8979591837 -4.1632652842
-2.9591836735 -4.2653060962
-3.0204081633 -4.3673469146
-3.0816326531 -4.4693877291
-3.1428571429 -4.5714285458
-3.2040816327 -4.6734693597
-3.2653061224 -4.7755101806
-3.3265306122 -4.8775510005
-3.3877551020 -4.9795918170
-3.4489795918 -5.0816326327
-3.5102040816 -5.1836734405
-3.5714285714 -5.2857142593
-3.6326530612 -5.3877550683
-3.6938775510 -5.4897958886
-3.7551020408 -5.5918367112
-3.8163265306 -5.6938775209
-3.8775510204 -5.7959183390
-3.9387755102 -5.8979591519
-4.0000000000 -5.9999999707
