-1.0000000000 -0.9999999994
-1.0612244898 -1.1020408159
-1.1224489796 -1.2040816306
-1.1836734694 -1.3061224442
-1.2448979592 -1.4081632603
-1.3061224490 -1.5102040710
-1.3673469388 -1.6122448859
-1.4285714286 -1.7142857018
-1.4897959184 -1.8163265193
-1.5510204082 -1.9183673292
-1.6122448980 -2.0204081458
-1.6734693878 -2.1224489617
-1.7346938776 -2.2244897806
-1.7959183673 -2.3265306012
-1.8571428571 -2.4285714143
-1.9183673469 -2.5306122296
-1.9795918367 -2.6326530480
-2.0408163265 -2.7346938679
-2.1020408163 -2.8367346836
-2.1632653061 -2.9387754949
-2.2244897959 -3.0408163075
-2.2857142857 -3.1428571159
-2.3469387755 -3.2448979280
-2.4081632653 -3.3469387358
-2.4693877551 -3.4489795524
-2.5306122449 -3.5510203703
-2.5918367347 -3.6530611821
-2.6530612245 -3.7551019886
-2.7142857143 -3.8571428008
-2.7755102041 -3.9591836127
-2.8367346939 -4.0612244244
-2.8979591837 -4.1632652368
-2.9591836735 -4.2653060489
-3.0204081633 -4.3673468609
-3.0816326531 -4.4693876729
-3.1428571429 -4.5714284928
-3.2040816327 -4.6734693024
-3.2653061224 -4.7755101123
-3.3265306122 -4.8775509308
-3.3877551020 -4.9795917432
-3.4489795918 -5.0816325622
-3.5102040816 -5.1836733821
-3.5714285714 -5.2857142165
-3.6326530612 -5.3877550409
-3.6938775510 -5.4897958628
-3.7551020408 -5.5918366863
-3.8163265306 -5.6938775116
-3.8775510204 -5.7959183399
-3.9387755102 -5.8979591683
-4.0000000000 -6.0000000000
