exp: -9.8009880879
exp: -9.6020089577
exp: -9.4030928975
exp: -9.2042125897
exp: -9.0054047963
exp: -8.8066314891
exp: -8.6079205085
exp: -8.4092657166
exp: -8.2106708588
exp: -8.0120685518
exp: -7.8136309039
exp: -7.6146630725
exp: -7.4185188678
exp: -7.2208369152
exp: -7.0230086065
exp: -6.8254427213
exp: -6.6279672106
exp: -6.4306738720
exp: -6.2335490440
exp: -6.0367592394
exp: -5.8401507277
exp: -5.6440631262
exp: -5.4484481323
exp: -5.2536858631
exp: -5.0603763276
exp: -4.8683220456
exp: -4.6758115399
exp: -4.4832666108
exp: -4.2911690938
exp: -4.1001900111
exp: -3.9092895690
exp: -3.7191105188
exp: -3.5295479634
exp: -3.3454487110
exp: -3.1684207600
exp: -2.9934870171
exp: -2.8237612711
exp: -2.6628801612
exp: -2.5141228637
exp: -2.3694094692
exp: -2.2495581365
exp: -2.1598145691
exp: -2.0658266269
exp: -1.9881805540
exp: -1.9092824473
exp: -1.8647688498
exp: -1.8336018375
exp: -1.8212579403
exp: -1.8219505525
exp: -1.8342775049
exp: -1.8546301327
exp: -1.9092050643
exp: -2.1675417689
exp: -2.2921349419
exp: -2.4759253026
exp: -2.5838925992
exp: -2.6968470758
exp: -2.8146664916
exp: -2.9364876710
exp: -3.0653765873
exp: -3.1968550917
exp: -3.3315432999
exp: -3.4729415280
exp: -3.6142378635
exp: -3.7600788639
exp: -3.9085952796
exp: -4.0630733874
exp: -4.2142008160
exp: -4.3697240474
exp: -4.5072848800
exp: -4.6766605661
exp: -4.8596934000
exp: -4.9623880925
exp: -5.1500673013
exp: -5.3399034284
exp: -5.5389282029
exp: -5.7212426495
exp: -5.9009077840
exp: -6.0819451330
exp: -6.2599436936
exp: -6.4469948544
exp: -6.6377712407
exp: -6.8170413961
exp: -6.9988217544
exp: -7.2013466696
exp: -7.3923009464
exp: -7.5860940943
exp: -7.7771165565
exp: -7.9782281286
exp: -8.1715325105
exp: -8.3666321681
exp: -8.5703108244
exp: -8.7758330018
exp: -8.9748830942
exp: -9.1794274462
exp: -9.3843460417
exp: -9.5838586574
exp: -9.7876663007
exp: -9.9909419464
exp: -10.1932063418
Overlap: 0.0000000000
