exp: -9.8379140618
exp: -9.6763111099
exp: -9.5144800105
exp: -9.3526547303
exp: -9.1908347112
exp: -9.0290212105
exp: -8.8672143680
exp: -8.7054205256
exp: -8.5436288912
exp: -8.3818453293
exp: -8.2200719017
exp: -8.0583069201
exp: -7.8965537862
exp: -7.7348112394
exp: -7.5730829581
exp: -7.4113627331
exp: -7.2496513579
exp: -7.0879570654
exp: -6.9262699521
exp: -6.7645998277
exp: -6.6029503474
exp: -6.4413133807
exp: -6.2796981319
exp: -6.1181056124
exp: -5.9565283942
exp: -5.7949735817
exp: -5.6334424245
exp: -5.4719436318
exp: -5.3104896013
exp: -5.1490214585
exp: -4.9876125204
exp: -4.8262886439
exp: -4.6648795308
exp: -4.5036096835
exp: -4.3422667448
exp: -4.1809452855
exp: -4.0198093803
exp: -3.8587897262
exp: -3.6978165853
exp: -3.5369701095
exp: -3.3760881485
exp: -3.2152563245
exp: -3.0546058605
exp: -2.8941897192
exp: -2.7339515434
exp: -2.5742422518
exp: -2.4147738066
exp: -2.2557793784
exp: -2.0969499034
exp: -1.9416411531
exp: -1.7919371175
exp: -1.6482327554
exp: -1.5111358394
exp: -1.3839486974
exp: -1.2664480608
exp: -1.1605316501
exp: -1.0667990992
exp: -0.9853569101
exp: -0.9190877889
exp: -0.8678673939
exp: -0.8396702728
exp: -0.8348949955
exp: -0.8626142769
exp: -0.9154225741
exp: -0.9888126926
exp: -1.0735321880
exp: -1.1791245104
exp: -1.3079043938
exp: -1.4337603705
exp: -1.5577184231
exp: -1.6833888688
exp: -1.8137329889
exp: -1.9468443561
exp: -2.0819754547
exp: -2.2226862034
exp: -2.3641735123
exp: -2.5133306652
exp: -2.6651861765
exp: -2.8089998857
exp: -2.9683304767
exp: -3.1120925983
exp: -3.2696501453
exp: -3.4275635337
exp: -3.5853594988
exp: -3.7438875879
exp: -3.9090473737
exp: -4.0688930231
exp: -4.2295017956
exp: -4.3900815732
exp: -4.5492699396
exp: -4.7077283557
exp: -4.8752891618
exp: -5.0389614874
exp: -5.2047385244
exp: -5.3625191625
exp: -5.5251451775
exp: -5.6926472178
exp: -5.8619363463
exp: -6.0232186534
exp: -6.1856086892
Overlap: 0.0000000000
