exp: -9.8643253520
exp: -9.7287366317
exp: -9.5931885865
exp: -9.4576648963
exp: -9.3222369568
exp: -9.1868716391
exp: -9.0516026992
exp: -8.9163546439
exp: -8.7811853828
exp: -8.6460705081
exp: -8.5110183207
exp: -8.3760489402
exp: -8.2411544994
exp: -8.1063147808
exp: -7.9716137926
exp: -7.8369536225
exp: -7.7024189932
exp: -7.5679666576
exp: -7.4336487411
exp: -7.2994342317
exp: -7.1652989424
exp: -7.0313983925
exp: -6.8976491352
exp: -6.7640071398
exp: -6.6305275330
exp: -6.4972166942
exp: -6.3640272872
exp: -6.2310256110
exp: -6.0982130360
exp: -5.9656740707
exp: -5.8332932180
exp: -5.7010628244
exp: -5.5691365660
exp: -5.4375056571
exp: -5.3060390165
exp: -5.1747663029
exp: -5.0438219626
exp: -4.9133963291
exp: -4.7831747415
exp: -4.6535977801
exp: -4.5244306919
exp: -4.3955671077
exp: -4.2685573019
exp: -4.1447136306
exp: -4.0220730295
exp: -3.9000767045
exp: -3.7808646595
exp: -3.6660066409
exp: -3.5523496594
exp: -3.4423288128
exp: -3.3423478063
exp: -3.2473136232
exp: -3.1491578919
exp: -3.0595772283
exp: -2.9894572392
exp: -2.9187554153
exp: -2.8545857103
exp: -2.8001572308
exp: -2.7517211227
exp: -2.7090933924
exp: -2.6734078973
exp: -2.6438340877
exp: -2.6200964598
exp: -2.6023293357
exp: -2.5905195709
exp: -2.5840152396
exp: -2.5830130867
exp: -2.5875146970
exp: -2.5974835759
exp: -2.6135866990
exp: -2.6342342155
exp: -2.6599858416
exp: -2.6909633388
exp: -2.7268176236
exp: -2.7673949356
exp: -2.8124943546
exp: -2.8618843115
exp: -2.9153295599
exp: -2.9725696312
exp: -3.0333946666
exp: -3.0975864237
exp: -3.1649307421
exp: -3.2352192115
exp: -3.3082686384
exp: -3.3839398242
exp: -3.4621630041
exp: -3.5427546448
exp: -3.6256043064
exp: -3.7105737630
exp: -3.7976508142
exp: -3.8867025153
exp: -3.9776786823
exp: -4.0704979187
exp: -4.1649399628
exp: -4.2612159349
exp: -4.3591022475
exp: -4.4587010815
exp: -4.5600309977
exp: -4.6627149072
exp: -4.7669129688
Overlap: 0.0000000000
