exp: -9.8118216855
exp: -9.6237204444
exp: -9.4356787903
exp: -9.2477320606
exp: -9.0598347302
exp: -8.8719907947
exp: -8.6842469887
exp: -8.4965266646
exp: -8.3089060270
exp: -8.1212509406
exp: -7.9337301168
exp: -7.7464556216
exp: -7.5592035144
exp: -7.3719499699
exp: -7.1848234809
exp: -6.9979550303
exp: -6.8111056732
exp: -6.6244853137
exp: -6.4379209619
exp: -6.2517418399
exp: -6.0657371897
exp: -5.8797536388
exp: -5.6948423496
exp: -5.5093305139
exp: -5.3243224918
exp: -5.1395665437
exp: -4.9548189081
exp: -4.7713271945
exp: -4.5882990774
exp: -4.4056632804
exp: -4.2236793583
exp: -4.0421851912
exp: -3.8605450232
exp: -3.6822801949
exp: -3.5116204046
exp: -3.3470383502
exp: -3.1907163267
exp: -3.0392391835
exp: -2.9062083977
exp: -2.7749953219
exp: -2.6702972557
exp: -2.5761749993
exp: -2.5301464034
exp: -2.4799620373
exp: -2.4160891622
exp: -2.3938339557
exp: -2.3663713174
exp: -2.3475559480
exp: -2.3542988151
exp: -2.5017520247
exp: -2.5921766751
exp: -2.6387864086
exp: -2.6844867534
exp: -2.7378894215
exp: -2.7985588082
exp: -2.8660740364
exp: -2.9399938607
exp: -3.0198452374
exp: -3.1052772062
exp: -3.1957371355
exp: -3.2911234015
exp: -3.3907877671
exp: -3.4962398707
exp: -3.6044535981
exp: -3.7187355030
exp: -3.8349182175
exp: -3.9540808207
exp: -4.0780179288
exp: -4.2063006014
exp: -4.3351638109
exp: -4.4661322107
exp: -4.6053062279
exp: -4.7394720539
exp: -4.8736732078
exp: -5.0168368420
exp: -5.1584620121
exp: -5.2976526231
exp: -5.4429004979
exp: -5.5993272642
exp: -5.7489064589
exp: -5.8873867021
exp: -6.0603858356
exp: -6.2129217658
exp: -6.3627357288
exp: -6.5116653990
exp: -6.6936001160
exp: -6.8529382064
exp: -7.0141752290
exp: -7.1708297392
exp: -7.3342077560
exp: -7.4755726544
exp: -7.6410025891
exp: -7.8246283170
exp: -8.0223394674
exp: -8.1938795892
exp: -8.3574059580
exp: -8.5457605783
exp: -8.7166081230
exp: -8.8894998714
exp: -9.0661160193
Overlap: 0.0000000000
