exp: -9.8730057316
exp: -9.7460726789
exp: -9.6192224325
exp: -9.4924388906
exp: -9.3657473158
exp: -9.2391132940
exp: -9.1125536143
exp: -8.9861135773
exp: -8.8597644465
exp: -8.7335251616
exp: -8.6073798734
exp: -8.4813676383
exp: -8.3554258461
exp: -8.2295834216
exp: -8.1038492707
exp: -7.9781956805
exp: -7.8527405930
exp: -7.7273386578
exp: -7.6022306127
exp: -7.4773204619
exp: -7.3523361902
exp: -7.2275996393
exp: -7.1032226191
exp: -6.9787738164
exp: -6.8547620937
exp: -6.7310128216
exp: -6.6071697184
exp: -6.4838294622
exp: -6.3606054964
exp: -6.2378138446
exp: -6.1156555986
exp: -5.9938287572
exp: -5.8727753771
exp: -5.7519737425
exp: -5.6310917020
exp: -5.5115471254
exp: -5.3971133265
exp: -5.2779792543
exp: -5.1587973776
exp: -5.0405657809
exp: -4.9228954401
exp: -4.8057796616
exp: -4.6883827585
exp: -4.5702008547
exp: -4.4452486453
exp: -4.3396506764
exp: -4.2414238059
exp: -4.1396433621
exp: -4.0504367853
exp: -3.9612199601
exp: -3.8850001573
exp: -3.8118867570
exp: -3.7521044434
exp: -3.6899826436
exp: -3.6327131922
exp: -3.5774455294
exp: -3.5284200859
exp: -3.4823692863
exp: -3.4384674458
exp: -3.3971170416
exp: -3.3596899176
exp: -3.3249610032
exp: -3.2958198957
exp: -3.2686422434
exp: -3.2465638282
exp: -3.2256888734
exp: -3.2103744690
exp: -3.1985260265
exp: -3.1958665567
exp: -3.1895508038
exp: -3.1921946883
exp: -3.1975214319
exp: -3.1933471451
exp: -3.2419549446
exp: -3.2838895026
exp: -3.3185921312
exp: -3.3532999334
exp: -3.4014508262
exp: -3.4639077783
exp: -3.4920238939
exp: -3.5279935189
exp: -3.5778712991
exp: -3.6256320525
exp: -3.6725171103
exp: -3.8107347656
exp: -3.9889298690
exp: -4.0851759132
exp: -4.1608157461
exp: -4.2353621863
exp: -4.3118752130
exp: -4.3903635331
exp: -4.4707117727
exp: -4.5524776454
exp: -4.6359105382
exp: -4.7208053505
exp: -4.8068547895
exp: -4.8944039567
exp: -4.9838103104
exp: -5.0743056307
exp: -5.1654479398
Overlap: 0.0000000000
