exp: -9.8385626536
exp: -9.6769092782
exp: -9.5159061896
exp: -9.3546729691
exp: -9.1935155129
exp: -9.0324126227
exp: -8.8714708834
exp: -8.7105588531
exp: -8.5497663808
exp: -8.3890249358
exp: -8.2284207253
exp: -8.0683708255
exp: -7.9080430331
exp: -7.7478565607
exp: -7.5878225127
exp: -7.4279516317
exp: -7.2683023329
exp: -7.1086656345
exp: -6.9492513033
exp: -6.7900053330
exp: -6.6309813944
exp: -6.4721402259
exp: -6.3135699937
exp: -6.1553295074
exp: -5.9972354636
exp: -5.8394082151
exp: -5.6819017343
exp: -5.5249434386
exp: -5.3685327163
exp: -5.2125591970
exp: -5.0571718362
exp: -4.9027724447
exp: -4.7484571868
exp: -4.5945391113
exp: -4.4416765078
exp: -4.2926377916
exp: -4.1266604457
exp: -4.0053404836
exp: -3.8695288184
exp: -3.7403678937
exp: -3.6186025755
exp: -3.5037843763
exp: -3.3969700186
exp: -3.2950438621
exp: -3.1936432542
exp: -3.0994451296
exp: -3.0121781056
exp: -2.9353653506
exp: -2.8668804093
exp: -2.8062310065
exp: -2.7515221827
exp: -2.7114148309
exp: -2.6816496059
exp: -2.6587405469
exp: -2.6437151470
exp: -2.6373327056
exp: -2.6379012947
exp: -2.6459956626
exp: -2.6649351077
exp: -2.6904861216
exp: -2.7239968447
exp: -2.7652297496
exp: -2.8139647229
exp: -2.8696507046
exp: -2.9319339297
exp: -3.0002619983
exp: -3.0737049775
exp: -3.1515298092
exp: -3.2360611771
exp: -3.3216025674
exp: -3.4115296614
exp: -3.5107785285
exp: -3.6107138541
exp: -3.7206676661
exp: -3.8278535901
exp: -3.9378184992
exp: -4.0503926069
exp: -4.1655921478
exp: -4.2831717886
exp: -4.4030028089
exp: -4.5246224022
exp: -4.6485716379
exp: -4.7745306833
exp: -4.9017864639
exp: -5.0307065690
exp: -5.1612035972
exp: -5.2936803568
exp: -5.4274347381
exp: -5.5621276502
exp: -5.6983556489
exp: -5.8350412439
exp: -5.9731866649
exp: -6.1129508766
exp: -6.2534868062
exp: -6.3954694780
exp: -6.5370528675
exp: -6.6808220041
exp: -6.8260924738
exp: -6.9701199692
exp: -7.1160835357
Overlap: 0.0000000000
