exp: -9.8540626769
exp: -9.7081941662
exp: -9.5623982783
exp: -9.4167104096
exp: -9.2711065873
exp: -9.1256374510
exp: -8.9802669708
exp: -8.8350159986
exp: -8.6898946768
exp: -8.5448975618
exp: -8.4000001439
exp: -8.2553325609
exp: -8.1107315301
exp: -7.9662837789
exp: -7.8220632498
exp: -7.6780650330
exp: -7.5342233107
exp: -7.3904467236
exp: -7.2471372356
exp: -7.1039661926
exp: -6.9612424895
exp: -6.8190099767
exp: -6.6772548783
exp: -6.5361369731
exp: -6.3954342906
exp: -6.2548247651
exp: -6.1143659505
exp: -5.9741245973
exp: -5.8347959731
exp: -5.6966284917
exp: -5.5596685734
exp: -5.4232313869
exp: -5.2865575675
exp: -5.1498627068
exp: -5.0136714745
exp: -4.8783303772
exp: -4.7433709080
exp: -4.6087590312
exp: -4.4748370888
exp: -4.3417363318
exp: -4.2095866677
exp: -4.0783466921
exp: -3.9495500078
exp: -3.8224590263
exp: -3.6992800042
exp: -3.5791410227
exp: -3.4620327064
exp: -3.3479159690
exp: -3.2393027498
exp: -3.1394252894
exp: -3.0497507480
exp: -2.9600003297
exp: -2.8780310234
exp: -2.8046531369
exp: -2.7382805584
exp: -2.6796370875
exp: -2.6286161738
exp: -2.5853918607
exp: -2.5502557301
exp: -2.5211464689
exp: -2.4995986844
exp: -2.4838159345
exp: -2.4745845146
exp: -2.4732569756
exp: -2.4780522804
exp: -2.4904216744
exp: -2.5090775871
exp: -2.5359615581
exp: -2.5694105832
exp: -2.6115733370
exp: -2.6584510578
exp: -2.7173829206
exp: -2.7761872590
exp: -2.8462030952
exp: -2.9219948755
exp: -3.0030719567
exp: -3.0955659628
exp: -3.1810169984
exp: -3.2682100797
exp: -3.3582480544
exp: -3.4537608325
exp: -3.5474598117
exp: -3.6451135291
exp: -3.7489124326
exp: -3.8514040403
exp: -3.9521700100
exp: -4.0545913572
exp: -4.1601213014
exp: -4.2711415807
exp: -4.3812611616
exp: -4.4983928775
exp: -4.6092202116
exp: -4.7235871642
exp: -4.8380514478
exp: -4.9496002248
exp: -5.0658828166
exp: -5.1961589577
exp: -5.3136936162
exp: -5.4571439964
exp: -5.5797173276
Overlap: 0.0000000000
