exp: -9.8490120712
exp: -9.6978760735
exp: -9.5472163211
exp: -9.3966590537
exp: -9.2461038876
exp: -9.0956131332
exp: -8.9452315414
exp: -8.7950178032
exp: -8.6449017792
exp: -8.4949000330
exp: -8.3450258963
exp: -8.1953179415
exp: -8.0456925986
exp: -7.8962773140
exp: -7.7470312751
exp: -7.5980054346
exp: -7.4492634456
exp: -7.3008168221
exp: -7.1526510907
exp: -7.0048253831
exp: -6.8574181994
exp: -6.7103748006
exp: -6.5634803249
exp: -6.4169251236
exp: -6.2707903315
exp: -6.1252537339
exp: -5.9804608919
exp: -5.8360312086
exp: -5.6921852238
exp: -5.5496090380
exp: -5.4076476235
exp: -5.2668449589
exp: -5.1260322123
exp: -4.9853277383
exp: -4.8449363874
exp: -4.7050553271
exp: -4.5658611192
exp: -4.4276116488
exp: -4.2907713904
exp: -4.1544764110
exp: -4.0199928911
exp: -3.8878775789
exp: -3.7580407591
exp: -3.6315786134
exp: -3.5086913704
exp: -3.3905938744
exp: -3.2781430061
exp: -3.1767000483
exp: -3.0826023573
exp: -2.9997743570
exp: -2.9149345208
exp: -2.8468418487
exp: -2.7761537900
exp: -2.7495984690
exp: -2.7156237652
exp: -2.6787803173
exp: -2.6503707560
exp: -2.6304335532
exp: -2.6162359632
exp: -2.6233500390
exp: -2.6389178017
exp: -2.6524686003
exp: -2.6710395054
exp: -2.6984995914
exp: -2.7315437506
exp: -2.7712859484
exp: -2.8165530537
exp: -2.8669092572
exp: -2.9219769156
exp: -2.9823687851
exp: -3.0471444280
exp: -3.1179056978
exp: -3.1889504396
exp: -3.2653264417
exp: -3.3464102693
exp: -3.4311155433
exp: -3.5196611244
exp: -3.6112329000
exp: -3.7069156277
exp: -3.8049394742
exp: -3.9067815583
exp: -4.0091490159
exp: -4.1141173299
exp: -4.2206501225
exp: -4.3303979200
exp: -4.4450412691
exp: -4.5583012015
exp: -4.6760232218
exp: -4.7889806285
exp: -4.9108694789
exp: -5.0322477568
exp: -5.1591846310
exp: -5.2890366132
exp: -5.4130432451
exp: -5.5329270534
exp: -5.6567922160
exp: -5.7977020763
exp: -5.9196386431
exp: -6.0509370467
exp: -6.1983441446
Overlap: 0.0000000000
