exp: -9.8211695579
exp: -9.6424064346
exp: -9.4637029527
exp: -9.2850651729
exp: -9.1064943116
exp: -8.9279974128
exp: -8.7495781046
exp: -8.5712431632
exp: -8.3929920701
exp: -8.2148247518
exp: -8.0367565123
exp: -7.8588090613
exp: -7.6809462282
exp: -7.5032559079
exp: -7.3256411107
exp: -7.1481388369
exp: -6.9708391516
exp: -6.7936778409
exp: -6.6166617782
exp: -6.4397861228
exp: -6.2630763537
exp: -6.0866025760
exp: -5.9104542704
exp: -5.7344546750
exp: -5.5588499776
exp: -5.3834378627
exp: -5.2084820892
exp: -5.0337059623
exp: -4.8593277172
exp: -4.6854464388
exp: -4.5120390345
exp: -4.3391130933
exp: -4.1667183425
exp: -3.9952288235
exp: -3.8244510217
exp: -3.6542857647
exp: -3.4848962338
exp: -3.3165074056
exp: -3.1490127612
exp: -2.9854353072
exp: -2.8253686929
exp: -2.6758086281
exp: -2.5340489403
exp: -2.4012533273
exp: -2.2755154418
exp: -2.1521847263
exp: -2.0351080198
exp: -1.9290682977
exp: -1.8475508468
exp: -1.7636345751
exp: -1.7199411939
exp: -1.6832058596
exp: -1.6463159115
exp: -1.6162580906
exp: -1.6273509453
exp: -1.6488074260
exp: -1.6116444067
exp: -1.6556808269
exp: -1.7340980751
exp: -1.8120181792
exp: -1.9047329357
exp: -2.0020512841
exp: -2.1070093977
exp: -2.2128519763
exp: -2.3328636978
exp: -2.4388243394
exp: -2.5666325740
exp: -2.6779854016
exp: -2.8873214693
exp: -3.0212674078
exp: -3.1679028836
exp: -3.3164509190
exp: -3.4740854745
exp: -3.6234010816
exp: -3.7797266219
exp: -3.9398707145
exp: -4.1027856624
exp: -4.2810401258
exp: -4.4498680539
exp: -4.6128560961
exp: -4.7839463328
exp: -4.9613607185
exp: -5.1342281974
exp: -5.3054583180
exp: -5.4882000523
exp: -5.6719501722
exp: -5.8469411050
exp: -6.0201912124
exp: -6.1975472962
exp: -6.3602379360
exp: -6.5436830363
exp: -6.7098035832
exp: -6.8775055573
exp: -7.0596303217
exp: -7.2345330712
exp: -7.4105198167
exp: -7.5829268881
exp: -7.7569168498
exp: -7.9314028779
exp: -8.1009822726
Overlap: 0.0000000000
