exp: -9.8839968807
exp: -9.7681091199
exp: -9.6523360929
exp: -9.5366867913
exp: -9.4211878732
exp: -9.3058065931
exp: -9.1905741327
exp: -9.0754857038
exp: -8.9605051988
exp: -8.8457573576
exp: -8.7311394783
exp: -8.6167132883
exp: -8.5024212851
exp: -8.3883173021
exp: -8.2743287917
exp: -8.1606226941
exp: -8.0470932222
exp: -7.9337573109
exp: -7.8205740751
exp: -7.7076056352
exp: -7.5950054063
exp: -7.4825944681
exp: -7.3702741593
exp: -7.2582529648
exp: -7.1463665776
exp: -7.0348375770
exp: -6.9236016225
exp: -6.8126409855
exp: -6.7017727304
exp: -6.5913299632
exp: -6.4812751757
exp: -6.3713317955
exp: -6.2617135922
exp: -6.1526873503
exp: -6.0436927239
exp: -5.9350235672
exp: -5.8267645756
exp: -5.7189929780
exp: -5.6117631454
exp: -5.5048849726
exp: -5.3992583652
exp: -5.2932946487
exp: -5.1877451009
exp: -5.0837851479
exp: -4.9819163155
exp: -4.8812549343
exp: -4.7751320067
exp: -4.6711125165
exp: -4.5749561801
exp: -4.4830304146
exp: -4.3963477176
exp: -4.3157845713
exp: -4.2404922843
exp: -4.1708236780
exp: -4.1066605039
exp: -4.0459614057
exp: -3.9914370308
exp: -3.9422912924
exp: -3.8981801863
exp: -3.8579801796
exp: -3.8210158717
exp: -3.7890587533
exp: -3.7613499470
exp: -3.7373187707
exp: -3.7171001863
exp: -3.7004000433
exp: -3.6869981112
exp: -3.6772377281
exp: -3.6709571275
exp: -3.6682420809
exp: -3.6685714986
exp: -3.6723592268
exp: -3.6791135287
exp: -3.6887314397
exp: -3.7018309588
exp: -3.7179807740
exp: -3.7358625960
exp: -3.7583576292
exp: -3.7837453143
exp: -3.8119225935
exp: -3.8429804161
exp: -3.8773246333
exp: -3.9144859675
exp: -3.9544540639
exp: -3.9969775712
exp: -4.0421064670
exp: -4.0899890388
exp: -4.1402650437
exp: -4.1934676315
exp: -4.2485342261
exp: -4.3058438597
exp: -4.3650947628
exp: -4.4262517856
exp: -4.4898314776
exp: -4.5544340386
exp: -4.6209503734
exp: -4.6898828243
exp: -4.7590202380
exp: -4.8307634975
exp: -4.9033836160
Overlap: 0.0000000000
