exp: -9.8185033367
exp: -9.6372241300
exp: -9.4562037899
exp: -9.2753340941
exp: -9.0947076749
exp: -8.9142835807
exp: -8.7341511532
exp: -8.5542624941
exp: -8.3747188133
exp: -8.1954586359
exp: -8.0165443632
exp: -7.8378873074
exp: -7.6597224206
exp: -7.4818681269
exp: -7.3044526674
exp: -7.1275727888
exp: -6.9510441000
exp: -6.7749943164
exp: -6.5994886903
exp: -6.4247755483
exp: -6.2503879112
exp: -6.0767754747
exp: -5.9040319258
exp: -5.7318845045
exp: -5.5605919136
exp: -5.3903361996
exp: -5.2208971742
exp: -5.0523822230
exp: -4.8844657130
exp: -4.7177088602
exp: -4.5522762594
exp: -4.3878864312
exp: -4.2229149459
exp: -4.0539512286
exp: -3.8832233338
exp: -3.7349872692
exp: -3.5952580848
exp: -3.4706175753
exp: -3.3516626972
exp: -3.2503892675
exp: -3.1575733393
exp: -3.0780550461
exp: -3.0077848602
exp: -2.9467133917
exp: -2.8958653084
exp: -2.8540347702
exp: -2.8209067916
exp: -2.7956517427
exp: -2.7783357396
exp: -2.7697726353
exp: -2.7674584776
exp: -2.7909694574
exp: -2.8171408409
exp: -2.8726268866
exp: -2.9192670811
exp: -2.9732645585
exp: -3.0387406496
exp: -3.1204733872
exp: -3.2087128408
exp: -3.3008487114
exp: -3.3955436110
exp: -3.4972678076
exp: -3.6049067764
exp: -3.7151437975
exp: -3.8280416944
exp: -3.9429053179
exp: -4.0602268299
exp: -4.1808829896
exp: -4.3024256767
exp: -4.4241017401
exp: -4.5539991530
exp: -4.6815532756
exp: -4.8208612339
exp: -4.9521959330
exp: -5.0939060321
exp: -5.2419972085
exp: -5.3791543105
exp: -5.5224384616
exp: -5.6638150910
exp: -5.8038219339
exp: -5.9522134998
exp: -6.0969662070
exp: -6.2512201331
exp: -6.4089217151
exp: -6.5547687488
exp: -6.7099058395
exp: -6.8664842439
exp: -7.0074613639
exp: -7.1787721889
exp: -7.3360413079
exp: -7.5051048719
exp: -7.6566439009
exp: -7.8287837735
exp: -7.9847416590
exp: -8.1397711377
exp: -8.3073083401
exp: -8.4694285680
exp: -8.6279417959
exp: -8.7942407203
exp: -8.9576631399
Overlap: 0.0000000000
