exp: -9.8127832743
exp: -9.6256563821
exp: -9.4386135020
exp: -9.2516952156
exp: -9.0648742428
exp: -8.8781945403
exp: -8.6916156598
exp: -8.5052293414
exp: -8.3188466374
exp: -8.1326800220
exp: -7.9466338359
exp: -7.7607204583
exp: -7.5750272873
exp: -7.3895658754
exp: -7.2042606666
exp: -7.0191945294
exp: -6.8344404970
exp: -6.6500357835
exp: -6.4660241451
exp: -6.2824324432
exp: -6.0996439920
exp: -5.9178843983
exp: -5.7369125651
exp: -5.5561780901
exp: -5.3758580911
exp: -5.1960091963
exp: -5.0165995513
exp: -4.8383265488
exp: -4.6615915254
exp: -4.4859086735
exp: -4.3121758028
exp: -4.1394548499
exp: -3.9672210887
exp: -3.7962905666
exp: -3.6273377985
exp: -3.4602236435
exp: -3.2954589148
exp: -3.1352002969
exp: -2.9827554288
exp: -2.8472896354
exp: -2.7210708804
exp: -2.6004015140
exp: -2.4905365336
exp: -2.3781265766
exp: -2.2703888045
exp: -2.2123173428
exp: -2.1647421906
exp: -2.1227977280
exp: -2.0957494121
exp: -2.0791683662
exp: -2.0711908833
exp: -2.0746872230
exp: -2.0860501677
exp: -2.1212970836
exp: -2.1589949537
exp: -2.2227051999
exp: -2.2921527674
exp: -2.3653291454
exp: -2.4376118240
exp: -2.5064929700
exp: -2.6652443607
exp: -2.8503186050
exp: -2.9749310335
exp: -3.0895982039
exp: -3.2125221550
exp: -3.3381319801
exp: -3.4692739078
exp: -3.5963776556
exp: -3.7285646113
exp: -3.8661719145
exp: -4.0070018726
exp: -4.1502980736
exp: -4.2971140745
exp: -4.4456475861
exp: -4.5945778231
exp: -4.7501224132
exp: -4.9009187817
exp: -5.0554211434
exp: -5.2125509979
exp: -5.3727023357
exp: -5.5335249729
exp: -5.6837595524
exp: -5.8529288097
exp: -6.0157854973
exp: -6.1734935960
exp: -6.3408483438
exp: -6.5095624161
exp: -6.6954386990
exp: -6.8427199600
exp: -7.0234229412
exp: -7.2112959488
exp: -7.3828098438
exp: -7.5647307797
exp: -7.7511031194
exp: -7.9385176741
exp: -8.1221103714
exp: -8.3018874123
exp: -8.4829318950
exp: -8.6674861623
exp: -8.8567288710
Overlap: 0.0000000000
