exp: -9.8482168879
exp: -9.6964390840
exp: -9.5446448331
exp: -9.3933383623
exp: -9.2418978732
exp: -9.0905711633
exp: -8.9393416395
exp: -8.7882541209
exp: -8.6373057746
exp: -8.4864990952
exp: -8.3357894594
exp: -8.1853261904
exp: -8.0349290154
exp: -7.8846191338
exp: -7.7346942025
exp: -7.5847401159
exp: -7.4354062818
exp: -7.2862044681
exp: -7.1371303861
exp: -6.9882026965
exp: -6.8395806674
exp: -6.6912555541
exp: -6.5433856771
exp: -6.3961625453
exp: -6.2491142921
exp: -6.1028374652
exp: -5.9572620026
exp: -5.8117296948
exp: -5.6665322843
exp: -5.5213087917
exp: -5.3765661950
exp: -5.2321899171
exp: -5.0882739357
exp: -4.9450922707
exp: -4.8023446720
exp: -4.6606473089
exp: -4.5191913257
exp: -4.3789803480
exp: -4.2429612528
exp: -4.1097705166
exp: -3.9770424525
exp: -3.8625397193
exp: -3.7566726597
exp: -3.6659292279
exp: -3.5867326162
exp: -3.5074872816
exp: -3.4330319048
exp: -3.3628511260
exp: -3.3133822890
exp: -3.2722542155
exp: -3.2391063196
exp: -3.2125230113
exp: -3.1910087396
exp: -3.1764394993
exp: -3.1692421780
exp: -3.1691229962
exp: -3.1754001951
exp: -3.1876018185
exp: -3.2055855533
exp: -3.2290831122
exp: -3.2577769019
exp: -3.2913841265
exp: -3.3297017807
exp: -3.3724736958
exp: -3.4195129984
exp: -3.4706341670
exp: -3.5256626313
exp: -3.5844108372
exp: -3.6466768242
exp: -3.7122546979
exp: -3.7809869670
exp: -3.8518722778
exp: -3.9258936967
exp: -4.0030253102
exp: -4.0817308689
exp: -4.1616437504
exp: -4.2451190471
exp: -4.3290130081
exp: -4.4218104137
exp: -4.5223314643
exp: -4.6201974530
exp: -4.7166968930
exp: -4.8152656574
exp: -4.9152944596
exp: -5.0171272357
exp: -5.1200872553
exp: -5.2249613424
exp: -5.3312271650
exp: -5.4388812388
exp: -5.5482878555
exp: -5.6584929534
exp: -5.7696492155
exp: -5.8820533520
exp: -5.9970231436
exp: -6.1118724142
exp: -6.2293179326
exp: -6.3463545204
exp: -6.4639990004
exp: -6.5822965121
exp: -6.7036141836
Overlap: 0.0000000000
