exp: -9.8868074130
exp: -9.7736746347
exp: -9.6605765535
exp: -9.5475199803
exp: -9.4345145760
exp: -9.3215596562
exp: -9.2086548083
exp: -9.0958408569
exp: -8.9830743056
exp: -8.8703620695
exp: -8.7578208444
exp: -8.6452180327
exp: -8.5326800002
exp: -8.4202950209
exp: -8.3078924211
exp: -8.1956768404
exp: -8.0835026027
exp: -7.9713639127
exp: -7.8593383923
exp: -7.7473590833
exp: -7.6355336165
exp: -7.5238219494
exp: -7.4122607226
exp: -7.3008868471
exp: -7.1898526988
exp: -7.0790680904
exp: -6.9687510163
exp: -6.8585525320
exp: -6.7486904906
exp: -6.6389340663
exp: -6.5295661241
exp: -6.4202613093
exp: -6.3111581969
exp: -6.2019867583
exp: -6.0928749548
exp: -5.9839439043
exp: -5.8753846837
exp: -5.7669107045
exp: -5.6588020999
exp: -5.5508924204
exp: -5.4431661696
exp: -5.3354355485
exp: -5.2281486686
exp: -5.1210751918
exp: -5.0141214120
exp: -4.9077530766
exp: -4.8015304739
exp: -4.6960075283
exp: -4.5927921742
exp: -4.4921313276
exp: -4.3952624954
exp: -4.3011927149
exp: -4.2092487592
exp: -4.1200875395
exp: -4.0341681976
exp: -3.9506267260
exp: -3.8701853016
exp: -3.7930559920
exp: -3.7192806812
exp: -3.6495407037
exp: -3.5841017109
exp: -3.5228061852
exp: -3.4659089231
exp: -3.4135696713
exp: -3.3657688845
exp: -3.3229071105
exp: -3.2849243479
exp: -3.2514186709
exp: -3.2224081525
exp: -3.1976792132
exp: -3.1774855944
exp: -3.1615477971
exp: -3.1497609523
exp: -3.1418412215
exp: -3.1359694593
exp: -3.1383670039
exp: -3.1425529497
exp: -3.1501321692
exp: -3.1613557301
exp: -3.1754168625
exp: -3.1934287868
exp: -3.2141538076
exp: -3.2377717673
exp: -3.2641636405
exp: -3.2932831550
exp: -3.3249905442
exp: -3.3591898735
exp: -3.3958234749
exp: -3.4347906412
exp: -3.4760098711
exp: -3.5193333671
exp: -3.5645885793
exp: -3.6116604798
exp: -3.6612120069
exp: -3.7117214803
exp: -3.7656477388
exp: -3.8211544754
exp: -3.8775669488
exp: -3.9357306012
exp: -3.9958401983
Overlap: 0.0000000000
