exp: -9.8096464562
exp: -9.6193208938
exp: -9.4290232961
exp: -9.2386706922
exp: -9.0484450001
exp: -8.8568096609
exp: -8.6680194462
exp: -8.4748567429
exp: -8.2888269201
exp: -8.0990333602
exp: -7.9093307589
exp: -7.7196516053
exp: -7.5300238300
exp: -7.3404123853
exp: -7.1509239462
exp: -6.9614538089
exp: -6.7721201872
exp: -6.5828875323
exp: -6.3935259732
exp: -6.2050373884
exp: -6.0163081986
exp: -5.8276417260
exp: -5.6389235364
exp: -5.4506637369
exp: -5.2630348775
exp: -5.0748514497
exp: -4.8874074113
exp: -4.7003724776
exp: -4.5138611388
exp: -4.3269504532
exp: -4.1407525746
exp: -3.9596066103
exp: -3.7943984115
exp: -3.6271194882
exp: -3.4629718254
exp: -3.3098180933
exp: -3.1757637291
exp: -3.0507342974
exp: -2.9304607618
exp: -2.8075189052
exp: -2.6846138572
exp: -2.5790051913
exp: -2.4817627123
exp: -2.3962840806
exp: -2.3314536552
exp: -2.2771693326
exp: -2.2344329153
exp: -2.2043239483
exp: -2.1913072509
exp: -2.1808050286
exp: -2.1800005815
exp: -2.1928323520
exp: -2.2191972601
exp: -2.2897411545
exp: -2.3602359141
exp: -2.4310574738
exp: -2.5123757694
exp: -2.6225287114
exp: -2.7272115952
exp: -2.8519862758
exp: -2.9716628609
exp: -3.0851443363
exp: -3.1856288767
exp: -3.3308971983
exp: -3.4519229350
exp: -3.5787427696
exp: -3.7074407028
exp: -3.8317348790
exp: -3.9559306575
exp: -4.0953560794
exp: -4.2219775644
exp: -4.3576145957
exp: -4.4905463463
exp: -4.6212664463
exp: -4.7580311279
exp: -4.8663055350
exp: -5.0215961548
exp: -5.1484079272
exp: -5.3123722587
exp: -5.4543340015
exp: -5.5947008485
exp: -5.7308688203
exp: -5.8809523427
exp: -6.0223192666
exp: -6.1368936346
exp: -6.2436488218
exp: -6.4492431227
exp: -6.5798073611
exp: -6.7585307524
exp: -6.9148815469
exp: -7.0499327888
exp: -7.2112968667
exp: -7.3279640929
exp: -7.4980815773
exp: -7.6058483601
exp: -7.7460292001
exp: -7.9355671463
exp: -8.0989132790
exp: -8.2693168590
exp: -8.3897311252
Overlap: 0.0000000000
