exp: -9.8214583124
exp: -9.6429438911
exp: -9.4639163654
exp: -9.2856968632
exp: -9.1079109758
exp: -8.9299295631
exp: -8.7517596961
exp: -8.5737321642
exp: -8.3956916962
exp: -8.2179126511
exp: -8.0400378401
exp: -7.8623260885
exp: -7.6847137894
exp: -7.5072044115
exp: -7.3300252955
exp: -7.1529670829
exp: -6.9758751715
exp: -6.7988891095
exp: -6.6222070919
exp: -6.4459053641
exp: -6.2696405913
exp: -6.0946403793
exp: -5.9194896680
exp: -5.7459281082
exp: -5.5718830231
exp: -5.3993058084
exp: -5.2276335809
exp: -5.0558658755
exp: -4.8841139659
exp: -4.7179231737
exp: -4.5480127124
exp: -4.3779568629
exp: -4.2095430310
exp: -4.0414150740
exp: -3.8763985868
exp: -3.7175349832
exp: -3.5631104462
exp: -3.4088116671
exp: -3.2712214479
exp: -3.1354217625
exp: -3.0124796366
exp: -2.8962329740
exp: -2.7849481691
exp: -2.6807194569
exp: -2.5882806748
exp: -2.5049536588
exp: -2.4236359540
exp: -2.3769958430
exp: -2.3283410280
exp: -2.3261472715
exp: -2.3973589852
exp: -2.3971071776
exp: -2.4013192145
exp: -2.4164252816
exp: -2.4425517896
exp: -2.4804277473
exp: -2.5298072322
exp: -2.5906505446
exp: -2.6607269334
exp: -2.7389738969
exp: -2.8244630237
exp: -2.9161325937
exp: -3.0133100866
exp: -3.1156468970
exp: -3.2225783542
exp: -3.3336958821
exp: -3.4486389745
exp: -3.5670025739
exp: -3.6889748926
exp: -3.8145877880
exp: -3.9433876221
exp: -4.0750353145
exp: -4.2091204122
exp: -4.3455420051
exp: -4.4842814146
exp: -4.6251464050
exp: -4.7681393237
exp: -4.9130886569
exp: -5.0596731383
exp: -5.2078498088
exp: -5.3575709002
exp: -5.5088899873
exp: -5.6620163639
exp: -5.8161042853
exp: -5.9718166865
exp: -6.1285251593
exp: -6.2868650399
exp: -6.4458831679
exp: -6.6064467927
exp: -6.7678592727
exp: -6.9301044166
exp: -7.0937867592
exp: -7.2583415673
exp: -7.4236445915
exp: -7.5897024018
exp: -7.7562744818
exp: -7.9241632991
exp: -8.0926674293
exp: -8.2615785948
exp: -8.4315481087
Overlap: 0.0000000000
