exp: -9.8058880041
exp: -9.6118533516
exp: -9.4178708269
exp: -9.2239510157
exp: -9.0301018966
exp: -8.8363491191
exp: -8.6426517268
exp: -8.4490525438
exp: -8.2555681189
exp: -8.0621334056
exp: -7.8688309280
exp: -7.6756183174
exp: -7.4824811173
exp: -7.2895222786
exp: -7.0966993903
exp: -6.9040017759
exp: -6.7114983360
exp: -6.5193370497
exp: -6.3274078148
exp: -6.1356015540
exp: -5.9441069351
exp: -5.7526068798
exp: -5.5612950185
exp: -5.3706307497
exp: -5.1801687295
exp: -4.9905142615
exp: -4.8014806428
exp: -4.6129540297
exp: -4.4234519582
exp: -4.2356296156
exp: -4.0477985607
exp: -3.8609941953
exp: -3.6870956435
exp: -3.5223997040
exp: -3.3777058767
exp: -3.2436576291
exp: -3.1405944860
exp: -3.0652023675
exp: -2.9847652950
exp: -2.9158465389
exp: -2.8608825005
exp: -2.8187777372
exp: -2.7892460544
exp: -2.7709258383
exp: -2.7642647611
exp: -2.7689666023
exp: -2.7840561285
exp: -2.8088184141
exp: -2.8425333078
exp: -2.8846772367
exp: -2.9347043429
exp: -2.9921403948
exp: -3.0565604769
exp: -3.1274062420
exp: -3.2040847904
exp: -3.2863054523
exp: -3.3738690958
exp: -3.4658835491
exp: -3.5656594580
exp: -3.6647258510
exp: -3.7760929784
exp: -3.8874952889
exp: -4.0018117222
exp: -4.1198930266
exp: -4.2462788016
exp: -4.3701631164
exp: -4.4996072195
exp: -4.6291366704
exp: -4.7607249654
exp: -4.8966441533
exp: -5.0310272989
exp: -5.1678976126
exp: -5.3217577139
exp: -5.4672694705
exp: -5.6108747241
exp: -5.7548997515
exp: -5.9043989806
exp: -6.0619114773
exp: -6.2148151197
exp: -6.3738798186
exp: -6.5301139527
exp: -6.6913774761
exp: -6.8620150442
exp: -7.0135278122
exp: -7.1801899708
exp: -7.3384296833
exp: -7.5020457244
exp: -7.6696275614
exp: -7.8215760165
exp: -8.0191717219
exp: -8.1985322967
exp: -8.3725624157
exp: -8.5385699915
exp: -8.7009392959
exp: -8.8739743315
exp: -9.0575958996
exp: -9.2280566129
exp: -9.4165584502
exp: -9.5555506028
exp: -9.7482322350
Overlap: 0.0000000000
