exp: -9.8522016210
exp: -9.7045246209
exp: -9.5569168492
exp: -9.4094058485
exp: -9.2620051246
exp: -9.1147193912
exp: -8.9675474817
exp: -8.8204742479
exp: -8.6735002360
exp: -8.5266858796
exp: -8.3799918867
exp: -8.2333902487
exp: -8.0869377249
exp: -7.9406548486
exp: -7.7945604449
exp: -7.6486503031
exp: -7.5030007593
exp: -7.3575657899
exp: -7.2124440810
exp: -7.0675078153
exp: -6.9230088929
exp: -6.7785059957
exp: -6.6350347726
exp: -6.4928151851
exp: -6.3517504773
exp: -6.2116830167
exp: -6.0705628247
exp: -5.9294370923
exp: -5.7886423325
exp: -5.6482555472
exp: -5.5082730904
exp: -5.3690860004
exp: -5.2304134738
exp: -5.0923971616
exp: -4.9551781975
exp: -4.8189538821
exp: -4.6835537822
exp: -4.5495471661
exp: -4.4218559816
exp: -4.3033734206
exp: -4.1939498041
exp: -4.0917132291
exp: -3.9970450481
exp: -3.9098512481
exp: -3.8320166444
exp: -3.7631043387
exp: -3.7016940394
exp: -3.6465383025
exp: -3.5966270719
exp: -3.5519045596
exp: -3.5136410667
exp: -3.4821617409
exp: -3.4573088264
exp: -3.4386962903
exp: -3.4242433199
exp: -3.4168642959
exp: -3.4168633713
exp: -3.4236268085
exp: -3.4365937348
exp: -3.4553110922
exp: -3.4793306847
exp: -3.5084277998
exp: -3.5423795455
exp: -3.5809058936
exp: -3.6238265358
exp: -3.6708712448
exp: -3.7221039202
exp: -3.7771079743
exp: -3.8357658237
exp: -3.8980034455
exp: -3.9634179545
exp: -4.0318718373
exp: -4.1033341774
exp: -4.1781220338
exp: -4.2556248513
exp: -4.3351082820
exp: -4.4172967488
exp: -4.5028309564
exp: -4.5907258266
exp: -4.6799391927
exp: -4.7707137710
exp: -4.8635150530
exp: -4.9580640970
exp: -5.0540759390
exp: -5.1519219189
exp: -5.2508090963
exp: -5.3516446790
exp: -5.4537267262
exp: -5.5572946518
exp: -5.6619042068
exp: -5.7678696415
exp: -5.8756288849
exp: -5.9846641239
exp: -6.0934326798
exp: -6.2036479451
exp: -6.3166808641
exp: -6.4298212435
exp: -6.5439314357
exp: -6.6586868391
exp: -6.7744368282
Overlap: 0.0000000000
