exp: -9.8027225459
exp: -9.6054836617
exp: -9.4078250458
exp: -9.2112247279
exp: -9.0142821121
exp: -8.8173323903
exp: -8.6204577589
exp: -8.4236511197
exp: -8.2269098056
exp: -8.0302862191
exp: -7.8337240332
exp: -7.6372608197
exp: -7.4408698438
exp: -7.2446302767
exp: -7.0485282627
exp: -6.8525659714
exp: -6.6567139621
exp: -6.4610745615
exp: -6.2656285034
exp: -6.0703403749
exp: -5.8754285819
exp: -5.6812296065
exp: -5.4875189216
exp: -5.2946801769
exp: -5.1039434736
exp: -4.9150190642
exp: -4.7261952380
exp: -4.5357717345
exp: -4.3456932650
exp: -4.1565234667
exp: -3.9681020564
exp: -3.7807510914
exp: -3.5947532449
exp: -3.4096070087
exp: -3.2293270306
exp: -3.0534696393
exp: -2.8850668791
exp: -2.7264903514
exp: -2.5731881196
exp: -2.4378596828
exp: -2.3115899552
exp: -2.2048868058
exp: -2.1129924217
exp: -2.0564965063
exp: -2.0020959961
exp: -1.9616369036
exp: -1.9339852560
exp: -1.9180687537
exp: -1.9167976776
exp: -1.9358640493
exp: -1.9745242983
exp: -2.0265503982
exp: -2.0919953044
exp: -2.1692180534
exp: -2.2552960898
exp: -2.3515401335
exp: -2.4549982728
exp: -2.5789300475
exp: -2.7033838680
exp: -2.8303773935
exp: -2.9646359247
exp: -3.1074072545
exp: -3.2542392332
exp: -3.4048702463
exp: -3.5617915758
exp: -3.7228351868
exp: -3.8883915922
exp: -4.0580067714
exp: -4.2332059276
exp: -4.4108484293
exp: -4.5957466345
exp: -4.7810079697
exp: -4.9661642213
exp: -5.1522484393
exp: -5.3381772447
exp: -5.5233599916
exp: -5.7095399480
exp: -5.8966455062
exp: -6.0846165611
exp: -6.2740915239
exp: -6.4645218921
exp: -6.6565111545
exp: -6.8492192276
exp: -7.0431186395
exp: -7.2382209114
exp: -7.4338160051
exp: -7.6300638731
exp: -7.8265762680
exp: -8.0237326776
exp: -8.2210914799
exp: -8.4191209453
exp: -8.6175941591
exp: -8.8160258748
exp: -9.0146009036
exp: -9.2132997482
exp: -9.4122929654
exp: -9.6106296699
exp: -9.8092937454
exp: -10.0078498433
exp: -10.2064381993
Overlap: 0.0000000000
