exp: -9.8988236325
exp: -9.7979160550
exp: -9.6970197923
exp: -9.5962248497
exp: -9.4955344132
exp: -9.3949427068
exp: -9.2944920952
exp: -9.1941016948
exp: -9.0938742716
exp: -8.9937379203
exp: -8.8937930751
exp: -8.7938697236
exp: -8.6941155611
exp: -8.5945137946
exp: -8.4949329040
exp: -8.3955036599
exp: -8.2962702747
exp: -8.1973047808
exp: -8.0985989727
exp: -7.9998330468
exp: -7.9015455079
exp: -7.8035249356
exp: -7.7056386423
exp: -7.6070546857
exp: -7.5099664875
exp: -7.4126596246
exp: -7.3160702715
exp: -7.2185714582
exp: -7.1215440566
exp: -7.0242625098
exp: -6.9283023172
exp: -6.8319166396
exp: -6.7362627441
exp: -6.6416546665
exp: -6.5463587767
exp: -6.4522856710
exp: -6.3562960619
exp: -6.2635050253
exp: -6.1705475384
exp: -6.0799049667
exp: -5.9865941737
exp: -5.8941374002
exp: -5.8027673425
exp: -5.7127601826
exp: -5.6226153523
exp: -5.5330580931
exp: -5.4452196005
exp: -5.3597424146
exp: -5.2991129578
exp: -5.2222826891
exp: -5.1417833421
exp: -5.0629700085
exp: -4.9864114410
exp: -4.9118835183
exp: -4.8388977576
exp: -4.7676505088
exp: -4.6989664939
exp: -4.6354745587
exp: -4.5947640039
exp: -4.6094740767
exp: -4.5678729935
exp: -4.5215748582
exp: -4.4766520307
exp: -4.4347839402
exp: -4.3944175204
exp: -4.3559109440
exp: -4.3202639027
exp: -4.2868934332
exp: -4.2558427197
exp: -4.2277215612
exp: -4.2015809172
exp: -4.1779284281
exp: -4.1570552646
exp: -4.1387361925
exp: -4.1222369966
exp: -4.1084602453
exp: -4.0965115667
exp: -4.0877620156
exp: -4.0826887103
exp: -4.0812112524
exp: -4.0824225523
exp: -4.0872601376
exp: -4.0949993915
exp: -4.1057537691
exp: -4.1192873680
exp: -4.1355112104
exp: -4.1543560436
exp: -4.1756837368
exp: -4.1994990671
exp: -4.2257130701
exp: -4.2543068117
exp: -4.2850972141
exp: -4.3182093158
exp: -4.3534304827
exp: -4.3908547537
exp: -4.4303157842
exp: -4.4717932488
exp: -4.5152450134
exp: -4.5606087808
exp: -4.6078355719
Overlap: 0.0000000000
