exp: -10.8171735735
exp: -10.6344378987
exp: -10.4517767845
exp: -10.2692461203
exp: -10.0867799337
exp: -9.9044364519
exp: -9.7222514686
exp: -9.5401658133
exp: -9.3581959322
exp: -9.1763219413
exp: -8.9946308210
exp: -8.8131710644
exp: -8.6318725458
exp: -8.4506423338
exp: -8.2697000907
exp: -8.0889813801
exp: -7.9082921818
exp: -7.7280025691
exp: -7.5478704563
exp: -7.3684023832
exp: -7.1893974501
exp: -7.0103843843
exp: -6.8321157695
exp: -6.6544430562
exp: -6.4776736463
exp: -6.3015190277
exp: -6.1271240641
exp: -5.9528322933
exp: -5.7777535584
exp: -5.6032731985
exp: -5.4289405312
exp: -5.2553666526
exp: -5.0828779163
exp: -4.9250123705
exp: -4.7665354054
exp: -4.6052208048
exp: -4.4469433521
exp: -4.2933000012
exp: -4.1511520806
exp: -4.0182719341
exp: -3.8955425331
exp: -3.7793727559
exp: -3.6778927709
exp: -3.5997586881
exp: -3.5394577276
exp: -3.4798869161
exp: -3.4310200441
exp: -3.3929929798
exp: -3.3657736958
exp: -3.3485163659
exp: -3.3408784526
exp: -3.3423092139
exp: -3.3522525835
exp: -3.3701256849
exp: -3.3954958201
exp: -3.4278686948
exp: -3.4668662661
exp: -3.5121223931
exp: -3.5633092548
exp: -3.6201248857
exp: -3.6822891523
exp: -3.7495447456
exp: -3.8216424492
exp: -3.8983888939
exp: -3.9795344048
exp: -4.0649032172
exp: -4.1543518925
exp: -4.2476518435
exp: -4.3447254163
exp: -4.4453342212
exp: -4.5493964294
exp: -4.6566708670
exp: -4.7672582845
exp: -4.8807218418
exp: -4.9972325806
exp: -5.1165994871
exp: -5.2385411418
exp: -5.3630999661
exp: -5.4901486609
exp: -5.6196208300
exp: -5.7511942346
exp: -5.8852299807
exp: -6.0212306157
exp: -6.1592976840
exp: -6.2991029826
exp: -6.4406489166
exp: -6.5837800986
exp: -6.7288770524
exp: -6.8756126428
exp: -7.0239713340
exp: -7.1738748640
exp: -7.3250736907
exp: -7.4774443548
exp: -7.6315702752
exp: -7.7864784875
exp: -7.9437209678
exp: -8.1017859406
exp: -8.2618001370
exp: -8.4216881721
exp: -8.5830878304
Overlap: 0.0000000000
