exp: -10.8528904002
exp: -10.7058448378
exp: -10.5588240053
exp: -10.4118748145
exp: -10.2649664909
exp: -10.1181122081
exp: -9.9713167169
exp: -9.8245646859
exp: -9.6779056891
exp: -9.5312831741
exp: -9.3847817433
exp: -9.2383279296
exp: -9.0919602656
exp: -8.9456223574
exp: -8.7994233934
exp: -8.6533745197
exp: -8.5073026422
exp: -8.3614755205
exp: -8.2157840432
exp: -8.0701271897
exp: -7.9246114752
exp: -7.7792057443
exp: -7.6338723650
exp: -7.4889494050
exp: -7.3439556139
exp: -7.1991047592
exp: -7.0544353995
exp: -6.9099732353
exp: -6.7656101084
exp: -6.6214170766
exp: -6.4774584094
exp: -6.3337098981
exp: -6.1903001689
exp: -6.0475497402
exp: -5.9045661669
exp: -5.7618717972
exp: -5.6200061222
exp: -5.4782293686
exp: -5.3364234628
exp: -5.1949801307
exp: -5.0546435065
exp: -4.9140601960
exp: -4.7739560894
exp: -4.6339477259
exp: -4.4950462174
exp: -4.3560767803
exp: -4.2176929178
exp: -4.0804511622
exp: -3.9465225306
exp: -3.8105398386
exp: -3.6903557317
exp: -3.5747193149
exp: -3.4688084637
exp: -3.3722402744
exp: -3.2909476621
exp: -3.2160640636
exp: -3.1504397029
exp: -3.1020956948
exp: -3.0618751329
exp: -3.0216906555
exp: -2.9884700327
exp: -2.9628410605
exp: -2.9441701453
exp: -2.9321362809
exp: -2.9264278029
exp: -2.9264913692
exp: -2.9320550120
exp: -2.9428452844
exp: -2.9585768144
exp: -2.9789993785
exp: -3.0038986388
exp: -3.0330713843
exp: -3.0663337663
exp: -3.1035136225
exp: -3.1444520203
exp: -3.1890001663
exp: -3.2370176565
exp: -3.2883722933
exp: -3.3429341973
exp: -3.4005892189
exp: -3.4611950343
exp: -3.5245816491
exp: -3.5907923047
exp: -3.6592409730
exp: -3.7282900569
exp: -3.8030613082
exp: -3.8806307662
exp: -3.9585668212
exp: -4.0330580441
exp: -4.1216433859
exp: -4.2041052943
exp: -4.2875812098
exp: -4.3843850121
exp: -4.4786535224
exp: -4.5702823376
exp: -4.6636390255
exp: -4.7633912455
exp: -4.8629468895
exp: -4.9637404521
exp: -5.0649646088
Overlap: 0.0000000000
