exp: -10.8570751328
exp: -10.7142900610
exp: -10.5716523358
exp: -10.4292313516
exp: -10.2869559048
exp: -10.1449049550
exp: -10.0030126778
exp: -9.8612829458
exp: -9.7198497642
exp: -9.5786869146
exp: -9.4378475111
exp: -9.2972154691
exp: -9.1568045329
exp: -9.0169613005
exp: -8.8775310875
exp: -8.7383755388
exp: -8.5996009787
exp: -8.4610943519
exp: -8.3229299257
exp: -8.1854050301
exp: -8.0481094026
exp: -7.9114605882
exp: -7.7753906436
exp: -7.6399501958
exp: -7.5049584305
exp: -7.3696450245
exp: -7.2347510019
exp: -7.1005009888
exp: -6.9668193783
exp: -6.8336942751
exp: -6.7009335826
exp: -6.5689129191
exp: -6.4377256374
exp: -6.3073473010
exp: -6.1778570054
exp: -6.0490947780
exp: -5.9258052582
exp: -5.8081453236
exp: -5.6919617744
exp: -5.5786166433
exp: -5.4707240899
exp: -5.3669182167
exp: -5.2700142205
exp: -5.1799553283
exp: -5.0961888911
exp: -5.0230756287
exp: -4.9552703197
exp: -4.8977943908
exp: -4.8373358823
exp: -4.7729667326
exp: -4.7753157471
exp: -4.7774727896
exp: -4.7647577612
exp: -4.7490183782
exp: -4.7385992325
exp: -4.7324346430
exp: -4.7312209202
exp: -4.7343331470
exp: -4.7422710724
exp: -4.7543104306
exp: -4.7703714296
exp: -4.7902398716
exp: -4.8139992666
exp: -4.8418115776
exp: -4.8731018402
exp: -4.9082083115
exp: -4.9466951428
exp: -4.9888097903
exp: -5.0342161403
exp: -5.0830227111
exp: -5.1351324712
exp: -5.1899542925
exp: -5.2481176300
exp: -5.3097070176
exp: -5.3744441337
exp: -5.4418005250
exp: -5.5122032969
exp: -5.5854233339
exp: -5.6611248752
exp: -5.7394949127
exp: -5.8206326385
exp: -5.9032131341
exp: -5.9880217948
exp: -6.0754018775
exp: -6.1651269854
exp: -6.2563146116
exp: -6.3497156584
exp: -6.4439510553
exp: -6.5397108785
exp: -6.6376614298
exp: -6.7362088024
exp: -6.8363660337
exp: -6.9376995177
exp: -7.0410239223
exp: -7.1446217381
exp: -7.2491491733
exp: -7.3557716433
exp: -7.4624651429
exp: -7.5702674724
exp: -7.6796535603
Overlap: 0.0000000000
