exp: -10.8177885413
exp: -10.6356227125
exp: -10.4535373213
exp: -10.2714568199
exp: -10.0894287583
exp: -9.9053247789
exp: -9.7264397598
exp: -9.5449446841
exp: -9.3635856938
exp: -9.1823844700
exp: -9.0014751162
exp: -8.8205962391
exp: -8.6398801068
exp: -8.4595477800
exp: -8.2792867934
exp: -8.0992409782
exp: -7.9195441985
exp: -7.7405031872
exp: -7.5610895963
exp: -7.3825735519
exp: -7.2044854902
exp: -7.0265638808
exp: -6.8490004006
exp: -6.6717415623
exp: -6.4944921398
exp: -6.3178836367
exp: -6.1418202455
exp: -5.9664634918
exp: -5.7922888959
exp: -5.6195500115
exp: -5.4465000036
exp: -5.2739021356
exp: -5.1026674099
exp: -4.9369890746
exp: -4.7743363066
exp: -4.6164074657
exp: -4.4633260928
exp: -4.3147811079
exp: -4.1780130046
exp: -4.0537331560
exp: -3.9283500495
exp: -3.8252140224
exp: -3.7336468564
exp: -3.6443067319
exp: -3.5626639964
exp: -3.4976905673
exp: -3.4505829228
exp: -3.4053244522
exp: -3.3785055898
exp: -3.3583672799
exp: -3.3493114792
exp: -3.3409737622
exp: -3.3434448779
exp: -3.3521562242
exp: -3.3691091099
exp: -3.3932234396
exp: -3.4249222919
exp: -3.4642077081
exp: -3.5106413489
exp: -3.5641015395
exp: -3.6245414316
exp: -3.6913304739
exp: -3.7641479297
exp: -3.8427460184
exp: -3.9265583946
exp: -4.0152583502
exp: -4.1083618170
exp: -4.2060057117
exp: -4.3072663894
exp: -4.4125444183
exp: -4.5209735481
exp: -4.6327029902
exp: -4.7468053895
exp: -4.8635846158
exp: -4.9832572999
exp: -5.1052695835
exp: -5.2275861160
exp: -5.3516000769
exp: -5.4874107573
exp: -5.6165765568
exp: -5.7533133490
exp: -5.8864136303
exp: -6.0215875955
exp: -6.1601334604
exp: -6.3067992019
exp: -6.4362474724
exp: -6.5924624068
exp: -6.7265187013
exp: -6.8812873761
exp: -7.0274659670
exp: -7.1819013050
exp: -7.3279951618
exp: -7.4847482105
exp: -7.6392407982
exp: -7.7878325252
exp: -7.9435780960
exp: -8.1102567611
exp: -8.2648403316
exp: -8.4177279481
exp: -8.5837221506
Overlap: 0.0000000000
