exp: -10.7940630065
exp: -10.5883152969
exp: -10.3825591059
exp: -10.1768575860
exp: -9.9712114982
exp: -9.7656190579
exp: -9.5601292000
exp: -9.3546703463
exp: -9.1493372916
exp: -8.9440801540
exp: -8.7389134061
exp: -8.5337740393
exp: -8.3288079222
exp: -8.1239675140
exp: -7.9192369654
exp: -7.7146483334
exp: -7.5099698327
exp: -7.3054101080
exp: -7.1012057938
exp: -6.8970398780
exp: -6.6931234868
exp: -6.4893764116
exp: -6.2861165036
exp: -6.0830069209
exp: -5.8796400448
exp: -5.6767519954
exp: -5.4753356656
exp: -5.2735820160
exp: -5.0716598828
exp: -4.8699100627
exp: -4.6699130296
exp: -4.4700686174
exp: -4.2710215734
exp: -4.0830447197
exp: -3.8974313661
exp: -3.7286876283
exp: -3.5843695908
exp: -3.4590387882
exp: -3.3338584771
exp: -3.2245541208
exp: -3.1287639965
exp: -3.0460969306
exp: -2.9789221502
exp: -2.9254289705
exp: -2.8853056510
exp: -2.8580490175
exp: -2.8431453798
exp: -2.8401942725
exp: -2.8484544774
exp: -2.8674660371
exp: -2.8966167419
exp: -2.9354952570
exp: -2.9836234480
exp: -3.0404449303
exp: -3.1057184771
exp: -3.1787308594
exp: -3.2590841202
exp: -3.3463178501
exp: -3.4402100180
exp: -3.5402938992
exp: -3.6460569599
exp: -3.7573740365
exp: -3.8737353033
exp: -3.9948700811
exp: -4.1207274858
exp: -4.2510607754
exp: -4.3857311156
exp: -4.5241959045
exp: -4.6666031606
exp: -4.8123213037
exp: -4.9613970529
exp: -5.1137729759
exp: -5.2694353839
exp: -5.4277713679
exp: -5.5893625752
exp: -5.7535947176
exp: -5.9201433017
exp: -6.0891972941
exp: -6.2602125995
exp: -6.4345096445
exp: -6.6110783746
exp: -6.7894770586
exp: -6.9698380942
exp: -7.1509723437
exp: -7.3325168487
exp: -7.5167215110
exp: -7.7016031799
exp: -7.8873088798
exp: -8.0742118092
exp: -8.2624888043
exp: -8.4521255980
exp: -8.6424780836
exp: -8.8334257510
exp: -9.0249341519
exp: -9.2166401294
exp: -9.4099295711
exp: -9.6048036513
exp: -9.8010239392
exp: -9.9964392159
exp: -10.1939938411
Overlap: 0.0000000000
