exp: -10.8793489342
exp: -10.7587890264
exp: -10.6383075537
exp: -10.5179444159
exp: -10.3976748241
exp: -10.2775203485
exp: -10.1574885857
exp: -10.0374553925
exp: -9.9176473579
exp: -9.7979674168
exp: -9.6783795853
exp: -9.5590284077
exp: -9.4398705567
exp: -9.3209270858
exp: -9.2022378177
exp: -9.0838274194
exp: -8.9656888941
exp: -8.8481120831
exp: -8.7313871026
exp: -8.6157091173
exp: -8.5013924262
exp: -8.3868434213
exp: -8.2719656882
exp: -8.1572430074
exp: -8.0423401495
exp: -7.9276716575
exp: -7.8133900925
exp: -7.6995177185
exp: -7.5859607785
exp: -7.4734125357
exp: -7.3613481323
exp: -7.2495551990
exp: -7.1381927068
exp: -7.0271298531
exp: -6.9161925624
exp: -6.8057755309
exp: -6.6951570752
exp: -6.5853270442
exp: -6.4761606905
exp: -6.3674778930
exp: -6.2590397831
exp: -6.1513623933
exp: -6.0440128691
exp: -5.9373469718
exp: -5.8311081635
exp: -5.7261686153
exp: -5.6217597247
exp: -5.5179405048
exp: -5.4149220001
exp: -5.3112147695
exp: -5.2125384466
exp: -5.1119395278
exp: -5.0148228924
exp: -4.9236616804
exp: -4.8440517187
exp: -4.7709915559
exp: -4.7009145498
exp: -4.6433641842
exp: -4.5721544009
exp: -4.5138317928
exp: -4.4609100288
exp: -4.4119853343
exp: -4.3669846645
exp: -4.3339682459
exp: -4.3023376000
exp: -4.2648765105
exp: -4.2308046280
exp: -4.2022806147
exp: -4.1817783127
exp: -4.1700082597
exp: -4.1487269272
exp: -4.1433999271
exp: -4.1498919233
exp: -4.1628228533
exp: -4.2117482398
exp: -4.3077759195
exp: -4.4118931142
exp: -4.4907169063
exp: -4.7757464309
exp: -4.8432553479
exp: -4.8836438594
exp: -4.9261111129
exp: -4.9705945748
exp: -5.0170292415
exp: -5.0653345506
exp: -5.1154521217
exp: -5.1673188840
exp: -5.2208746983
exp: -5.2760633033
exp: -5.3328305779
exp: -5.3911243240
exp: -5.4508950637
exp: -5.5120949167
exp: -5.5746781203
exp: -5.6385994696
exp: -5.7038193978
exp: -5.7702921190
exp: -5.8379852410
exp: -5.9068487205
exp: -5.9768635590
Overlap: 0.0000000000
