exp: -10.8006202939
exp: -10.6013111257
exp: -10.4021068831
exp: -10.2029952670
exp: -10.0040234681
exp: -9.8052217268
exp: -9.6065483422
exp: -9.4080183075
exp: -9.2096712637
exp: -9.0115088937
exp: -8.8135080269
exp: -8.6157026312
exp: -8.4181977961
exp: -8.2209197669
exp: -8.0238502094
exp: -7.8271687884
exp: -7.6306630784
exp: -7.4344859488
exp: -7.2387744881
exp: -7.0438719457
exp: -6.8497371279
exp: -6.6569198685
exp: -6.4647790271
exp: -6.2741636629
exp: -6.0857713217
exp: -5.8988878698
exp: -5.7128070928
exp: -5.5245693780
exp: -5.3360741249
exp: -5.1480111519
exp: -4.9612666028
exp: -4.7756221741
exp: -4.5903342472
exp: -4.4066788566
exp: -4.2296546666
exp: -4.0715581111
exp: -3.9095941210
exp: -3.7572493684
exp: -3.6183881189
exp: -3.4905823292
exp: -3.3735796320
exp: -3.2714228434
exp: -3.1816955564
exp: -3.1047671935
exp: -3.0406876430
exp: -2.9928381229
exp: -2.9615489417
exp: -2.9425431877
exp: -2.9234306414
exp: -2.9046240162
exp: -2.9034641439
exp: -2.6151850213
exp: -2.6440153478
exp: -2.6685234070
exp: -2.6118832759
exp: -2.7579390306
exp: -2.8339150885
exp: -2.9323114177
exp: -3.0173785958
exp: -3.1066205816
exp: -3.1987595052
exp: -3.2945987664
exp: -3.3923780228
exp: -3.4952332833
exp: -3.6025913060
exp: -3.7102688917
exp: -3.8267221797
exp: -3.9389849514
exp: -4.0570402179
exp: -4.1749954771
exp: -4.2854613844
exp: -4.4038348695
exp: -4.5713193958
exp: -4.7420953752
exp: -4.8708889269
exp: -5.0065037168
exp: -5.1969640574
exp: -5.3459860189
exp: -5.4998046013
exp: -5.6448232562
exp: -5.7965597752
exp: -5.9551273724
exp: -6.0983297028
exp: -6.2464585598
exp: -6.4906943257
exp: -6.6475478499
exp: -6.8100527593
exp: -6.9713481771
exp: -7.1580338896
exp: -7.3014347836
exp: -7.4682514792
exp: -7.6286929787
exp: -7.7880571042
exp: -7.9445479200
exp: -8.1142763204
exp: -8.2740379913
exp: -8.4283134783
exp: -8.5880466647
exp: -8.7415401812
exp: -8.8963684108
Overlap: 0.0000000000
