exp: -10.8849717973
exp: -10.7700398545
exp: -10.6551811263
exp: -10.5404033504
exp: -10.4257144798
exp: -10.3111275806
exp: -10.1966037829
exp: -10.0822466247
exp: -9.9679760158
exp: -9.8538528954
exp: -9.7399124450
exp: -9.6261676778
exp: -9.5125937332
exp: -9.3993085827
exp: -9.2860483658
exp: -9.1729806822
exp: -9.0602184660
exp: -8.9473934610
exp: -8.8349075267
exp: -8.7224848069
exp: -8.6102627786
exp: -8.4982990407
exp: -8.3865094699
exp: -8.2749241786
exp: -8.1634270185
exp: -8.0523458614
exp: -7.9416198802
exp: -7.8312362755
exp: -7.7210956803
exp: -7.6112833165
exp: -7.5020988765
exp: -7.3934998792
exp: -7.2850727535
exp: -7.1770900173
exp: -7.0690714589
exp: -6.9614689146
exp: -6.8545094953
exp: -6.7477808420
exp: -6.6413390956
exp: -6.5354566289
exp: -6.4303525070
exp: -6.3255152844
exp: -6.2219103337
exp: -6.1190496253
exp: -6.0170604727
exp: -5.9165181419
exp: -5.8164941631
exp: -5.7188434060
exp: -5.6240024839
exp: -5.5350564735
exp: -5.4434204758
exp: -5.3581453110
exp: -5.2707697569
exp: -5.1852335320
exp: -5.1071913664
exp: -5.0318327243
exp: -4.9612867077
exp: -4.8938725059
exp: -4.8320894910
exp: -4.7752618602
exp: -4.7308533991
exp: -4.6991489045
exp: -4.6585431394
exp: -4.6497364128
exp: -4.6536003209
exp: -4.6942890657
exp: -4.7021966903
exp: -4.7003062572
exp: -4.7018674395
exp: -4.7070569731
exp: -4.7156985039
exp: -4.7275797836
exp: -4.7425604378
exp: -4.7605120051
exp: -4.7812684286
exp: -4.8047039160
exp: -4.8306874044
exp: -4.8591122437
exp: -4.8898771068
exp: -4.9228774883
exp: -4.9580209571
exp: -4.9952192271
exp: -5.0343920428
exp: -5.0754633964
exp: -5.1183586248
exp: -5.1630102731
exp: -5.2093549717
exp: -5.2573305110
exp: -5.3068793156
exp: -5.3579474066
exp: -5.4104825334
exp: -5.4644362478
exp: -5.5197610846
exp: -5.5764129483
exp: -5.6343493455
exp: -5.6935301403
exp: -5.7539166484
exp: -5.8154721608
exp: -5.8781615359
exp: -5.9419511996
Overlap: 0.0000000000
