exp: -10.7821757721
exp: -10.5644871591
exp: -10.3467966728
exp: -10.1292171789
exp: -9.9116766000
exp: -9.6942041699
exp: -9.4767819702
exp: -9.2595410528
exp: -9.0423407239
exp: -8.8252992460
exp: -8.6082044424
exp: -8.3913027986
exp: -8.1745534932
exp: -7.9580430148
exp: -7.7415407117
exp: -7.5251635801
exp: -7.3089361451
exp: -7.0928167201
exp: -6.8769636651
exp: -6.6613317356
exp: -6.4460497644
exp: -6.2308558384
exp: -6.0160327099
exp: -5.8012790378
exp: -5.5870792994
exp: -5.3732033233
exp: -5.1600146196
exp: -4.9469896294
exp: -4.7342104265
exp: -4.5212834530
exp: -4.3108812783
exp: -4.1003283768
exp: -3.8904572756
exp: -3.6800167026
exp: -3.4769524120
exp: -3.2789062951
exp: -3.0869220828
exp: -2.8985444033
exp: -2.7226874288
exp: -2.5971176523
exp: -2.4553135700
exp: -2.3192108013
exp: -2.1981629579
exp: -2.0999860764
exp: -2.0203774629
exp: -1.9697935454
exp: -1.9388074192
exp: -1.9225578747
exp: -1.9239690614
exp: -1.9402502830
exp: -1.9730834245
exp: -2.0229850495
exp: -2.1002385539
exp: -2.1879550725
exp: -2.2815339986
exp: -2.3846539354
exp: -2.4931032485
exp: -2.6093028676
exp: -2.7305796432
exp: -2.8604511637
exp: -3.0006658633
exp: -3.1467880435
exp: -3.2908556876
exp: -3.4462200856
exp: -3.6060346999
exp: -3.7804637250
exp: -3.9484298827
exp: -4.1290108186
exp: -4.3079098120
exp: -4.5257957422
exp: -4.7624426666
exp: -4.9663835048
exp: -5.1294525727
exp: -5.3237126492
exp: -5.5145860215
exp: -5.6983392467
exp: -5.9233379168
exp: -6.1201679959
exp: -6.3459523865
exp: -6.5524788115
exp: -6.7798955311
exp: -6.9812491794
exp: -7.1891786294
exp: -7.4032244534
exp: -7.6132660114
exp: -7.8176571678
exp: -8.0214564731
exp: -8.2377328896
exp: -8.4554191086
exp: -8.6758280209
exp: -8.8971311962
exp: -9.0976803972
exp: -9.3080204941
exp: -9.5526476813
exp: -9.7718544207
exp: -10.0013863024
exp: -10.2392946055
exp: -10.4494440400
exp: -10.6712084353
exp: -10.8674976017
Overlap: 0.0000000000
