exp: -10.8834008418
exp: -10.7669793271
exp: -10.6505818346
exp: -10.5342080163
exp: -10.4179847734
exp: -10.3018454932
exp: -10.1857238580
exp: -10.0699074769
exp: -9.9541111066
exp: -9.8383732473
exp: -9.7227363038
exp: -9.6072282339
exp: -9.4918477998
exp: -9.3765728141
exp: -9.2613887706
exp: -9.1464249061
exp: -9.0314796096
exp: -8.9167631674
exp: -8.8022163039
exp: -8.6877141743
exp: -8.5733943467
exp: -8.4592613705
exp: -8.3452160217
exp: -8.2313982942
exp: -8.1177799652
exp: -8.0043953772
exp: -7.8911512653
exp: -7.7784431852
exp: -7.6659361000
exp: -7.5535930400
exp: -7.4416302971
exp: -7.3303352407
exp: -7.2206779425
exp: -7.1122005574
exp: -7.0043337108
exp: -6.8966426214
exp: -6.7894278595
exp: -6.6825014605
exp: -6.5745775796
exp: -6.4667771997
exp: -6.3593621391
exp: -6.2521236298
exp: -6.1452022413
exp: -6.0388614162
exp: -5.9330721596
exp: -5.8278335162
exp: -5.7230742296
exp: -5.6191707596
exp: -5.5156926579
exp: -5.4128658289
exp: -5.3124635486
exp: -5.2145485966
exp: -5.1200198009
exp: -5.0277318753
exp: -4.9382670454
exp: -4.8516814436
exp: -4.7701557661
exp: -4.6920030950
exp: -4.6148956727
exp: -4.5405369463
exp: -4.4711770937
exp: -4.4002720635
exp: -4.3311948114
exp: -4.2601118414
exp: -4.1957605497
exp: -4.1373101810
exp: -4.0856265991
exp: -4.0380761837
exp: -3.9934115175
exp: -3.9520931495
exp: -3.9148991673
exp: -3.8803803035
exp: -3.8501513690
exp: -3.8234678150
exp: -3.8013727208
exp: -3.7837588463
exp: -3.7703484748
exp: -3.7604289543
exp: -3.7546998469
exp: -3.7534207029
exp: -3.7535301250
exp: -3.7604313563
exp: -3.7686794768
exp: -3.7801754300
exp: -3.7952463626
exp: -3.8124421363
exp: -3.8342033176
exp: -3.8565432731
exp: -3.8827017284
exp: -3.9125274063
exp: -3.9453184789
exp: -3.9805277558
exp: -4.0185737478
exp: -4.0602336546
exp: -4.1036173238
exp: -4.1505768478
exp: -4.2004503284
exp: -4.2528793580
exp: -4.3077284830
exp: -4.3641363150
Overlap: 0.0000000000
