exp: -10.7845659911
exp: -10.5693360606
exp: -10.3541977827
exp: -10.1392233478
exp: -9.9244269168
exp: -9.7097826666
exp: -9.4953700140
exp: -9.2812221089
exp: -9.0673144092
exp: -8.8536491217
exp: -8.6403196449
exp: -8.4272074124
exp: -8.2143726472
exp: -8.0019936828
exp: -7.7898856736
exp: -7.5781584679
exp: -7.3667419145
exp: -7.1556947173
exp: -6.9451512106
exp: -6.7350612386
exp: -6.5255665185
exp: -6.3165474771
exp: -6.1082241305
exp: -5.9006392364
exp: -5.6939365156
exp: -5.4878685730
exp: -5.2824867426
exp: -5.0782442260
exp: -4.8749187539
exp: -4.6727553659
exp: -4.4718226845
exp: -4.2711359515
exp: -4.0874206464
exp: -3.9175589105
exp: -3.7674032063
exp: -3.6254131167
exp: -3.4943846220
exp: -3.3743985740
exp: -3.2654500067
exp: -3.1685210895
exp: -3.0840881264
exp: -3.0123999710
exp: -2.9535446064
exp: -2.9082015174
exp: -2.8764352534
exp: -2.8594173730
exp: -2.8560538311
exp: -2.8663138814
exp: -2.8909379650
exp: -2.9290749980
exp: -2.9804036023
exp: -3.0443309099
exp: -3.1199929630
exp: -3.2063489820
exp: -3.3019958861
exp: -3.4062926599
exp: -3.5184900212
exp: -3.6359332512
exp: -3.7580310259
exp: -3.8849905491
exp: -4.0176106570
exp: -4.1628204769
exp: -4.3037263072
exp: -4.4534598838
exp: -4.6135859192
exp: -4.7613797053
exp: -4.9364293653
exp: -5.0990861191
exp: -5.2658293864
exp: -5.4347211902
exp: -5.6078072233
exp: -5.7827271917
exp: -5.9555862754
exp: -6.1281001095
exp: -6.3106148019
exp: -6.4925575554
exp: -6.6765363744
exp: -6.8643179040
exp: -7.0455001100
exp: -7.2316525111
exp: -7.4190851603
exp: -7.6102146131
exp: -7.8020428322
exp: -8.0096004550
exp: -8.2036165794
exp: -8.3892178152
exp: -8.5819678080
exp: -8.7625273109
exp: -8.9583937140
exp: -9.1475457417
exp: -9.3094234850
exp: -9.5105441010
exp: -9.7147778493
exp: -9.9121118415
exp: -10.1113674731
exp: -10.3106094260
exp: -10.5140881575
exp: -10.6770851614
exp: -10.9288605615
exp: -11.1677206753
Overlap: 0.0000000000
