exp: -10.7822410080
exp: -10.5647109012
exp: -10.3471925809
exp: -10.1297219172
exp: -9.9124252774
exp: -9.6952323004
exp: -9.4782763954
exp: -9.2614569075
exp: -9.0447790074
exp: -8.8281926679
exp: -8.6118836585
exp: -8.3956486319
exp: -8.1795259441
exp: -7.9636427971
exp: -7.7479821450
exp: -7.5324505953
exp: -7.3172481801
exp: -7.1021933445
exp: -6.8876848248
exp: -6.6736025075
exp: -6.4599718756
exp: -6.2466039407
exp: -6.0340026124
exp: -5.8223008896
exp: -5.6108646718
exp: -5.3998839351
exp: -5.1894757719
exp: -4.9800316014
exp: -4.7719107700
exp: -4.5644750125
exp: -4.3582764351
exp: -4.1542085319
exp: -3.9554784727
exp: -3.7734654732
exp: -3.6068469604
exp: -3.4534978414
exp: -3.3126759827
exp: -3.1869554382
exp: -3.0829896577
exp: -2.9913235736
exp: -2.9091422537
exp: -2.8408774663
exp: -2.7860685639
exp: -2.7454954158
exp: -2.7192226221
exp: -2.7069476894
exp: -2.7087247657
exp: -2.7245951862
exp: -2.7540766547
exp: -2.7970207575
exp: -2.8526841699
exp: -2.9204112966
exp: -2.9993318846
exp: -3.0885124675
exp: -3.1871199048
exp: -3.2941946975
exp: -3.4089642696
exp: -3.5306241487
exp: -3.6587363274
exp: -3.7922033074
exp: -3.9303869578
exp: -4.0733521796
exp: -4.2209668623
exp: -4.3729694121
exp: -4.5268072065
exp: -4.6886348766
exp: -4.8519189255
exp: -5.0183773629
exp: -5.1895298185
exp: -5.3584777812
exp: -5.5287310502
exp: -5.7099465660
exp: -5.8848975725
exp: -6.0634352750
exp: -6.2396730029
exp: -6.4224238879
exp: -6.6090519481
exp: -6.7996640507
exp: -6.9842674009
exp: -7.1767275768
exp: -7.3673628734
exp: -7.5496547744
exp: -7.7319983153
exp: -7.9176304664
exp: -8.1232974878
exp: -8.3119009229
exp: -8.5123750492
exp: -8.7007975042
exp: -8.9098279089
exp: -9.0990032975
exp: -9.2860182247
exp: -9.4964691155
exp: -9.6879524476
exp: -9.8891385717
exp: -10.1034155171
exp: -10.2911011210
exp: -10.5103622796
exp: -10.7294847907
exp: -10.9314867651
exp: -11.1222256038
Overlap: 0.0000000000
