exp: -10.8641763330
exp: -10.7281928530
exp: -10.5923099469
exp: -10.4567119763
exp: -10.3223401719
exp: -10.1866364663
exp: -10.0521372457
exp: -9.9170070415
exp: -9.7819378430
exp: -9.6470635939
exp: -9.5129039170
exp: -9.3782871136
exp: -9.2444283070
exp: -9.1104365364
exp: -8.9763779486
exp: -8.8425703491
exp: -8.7087476080
exp: -8.5750911725
exp: -8.4417137767
exp: -8.3083715211
exp: -8.1751025198
exp: -8.0420916977
exp: -7.9088487391
exp: -7.7762104389
exp: -7.6433872669
exp: -7.5109974124
exp: -7.3789137644
exp: -7.2469849354
exp: -7.1155808966
exp: -6.9843570184
exp: -6.8532768882
exp: -6.7227623028
exp: -6.5925152512
exp: -6.4627876884
exp: -6.3333968199
exp: -6.2045071157
exp: -6.0758156978
exp: -5.9481839225
exp: -5.8294032783
exp: -5.7130750250
exp: -5.5992340435
exp: -5.4896171976
exp: -5.3780409474
exp: -5.2813119501
exp: -5.1865599353
exp: -5.1010652239
exp: -5.0220715945
exp: -4.9581153808
exp: -4.8881272546
exp: -4.8235496613
exp: -4.7654108683
exp: -4.7150932299
exp: -4.6752890117
exp: -4.6546379819
exp: -4.6181258649
exp: -4.6006848165
exp: -4.6006377523
exp: -4.6581283625
exp: -4.7044846311
exp: -4.7071466568
exp: -4.7138889508
exp: -4.7248079774
exp: -4.7396694581
exp: -4.7581205682
exp: -4.7803270775
exp: -4.8060271965
exp: -4.8354350537
exp: -4.8679401333
exp: -4.9035369668
exp: -4.9422747638
exp: -4.9840297502
exp: -5.0287199321
exp: -5.0762410323
exp: -5.1265605738
exp: -5.1795150472
exp: -5.2350684601
exp: -5.2931260246
exp: -5.3536083129
exp: -5.4164353359
exp: -5.4815278481
exp: -5.5488059819
exp: -5.6181920651
exp: -5.6896080230
exp: -5.7629789592
exp: -5.8382293330
exp: -5.9152891257
exp: -5.9940843726
exp: -6.0745489957
exp: -6.1566187469
exp: -6.2402283752
exp: -6.3253029617
exp: -6.4117951750
exp: -6.4996467534
exp: -6.5888299318
exp: -6.6792837773
exp: -6.7709120749
exp: -6.8636501470
exp: -6.9574651011
exp: -7.0523877943
exp: -7.1485866064
Overlap: 0.0000000000
