exp: -10.8565294657
exp: -10.7130959482
exp: -10.5697509822
exp: -10.4264292049
exp: -10.2832202798
exp: -10.1400498897
exp: -9.9969165147
exp: -9.8538550997
exp: -9.7108280161
exp: -9.5678520549
exp: -9.4248758803
exp: -9.2821350379
exp: -9.1393758796
exp: -8.9967269441
exp: -8.8540636850
exp: -8.7116903778
exp: -8.5693674363
exp: -8.4269864619
exp: -8.2849302168
exp: -8.1427458146
exp: -8.0007582416
exp: -7.8587167347
exp: -7.7168276409
exp: -7.5752264078
exp: -7.4336514147
exp: -7.2921788573
exp: -7.1511363434
exp: -7.0099485369
exp: -6.8688566385
exp: -6.7281076281
exp: -6.5873034148
exp: -6.4471338214
exp: -6.3067074149
exp: -6.1659595213
exp: -6.0257353754
exp: -5.8882865260
exp: -5.7491367316
exp: -5.6101496875
exp: -5.4729222518
exp: -5.3345278460
exp: -5.1968120880
exp: -5.0600397836
exp: -4.9243187132
exp: -4.7891274883
exp: -4.6626266752
exp: -4.5333311796
exp: -4.4078600316
exp: -4.3015531519
exp: -4.1995727268
exp: -4.0967205697
exp: -3.9844021035
exp: -3.8938055488
exp: -3.8289743731
exp: -3.7556728712
exp: -3.6895750968
exp: -3.6271064722
exp: -3.5716158013
exp: -3.5233159069
exp: -3.4773351450
exp: -3.4407544197
exp: -3.4145319552
exp: -3.3909142420
exp: -3.3822573989
exp: -3.3846352714
exp: -3.4008344637
exp: -3.4804159671
exp: -3.5081390990
exp: -3.5244897199
exp: -3.5448417915
exp: -3.5697851964
exp: -3.5985112518
exp: -3.6310188516
exp: -3.6671547656
exp: -3.7068192895
exp: -3.7498639508
exp: -3.7961719627
exp: -3.8456158625
exp: -3.8980794873
exp: -3.9534531877
exp: -4.0116074991
exp: -4.0724453676
exp: -4.1358682288
exp: -4.2017693571
exp: -4.2700042314
exp: -4.3405230395
exp: -4.4132739815
exp: -4.4880867193
exp: -4.5650190372
exp: -4.6435384624
exp: -4.7243645409
exp: -4.8069951391
exp: -4.8912451607
exp: -4.9770035875
exp: -5.0649928568
exp: -5.1540814059
exp: -5.2445099696
exp: -5.3358129039
exp: -5.4283285239
exp: -5.5237999177
exp: -5.6202151926
Overlap: 0.0000000000
