exp: -10.8403728240
exp: -10.6809548623
exp: -10.5216423047
exp: -10.3625325122
exp: -10.2035512684
exp: -10.0447952837
exp: -9.8862611742
exp: -9.7280677164
exp: -9.5697814546
exp: -9.4116747980
exp: -9.2539056802
exp: -9.0963732585
exp: -8.9392530929
exp: -8.7822342528
exp: -8.6254505740
exp: -8.4686959341
exp: -8.3127141858
exp: -8.1568328097
exp: -8.0019023188
exp: -7.8475599269
exp: -7.6945306194
exp: -7.5438729902
exp: -7.3952727136
exp: -7.2456916913
exp: -7.0952281751
exp: -6.9452544087
exp: -6.7956120020
exp: -6.6464152322
exp: -6.4978315566
exp: -6.3499325956
exp: -6.2027470742
exp: -6.0559836069
exp: -5.9108631029
exp: -5.7679544232
exp: -5.6327905171
exp: -5.5014310813
exp: -5.3800962083
exp: -5.2669942752
exp: -5.1664044966
exp: -5.0831363816
exp: -5.0150886559
exp: -4.9538252196
exp: -4.9007253498
exp: -4.8574180382
exp: -4.8234380550
exp: -4.7980733876
exp: -4.7815237233
exp: -4.7725166159
exp: -4.7711530830
exp: -4.7765945036
exp: -4.7885589376
exp: -4.8069535097
exp: -4.8309246480
exp: -4.8602373684
exp: -4.8946034181
exp: -4.9337801276
exp: -4.9774614965
exp: -5.0254409812
exp: -5.0774589510
exp: -5.1332929098
exp: -5.1927558500
exp: -5.2556627213
exp: -5.3218433098
exp: -5.3911413267
exp: -5.4634071875
exp: -5.5385034808
exp: -5.6163019081
exp: -5.6966820834
exp: -5.7795311533
exp: -5.8647433119
exp: -5.9522187315
exp: -6.0418636325
exp: -6.1335895379
exp: -6.2273112258
exp: -6.3229440286
exp: -6.4204328394
exp: -6.5196744826
exp: -6.6205908504
exp: -6.7231903847
exp: -6.8272296552
exp: -6.9328240399
exp: -7.0400685648
exp: -7.1470584973
exp: -7.2577040473
exp: -7.3668907690
exp: -7.4797981788
exp: -7.5901079360
exp: -7.7068319377
exp: -7.8205467874
exp: -7.9355682845
exp: -8.0626323244
exp: -8.1786533449
exp: -8.2929274390
exp: -8.4102408307
exp: -8.5319151699
exp: -8.6659366269
exp: -8.7824504199
exp: -8.9158706462
exp: -9.0397045907
exp: -9.1679702343
Overlap: 0.0000000000
