exp: -10.8248673932
exp: -10.6497518307
exp: -10.4748983636
exp: -10.3000287854
exp: -10.1251936439
exp: -9.9505062895
exp: -9.7759152321
exp: -9.6014686099
exp: -9.4270579224
exp: -9.2528310638
exp: -9.0788550834
exp: -8.9048487601
exp: -8.7309867269
exp: -8.5573355469
exp: -8.3838117720
exp: -8.2108443390
exp: -8.0382633378
exp: -7.8662107596
exp: -7.6946602492
exp: -7.5240615204
exp: -7.3541405536
exp: -7.1843859243
exp: -7.0146156621
exp: -6.8457710477
exp: -6.6765945937
exp: -6.5078118031
exp: -6.3392335024
exp: -6.1710694892
exp: -6.0029819736
exp: -5.8355850848
exp: -5.6684682268
exp: -5.5018744200
exp: -5.3359313620
exp: -5.1707242287
exp: -5.0061364453
exp: -4.8422759360
exp: -4.6792423258
exp: -4.5176244747
exp: -4.3576181861
exp: -4.1999309179
exp: -4.0476852340
exp: -3.8977930977
exp: -3.7531223771
exp: -3.6121734878
exp: -3.4775789446
exp: -3.3425572589
exp: -3.2149957555
exp: -3.0920467639
exp: -2.9720623822
exp: -2.8428244079
exp: -2.7196703758
exp: -2.6119935749
exp: -2.5194157485
exp: -2.4417379479
exp: -2.4028813357
exp: -2.3674728895
exp: -2.3295985218
exp: -2.2925261232
exp: -2.2717205031
exp: -2.2659161806
exp: -2.2556337753
exp: -2.5592648732
exp: -2.6244853879
exp: -2.6717610651
exp: -2.7292710140
exp: -2.7929545406
exp: -2.8638906859
exp: -2.9505163595
exp: -3.0296477190
exp: -3.1155195019
exp: -3.2472259286
exp: -3.3502805057
exp: -3.4563184468
exp: -3.5697339576
exp: -3.6827758697
exp: -3.8122817496
exp: -3.9443916279
exp: -4.0776347757
exp: -4.2228892195
exp: -4.3666606350
exp: -4.4986255996
exp: -4.6481865770
exp: -4.7939842434
exp: -4.9373437923
exp: -5.0866448111
exp: -5.2456453225
exp: -5.3908107065
exp: -5.5346927921
exp: -5.6912151001
exp: -5.8473334269
exp: -5.9959664842
exp: -6.1547177853
exp: -6.3098689283
exp: -6.4690412910
exp: -6.6325386543
exp: -6.8061068896
exp: -6.9682428603
exp: -7.1314125539
exp: -7.2970554641
exp: -7.4628587028
Overlap: 0.0000000000
