exp: -10.8074542414
exp: -10.6149832057
exp: -10.4225583253
exp: -10.2301952589
exp: -10.0379026626
exp: -9.8456840117
exp: -9.6535237828
exp: -9.4614197483
exp: -9.2694171567
exp: -9.0775066563
exp: -8.8856619014
exp: -8.6938550712
exp: -8.5022864327
exp: -8.3105341245
exp: -8.1191747918
exp: -7.9279178529
exp: -7.7368169363
exp: -7.5457590104
exp: -7.3547596461
exp: -7.1640559760
exp: -6.9739559175
exp: -6.7834081451
exp: -6.5936728125
exp: -6.4033887788
exp: -6.2138430233
exp: -6.0252331582
exp: -5.8368303551
exp: -5.6483765472
exp: -5.4606906135
exp: -5.2723371368
exp: -5.0904028042
exp: -4.9167487005
exp: -4.7441358256
exp: -4.5646875230
exp: -4.3846262794
exp: -4.2060086177
exp: -4.0298266152
exp: -3.8532680000
exp: -3.6843609093
exp: -3.5174545060
exp: -3.3543071206
exp: -3.1979582751
exp: -3.0520768727
exp: -2.9231509000
exp: -2.8228641412
exp: -2.7392017909
exp: -2.6842186345
exp: -2.6295407438
exp: -2.5785524698
exp: -2.5362664418
exp: -2.5181795043
exp: -2.6262352305
exp: -2.6843358344
exp: -2.7072381505
exp: -2.7371302694
exp: -2.7748150171
exp: -2.8198704614
exp: -2.8719143463
exp: -2.9305921408
exp: -2.9955810312
exp: -3.0665797702
exp: -3.1433073334
exp: -3.2255100504
exp: -3.3128576415
exp: -3.4052226440
exp: -3.5022538398
exp: -3.6043053549
exp: -3.7091766862
exp: -3.8205514366
exp: -3.9342285725
exp: -4.0520006293
exp: -4.1724553276
exp: -4.2968518569
exp: -4.4258238029
exp: -4.5551742246
exp: -4.6904707477
exp: -4.8292884440
exp: -4.9703567479
exp: -5.1115339113
exp: -5.2587390765
exp: -5.4100191407
exp: -5.5590156174
exp: -5.7115720297
exp: -5.8646635241
exp: -6.0271122638
exp: -6.1831062169
exp: -6.3430530848
exp: -6.5103212840
exp: -6.6752307876
exp: -6.8377558008
exp: -7.0124880576
exp: -7.1837283256
exp: -7.3540884516
exp: -7.5232311249
exp: -7.7027749218
exp: -7.8813696085
exp: -8.0614782298
exp: -8.2373808843
exp: -8.4141442235
exp: -8.5945450578
Overlap: 0.0000000000
