exp: -10.8118743321
exp: -10.6237815781
exp: -10.4358294503
exp: -10.2467996755
exp: -10.0604138937
exp: -9.8728458376
exp: -9.6853522425
exp: -9.4980608990
exp: -9.3108212396
exp: -9.1239294936
exp: -8.9371892330
exp: -8.7505803328
exp: -8.5638748604
exp: -8.3777134517
exp: -8.1916052420
exp: -8.0059018582
exp: -7.8200790936
exp: -7.6346773352
exp: -7.4495522031
exp: -7.2652720511
exp: -7.0808633267
exp: -6.8983370717
exp: -6.7175008527
exp: -6.5362107795
exp: -6.3549653292
exp: -6.1746429796
exp: -5.9948316275
exp: -5.8159021385
exp: -5.6379930211
exp: -5.4598733930
exp: -5.2823368233
exp: -5.1055385631
exp: -4.9292477391
exp: -4.7539808676
exp: -4.5806466967
exp: -4.4079288837
exp: -4.2389245087
exp: -4.0697027572
exp: -3.9007247261
exp: -3.7374307536
exp: -3.5861477882
exp: -3.4447631339
exp: -3.3141260935
exp: -3.2009508169
exp: -3.1018482578
exp: -3.0041151524
exp: -2.9498158575
exp: -2.9017979061
exp: -2.8621680677
exp: -2.8503023770
exp: -2.8292666582
exp: -2.8353091471
exp: -2.9036144854
exp: -2.9666511816
exp: -2.9968821244
exp: -3.0271460696
exp: -3.0656074685
exp: -3.1117397410
exp: -3.1655558403
exp: -3.2264598253
exp: -3.2948070279
exp: -3.3690349091
exp: -3.4493869711
exp: -3.5352345223
exp: -3.6265524361
exp: -3.7230463939
exp: -3.8238287891
exp: -3.9297640929
exp: -4.0405003931
exp: -4.1540989088
exp: -4.2715453751
exp: -4.3941101569
exp: -4.5186665576
exp: -4.6473017523
exp: -4.7779142934
exp: -4.9092671324
exp: -5.0451812543
exp: -5.1840303213
exp: -5.3205699597
exp: -5.4670494525
exp: -5.6133805322
exp: -5.7586736466
exp: -5.9094623539
exp: -6.0632909971
exp: -6.2132346304
exp: -6.3712515513
exp: -6.5270473245
exp: -6.6821838974
exp: -6.8384960027
exp: -6.9966584685
exp: -7.1633509839
exp: -7.3321796267
exp: -7.4994193763
exp: -7.6557168241
exp: -7.8216259909
exp: -7.9871870458
exp: -8.1585474443
exp: -8.3237348536
exp: -8.4912436064
exp: -8.6623382443
Overlap: 0.0000000000
