exp: -10.7885926593
exp: -10.5772550904
exp: -10.3659995914
exp: -10.1548133991
exp: -9.9436954102
exp: -9.7326713156
exp: -9.5217360565
exp: -9.3109145420
exp: -9.1001578677
exp: -8.8895519539
exp: -8.6789696124
exp: -8.4685292162
exp: -8.2582095998
exp: -8.0481005346
exp: -7.8380498015
exp: -7.6281169074
exp: -7.4183929323
exp: -7.2088393292
exp: -6.9995094083
exp: -6.7903396766
exp: -6.5815901500
exp: -6.3734250118
exp: -6.1654983211
exp: -5.9579984423
exp: -5.7505530471
exp: -5.5437768123
exp: -5.3375439766
exp: -5.1315650228
exp: -4.9261617735
exp: -4.7215713178
exp: -4.5172450388
exp: -4.3137262272
exp: -4.1106987094
exp: -3.9095419512
exp: -3.7092789576
exp: -3.5093414046
exp: -3.3260442224
exp: -3.1387103518
exp: -2.9649497446
exp: -2.8184306135
exp: -2.6685592913
exp: -2.5317381055
exp: -2.4096667300
exp: -2.2994522945
exp: -2.2011778890
exp: -2.1273214506
exp: -2.0511050574
exp: -1.9877489169
exp: -1.9564209074
exp: -1.9432103969
exp: -1.9653825469
exp: -2.1337286469
exp: -2.1809179539
exp: -2.2511105270
exp: -2.3296966232
exp: -2.4200811998
exp: -2.5208322829
exp: -2.6307789012
exp: -2.7488883825
exp: -2.8748890210
exp: -3.0074282623
exp: -3.1465261649
exp: -3.2912062918
exp: -3.4412983079
exp: -3.5966585811
exp: -3.7560711622
exp: -3.9189480591
exp: -4.0852603305
exp: -4.2560020273
exp: -4.4293327184
exp: -4.6048609993
exp: -4.7852095414
exp: -4.9678064787
exp: -5.1515700070
exp: -5.3371465546
exp: -5.5243278182
exp: -5.7153684260
exp: -5.9080652444
exp: -6.1027025334
exp: -6.2994084556
exp: -6.4931309607
exp: -6.6931229136
exp: -6.8946137355
exp: -7.0935033792
exp: -7.2942086443
exp: -7.4972952774
exp: -7.7015618044
exp: -7.9079577715
exp: -8.1088840919
exp: -8.3152685556
exp: -8.5195890408
exp: -8.7218473637
exp: -8.9310331030
exp: -9.1382734784
exp: -9.3438736456
exp: -9.5488183685
exp: -9.7543739651
exp: -9.9607156265
exp: -10.1658874618
exp: -10.3739825834
Overlap: 0.0000000000
