exp: -10.7856498840
exp: -10.5713585659
exp: -10.3571124104
exp: -10.1429493058
exp: -9.9288264249
exp: -9.7147677744
exp: -9.5007755181
exp: -9.2868929880
exp: -9.0730331449
exp: -8.8593365747
exp: -8.6458257415
exp: -8.4322601423
exp: -8.2188296915
exp: -8.0055693601
exp: -7.7923611362
exp: -7.5793432052
exp: -7.3664114473
exp: -7.1535200667
exp: -6.9409130216
exp: -6.7285439161
exp: -6.5163277508
exp: -6.3044137342
exp: -6.0927204000
exp: -5.8812559023
exp: -5.6704351011
exp: -5.4594378865
exp: -5.2493907740
exp: -5.0392860816
exp: -4.8295735858
exp: -4.6209919724
exp: -4.4131457315
exp: -4.2051592112
exp: -3.9982463508
exp: -3.7912864034
exp: -3.5862956021
exp: -3.3832499215
exp: -3.1820190044
exp: -2.9906156449
exp: -2.8074432564
exp: -2.6270928589
exp: -2.4572160853
exp: -2.3047922291
exp: -2.1747022065
exp: -2.0755221835
exp: -1.9873891787
exp: -1.9085691370
exp: -1.8822709156
exp: -1.8524284642
exp: -1.8313426762
exp: -1.8253367703
exp: -1.8482833393
exp: -1.8884882631
exp: -1.9475814034
exp: -2.0236134675
exp: -2.1141632155
exp: -2.2145507845
exp: -2.3275191242
exp: -2.4483946175
exp: -2.5762384500
exp: -2.7148360366
exp: -2.8611291203
exp: -3.0069416286
exp: -3.1601549015
exp: -3.3218261477
exp: -3.4850342221
exp: -3.6571879684
exp: -3.8306265200
exp: -4.0145359423
exp: -4.2000842100
exp: -4.3849260279
exp: -4.5757406059
exp: -4.7623264727
exp: -4.9578180121
exp: -5.1583056799
exp: -5.3585669856
exp: -5.5606224287
exp: -5.7649699526
exp: -5.9796948159
exp: -6.1892034742
exp: -6.3904623910
exp: -6.6002241450
exp: -6.8064965022
exp: -7.0128272223
exp: -7.2174401057
exp: -7.4240990636
exp: -7.6326304520
exp: -7.8439843169
exp: -8.0532263830
exp: -8.2615511644
exp: -8.4736182765
exp: -8.6814603595
exp: -8.8902267241
exp: -9.0992792999
exp: -9.3106289011
exp: -9.5197009819
exp: -9.7303123407
exp: -9.9391676535
exp: -10.1493503580
exp: -10.3598057352
exp: -10.5704599698
Overlap: 0.0000000000
