exp: -11.8062707816
exp: -11.6125803918
exp: -11.4189778955
exp: -11.2253898861
exp: -11.0318907798
exp: -10.8383793393
exp: -10.6451382803
exp: -10.4519235198
exp: -10.2588494779
exp: -10.0659019901
exp: -9.8729725331
exp: -9.6801870102
exp: -9.4876207829
exp: -9.2950407832
exp: -9.1026946412
exp: -8.9105489379
exp: -8.7187011710
exp: -8.5270553441
exp: -8.3352948058
exp: -8.1436192600
exp: -7.9523306364
exp: -7.7611555454
exp: -7.5703609808
exp: -7.3798908275
exp: -7.1894280471
exp: -6.9991592206
exp: -6.8091448401
exp: -6.6195429464
exp: -6.4303742428
exp: -6.2412649611
exp: -6.0521837924
exp: -5.8638926925
exp: -5.6757733064
exp: -5.4887007113
exp: -5.3020199286
exp: -5.1150768510
exp: -4.9300903781
exp: -4.7462596830
exp: -4.5616439802
exp: -4.3847849795
exp: -4.2086391060
exp: -4.0373218770
exp: -3.8816848375
exp: -3.7296874902
exp: -3.5940060953
exp: -3.4665792364
exp: -3.3467500255
exp: -3.2390225269
exp: -3.1416339271
exp: -3.0493377228
exp: -2.9702789068
exp: -2.8991861874
exp: -2.8379186764
exp: -2.7594437090
exp: -2.7054009936
exp: -2.6625486692
exp: -2.6282352603
exp: -2.5960068441
exp: -2.5707157850
exp: -2.5641531489
exp: -2.5704174884
exp: -2.5896670022
exp: -2.5832147716
exp: -2.6046253598
exp: -2.6298713448
exp: -2.6795685321
exp: -2.9260737695
exp: -3.1124857755
exp: -3.1427568156
exp: -3.4172756092
exp: -3.6334976797
exp: -3.7718232401
exp: -3.9034937796
exp: -4.0263365367
exp: -4.1628201034
exp: -4.2932413100
exp: -4.4296223314
exp: -4.5640706499
exp: -4.6999436834
exp: -4.8399708914
exp: -4.9837649420
exp: -5.1268367590
exp: -5.2659817091
exp: -5.4131297305
exp: -5.5598209800
exp: -5.6907986355
exp: -5.8462710165
exp: -6.0039536271
exp: -6.1901880271
exp: -6.4063990981
exp: -6.5563237288
exp: -6.7338211432
exp: -6.8868323185
exp: -7.0776986106
exp: -7.2601368305
exp: -7.4328764111
exp: -7.6177521411
exp: -7.7878990455
exp: -7.9675192927
exp: -8.1455082936
Overlap: 0.0000000000
