exp: -11.8072869157
exp: -11.6146416925
exp: -11.4220735238
exp: -11.2296222198
exp: -11.0372251918
exp: -10.8451640412
exp: -10.6531411140
exp: -10.4611577758
exp: -10.2693621244
exp: -10.0777345068
exp: -9.8862200392
exp: -9.6949342351
exp: -9.5037233576
exp: -9.3127430408
exp: -9.1218473498
exp: -8.9312920467
exp: -8.7409337125
exp: -8.5507622480
exp: -8.3608292493
exp: -8.1711725197
exp: -7.9817438037
exp: -7.7925924671
exp: -7.6038864151
exp: -7.4156908289
exp: -7.2277978509
exp: -7.0401007642
exp: -6.8530951543
exp: -6.6665614138
exp: -6.4805473208
exp: -6.2946820856
exp: -6.1096120702
exp: -5.9247278979
exp: -5.7411226842
exp: -5.5588982836
exp: -5.3770451369
exp: -5.1955463212
exp: -5.0161977163
exp: -4.8360267878
exp: -4.6567716025
exp: -4.4753128182
exp: -4.3016574394
exp: -4.1369214895
exp: -3.9755953830
exp: -3.8183962361
exp: -3.6686996219
exp: -3.5263082221
exp: -3.4085319779
exp: -3.3481594460
exp: -3.2668028047
exp: -3.1865319638
exp: -3.1147681437
exp: -3.0517047122
exp: -2.9967366921
exp: -2.9544819947
exp: -2.9174919550
exp: -2.8874053505
exp: -2.8676459516
exp: -2.8589882548
exp: -2.8604690122
exp: -2.8699953845
exp: -2.8866240218
exp: -2.9248498909
exp: -2.9673744356
exp: -3.0162060258
exp: -3.0708173297
exp: -3.1376022838
exp: -3.2138542156
exp: -3.2950197445
exp: -3.3805163034
exp: -3.4749191988
exp: -3.6858624869
exp: -3.8051398441
exp: -3.9225834860
exp: -4.0436170809
exp: -4.1732715850
exp: -4.3044988598
exp: -4.4424268257
exp: -4.5813026415
exp: -4.7196226572
exp: -4.8608415241
exp: -5.0114466236
exp: -5.1571631212
exp: -5.3068518475
exp: -5.4494070792
exp: -5.6033781227
exp: -5.7573717091
exp: -5.9109948775
exp: -6.0680430627
exp: -6.2271389886
exp: -6.3910667688
exp: -6.5528346133
exp: -6.7170746190
exp: -6.8813151180
exp: -7.0426299611
exp: -7.2251142356
exp: -7.3958346801
exp: -7.5645364592
exp: -7.7365209862
exp: -7.9110094961
exp: -8.0924060733
Overlap: 0.0000000000
