exp: -11.7697094530
exp: -11.5395020865
exp: -11.3093786342
exp: -11.0793604725
exp: -10.8494916133
exp: -10.6196738776
exp: -10.3901258415
exp: -10.1605027150
exp: -9.9310851045
exp: -9.7018421755
exp: -9.4727710274
exp: -9.2438615860
exp: -9.0151323599
exp: -8.7865622923
exp: -8.5582654761
exp: -8.3303547983
exp: -8.1025950191
exp: -7.8751433161
exp: -7.6480233034
exp: -7.4217408567
exp: -7.1955054456
exp: -6.9695818394
exp: -6.7440797243
exp: -6.5193258939
exp: -6.2953436822
exp: -6.0721321477
exp: -5.8510329175
exp: -5.6339923505
exp: -5.4159065756
exp: -5.1986284675
exp: -4.9819149122
exp: -4.7682104131
exp: -4.5725520915
exp: -4.3736244211
exp: -4.1814200035
exp: -4.0027968949
exp: -3.8437782402
exp: -3.6983493773
exp: -3.5669128297
exp: -3.4492845857
exp: -3.3489016912
exp: -3.2676503689
exp: -3.2061622400
exp: -3.1817074271
exp: -3.2231061805
exp: -3.2297122034
exp: -3.2402655588
exp: -3.2623485941
exp: -3.2951779688
exp: -3.3380657423
exp: -3.3904165987
exp: -3.4516899727
exp: -3.5213868966
exp: -3.5990274316
exp: -3.6841369866
exp: -3.7762117769
exp: -3.8746963938
exp: -3.9791342160
exp: -4.0891933377
exp: -4.2047779944
exp: -4.3274634390
exp: -4.4540605976
exp: -4.5860726698
exp: -4.7203139271
exp: -4.8610888928
exp: -5.0052203090
exp: -5.1511909441
exp: -5.2995112923
exp: -5.4571313746
exp: -5.6175340702
exp: -5.7814233770
exp: -5.9525554347
exp: -6.1229919974
exp: -6.2945425756
exp: -6.4664447968
exp: -6.6427528587
exp: -6.8202338909
exp: -6.9979041934
exp: -7.1811849613
exp: -7.3676540371
exp: -7.5564105676
exp: -7.7410085241
exp: -7.9303151957
exp: -8.1219977622
exp: -8.3181907140
exp: -8.5182145880
exp: -8.7106252364
exp: -8.9127751100
exp: -9.1189514815
exp: -9.3201785722
exp: -9.5154219115
exp: -9.7206453016
exp: -9.9367639498
exp: -10.1432750296
exp: -10.3550953012
exp: -10.5447801130
exp: -10.7639196733
exp: -10.9787101342
exp: -11.1869262766
exp: -11.4120645856
Overlap: 0.0000000000
