exp: -11.8656131596
exp: -11.7313553074
exp: -11.5971455037
exp: -11.4630063282
exp: -11.3289741702
exp: -11.1950842576
exp: -11.0613098377
exp: -10.9276226281
exp: -10.7940411290
exp: -10.6605856334
exp: -10.5272118704
exp: -10.3939821804
exp: -10.2608467869
exp: -10.1279611951
exp: -9.9956795586
exp: -9.8630072329
exp: -9.7306516893
exp: -9.5982189847
exp: -9.4660261578
exp: -9.3342953600
exp: -9.2027864448
exp: -9.0711955814
exp: -8.9399139408
exp: -8.8088685971
exp: -8.6784706527
exp: -8.5478179300
exp: -8.4173708863
exp: -8.2873768128
exp: -8.1575916204
exp: -8.0280378135
exp: -7.8987020475
exp: -7.7695040658
exp: -7.6407667404
exp: -7.5128962039
exp: -7.3851252543
exp: -7.2574887569
exp: -7.1307403158
exp: -7.0045799288
exp: -6.8780461428
exp: -6.7520967137
exp: -6.6262700754
exp: -6.5006406897
exp: -6.3760533060
exp: -6.2533893708
exp: -6.1303277557
exp: -6.0133128460
exp: -5.9002868159
exp: -5.7876635431
exp: -5.6798659621
exp: -5.5706318025
exp: -5.4570083272
exp: -5.3592517228
exp: -5.2676649849
exp: -5.1815411258
exp: -5.0936007941
exp: -5.0240325900
exp: -4.9454277516
exp: -4.8835693346
exp: -4.8195175606
exp: -4.7642526765
exp: -4.7103458090
exp: -4.6637781559
exp: -4.6182546328
exp: -4.5753008692
exp: -4.5361802717
exp: -4.5021812119
exp: -4.4735500633
exp: -4.4516776416
exp: -4.4464687309
exp: -4.4337176309
exp: -4.4413209383
exp: -4.4558771207
exp: -4.4550754140
exp: -4.4638638070
exp: -4.4720938765
exp: -4.4882374105
exp: -4.5118628401
exp: -4.5412879822
exp: -4.5673688818
exp: -4.5920360248
exp: -4.6160180909
exp: -4.6430537974
exp: -4.6733129674
exp: -4.7070033717
exp: -4.7441868498
exp: -4.7847832240
exp: -4.8288161205
exp: -4.8773633520
exp: -4.9283627313
exp: -4.9830155493
exp: -5.0416549043
exp: -5.1037599259
exp: -5.1690190187
exp: -5.2378053596
exp: -5.3100454733
exp: -5.3847236549
exp: -5.4620637919
exp: -5.5414318913
exp: -5.6266378925
exp: -5.7133573364
Overlap: 0.0000000000
