exp: -11.8491128363
exp: -11.6985226369
exp: -11.5479227118
exp: -11.3974033065
exp: -11.2469863427
exp: -11.0967308220
exp: -10.9465249642
exp: -10.7965175295
exp: -10.6465374499
exp: -10.4968037585
exp: -10.3471483209
exp: -10.1976773887
exp: -10.0482565486
exp: -9.8990564269
exp: -9.7501031899
exp: -9.6013235145
exp: -9.4527587085
exp: -9.3043000483
exp: -9.1560885568
exp: -9.0081419860
exp: -8.8605687296
exp: -8.7133374802
exp: -8.5662815566
exp: -8.4193010370
exp: -8.2737176380
exp: -8.1284470905
exp: -7.9827604347
exp: -7.8373256092
exp: -7.6925735363
exp: -7.5481629424
exp: -7.4033845097
exp: -7.2598200162
exp: -7.1160685858
exp: -6.9735929440
exp: -6.8304381387
exp: -6.6882777479
exp: -6.5458351061
exp: -6.4042442263
exp: -6.2629647825
exp: -6.1218134060
exp: -5.9809880058
exp: -5.8417843415
exp: -5.7097533053
exp: -5.5761043303
exp: -5.4299468019
exp: -5.3129395043
exp: -5.1881300928
exp: -5.0660621449
exp: -4.9484689070
exp: -4.8339025793
exp: -4.7291681672
exp: -4.6235568248
exp: -4.5294130600
exp: -4.4455894457
exp: -4.3650394735
exp: -4.2885159828
exp: -4.2132017188
exp: -4.1462092683
exp: -4.0872720944
exp: -4.0364527417
exp: -3.9908423727
exp: -3.9089039659
exp: -3.9283777755
exp: -3.8975178941
exp: -3.8839469595
exp: -3.8662647489
exp: -3.8563793598
exp: -3.8491760646
exp: -3.8471398557
exp: -3.8490628500
exp: -3.8546071434
exp: -3.8646110411
exp: -3.8790064473
exp: -3.8982182604
exp: -3.9215510325
exp: -3.9494861240
exp: -3.9818737252
exp: -4.0189428359
exp: -4.0616266358
exp: -4.1163776452
exp: -4.1733279422
exp: -4.2345317015
exp: -4.3019499080
exp: -4.3735545818
exp: -4.4497455030
exp: -4.5277079395
exp: -4.6084146825
exp: -4.6929703350
exp: -4.7788517875
exp: -4.8655261247
exp: -4.9540284547
exp: -5.0477513882
exp: -5.1407790177
exp: -5.2342152489
exp: -5.3319846942
exp: -5.4300070570
exp: -5.5344316992
exp: -5.6329860573
exp: -5.7330319494
exp: -5.8397244094
Overlap: 0.0000000000
