exp: -11.8119225373
exp: -11.6239292313
exp: -11.4361051325
exp: -11.2483729603
exp: -11.0608709426
exp: -10.8734924927
exp: -10.6862360594
exp: -10.4991635876
exp: -10.3122542197
exp: -10.1256269951
exp: -9.9390900383
exp: -9.7527500329
exp: -9.5666301905
exp: -9.3808438376
exp: -9.1952299875
exp: -9.0100773801
exp: -8.8251717515
exp: -8.6407994649
exp: -8.4567763776
exp: -8.2730213232
exp: -8.0900407306
exp: -7.9072032351
exp: -7.7251546288
exp: -7.5439781534
exp: -7.3640531871
exp: -7.1846604052
exp: -7.0062138628
exp: -6.8278520747
exp: -6.6499634295
exp: -6.4727710462
exp: -6.2969129765
exp: -6.1223043075
exp: -5.9485111353
exp: -5.7754310873
exp: -5.6029767629
exp: -5.4315859189
exp: -5.2618844108
exp: -5.0933406752
exp: -4.9274610068
exp: -4.7661680521
exp: -4.6049811571
exp: -4.4485486232
exp: -4.3004870396
exp: -4.1731115171
exp: -4.0603481872
exp: -3.9524914066
exp: -3.8662669889
exp: -3.7712853228
exp: -3.6933749052
exp: -3.6333139312
exp: -3.5744902073
exp: -3.5276423874
exp: -3.5516311997
exp: -3.5762112919
exp: -3.6022564220
exp: -3.6097088167
exp: -3.6225889208
exp: -3.6467442383
exp: -3.6735889822
exp: -3.7089643738
exp: -3.7731701969
exp: -4.1395530472
exp: -4.2080153489
exp: -4.2735392859
exp: -4.3433963317
exp: -4.4173929104
exp: -4.4953476917
exp: -4.5770986195
exp: -4.6624841237
exp: -4.7513625576
exp: -4.8435923180
exp: -4.9389621578
exp: -5.0375952187
exp: -5.1390978805
exp: -5.2433623758
exp: -5.3507091773
exp: -5.4606953017
exp: -5.5729278137
exp: -5.6877114575
exp: -5.8052154058
exp: -5.9245923392
exp: -6.0465798640
exp: -6.1700730279
exp: -6.2967751550
exp: -6.4253503230
exp: -6.5545184808
exp: -6.6855505972
exp: -6.8193148477
exp: -6.9545444522
exp: -7.0918441638
exp: -7.2313353777
exp: -7.3700874432
exp: -7.5130801675
exp: -7.6551450773
exp: -7.8001703603
exp: -7.9463249085
exp: -8.0940549728
exp: -8.2450373060
exp: -8.3963470498
exp: -8.5498977438
Overlap: 0.0000000000
