exp: -11.8421846953
exp: -11.6844833029
exp: -11.5271391938
exp: -11.3697373114
exp: -11.2124405229
exp: -11.0552522894
exp: -10.8981302510
exp: -10.7412841034
exp: -10.5843797707
exp: -10.4276767280
exp: -10.2711011485
exp: -10.1148290722
exp: -9.9585376260
exp: -9.8024427564
exp: -9.6465157751
exp: -9.4908559357
exp: -9.3353929000
exp: -9.1801417531
exp: -9.0250605743
exp: -8.8702360460
exp: -8.7156122185
exp: -8.5614265763
exp: -8.4073339814
exp: -8.2536568777
exp: -8.0998927080
exp: -7.9465383596
exp: -7.7937324610
exp: -7.6411602861
exp: -7.4890865101
exp: -7.3370748864
exp: -7.1860809085
exp: -7.0356107333
exp: -6.8871649243
exp: -6.7407328251
exp: -6.5971315381
exp: -6.4569362177
exp: -6.3166519391
exp: -6.1740251298
exp: -6.0302721390
exp: -5.8868744476
exp: -5.7440521298
exp: -5.6027832130
exp: -5.4624193359
exp: -5.3235345948
exp: -5.1878339389
exp: -5.0543397554
exp: -4.9253688853
exp: -4.8016150335
exp: -4.6837502381
exp: -4.5658277314
exp: -4.4632200082
exp: -4.3603185811
exp: -4.2624448992
exp: -4.1692014562
exp: -4.0833081880
exp: -4.0036002200
exp: -3.9306514861
exp: -3.8651206400
exp: -3.8067923756
exp: -3.7545843783
exp: -3.7085784308
exp: -3.6677123078
exp: -3.6315296160
exp: -3.6055474407
exp: -3.5847727769
exp: -3.5714332306
exp: -3.5636089643
exp: -3.5589080651
exp: -3.5659145727
exp: -3.5764187991
exp: -3.6059486036
exp: -3.6425743740
exp: -3.7200864884
exp: -3.8374308626
exp: -3.8983956534
exp: -3.9520206322
exp: -4.0090343022
exp: -4.0706114554
exp: -4.1349101646
exp: -4.2024321762
exp: -4.2710600512
exp: -4.3446553913
exp: -4.4185179383
exp: -4.5030335788
exp: -4.5916529978
exp: -4.6761716613
exp: -4.7617681453
exp: -4.8482976904
exp: -4.9372493201
exp: -5.0278290763
exp: -5.1218244764
exp: -5.2146341300
exp: -5.3133571574
exp: -5.4102903377
exp: -5.5120661385
exp: -5.6159477663
exp: -5.7198233358
exp: -5.8220824959
exp: -5.9309850037
exp: -6.0408050725
Overlap: 0.0000000000
