exp: -11.8539707394
exp: -11.7092721205
exp: -11.5641247684
exp: -11.4190720492
exp: -11.2741820239
exp: -11.1294171927
exp: -10.9848256118
exp: -10.8404288522
exp: -10.6961548297
exp: -10.5521752300
exp: -10.4082204386
exp: -10.2646372662
exp: -10.1211465459
exp: -9.9780459487
exp: -9.8351032519
exp: -9.6924141192
exp: -9.5501252036
exp: -9.4082999499
exp: -9.2668957083
exp: -9.1261784510
exp: -8.9857557456
exp: -8.8461724200
exp: -8.7077719962
exp: -8.5698286405
exp: -8.4325048219
exp: -8.2952877974
exp: -8.1580515858
exp: -8.0211520852
exp: -7.8846296369
exp: -7.7483351037
exp: -7.6124399124
exp: -7.4770622137
exp: -7.3423183404
exp: -7.2078877860
exp: -7.0742536103
exp: -6.9410340317
exp: -6.8089501350
exp: -6.6772261086
exp: -6.5461449887
exp: -6.4164459480
exp: -6.2871344864
exp: -6.1589672178
exp: -6.0310253864
exp: -5.9089006655
exp: -5.7908294176
exp: -5.6795504821
exp: -5.5735216975
exp: -5.4747920605
exp: -5.3830912466
exp: -5.3041433672
exp: -5.2446670102
exp: -5.2023279196
exp: -5.1519249989
exp: -5.1097329119
exp: -5.0724212619
exp: -5.0411352166
exp: -5.0160750309
exp: -4.9971436055
exp: -4.9840540819
exp: -4.9766210747
exp: -4.9746266298
exp: -4.9783415029
exp: -4.9872060253
exp: -5.0011375329
exp: -5.0194197170
exp: -5.0418611836
exp: -5.0683391302
exp: -5.0986381802
exp: -5.1326031876
exp: -5.1700651005
exp: -5.2108780068
exp: -5.2548429711
exp: -5.3018323300
exp: -5.3517287300
exp: -5.4043894086
exp: -5.4597153018
exp: -5.5175894358
exp: -5.5779249165
exp: -5.6406149983
exp: -5.7055753561
exp: -5.7727195693
exp: -5.8419705103
exp: -5.9132509261
exp: -5.9864882681
exp: -6.0616134774
exp: -6.1385610010
exp: -6.2172654518
exp: -6.2976690506
exp: -6.3796956903
exp: -6.4633197843
exp: -6.5484836562
exp: -6.6351235212
exp: -6.7231520348
exp: -6.8125615425
exp: -6.9034390873
exp: -6.9954294664
exp: -7.0887565007
exp: -7.1832983378
exp: -7.2790329450
exp: -7.3758299385
Overlap: 0.0000000000
