exp: -11.7925406377
exp: -11.5856557212
exp: -11.3786812722
exp: -11.1718392482
exp: -10.9651633181
exp: -10.7586541655
exp: -10.5523024606
exp: -10.3461552273
exp: -10.1401855613
exp: -9.9345041357
exp: -9.7290006581
exp: -9.5238516363
exp: -9.3188725474
exp: -9.1141035166
exp: -8.9097242584
exp: -8.7056126783
exp: -8.5020026192
exp: -8.2985368602
exp: -8.0958913242
exp: -7.8934048428
exp: -7.6915686019
exp: -7.4906080251
exp: -7.2903309880
exp: -7.0903211041
exp: -6.8910687427
exp: -6.6932019318
exp: -6.4960805028
exp: -6.2990504681
exp: -6.1024564618
exp: -5.9070656287
exp: -5.7124277222
exp: -5.5191134461
exp: -5.3261225238
exp: -5.1345701150
exp: -4.9453203273
exp: -4.7557401236
exp: -4.5744458531
exp: -4.3993228045
exp: -4.2268121428
exp: -4.0589028871
exp: -3.9030375313
exp: -3.7543515459
exp: -3.6407568438
exp: -3.5345684688
exp: -3.4443114612
exp: -3.3626395321
exp: -3.2878111629
exp: -3.2189949204
exp: -3.1623550982
exp: -3.1127473003
exp: -3.0750681176
exp: -3.0491943319
exp: -3.0352120512
exp: -3.0312534761
exp: -3.0353731931
exp: -3.0562225935
exp: -3.0931860946
exp: -3.1352226170
exp: -3.2074366666
exp: -3.2815758823
exp: -3.3639788613
exp: -3.4562333895
exp: -3.5563978521
exp: -3.6653280688
exp: -3.7788832464
exp: -3.8972788577
exp: -4.0208640880
exp: -4.1497939606
exp: -4.2814761573
exp: -4.4165183968
exp: -4.5560813213
exp: -4.6992878466
exp: -4.8442080795
exp: -4.9958237167
exp: -5.1484850334
exp: -5.3011806241
exp: -5.4608198370
exp: -5.6213243489
exp: -5.7823238805
exp: -5.9569181003
exp: -6.1252550947
exp: -6.2962305328
exp: -6.4728727980
exp: -6.6513450784
exp: -6.8265767211
exp: -7.0067264102
exp: -7.1908771549
exp: -7.3776510391
exp: -7.5570082777
exp: -7.7477970234
exp: -7.9349756698
exp: -8.1204846079
exp: -8.3077627113
exp: -8.5043370290
exp: -8.7015569221
exp: -8.8880267554
exp: -9.0743438623
exp: -9.2768924588
exp: -9.4794814487
exp: -9.6973171391
Overlap: 0.0000000000
