exp: -11.8308550942
exp: -11.6621510971
exp: -11.4933885874
exp: -11.3247065464
exp: -11.1561418550
exp: -10.9876462438
exp: -10.8192664146
exp: -10.6510396879
exp: -10.4829257101
exp: -10.3149939775
exp: -10.1472471947
exp: -9.9795952848
exp: -9.8120672713
exp: -9.6446551468
exp: -9.4775313015
exp: -9.3107858195
exp: -9.1440342579
exp: -8.9777627512
exp: -8.8117519210
exp: -8.6460059609
exp: -8.4808299814
exp: -8.3160881296
exp: -8.1516952757
exp: -7.9876430739
exp: -7.8238810066
exp: -7.6606688548
exp: -7.4981983795
exp: -7.3359438649
exp: -7.1742793265
exp: -7.0132553944
exp: -6.8522303556
exp: -6.6920592793
exp: -6.5320109436
exp: -6.3726000523
exp: -6.2134998222
exp: -6.0556964697
exp: -5.8986019711
exp: -5.7423288861
exp: -5.5870348341
exp: -5.4317262277
exp: -5.2792172105
exp: -5.1314545072
exp: -4.9886833029
exp: -4.8533800686
exp: -4.7231281312
exp: -4.5944001286
exp: -4.4694679358
exp: -4.3483089676
exp: -4.2343970538
exp: -4.1239874070
exp: -4.0170737369
exp: -3.9141168559
exp: -3.8226205056
exp: -3.7359610719
exp: -3.6490141115
exp: -3.5688859471
exp: -3.5000621685
exp: -3.4390679459
exp: -3.3839158006
exp: -3.3385556320
exp: -3.3035876350
exp: -3.2787971718
exp: -3.2604301660
exp: -3.2506105061
exp: -3.2512691875
exp: -3.2555111959
exp: -3.2661872598
exp: -3.2870480593
exp: -3.4184017602
exp: -3.4529214851
exp: -3.4874634879
exp: -3.4962846269
exp: -3.5063765834
exp: -3.6587779683
exp: -3.7559541092
exp: -3.8360623817
exp: -3.9217311836
exp: -4.0129297973
exp: -4.1080498560
exp: -4.2050714765
exp: -4.3034960218
exp: -4.4052567739
exp: -4.5088797516
exp: -4.6149533978
exp: -4.7226323627
exp: -4.8319034703
exp: -4.9438689892
exp: -5.0580336009
exp: -5.1736822214
exp: -5.2913335646
exp: -5.4115221128
exp: -5.5325008935
exp: -5.6553366655
exp: -5.7784408773
exp: -5.9073482735
exp: -6.0263380746
exp: -6.1566336530
exp: -6.2855694780
exp: -6.4241460065
exp: -6.5530561075
Overlap: 0.0000000000
