exp: -11.7835919579
exp: -11.5672575463
exp: -11.3507926934
exp: -11.1348245388
exp: -10.9184787762
exp: -10.7029711779
exp: -10.4872214110
exp: -10.2714166748
exp: -10.0556527156
exp: -9.8399502857
exp: -9.6243546324
exp: -9.4090450676
exp: -9.1935183848
exp: -8.9783177356
exp: -8.7633018249
exp: -8.5483027385
exp: -8.3334833236
exp: -8.1189995320
exp: -7.9048722155
exp: -7.6905579549
exp: -7.4766248499
exp: -7.2630146514
exp: -7.0497220960
exp: -6.8364914781
exp: -6.6238702075
exp: -6.4117681251
exp: -6.1999252606
exp: -5.9883596559
exp: -5.7772600237
exp: -5.5670826209
exp: -5.3570820002
exp: -5.1481584060
exp: -4.9402834243
exp: -4.7327857301
exp: -4.5273566330
exp: -4.3222513243
exp: -4.1199887075
exp: -3.9226913142
exp: -3.7327870901
exp: -3.5526707497
exp: -3.3894937649
exp: -3.2454006422
exp: -3.1100319817
exp: -2.9823020741
exp: -2.8631710860
exp: -2.7627868770
exp: -2.6732385609
exp: -2.6019223671
exp: -2.5441393604
exp: -2.5038899226
exp: -2.4731704028
exp: -2.4549385104
exp: -2.4491084516
exp: -2.4558013436
exp: -2.4807594338
exp: -2.5271191171
exp: -2.5937198126
exp: -2.6675020555
exp: -2.7587944253
exp: -2.8612178556
exp: -2.9740192307
exp: -3.0948738113
exp: -3.2229200489
exp: -3.3565258559
exp: -3.4972647462
exp: -3.6421272006
exp: -3.7930491540
exp: -3.9523153885
exp: -4.1158460946
exp: -4.2823592426
exp: -4.4525217657
exp: -4.6350993524
exp: -4.8147492555
exp: -4.9934763663
exp: -5.1731118492
exp: -5.3541586235
exp: -5.5428133812
exp: -5.7331486993
exp: -5.9262697940
exp: -6.1194333355
exp: -6.3150496798
exp: -6.5162737652
exp: -6.7195826969
exp: -6.9162611257
exp: -7.1116061141
exp: -7.3081596526
exp: -7.5055543416
exp: -7.7053263441
exp: -7.9053264398
exp: -8.1068453356
exp: -8.3107606832
exp: -8.5151263068
exp: -8.7204716181
exp: -8.9273818124
exp: -9.1353241452
exp: -9.3442459343
exp: -9.5539788571
exp: -9.7644653603
exp: -9.9770468760
exp: -10.1909785770
Overlap: 0.0000000000
