exp: -11.8593020655
exp: -11.7187075853
exp: -11.5782462306
exp: -11.4378888923
exp: -11.2976639779
exp: -11.1575573911
exp: -11.0176152079
exp: -10.8777622184
exp: -10.7381131115
exp: -10.5985884037
exp: -10.4592567728
exp: -10.3200295978
exp: -10.1809873030
exp: -10.0422846290
exp: -9.9037352944
exp: -9.7653739679
exp: -9.6275126822
exp: -9.4897903332
exp: -9.3527440434
exp: -9.2163396077
exp: -9.0802903791
exp: -8.9441715360
exp: -8.8082187340
exp: -8.6724546628
exp: -8.5374621431
exp: -8.4028310813
exp: -8.2685660043
exp: -8.1348352814
exp: -8.0017343423
exp: -7.8697917303
exp: -7.7384403806
exp: -7.6072621558
exp: -7.4767113954
exp: -7.3461659981
exp: -7.2159259529
exp: -7.0858134617
exp: -6.9564388427
exp: -6.8275862800
exp: -6.6992831078
exp: -6.5714958668
exp: -6.4441012623
exp: -6.3168005607
exp: -6.1901709407
exp: -6.0643001276
exp: -5.9395301783
exp: -5.8156085326
exp: -5.6936228065
exp: -5.5742449691
exp: -5.4572342950
exp: -5.3432803599
exp: -5.2324263445
exp: -5.1250314689
exp: -5.0204027182
exp: -4.9259911199
exp: -4.8376667350
exp: -4.7650440843
exp: -4.7403813618
exp: -4.6905222712
exp: -4.6426162798
exp: -4.6035055420
exp: -4.5632467186
exp: -4.5230311853
exp: -4.4879168534
exp: -4.4580311327
exp: -4.4390083083
exp: -4.4280421720
exp: -4.4289499260
exp: -4.4418069967
exp: -4.4640263902
exp: -4.4750698608
exp: -4.4888411739
exp: -4.5067823332
exp: -4.5286834466
exp: -4.5540953796
exp: -4.5831361172
exp: -4.6155295809
exp: -4.6511100931
exp: -4.6898104424
exp: -4.7314595472
exp: -4.7759856488
exp: -4.8232806431
exp: -4.8732654554
exp: -4.9258371661
exp: -4.9809145540
exp: -5.0384124705
exp: -5.0982493713
exp: -5.1603368145
exp: -5.2245984672
exp: -5.2909724354
exp: -5.3593481057
exp: -5.4295638235
exp: -5.5017499459
exp: -5.5753784513
exp: -5.6510636073
exp: -5.7280603707
exp: -5.8069536577
exp: -5.8868835418
exp: -5.9682920539
exp: -6.0503757620
exp: -6.1353610715
Overlap: 0.0000000000
