exp: -11.8178548801
exp: -11.6357775814
exp: -11.4537749502
exp: -11.2717161788
exp: -11.0896067527
exp: -10.9083364094
exp: -10.7274552225
exp: -10.5460558285
exp: -10.3649077649
exp: -10.1838193346
exp: -10.0028708106
exp: -9.8221586082
exp: -9.6416605556
exp: -9.4612485781
exp: -9.2811536045
exp: -9.1011282603
exp: -8.9213184213
exp: -8.7416528568
exp: -8.5623006814
exp: -8.3832391508
exp: -8.2043999052
exp: -8.0258052859
exp: -7.8475562926
exp: -7.6695679241
exp: -7.4918741222
exp: -7.3147307979
exp: -7.1375829202
exp: -6.9608839931
exp: -6.7844994695
exp: -6.6087450554
exp: -6.4335534174
exp: -6.2588446228
exp: -6.0846561613
exp: -5.9110020171
exp: -5.7380469104
exp: -5.5657270741
exp: -5.3946267037
exp: -5.2243492185
exp: -5.0548978982
exp: -4.8870059294
exp: -4.7210660641
exp: -4.5571532051
exp: -4.3959803942
exp: -4.2391471591
exp: -4.0806577755
exp: -3.9265812994
exp: -3.7868390150
exp: -3.6584432983
exp: -3.5313197341
exp: -3.4016796381
exp: -3.2900565399
exp: -3.1908460384
exp: -3.1018421562
exp: -3.0435031713
exp: -2.9911309231
exp: -2.9287352660
exp: -2.8772203927
exp: -2.8410979282
exp: -2.7873154771
exp: -2.7489706979
exp: -2.7005467653
exp: -2.6696351293
exp: -2.6333983604
exp: -2.6174990869
exp: -2.6173034594
exp: -2.6140173433
exp: -2.6325070853
exp: -2.6589601700
exp: -2.6969121994
exp: -2.7409960266
exp: -2.8027797455
exp: -2.8751777222
exp: -2.9268071395
exp: -3.0089445827
exp: -3.1450892098
exp: -3.3079685486
exp: -3.5355478958
exp: -3.7091210517
exp: -3.8212914586
exp: -3.9625553063
exp: -4.1283697903
exp: -4.4503316140
exp: -4.5943165669
exp: -4.7245144613
exp: -4.8572551815
exp: -4.9845585529
exp: -5.1157615332
exp: -5.2552898192
exp: -5.3964469665
exp: -5.5372594641
exp: -5.6768848156
exp: -5.8134377756
exp: -5.9393485420
exp: -6.0995232480
exp: -6.2364850160
exp: -6.3651721468
exp: -6.5555832393
exp: -6.7124864617
exp: -6.8865681322
exp: -7.0441375895
Overlap: 0.0000000000
