exp: -11.8128141286
exp: -11.6257490391
exp: -11.4386952828
exp: -11.2516787214
exp: -11.0647075058
exp: -10.8777828277
exp: -10.6909085154
exp: -10.5040874023
exp: -10.3173178452
exp: -10.1306109841
exp: -9.9439544640
exp: -9.7573635584
exp: -9.5708388264
exp: -9.3843662839
exp: -9.1980132821
exp: -9.0116977797
exp: -8.8255175214
exp: -8.6393990159
exp: -8.4533449937
exp: -8.2674148317
exp: -8.0815627097
exp: -7.8958359581
exp: -7.7102251161
exp: -7.5247869013
exp: -7.3394945434
exp: -7.1543566858
exp: -6.9693627745
exp: -6.7846978451
exp: -6.6001478291
exp: -6.4159910822
exp: -6.2320092717
exp: -6.0484757636
exp: -5.8651949212
exp: -5.6822761521
exp: -5.4997348803
exp: -5.3175006666
exp: -5.1357246421
exp: -4.9545288786
exp: -4.7736490684
exp: -4.5934837528
exp: -4.4137206851
exp: -4.2357394559
exp: -4.0610257588
exp: -3.8894930689
exp: -3.7204519536
exp: -3.5525713663
exp: -3.3921821005
exp: -3.2327311263
exp: -3.0975563582
exp: -2.9559971711
exp: -2.8164188809
exp: -2.6805618636
exp: -2.5488457208
exp: -2.4208749670
exp: -2.2970601282
exp: -2.1844158215
exp: -2.0812863651
exp: -1.9986024052
exp: -1.9326562858
exp: -1.9320527013
exp: -1.9140977146
exp: -1.9042559221
exp: -1.9443911489
exp: -1.9515520218
exp: -1.9806197304
exp: -2.0454697245
exp: -2.1410482106
exp: -2.2378715510
exp: -2.3399802070
exp: -2.4446507057
exp: -2.5516376108
exp: -2.6667097484
exp: -2.7816005695
exp: -2.9123372556
exp: -3.0441058546
exp: -3.1766127722
exp: -3.3168606733
exp: -3.4589211881
exp: -3.6145234203
exp: -3.7727459413
exp: -3.9281191438
exp: -4.0888527307
exp: -4.2467704949
exp: -4.4071109088
exp: -4.5747460788
exp: -4.7356292634
exp: -4.9049740007
exp: -5.0713525093
exp: -5.2414038239
exp: -5.4152189588
exp: -5.5865497489
exp: -5.7609066210
exp: -5.9372691459
exp: -6.1126198304
exp: -6.2866673847
exp: -6.4608224433
exp: -6.6344299433
exp: -6.8088907897
exp: -6.9844114444
exp: -7.1593072867
Overlap: 0.0000000000
