exp: -11.8326539147
exp: -11.6660029222
exp: -11.4991616672
exp: -11.3324320493
exp: -11.1657529053
exp: -10.9992733173
exp: -10.8328542445
exp: -10.6665507247
exp: -10.5003968933
exp: -10.3343816072
exp: -10.1684277651
exp: -10.0027012745
exp: -9.8370609982
exp: -9.6716784712
exp: -9.5064665840
exp: -9.3413880984
exp: -9.1765227660
exp: -9.0119999763
exp: -8.8476990918
exp: -8.6837016479
exp: -8.5198342815
exp: -8.3563466502
exp: -8.1931408195
exp: -8.0304754511
exp: -7.8686689548
exp: -7.7074123660
exp: -7.5468351665
exp: -7.3869274989
exp: -7.2270727375
exp: -7.0668614086
exp: -6.9070852573
exp: -6.7487347071
exp: -6.5909303873
exp: -6.4339546207
exp: -6.2786639288
exp: -6.1238884273
exp: -5.9715575458
exp: -5.8194706410
exp: -5.6680845797
exp: -5.5197024414
exp: -5.3716230285
exp: -5.2278969214
exp: -5.0890691331
exp: -4.9561636293
exp: -4.8311790245
exp: -4.7140909638
exp: -4.5960619333
exp: -4.4917792541
exp: -4.4089306838
exp: -4.3320245130
exp: -4.2687908398
exp: -4.2039939325
exp: -4.1508054130
exp: -4.1057079140
exp: -4.0537885586
exp: -4.0200819365
exp: -3.9956127291
exp: -4.0343297843
exp: -4.0728420642
exp: -4.0765240667
exp: -4.0851890711
exp: -4.0994504685
exp: -4.1198380898
exp: -4.1455708406
exp: -4.1762013085
exp: -4.2119886943
exp: -4.2525959320
exp: -4.2976869665
exp: -4.3471329769
exp: -4.4007992111
exp: -4.4585151903
exp: -4.5201165106
exp: -4.5854423135
exp: -4.6543418358
exp: -4.7266629293
exp: -4.8022647544
exp: -4.8810042467
exp: -4.9626444392
exp: -5.0473704377
exp: -5.1344420868
exp: -5.2246545658
exp: -5.3164633808
exp: -5.4110412134
exp: -5.5078034802
exp: -5.6069968775
exp: -5.7086805329
exp: -5.8110493381
exp: -5.9135215949
exp: -6.0191733294
exp: -6.1337550898
exp: -6.2397140438
exp: -6.3487740253
exp: -6.4678827809
exp: -6.5790951802
exp: -6.7021245988
exp: -6.8159589751
exp: -6.9345238371
exp: -7.0580251720
exp: -7.1813093923
exp: -7.3076748469
Overlap: 0.0000000000
