exp: -11.8170954601
exp: -11.6343382215
exp: -11.4516520477
exp: -11.2691034012
exp: -11.0866025627
exp: -10.9042038459
exp: -10.7218701192
exp: -10.5398811625
exp: -10.3580229308
exp: -10.1763263724
exp: -9.9948699153
exp: -9.8135747050
exp: -9.6322875601
exp: -9.4511057465
exp: -9.2703604550
exp: -9.0899626212
exp: -8.9096489449
exp: -8.7297199031
exp: -8.5500616897
exp: -8.3709514652
exp: -8.1918170254
exp: -8.0128386491
exp: -7.8350615955
exp: -7.6563748270
exp: -7.4779653203
exp: -7.3008323662
exp: -7.1236780575
exp: -6.9474144203
exp: -6.7718403600
exp: -6.5968205795
exp: -6.4219539442
exp: -6.2486485802
exp: -6.0762201657
exp: -5.9045555962
exp: -5.7338283955
exp: -5.5635354006
exp: -5.3956476236
exp: -5.2280764437
exp: -5.0685792320
exp: -4.9100250321
exp: -4.7570954439
exp: -4.6112841322
exp: -4.4743817308
exp: -4.3494190598
exp: -4.2352101809
exp: -4.1310853878
exp: -4.0425844066
exp: -3.9479902166
exp: -3.8573360980
exp: -3.7688904694
exp: -3.6958517996
exp: -3.6253090470
exp: -3.5727368891
exp: -3.5250661359
exp: -3.4856940507
exp: -3.4492095442
exp: -3.4142328627
exp: -3.3906687021
exp: -3.3793481142
exp: -3.3776303081
exp: -3.3857529134
exp: -3.3981635593
exp: -3.4201904301
exp: -3.4510619720
exp: -3.4925593619
exp: -3.5450030389
exp: -3.6090012059
exp: -3.6814643370
exp: -3.7596258181
exp: -3.8450704477
exp: -3.9378722092
exp: -4.0344936505
exp: -4.1365018873
exp: -4.2460503066
exp: -4.3586224796
exp: -4.4747349385
exp: -4.5886088321
exp: -4.7040542596
exp: -4.8226246410
exp: -4.9461736823
exp: -5.0786153226
exp: -5.2062878124
exp: -5.3300802793
exp: -5.4645118782
exp: -5.6068775322
exp: -5.7452492804
exp: -5.8804020749
exp: -6.0087131816
exp: -6.1534379319
exp: -6.2855286866
exp: -6.4222069045
exp: -6.5618844443
exp: -6.7042215458
exp: -6.8605807323
exp: -7.0145581153
exp: -7.1576284812
exp: -7.3066525263
exp: -7.4558642424
exp: -7.6020023712
exp: -7.7558604589
Overlap: 0.0000000000
