exp: -11.8438954415
exp: -11.6880160017
exp: -11.5321611122
exp: -11.3766466672
exp: -11.2212145648
exp: -11.0660235317
exp: -10.9109460424
exp: -10.7560210234
exp: -10.6012216960
exp: -10.4466101395
exp: -10.2922466689
exp: -10.1380265008
exp: -9.9840087808
exp: -9.8302111405
exp: -9.6767478308
exp: -9.5233946350
exp: -9.3703331773
exp: -9.2175814793
exp: -9.0649085410
exp: -8.9125309178
exp: -8.7605556099
exp: -8.6088574263
exp: -8.4574563495
exp: -8.3063507315
exp: -8.1559143123
exp: -8.0055938688
exp: -7.8560860325
exp: -7.7070264324
exp: -7.5587322746
exp: -7.4114351536
exp: -7.2645244708
exp: -7.1198942484
exp: -6.9769502522
exp: -6.8344062094
exp: -6.6920202100
exp: -6.5493162987
exp: -6.4067316362
exp: -6.2648759356
exp: -6.1238177754
exp: -5.9835818120
exp: -5.8449562083
exp: -5.7082224764
exp: -5.5726187329
exp: -5.4287610688
exp: -5.2989366992
exp: -5.1850403424
exp: -5.0637091367
exp: -4.9445314835
exp: -4.8308289869
exp: -4.7298042588
exp: -4.6459322615
exp: -4.5628254685
exp: -4.4699507492
exp: -4.3817865813
exp: -4.2986750547
exp: -4.2251452203
exp: -4.1591009129
exp: -4.0982175415
exp: -4.0425567628
exp: -3.9928128142
exp: -3.9478131827
exp: -3.9082725874
exp: -3.8732100473
exp: -3.8437186501
exp: -3.8200057352
exp: -3.8016983368
exp: -3.7889993461
exp: -3.7820757347
exp: -3.7782437777
exp: -3.7836576558
exp: -3.7944001154
exp: -3.8132646589
exp: -3.8392864767
exp: -3.8703391738
exp: -3.9085736843
exp: -3.9531561374
exp: -4.0029609162
exp: -4.0578847558
exp: -4.1216334774
exp: -4.1904570771
exp: -4.2630026513
exp: -4.3416795864
exp: -4.4241107039
exp: -4.5111652046
exp: -4.5988862161
exp: -4.6905969069
exp: -4.7839219807
exp: -4.8817219983
exp: -4.9802459181
exp: -5.0834017425
exp: -5.1876290470
exp: -5.2955680134
exp: -5.4044725108
exp: -5.5148046250
exp: -5.6290354284
exp: -5.7434624992
exp: -5.8576922763
exp: -5.9767133292
exp: -6.0927064715
exp: -6.2115404539
Overlap: 0.0000000000
