exp: -11.8397093121
exp: -11.6795044017
exp: -11.5193711122
exp: -11.3593572365
exp: -11.1994120849
exp: -11.0395520933
exp: -10.8798123187
exp: -10.7201901795
exp: -10.5606853746
exp: -10.4013587089
exp: -10.2420593769
exp: -10.0830227052
exp: -9.9239329003
exp: -9.7649381134
exp: -9.6062804487
exp: -9.4477624912
exp: -9.2894687739
exp: -9.1313781367
exp: -8.9734629118
exp: -8.8157177629
exp: -8.6582616077
exp: -8.5012193093
exp: -8.3445863180
exp: -8.1881806376
exp: -8.0322429749
exp: -7.8760047878
exp: -7.7207793895
exp: -7.5658006615
exp: -7.4119578372
exp: -7.2581962620
exp: -7.1056427042
exp: -6.9539334436
exp: -6.8029056026
exp: -6.6521870220
exp: -6.5010079370
exp: -6.3498696816
exp: -6.1993382680
exp: -6.0488197019
exp: -5.8989755793
exp: -5.7495561333
exp: -5.6001643591
exp: -5.4574703375
exp: -5.3166867871
exp: -5.1805762562
exp: -5.0503973770
exp: -4.9279885939
exp: -4.8114362536
exp: -4.6937413198
exp: -4.5811208656
exp: -4.4764013565
exp: -4.3739925958
exp: -4.2654785927
exp: -4.1773813584
exp: -4.0900689605
exp: -4.0094090788
exp: -3.9364935162
exp: -3.8721783644
exp: -3.8151804839
exp: -3.7641299048
exp: -3.7194299780
exp: -3.6805729538
exp: -3.6480824488
exp: -3.6217362276
exp: -3.6010471992
exp: -3.5844869349
exp: -3.5734488134
exp: -3.5679262509
exp: -3.5675334238
exp: -3.5723986255
exp: -3.5809844724
exp: -3.5927582526
exp: -3.6098362981
exp: -3.6334084040
exp: -3.6606162853
exp: -3.7022155089
exp: -3.7433897029
exp: -3.8025503322
exp: -3.8670697785
exp: -3.9524909792
exp: -4.0409335365
exp: -4.1388633250
exp: -4.2441900929
exp: -4.3413749368
exp: -4.4346121162
exp: -4.5289654776
exp: -4.6261446959
exp: -4.7264377169
exp: -4.8266411913
exp: -4.9308776423
exp: -5.0381640201
exp: -5.1468702733
exp: -5.2509411665
exp: -5.3576563447
exp: -5.4775526656
exp: -5.5889576415
exp: -5.7009736858
exp: -5.8179787609
exp: -5.9368700355
exp: -6.0572869568
exp: -6.1764373317
Overlap: 0.0000000000
