exp: -11.8257117375
exp: -11.6516096433
exp: -11.4776827124
exp: -11.3039521313
exp: -11.1304509161
exp: -10.9571623029
exp: -10.7840568012
exp: -10.6113156946
exp: -10.4386897835
exp: -10.2665047974
exp: -10.0946076557
exp: -9.9228832048
exp: -9.7516502546
exp: -9.5807463695
exp: -9.4102357196
exp: -9.2402306094
exp: -9.0706544901
exp: -8.9014606168
exp: -8.7330301903
exp: -8.5650080583
exp: -8.3977176298
exp: -8.2311757919
exp: -8.0651665073
exp: -7.8998440707
exp: -7.7352263282
exp: -7.5720870334
exp: -7.4096826903
exp: -7.2475776688
exp: -7.0862057552
exp: -6.9259431991
exp: -6.7670005210
exp: -6.6084595616
exp: -6.4518094791
exp: -6.2963013305
exp: -6.1418646835
exp: -5.9886169413
exp: -5.8361981384
exp: -5.6856401206
exp: -5.5280966966
exp: -5.3756665382
exp: -5.2360244724
exp: -5.1033056520
exp: -4.9796767745
exp: -4.8637761958
exp: -4.7566269157
exp: -4.6579801917
exp: -4.5699979470
exp: -4.4912144623
exp: -4.4230564404
exp: -4.3626686841
exp: -4.3091212356
exp: -4.2619929025
exp: -4.2223385256
exp: -4.1891253058
exp: -4.1628896360
exp: -4.1430729701
exp: -4.1294701815
exp: -4.1217767177
exp: -4.1196743549
exp: -4.1221213924
exp: -4.1310127685
exp: -4.1442957305
exp: -4.1635766358
exp: -4.1876622497
exp: -4.2166344050
exp: -4.2496581043
exp: -4.2925465245
exp: -4.3087892326
exp: -4.3131701433
exp: -4.3508183526
exp: -4.4206359667
exp: -4.4817156891
exp: -4.5724696457
exp: -4.6705892683
exp: -4.7555311482
exp: -4.8419424184
exp: -4.9311945701
exp: -5.0222735679
exp: -5.1147919287
exp: -5.2106260475
exp: -5.3054578182
exp: -5.4043752292
exp: -5.5130022398
exp: -5.6193640816
exp: -5.7288841609
exp: -5.8337116288
exp: -5.9452637427
exp: -6.2786766341
exp: -6.4200805122
exp: -6.5543985655
exp: -6.6917091327
exp: -6.8302042616
exp: -6.9772223002
exp: -7.1146237036
exp: -7.2550170374
exp: -7.3928119007
exp: -7.5322526169
exp: -7.6639974605
exp: -7.8038776967
exp: -7.9394092983
Overlap: 0.0000000000
