exp: -11.8671177943
exp: -11.7342998801
exp: -11.6015328847
exp: -11.4688308500
exp: -11.3362263360
exp: -11.2036127619
exp: -11.0710931388
exp: -10.9386825524
exp: -10.8063361147
exp: -10.6740620427
exp: -10.5418403126
exp: -10.4096738472
exp: -10.2776716261
exp: -10.1457245355
exp: -10.0138950284
exp: -9.8820832432
exp: -9.7503766651
exp: -9.6187839006
exp: -9.4873000219
exp: -9.3559458199
exp: -9.2246134491
exp: -9.0934346280
exp: -8.9624378815
exp: -8.8316653847
exp: -8.7012008126
exp: -8.5709513439
exp: -8.4410632223
exp: -8.3124717803
exp: -8.1839514856
exp: -8.0555278135
exp: -7.9276268436
exp: -7.7991382199
exp: -7.6708899338
exp: -7.5425365451
exp: -7.4146555352
exp: -7.2870809360
exp: -7.1604653474
exp: -7.0333189057
exp: -6.9071218772
exp: -6.7814968062
exp: -6.6565762500
exp: -6.5316939758
exp: -6.4072136366
exp: -6.2833601803
exp: -6.1673567943
exp: -6.0509277166
exp: -5.9323446703
exp: -5.8164102154
exp: -5.7045094555
exp: -5.5959110781
exp: -5.4903386442
exp: -5.3918036746
exp: -5.3000313237
exp: -5.2156691832
exp: -5.1438721101
exp: -5.0738505711
exp: -5.0036888680
exp: -4.9370432234
exp: -4.8736868358
exp: -4.8155024110
exp: -4.7610926963
exp: -4.7111004331
exp: -4.6644887820
exp: -4.6218343605
exp: -4.5829617002
exp: -4.5480683353
exp: -4.5165395733
exp: -4.4885043825
exp: -4.4642498545
exp: -4.4432724349
exp: -4.4267782270
exp: -4.4155218319
exp: -4.4074750084
exp: -4.4032812160
exp: -4.4019602535
exp: -4.4059940400
exp: -4.4175568373
exp: -4.4337220043
exp: -4.4516808428
exp: -4.4740237400
exp: -4.4990619876
exp: -4.5275576436
exp: -4.5593255520
exp: -4.5942453403
exp: -4.6322871920
exp: -4.6734009945
exp: -4.7173292047
exp: -4.7641069428
exp: -4.8136027406
exp: -4.8657003283
exp: -4.9202590204
exp: -4.9772935855
exp: -5.0367057966
exp: -5.0984240414
exp: -5.1623010505
exp: -5.2283812963
exp: -5.2964356952
exp: -5.3664573919
exp: -5.4384619188
exp: -5.5121646337
Overlap: 0.0000000000
