exp: -8.8755409342
exp: -8.7512549988
exp: -8.6271038606
exp: -8.5031031327
exp: -8.3793317305
exp: -8.2556685601
exp: -8.1321087611
exp: -8.0088005461
exp: -7.8856906716
exp: -7.7628461507
exp: -7.6402441601
exp: -7.5177174312
exp: -7.3954233234
exp: -7.2733847356
exp: -7.1515474328
exp: -7.0299827049
exp: -6.9086699402
exp: -6.7877255264
exp: -6.6670426309
exp: -6.5469052807
exp: -6.4272086216
exp: -6.3078369324
exp: -6.1889383885
exp: -6.0703363010
exp: -5.9520345900
exp: -5.8339661194
exp: -5.7161682501
exp: -5.5987846648
exp: -5.4816904189
exp: -5.3651906425
exp: -5.2490250155
exp: -5.1332302662
exp: -5.0178606287
exp: -4.9028697471
exp: -4.7888087164
exp: -4.6752513199
exp: -4.5624699348
exp: -4.4500149174
exp: -4.3382367194
exp: -4.2262032858
exp: -4.1123328256
exp: -4.0051742664
exp: -3.9098502391
exp: -3.8211786283
exp: -3.7379574791
exp: -3.6573846205
exp: -3.5878942735
exp: -3.5206533476
exp: -3.4599167271
exp: -3.4075011228
exp: -3.3640970471
exp: -3.3236423282
exp: -3.2937742226
exp: -3.2631816211
exp: -3.2445010415
exp: -3.2291397457
exp: -3.2329237903
exp: -3.2407478310
exp: -3.2451904795
exp: -3.2521963975
exp: -3.2652642887
exp: -3.2978416262
exp: -3.3132174230
exp: -3.3295069854
exp: -3.3686987019
exp: -3.3862602280
exp: -3.4163840528
exp: -3.4616349210
exp: -3.7670121473
exp: -4.0063465872
exp: -4.1012594175
exp: -4.1575169270
exp: -4.2156703974
exp: -4.2756915983
exp: -4.3375055470
exp: -4.4010398974
exp: -4.4662245663
exp: -4.5330007640
exp: -4.6012804664
exp: -4.6710859769
exp: -4.7422279517
exp: -4.8147796560
exp: -4.8886314863
exp: -4.9636810728
exp: -5.0399729302
exp: -5.1174679385
exp: -5.1959334242
exp: -5.2759843927
exp: -5.3564273025
exp: -5.4379952061
exp: -5.5217319519
exp: -5.6055609677
exp: -5.6901388262
exp: -5.7761824621
exp: -5.8625706361
exp: -5.9504396081
exp: -6.0384342261
exp: -6.1272138464
exp: -6.2172841610
exp: -6.3093499650
Overlap: 0.0000000000
