exp: -8.8317122741
exp: -8.6635614485
exp: -8.4956055894
exp: -8.3277120048
exp: -8.1600415118
exp: -7.9923747682
exp: -7.8248502176
exp: -7.6575042038
exp: -7.4903906888
exp: -7.3233670063
exp: -7.1565793815
exp: -6.9899464868
exp: -6.8235781263
exp: -6.6574248907
exp: -6.4915336369
exp: -6.3260108695
exp: -6.1608334778
exp: -5.9959413179
exp: -5.8318242710
exp: -5.6675776358
exp: -5.5039563539
exp: -5.3417533226
exp: -5.1793575393
exp: -5.0182533571
exp: -4.8583088159
exp: -4.6998076554
exp: -4.5418230423
exp: -4.3834977867
exp: -4.2260073524
exp: -4.0694562413
exp: -3.9138084314
exp: -3.7591361666
exp: -3.6056889712
exp: -3.4536212068
exp: -3.2963841291
exp: -3.1437045852
exp: -2.9913018840
exp: -2.8529741798
exp: -2.7274350723
exp: -2.6082932795
exp: -2.4998736575
exp: -2.4007876418
exp: -2.3116254623
exp: -2.2303501961
exp: -2.1572248746
exp: -2.0919162793
exp: -2.0341603044
exp: -1.9824701788
exp: -1.9370728410
exp: -1.8974281083
exp: -1.8649388910
exp: -1.8411447939
exp: -1.8368483876
exp: -1.8547354704
exp: -1.9186280217
exp: -1.9842777545
exp: -2.0625775789
exp: -2.1421457379
exp: -2.2854990267
exp: -2.4170243574
exp: -2.5196682125
exp: -2.6359702081
exp: -2.7714309628
exp: -2.8870131499
exp: -3.0238372285
exp: -3.1464699519
exp: -3.2695358678
exp: -3.3945094503
exp: -3.5190825760
exp: -3.6474375616
exp: -3.7773055596
exp: -3.9111930635
exp: -4.0426984917
exp: -4.1783631127
exp: -4.3141152523
exp: -4.4553322963
exp: -4.5980098827
exp: -4.7390962419
exp: -4.8794492762
exp: -5.0191461612
exp: -5.1622366696
exp: -5.3058488706
exp: -5.4515269463
exp: -5.6006960103
exp: -5.7460100900
exp: -5.8981668258
exp: -6.0460717033
exp: -6.2019184024
exp: -6.3543356169
exp: -6.5052214879
exp: -6.6615739850
exp: -6.8121415884
exp: -6.9625160326
exp: -7.1245326678
exp: -7.2809019686
exp: -7.4404331936
exp: -7.5921784583
exp: -7.7440010961
exp: -7.9008390414
exp: -8.0554420527
Overlap: 0.0000000000
