exp: -8.8242721036
exp: -8.6486672521
exp: -8.4731147879
exp: -8.2976551484
exp: -8.1222987377
exp: -7.9470344632
exp: -7.7718677552
exp: -7.5968354651
exp: -7.4219622734
exp: -7.2472546757
exp: -7.0726737390
exp: -6.8982817533
exp: -6.7240368025
exp: -6.5500363652
exp: -6.3763384721
exp: -6.2028047566
exp: -6.0294731853
exp: -5.8564943086
exp: -5.6837705649
exp: -5.5113669837
exp: -5.3394218121
exp: -5.1679445073
exp: -4.9968116645
exp: -4.8258231236
exp: -4.6554346008
exp: -4.4861939035
exp: -4.3177781920
exp: -4.1510679788
exp: -3.9845477190
exp: -3.8264488041
exp: -3.6654679902
exp: -3.5031990151
exp: -3.3427551532
exp: -3.1879409690
exp: -3.0448012789
exp: -2.8969006062
exp: -2.7613923100
exp: -2.6406851843
exp: -2.5403769767
exp: -2.4753141173
exp: -2.4307522471
exp: -2.3875315210
exp: -2.3567429606
exp: -2.3380731384
exp: -2.3307612202
exp: -2.3338013157
exp: -2.3463197213
exp: -2.3675400071
exp: -2.3968342469
exp: -2.4336365579
exp: -2.4774655210
exp: -2.5279013415
exp: -2.5845736153
exp: -2.6471607461
exp: -2.7153553190
exp: -2.7888682753
exp: -2.8673850412
exp: -2.9509565146
exp: -3.0388924581
exp: -3.1314206692
exp: -3.2277548076
exp: -3.3284352637
exp: -3.4328167905
exp: -3.5404455144
exp: -3.6522095134
exp: -3.7671774937
exp: -3.8865897019
exp: -4.0067313770
exp: -4.1303484543
exp: -4.2575347326
exp: -4.3879161973
exp: -4.5172777515
exp: -4.6504820659
exp: -4.7892791280
exp: -4.9262574433
exp: -5.0624818579
exp: -5.2005374548
exp: -5.3374306611
exp: -5.4874213602
exp: -5.6406223787
exp: -5.7877189436
exp: -5.9280661712
exp: -6.0640694035
exp: -6.2081331571
exp: -6.3184435911
exp: -6.5291868835
exp: -6.7180236342
exp: -6.8956686043
exp: -7.0550353099
exp: -7.2147399722
exp: -7.3777568928
exp: -7.5466704497
exp: -7.7083152770
exp: -7.8734494061
exp: -8.0375306586
exp: -8.2037382862
exp: -8.3746773394
exp: -8.5445787845
exp: -8.7016291984
exp: -8.8656295368
Overlap: 0.0000000000
