exp: -8.8477274922
exp: -8.6956214336
exp: -8.5436554735
exp: -8.3918511113
exp: -8.2402224203
exp: -8.0887791204
exp: -7.9375277559
exp: -7.7864943788
exp: -7.6357043612
exp: -7.4851188908
exp: -7.3347655995
exp: -7.1847588143
exp: -7.0350605157
exp: -6.8856571657
exp: -6.7365207550
exp: -6.5876568225
exp: -6.4391444268
exp: -6.2908897718
exp: -6.1430418486
exp: -5.9956594568
exp: -5.8485091337
exp: -5.7018027863
exp: -5.5554781769
exp: -5.4097058433
exp: -5.2648096343
exp: -5.1204063737
exp: -4.9765036444
exp: -4.8332667678
exp: -4.6906899985
exp: -4.5490789578
exp: -4.4083125361
exp: -4.2688085544
exp: -4.1302298799
exp: -3.9926125011
exp: -3.8553897669
exp: -3.7210485443
exp: -3.5930082766
exp: -3.4744242863
exp: -3.3639953220
exp: -3.2705856837
exp: -3.1965352515
exp: -3.1467159263
exp: -3.1196173559
exp: -3.1017402491
exp: -3.0844178328
exp: -3.0720471165
exp: -3.0659135294
exp: -3.0671805886
exp: -3.0752618422
exp: -3.0900486014
exp: -3.1110063404
exp: -3.1372216909
exp: -3.1685126646
exp: -3.2046456005
exp: -3.2453263140
exp: -3.2902778805
exp: -3.3392645362
exp: -3.3920648762
exp: -3.4484822493
exp: -3.5083344488
exp: -3.5714535072
exp: -3.6376842828
exp: -3.7068825779
exp: -3.7789187073
exp: -3.8536662020
exp: -3.9310305207
exp: -4.0108454532
exp: -4.0930903633
exp: -4.1775483785
exp: -4.2642448064
exp: -4.3531716215
exp: -4.4439758105
exp: -4.5367698778
exp: -4.6315253674
exp: -4.7282987378
exp: -4.8265746779
exp: -4.9267643187
exp: -5.0280198775
exp: -5.1312932312
exp: -5.2362567230
exp: -5.3423111685
exp: -5.4503450910
exp: -5.5594946275
exp: -5.6698349717
exp: -5.7811212557
exp: -5.8943190727
exp: -6.0080859111
exp: -6.1235133192
exp: -6.2392349043
exp: -6.3572957836
exp: -6.4742858674
exp: -6.5924115968
exp: -6.7124335034
exp: -6.8348293117
exp: -6.9566191861
exp: -7.0809116105
exp: -7.2035402721
exp: -7.3305707008
exp: -7.4582485235
exp: -7.5840930926
Overlap: 0.0000000000
