exp: -8.8839096606
exp: -8.7679283777
exp: -8.6520126175
exp: -8.5362009535
exp: -8.4204455690
exp: -8.3047203339
exp: -8.1891403875
exp: -8.0735971282
exp: -7.9581542263
exp: -7.8428043353
exp: -7.7275315750
exp: -7.6123384783
exp: -7.4973469949
exp: -7.3822642881
exp: -7.2672919016
exp: -7.1524422876
exp: -7.0375566342
exp: -6.9229067851
exp: -6.8084548518
exp: -6.6940188894
exp: -6.5797762350
exp: -6.4655375532
exp: -6.3515121801
exp: -6.2377305018
exp: -6.1240912750
exp: -6.0105027268
exp: -5.8970850887
exp: -5.7837606643
exp: -5.6705591526
exp: -5.5578839098
exp: -5.4452187367
exp: -5.3327527336
exp: -5.2202108449
exp: -5.1081169417
exp: -4.9962331742
exp: -4.8845438516
exp: -4.7732224622
exp: -4.6619693535
exp: -4.5505561909
exp: -4.4399753369
exp: -4.3295883449
exp: -4.2196226180
exp: -4.1108943062
exp: -4.0042255625
exp: -3.9095989156
exp: -3.8189579913
exp: -3.7257886987
exp: -3.6405533587
exp: -3.5603791825
exp: -3.4799422501
exp: -3.4290918736
exp: -3.3994621204
exp: -3.3746180633
exp: -3.3413247927
exp: -3.3064354915
exp: -3.2842001616
exp: -3.2649341067
exp: -3.2421487072
exp: -3.2277951694
exp: -3.2046762147
exp: -3.1907885474
exp: -3.1821038269
exp: -3.1816208678
exp: -3.1898838815
exp: -3.2752478389
exp: -3.3603627481
exp: -3.3821028841
exp: -3.4037147898
exp: -3.4284869655
exp: -3.4561645896
exp: -3.4866711839
exp: -3.5199474256
exp: -3.5559333888
exp: -3.5945670844
exp: -3.6357472145
exp: -3.6793993026
exp: -3.7254394786
exp: -3.7737810192
exp: -3.8243368367
exp: -3.8770178879
exp: -3.9317231211
exp: -3.9883719255
exp: -4.0468212979
exp: -4.1068125215
exp: -4.1688633250
exp: -4.2322063829
exp: -4.2970819849
exp: -4.3649250393
exp: -4.4325209610
exp: -4.5021063286
exp: -4.5726158003
exp: -4.6453433657
exp: -4.7188334207
exp: -4.7938390912
exp: -4.8697192978
exp: -4.9465625960
exp: -5.0241525597
exp: -5.1029242966
exp: -5.1827146147
exp: -5.2628783757
Overlap: 0.0000000000
