exp: -8.8712066352
exp: -8.7424933780
exp: -8.6138566710
exp: -8.4852945421
exp: -8.3568279445
exp: -8.2284527759
exp: -8.1001764434
exp: -7.9720036724
exp: -7.8439638424
exp: -7.7160209037
exp: -7.5882350340
exp: -7.4605777654
exp: -7.3331002007
exp: -7.2058267791
exp: -7.0786501345
exp: -6.9517048184
exp: -6.8251508071
exp: -6.6986530387
exp: -6.5726895925
exp: -6.4472470572
exp: -6.3221754154
exp: -6.1975291714
exp: -6.0734641221
exp: -5.9498993088
exp: -5.8266187605
exp: -5.7032332506
exp: -5.5797086183
exp: -5.4565244064
exp: -5.3336045683
exp: -5.2112587794
exp: -5.0894424026
exp: -4.9679985024
exp: -4.8471026404
exp: -4.7264308483
exp: -4.6065573026
exp: -4.4871998060
exp: -4.3685520935
exp: -4.2504545740
exp: -4.1329057879
exp: -4.0161009387
exp: -3.8999770037
exp: -3.7848081543
exp: -3.6708112726
exp: -3.5597785574
exp: -3.4538434723
exp: -3.3502701232
exp: -3.2520247170
exp: -3.1592476447
exp: -3.0717250284
exp: -2.9956355902
exp: -2.9368708701
exp: -2.8801155897
exp: -2.8280892168
exp: -2.7838968621
exp: -2.7503616324
exp: -2.7196033170
exp: -2.6971554444
exp: -2.6932804501
exp: -2.6852735041
exp: -2.6746167096
exp: -2.6620405996
exp: -2.6389322271
exp: -2.6402538112
exp: -2.2373500792
exp: -2.2531288840
exp: -2.2627185502
exp: -2.2705120412
exp: -2.1091139188
exp: -2.1353005183
exp: -2.1570710742
exp: -2.1892191937
exp: -2.2274635652
exp: -2.2819289630
exp: -2.3473471345
exp: -2.4213555071
exp: -2.4860998135
exp: -2.5511809555
exp: -2.6301484232
exp: -2.7015847953
exp: -2.7735888469
exp: -2.8511537335
exp: -2.9387283286
exp: -3.0282248405
exp: -3.1147109895
exp: -3.2033154280
exp: -3.2963198776
exp: -3.3856853775
exp: -3.4799534673
exp: -3.5749440347
exp: -3.6799217307
exp: -3.7761680155
exp: -3.8694429986
exp: -3.9687196313
exp: -4.0664770352
exp: -4.1623139099
exp: -4.2621828451
exp: -4.3509047885
exp: -4.4612402712
exp: -4.5737243635
exp: -4.6859390689
Overlap: 0.0000000000
