exp: -8.8200780291
exp: -8.6403022948
exp: -8.4607133017
exp: -8.2811849706
exp: -8.1017903649
exp: -7.9225011763
exp: -7.7434378195
exp: -7.5643683588
exp: -7.3854832766
exp: -7.2068314379
exp: -7.0283694165
exp: -6.8499148460
exp: -6.6717704960
exp: -6.4939770816
exp: -6.3161763968
exp: -6.1388555488
exp: -5.9617442095
exp: -5.7848411415
exp: -5.6083603283
exp: -5.4322270444
exp: -5.2565801354
exp: -5.0813109620
exp: -4.9066816860
exp: -4.7323605885
exp: -4.5585956494
exp: -4.3856682974
exp: -4.2133429781
exp: -4.0419821933
exp: -3.8712163041
exp: -3.7018614697
exp: -3.5363327167
exp: -3.3812185326
exp: -3.2339867345
exp: -3.0942714101
exp: -2.9654418763
exp: -2.8469106662
exp: -2.7396592126
exp: -2.6431599620
exp: -2.5564460456
exp: -2.4830430413
exp: -2.4236340315
exp: -2.3754649241
exp: -2.3526677153
exp: -2.3448179222
exp: -2.3387616161
exp: -2.3458551742
exp: -2.3608243731
exp: -2.3821199855
exp: -2.4100155584
exp: -2.4471998293
exp: -2.4916278668
exp: -2.5463722980
exp: -2.6094661924
exp: -2.6791274419
exp: -2.7601519958
exp: -2.8566822362
exp: -2.9560727170
exp: -3.0663949489
exp: -3.1844079982
exp: -3.3022186676
exp: -3.4234673999
exp: -3.5488943895
exp: -3.6846398109
exp: -3.8293550370
exp: -3.9563105956
exp: -4.0881524333
exp: -4.2214686560
exp: -4.3564448903
exp: -4.4934962229
exp: -4.6330028109
exp: -4.7746147889
exp: -4.9170823082
exp: -5.0616773943
exp: -5.2078179676
exp: -5.3551257486
exp: -5.5034594502
exp: -5.6543477593
exp: -5.8100084782
exp: -5.9625615414
exp: -6.1187096018
exp: -6.2713303517
exp: -6.4222443449
exp: -6.5843059990
exp: -6.7413892553
exp: -6.8965785514
exp: -7.0603768849
exp: -7.2184012540
exp: -7.3838475859
exp: -7.5439772541
exp: -7.7131437571
exp: -7.8777099955
exp: -8.0419942260
exp: -8.2114530202
exp: -8.3824066193
exp: -8.5497874845
exp: -8.7303430466
exp: -8.8991046045
exp: -9.0712594306
exp: -9.2470076281
exp: -9.4205978530
Overlap: 0.0000000000
