exp: -8.9037729349
exp: -8.8076310574
exp: -8.7113788361
exp: -8.6152996162
exp: -8.5198175696
exp: -8.4240078349
exp: -8.3282717758
exp: -8.2326081284
exp: -8.1370100711
exp: -8.0415134404
exp: -7.9461069234
exp: -7.8507880191
exp: -7.7555344732
exp: -7.6603921918
exp: -7.5654220924
exp: -7.4705285375
exp: -7.3757578367
exp: -7.2811875558
exp: -7.1866778149
exp: -7.0923487462
exp: -6.9982139053
exp: -6.9041680884
exp: -6.8103658783
exp: -6.7167681712
exp: -6.6234260980
exp: -6.5301372558
exp: -6.4370154448
exp: -6.3442491419
exp: -6.2516875950
exp: -6.1594594998
exp: -6.0677216704
exp: -5.9762012822
exp: -5.8852036622
exp: -5.7947863014
exp: -5.7046827001
exp: -5.6150936227
exp: -5.5257616812
exp: -5.4366433036
exp: -5.3477869507
exp: -5.2590854542
exp: -5.1711439976
exp: -5.0831917931
exp: -4.9953884764
exp: -4.9083754206
exp: -4.8220801570
exp: -4.7368595871
exp: -4.6535545091
exp: -4.5732118333
exp: -4.4945862097
exp: -4.4191110557
exp: -4.3463189313
exp: -4.2753368413
exp: -4.2073828660
exp: -4.1426267997
exp: -4.0813605703
exp: -4.0234562645
exp: -3.9695830025
exp: -3.9196785381
exp: -3.8744767563
exp: -3.8336190198
exp: -3.7965069951
exp: -3.7635062377
exp: -3.7346738738
exp: -3.7098622968
exp: -3.6890799150
exp: -3.6721889784
exp: -3.6590862795
exp: -3.6496230039
exp: -3.6436743095
exp: -3.6410847791
exp: -3.6417165137
exp: -3.6454182379
exp: -3.6520480432
exp: -3.6614737082
exp: -3.6735613389
exp: -3.6881858240
exp: -3.7052270329
exp: -3.7245724280
exp: -3.7461157129
exp: -3.7697556831
exp: -3.7954019088
exp: -3.8229641047
exp: -3.8523614952
exp: -3.8835174803
exp: -3.9163608399
exp: -3.9508246304
exp: -3.9868463192
exp: -4.0243675692
exp: -4.0633330939
exp: -4.1036916319
exp: -4.1453944391
exp: -4.1883959535
exp: -4.2326531451
exp: -4.2781253353
exp: -4.3247742705
exp: -4.3725634376
exp: -4.4214585612
exp: -4.4714261732
exp: -4.5224358759
exp: -4.5744608884
Overlap: 0.0000000000
