exp: -8.8935724682
exp: -8.7893485439
exp: -8.6841945317
exp: -8.5791524223
exp: -8.4742080927
exp: -8.3693884937
exp: -8.2646871448
exp: -8.1600845722
exp: -8.0556144527
exp: -7.9512490887
exp: -7.8470270187
exp: -7.7429472772
exp: -7.6389302005
exp: -7.5351638290
exp: -7.4315636761
exp: -7.3280513193
exp: -7.2247012240
exp: -7.1216127545
exp: -7.0187611823
exp: -6.9162005030
exp: -6.8141428302
exp: -6.7125472561
exp: -6.6111728522
exp: -6.5103422760
exp: -6.4096697315
exp: -6.3092111792
exp: -6.2085152464
exp: -6.1081235275
exp: -6.0083173223
exp: -5.9087398301
exp: -5.8095023962
exp: -5.7106476549
exp: -5.6124421655
exp: -5.5145803488
exp: -5.4173133989
exp: -5.3211852167
exp: -5.2252257083
exp: -5.1299862067
exp: -5.0377683447
exp: -4.9494716653
exp: -4.8650427095
exp: -4.7827514191
exp: -4.7022562854
exp: -4.6256397677
exp: -4.5538954823
exp: -4.4855544817
exp: -4.4218727282
exp: -4.3630518179
exp: -4.3080776168
exp: -4.2582778283
exp: -4.2133574175
exp: -4.1739463064
exp: -4.1393017002
exp: -4.1097946120
exp: -4.0852043610
exp: -4.0652909353
exp: -4.0499069870
exp: -4.0387182631
exp: -4.0316048018
exp: -4.0283630839
exp: -4.0288176552
exp: -4.0327511292
exp: -4.0400065143
exp: -4.0504288314
exp: -4.0638858250
exp: -4.0802443624
exp: -4.0993818374
exp: -4.1211898890
exp: -4.1455642123
exp: -4.1724129271
exp: -4.2016421354
exp: -4.2331709884
exp: -4.2669253402
exp: -4.3028316392
exp: -4.3408195361
exp: -4.3808225986
exp: -4.4227756364
exp: -4.4666220076
exp: -4.5122985615
exp: -4.5597479816
exp: -4.6089136632
exp: -4.6597400280
exp: -4.7121724803
exp: -4.7661575650
exp: -4.8216428028
exp: -4.8785774839
exp: -4.9369109254
exp: -4.9965943898
exp: -5.0575802012
exp: -5.1198224021
exp: -5.1832760373
exp: -5.2478973847
exp: -5.3136455100
exp: -5.3804795256
exp: -5.4483604815
exp: -5.5172515666
exp: -5.5871171025
exp: -5.6579236112
exp: -5.7296367620
exp: -5.8022276633
Overlap: 0.0000000000
