exp: -8.9071594116
exp: -8.8144450416
exp: -8.7218077972
exp: -8.6292630421
exp: -8.5368309868
exp: -8.4445167814
exp: -8.3523091426
exp: -8.2602248570
exp: -8.1682340174
exp: -8.0763865452
exp: -7.9846612155
exp: -7.8930887269
exp: -7.8016615786
exp: -7.7103705006
exp: -7.6192642349
exp: -7.5283191001
exp: -7.4375294363
exp: -7.3469907637
exp: -7.2566663438
exp: -7.1665839243
exp: -7.0769025879
exp: -6.9873745037
exp: -6.8982055014
exp: -6.8092491130
exp: -6.7204221347
exp: -6.6318945369
exp: -6.5436015315
exp: -6.4554769940
exp: -6.3675473629
exp: -6.2798774088
exp: -6.1925108168
exp: -6.1053105543
exp: -6.0185385278
exp: -5.9319798223
exp: -5.8456789282
exp: -5.7595237855
exp: -5.6737158252
exp: -5.5883620859
exp: -5.5035207722
exp: -5.4191721929
exp: -5.3350248517
exp: -5.2515817786
exp: -5.1683620851
exp: -5.0856305473
exp: -5.0032733104
exp: -4.9214687706
exp: -4.8403196060
exp: -4.7593124203
exp: -4.6792681688
exp: -4.5992738602
exp: -4.5213293135
exp: -4.4413008746
exp: -4.3634769180
exp: -4.2886518675
exp: -4.2164748887
exp: -4.1470567452
exp: -4.0811601210
exp: -4.0182702961
exp: -3.9593069564
exp: -3.9034399437
exp: -3.8506201321
exp: -3.8005047758
exp: -3.7529392394
exp: -3.7080449606
exp: -3.6656894356
exp: -3.6257397638
exp: -3.5885475462
exp: -3.5540325219
exp: -3.5219553502
exp: -3.4925754210
exp: -3.4655775243
exp: -3.4412610779
exp: -3.4194554283
exp: -3.4002635389
exp: -3.3835565637
exp: -3.3695125960
exp: -3.3576153817
exp: -3.3477240811
exp: -3.3401202863
exp: -3.3349090410
exp: -3.3302732937
exp: -3.3276270234
exp: -3.3251671289
exp: -3.3287880016
exp: -3.3352424990
exp: -3.3419222711
exp: -3.3551176801
exp: -3.3675244242
exp: -3.3786707502
exp: -3.3975359266
exp: -3.4111676749
exp: -3.4281909955
exp: -3.4475798098
exp: -3.4678480980
exp: -3.4927416786
exp: -3.5119394690
exp: -3.5370306668
exp: -3.5738984648
exp: -3.6024265557
exp: -3.6283582680
Overlap: 0.0000000000
