exp: -8.8819634837
exp: -8.7640063670
exp: -8.6461317225
exp: -8.5283200200
exp: -8.4106309945
exp: -8.2930153303
exp: -8.1754677882
exp: -8.0579917750
exp: -7.9405971337
exp: -7.8232652024
exp: -7.7059983838
exp: -7.5888161405
exp: -7.4716598556
exp: -7.3545998581
exp: -7.2376482435
exp: -7.1207251307
exp: -7.0038811431
exp: -6.8872175759
exp: -6.7705961746
exp: -6.6541245547
exp: -6.5377319549
exp: -6.4214176545
exp: -6.3052018449
exp: -6.1891019787
exp: -6.0731560852
exp: -5.9575242357
exp: -5.8418608889
exp: -5.7264115941
exp: -5.6114182203
exp: -5.4961482710
exp: -5.3813776679
exp: -5.2663215787
exp: -5.1518128395
exp: -5.0380075664
exp: -4.9241610201
exp: -4.8102784523
exp: -4.6970018175
exp: -4.5836704146
exp: -4.4711495122
exp: -4.3587081090
exp: -4.2452951633
exp: -4.1319054444
exp: -4.0296698018
exp: -3.8962365475
exp: -3.7858530973
exp: -3.6718364854
exp: -3.5688535767
exp: -3.4788867079
exp: -3.3899209714
exp: -3.2990950923
exp: -3.2207981830
exp: -3.1461726254
exp: -3.0757968306
exp: -3.0091129121
exp: -2.9568688877
exp: -2.9160656564
exp: -2.8762115619
exp: -2.8353754353
exp: -2.7996637781
exp: -2.7687423195
exp: -2.7399933751
exp: -2.7150496574
exp: -2.6943461566
exp: -2.6771673944
exp: -2.6628732968
exp: -2.6527175594
exp: -2.6461757808
exp: -2.6424534738
exp: -2.6417602950
exp: -2.6442350567
exp: -2.6495837956
exp: -2.6579663616
exp: -2.6703433534
exp: -2.6868369453
exp: -2.7070254783
exp: -2.7324132583
exp: -2.7653268472
exp: -2.8039346751
exp: -2.8473941962
exp: -2.9115588814
exp: -2.9818118651
exp: -3.0451593443
exp: -3.1080046903
exp: -3.1717033641
exp: -3.2375336235
exp: -3.3061633723
exp: -3.3757938391
exp: -3.4463142347
exp: -3.5194646640
exp: -3.5941372811
exp: -3.6695736572
exp: -3.7463165653
exp: -3.8242489818
exp: -3.9055777174
exp: -3.9853093546
exp: -4.0675001777
exp: -4.1496585758
exp: -4.2325269039
exp: -4.3156277751
exp: -4.4044623578
Overlap: 0.0000000000
