exp: -8.8709339298
exp: -8.7419645057
exp: -8.6130767720
exp: -8.4842868795
exp: -8.3556119540
exp: -8.2270245568
exp: -8.0985452197
exp: -7.9701785175
exp: -7.8419273731
exp: -7.7138042838
exp: -7.5858118798
exp: -7.4579429748
exp: -7.3302266779
exp: -7.2026404363
exp: -7.0752139649
exp: -6.9479371102
exp: -6.8208298522
exp: -6.6938654353
exp: -6.5670813392
exp: -6.4405091679
exp: -6.3140965857
exp: -6.1879087115
exp: -6.0619272078
exp: -5.9361582544
exp: -5.8105778652
exp: -5.6852688367
exp: -5.5602833400
exp: -5.4355273508
exp: -5.3110973530
exp: -5.1869234920
exp: -5.0631985610
exp: -4.9397148299
exp: -4.8167920390
exp: -4.6941445188
exp: -4.5721245733
exp: -4.4503465189
exp: -4.3291171115
exp: -4.2087538725
exp: -4.0886783249
exp: -3.9693381831
exp: -3.8508357502
exp: -3.7331470424
exp: -3.6163024065
exp: -3.4997236400
exp: -3.3875854736
exp: -3.2777086002
exp: -3.1718399298
exp: -3.0697460977
exp: -2.9716158473
exp: -2.8767642923
exp: -2.7857795647
exp: -2.7006463358
exp: -2.6297576755
exp: -2.5520463203
exp: -2.4785381125
exp: -2.4133840889
exp: -2.3517888424
exp: -2.2949341333
exp: -2.2430781422
exp: -2.1984131605
exp: -2.1587567631
exp: -2.1239750717
exp: -2.0978385170
exp: -2.0775081177
exp: -2.0659925450
exp: -2.0594741549
exp: -2.0586438579
exp: -2.0619187764
exp: -2.0703782594
exp: -2.0975416488
exp: -2.1316742822
exp: -2.1692833286
exp: -2.2124045791
exp: -2.2572940642
exp: -2.3077898666
exp: -2.3647535613
exp: -2.5145115653
exp: -2.5875783428
exp: -2.6698434172
exp: -2.7492265079
exp: -2.8266483129
exp: -2.9255876560
exp: -3.0188935888
exp: -3.1138284548
exp: -3.2123526624
exp: -3.3097517272
exp: -3.4093514027
exp: -3.5096491781
exp: -3.6131468126
exp: -3.7257761620
exp: -3.8324258369
exp: -3.9444068190
exp: -4.0573803011
exp: -4.1650738049
exp: -4.2805288843
exp: -4.3902696916
exp: -4.5035645117
exp: -4.6171947329
exp: -4.7322572391
exp: -4.8548573394
Overlap: 0.0000000000
