exp: -8.8727149526
exp: -8.7455372947
exp: -8.6184455203
exp: -8.4914469113
exp: -8.3645465332
exp: -8.2377340237
exp: -8.1110128803
exp: -7.9843964525
exp: -7.8579043885
exp: -7.7315907313
exp: -7.6054282762
exp: -7.4793528684
exp: -7.3534081487
exp: -7.2274555460
exp: -7.1018370136
exp: -6.9765810559
exp: -6.8511716221
exp: -6.7264892774
exp: -6.6018502214
exp: -6.4769113113
exp: -6.3528820379
exp: -6.2285310608
exp: -6.1042135312
exp: -5.9803678626
exp: -5.8579737134
exp: -5.7362852348
exp: -5.6148888792
exp: -5.4938770095
exp: -5.3721536575
exp: -5.2508905023
exp: -5.1303192260
exp: -5.0115792339
exp: -4.8914099095
exp: -4.7739844389
exp: -4.6540735171
exp: -4.5360815054
exp: -4.4197369524
exp: -4.3052384258
exp: -4.1903761310
exp: -4.0788761853
exp: -3.9703233664
exp: -3.8654080426
exp: -3.7655281499
exp: -3.6678538045
exp: -3.5725546206
exp: -3.4840603510
exp: -3.3997409207
exp: -3.3164424955
exp: -3.2448884151
exp: -3.1885015366
exp: -3.1422433816
exp: -3.1050764843
exp: -3.0456837921
exp: -3.0238880307
exp: -2.9947757221
exp: -2.9699673621
exp: -2.9451591232
exp: -2.9345487436
exp: -2.9235549084
exp: -2.9160252977
exp: -2.9108409572
exp: -2.9171013298
exp: -2.9312891336
exp: -2.9390798898
exp: -2.9620957766
exp: -2.9789692609
exp: -3.0148770100
exp: -3.0444512894
exp: -3.0790433334
exp: -3.1189131117
exp: -3.1640332591
exp: -3.2103031479
exp: -3.2643362253
exp: -3.3252142841
exp: -3.3846451668
exp: -3.4483925798
exp: -3.5140861880
exp: -3.5861845641
exp: -3.6565233266
exp: -3.7303888840
exp: -3.8066618416
exp: -3.8839719635
exp: -3.9612594868
exp: -4.0457956049
exp: -4.1268017481
exp: -4.2112656046
exp: -4.2930372620
exp: -4.3808187837
exp: -4.4671722813
exp: -4.5593594627
exp: -4.6493358256
exp: -4.7417826492
exp: -4.8352515825
exp: -4.9305665381
exp: -5.0286289618
exp: -5.1306175981
exp: -5.2376839888
exp: -5.3404033097
exp: -5.4428645864
exp: -5.5465649492
Overlap: 0.0000000000
