exp: -8.8486345200
exp: -8.6972751021
exp: -8.5460315976
exp: -8.3947554989
exp: -8.2435879053
exp: -8.0926537454
exp: -7.9416158188
exp: -7.7908032143
exp: -7.6400182208
exp: -7.4898354427
exp: -7.3399108130
exp: -7.1898249600
exp: -7.0397997582
exp: -6.8898817085
exp: -6.7400081620
exp: -6.5904690707
exp: -6.4412191773
exp: -6.2921510812
exp: -6.1433214214
exp: -5.9948048336
exp: -5.8468774245
exp: -5.6986361286
exp: -5.5509932893
exp: -5.4033417480
exp: -5.2562123615
exp: -5.1091228530
exp: -4.9631062172
exp: -4.8170490132
exp: -4.6713637035
exp: -4.5257527145
exp: -4.3813281694
exp: -4.2370251746
exp: -4.0937981084
exp: -3.9507746796
exp: -3.8100224684
exp: -3.6685667999
exp: -3.5289544048
exp: -3.3950141723
exp: -3.2711885390
exp: -3.1535898680
exp: -3.0750080049
exp: -2.9986077792
exp: -2.9039688598
exp: -2.8247941886
exp: -2.7573868291
exp: -2.6985915630
exp: -2.6467394658
exp: -2.6066410210
exp: -2.5911984014
exp: -2.6160386792
exp: -2.6649103706
exp: -2.6727210806
exp: -2.6846165471
exp: -2.7027185343
exp: -2.7266888947
exp: -2.7562610004
exp: -2.7910691843
exp: -2.8308324130
exp: -2.8752815644
exp: -2.9241743335
exp: -2.9772911407
exp: -3.0344337892
exp: -3.0954143602
exp: -3.1600795730
exp: -3.2282078641
exp: -3.2996828233
exp: -3.3744550808
exp: -3.4521440879
exp: -3.5330225334
exp: -3.6165215650
exp: -3.7032339324
exp: -3.7922676990
exp: -3.8834878677
exp: -3.9769005122
exp: -4.0726680963
exp: -4.1720171540
exp: -4.2719268816
exp: -4.3734964481
exp: -4.4784220310
exp: -4.5844414722
exp: -4.6919280649
exp: -4.8017283489
exp: -4.9120637898
exp: -5.0248355007
exp: -5.1361997569
exp: -5.2516156251
exp: -5.3656496869
exp: -5.4818999772
exp: -5.6025926987
exp: -5.7248453613
exp: -5.8448962525
exp: -5.9683435098
exp: -6.0945031254
exp: -6.2147925844
exp: -6.3361499613
exp: -6.4650448016
exp: -6.5971125882
exp: -6.7215284283
exp: -6.8565383209
exp: -6.9741521473
Overlap: 0.0000000000
