exp: -8.8772728779
exp: -8.7545752335
exp: -8.6319471903
exp: -8.5093742884
exp: -8.3868235114
exp: -8.2643065360
exp: -8.1418511155
exp: -8.0194344535
exp: -7.8970713629
exp: -7.7747588407
exp: -7.6525027201
exp: -7.5302940649
exp: -7.4081392821
exp: -7.2860582188
exp: -7.1640203677
exp: -7.0420117681
exp: -6.9201434240
exp: -6.7983327403
exp: -6.6765449623
exp: -6.5548232387
exp: -6.4332117797
exp: -6.3117600820
exp: -6.1904474701
exp: -6.0691946985
exp: -5.9481367152
exp: -5.8270917863
exp: -5.7063807524
exp: -5.5859067625
exp: -5.4652218418
exp: -5.3448703575
exp: -5.2244984236
exp: -5.1043525086
exp: -4.9842197800
exp: -4.8647441236
exp: -4.7450726110
exp: -4.6254783545
exp: -4.5061740298
exp: -4.3869323967
exp: -4.2680622137
exp: -4.1501603744
exp: -4.0322423734
exp: -3.9147786556
exp: -3.7974143970
exp: -3.6821657996
exp: -3.5661280310
exp: -3.4514591169
exp: -3.3409628509
exp: -3.2322339579
exp: -3.1249380942
exp: -3.0221258207
exp: -2.9270553156
exp: -2.8354883613
exp: -2.7526354608
exp: -2.6713866878
exp: -2.5970170433
exp: -2.5293334150
exp: -2.4673511883
exp: -2.4140868518
exp: -2.3662849436
exp: -2.3226536144
exp: -2.2842210559
exp: -2.2500903687
exp: -2.2269647111
exp: -2.1999071508
exp: -2.1895600092
exp: -2.1897964760
exp: -2.1994909192
exp: -2.2142487307
exp: -2.2302672519
exp: -2.2469372602
exp: -2.2656046260
exp: -2.2868669869
exp: -2.3130366880
exp: -2.3456410644
exp: -2.3847292269
exp: -2.4288927194
exp: -2.4783525811
exp: -2.5315005158
exp: -2.5881687839
exp: -2.6478686313
exp: -2.7108239957
exp: -2.7762130311
exp: -2.8443219705
exp: -2.9137170218
exp: -2.9861270381
exp: -3.0606716571
exp: -3.1346640543
exp: -3.2143038845
exp: -3.2928657669
exp: -3.3745436269
exp: -3.4521670078
exp: -3.5407901572
exp: -3.6293285169
exp: -3.7168529591
exp: -3.8058953742
exp: -3.8959867808
exp: -3.9871333898
exp: -4.0807560262
exp: -4.1748065367
exp: -4.2698048417
Overlap: 0.0000000000
