exp: -8.8879967393
exp: -8.7760478960
exp: -8.6641160391
exp: -8.5522151092
exp: -8.4397726825
exp: -8.3287947168
exp: -8.2171112251
exp: -8.1054840336
exp: -7.9939019541
exp: -7.8824045943
exp: -7.7709714777
exp: -7.6595808003
exp: -7.5482851578
exp: -7.4370737559
exp: -7.3259375575
exp: -7.2148901191
exp: -7.1039401584
exp: -6.9930759081
exp: -6.8824079372
exp: -6.7718014221
exp: -6.6612612595
exp: -6.5509851143
exp: -6.4409211912
exp: -6.3309569857
exp: -6.2213318519
exp: -6.1117234319
exp: -6.0025777034
exp: -5.8936045368
exp: -5.7846598086
exp: -5.6759840366
exp: -5.5674518860
exp: -5.4589666603
exp: -5.3506910063
exp: -5.2425619861
exp: -5.1347195551
exp: -5.0271328736
exp: -4.9197972116
exp: -4.8128005900
exp: -4.7061014028
exp: -4.5997892035
exp: -4.4938580330
exp: -4.3884327997
exp: -4.2835788724
exp: -4.1794109300
exp: -4.0770599458
exp: -3.9765648241
exp: -3.8776800424
exp: -3.7811889361
exp: -3.6865564350
exp: -3.5935252948
exp: -3.5027410557
exp: -3.4177254441
exp: -3.3477702266
exp: -3.2788265946
exp: -3.2208882268
exp: -3.1654570683
exp: -3.1137157055
exp: -3.0597508986
exp: -3.0013132022
exp: -2.9403895299
exp: -2.8838107386
exp: -2.8298680690
exp: -2.7870742123
exp: -2.7470617902
exp: -2.7039728694
exp: -2.6568078832
exp: -2.6122169182
exp: -2.5707126282
exp: -2.5344512851
exp: -2.5144689034
exp: -2.5049189083
exp: -2.4930953525
exp: -2.4874270103
exp: -2.4862189121
exp: -2.4915617813
exp: -2.5003942030
exp: -2.5126215878
exp: -2.5293883724
exp: -2.5498559260
exp: -2.5773560530
exp: -2.6824767766
exp: -2.7223311720
exp: -2.7629020506
exp: -2.8047931776
exp: -2.8488358480
exp: -2.8890521549
exp: -2.9318805928
exp: -2.9763974649
exp: -3.0287203523
exp: -3.0855372091
exp: -3.1443765052
exp: -3.2055443002
exp: -3.2704263855
exp: -3.3412498509
exp: -3.3864029374
exp: -3.4676134690
exp: -3.5414245457
exp: -3.6192345722
exp: -3.6781166187
exp: -3.7587806489
Overlap: 0.0000000000
