exp: -8.9013640877
exp: -8.8027738867
exp: -8.7042188492
exp: -8.6057097456
exp: -8.5072457728
exp: -8.4088297645
exp: -8.3104617261
exp: -8.2121578516
exp: -8.1138990658
exp: -8.0157011820
exp: -7.9175597984
exp: -7.8194977445
exp: -7.7215035854
exp: -7.6235401430
exp: -7.5256846482
exp: -7.4278732494
exp: -7.3301373328
exp: -7.2324861480
exp: -7.1349133767
exp: -7.0374538227
exp: -6.9400759201
exp: -6.8427793633
exp: -6.7455404781
exp: -6.6484597995
exp: -6.5514365038
exp: -6.4545308675
exp: -6.3577029270
exp: -6.2610417018
exp: -6.1644929442
exp: -6.0680161612
exp: -5.9716953733
exp: -5.8754036522
exp: -5.7793373062
exp: -5.6834105800
exp: -5.5876486699
exp: -5.4920258721
exp: -5.3966466168
exp: -5.3012508391
exp: -5.2061031143
exp: -5.1111424495
exp: -5.0162591624
exp: -4.9217164937
exp: -4.8276060127
exp: -4.7334401218
exp: -4.6393879726
exp: -4.5457649156
exp: -4.4521923548
exp: -4.3593250763
exp: -4.2662453951
exp: -4.1738672458
exp: -4.0815819087
exp: -3.9899944324
exp: -3.8999834854
exp: -3.8114659854
exp: -3.7237423630
exp: -3.6372319857
exp: -3.5556326972
exp: -3.4738129045
exp: -3.3955820884
exp: -3.3206237289
exp: -3.2544215221
exp: -3.1923951371
exp: -3.1346994596
exp: -3.0740703538
exp: -3.0164340971
exp: -2.9616013072
exp: -2.9089887929
exp: -2.8628980601
exp: -2.8218065411
exp: -2.7836177208
exp: -2.7505413395
exp: -2.7182404849
exp: -2.6878144102
exp: -2.6608089731
exp: -2.6372162155
exp: -2.6165612640
exp: -2.6002588266
exp: -2.5878088565
exp: -2.5787606599
exp: -2.5730275120
exp: -2.5710974932
exp: -2.5726171569
exp: -2.5773608969
exp: -2.5854448499
exp: -2.5948411850
exp: -2.6061020285
exp: -2.6192009912
exp: -2.6350896658
exp: -2.6538163318
exp: -2.6759094791
exp: -2.7020426102
exp: -2.7324864109
exp: -2.7671331909
exp: -2.8057027275
exp: -2.8470777832
exp: -2.8895595379
exp: -2.9359354971
exp: -2.9833484007
exp: -3.0323919688
exp: -3.0842170990
Overlap: 0.0000000000
