exp: -8.8993505346
exp: -8.7988104886
exp: -8.6983712409
exp: -8.5980257987
exp: -8.4977885271
exp: -8.3976569020
exp: -8.2976430185
exp: -8.1977287546
exp: -8.0979520647
exp: -7.9982881030
exp: -7.8987485458
exp: -7.7993184650
exp: -7.7000234339
exp: -7.6008108934
exp: -7.5017610592
exp: -7.4028019188
exp: -7.3042207439
exp: -7.2055527360
exp: -7.1071066570
exp: -7.0089150785
exp: -6.9111170966
exp: -6.8133495035
exp: -6.7157920264
exp: -6.6182293168
exp: -6.5212365274
exp: -6.4241371442
exp: -6.3273578696
exp: -6.2311550652
exp: -6.1344769258
exp: -6.0381908637
exp: -5.9421683167
exp: -5.8462195404
exp: -5.7508916127
exp: -5.6553723589
exp: -5.5606712625
exp: -5.4661272568
exp: -5.3723902904
exp: -5.2774073220
exp: -5.1828909333
exp: -5.0896769217
exp: -4.9981625729
exp: -4.9057389757
exp: -4.8133453473
exp: -4.7228508969
exp: -4.6349089763
exp: -4.5636153596
exp: -4.4869857378
exp: -4.4102356637
exp: -4.3436164556
exp: -4.2713782641
exp: -4.1965953613
exp: -4.1220891362
exp: -4.0490697670
exp: -3.9800326803
exp: -3.9166566229
exp: -3.8584271850
exp: -3.8082914413
exp: -3.8267731665
exp: -3.8015136442
exp: -3.7661868029
exp: -3.7340512109
exp: -3.7050867026
exp: -3.6784487553
exp: -3.6544372107
exp: -3.6335486728
exp: -3.6151420767
exp: -3.5997975454
exp: -3.5873550818
exp: -3.5780558526
exp: -3.5721433403
exp: -3.5688435886
exp: -3.5699032504
exp: -3.5765333444
exp: -3.5860422033
exp: -3.5965295865
exp: -3.6103447947
exp: -3.6268075136
exp: -3.6459841355
exp: -3.6675691573
exp: -3.6915276797
exp: -3.7179083687
exp: -3.7467739945
exp: -3.7779412506
exp: -3.8113064463
exp: -3.8468120784
exp: -3.8844031636
exp: -3.9240043154
exp: -3.9655489130
exp: -4.0089731536
exp: -4.0542156894
exp: -4.1012166390
exp: -4.1499177301
exp: -4.2002619905
exp: -4.2521940567
exp: -4.3056602212
exp: -4.3606115322
exp: -4.4169997103
exp: -4.4747877207
exp: -4.5338784321
exp: -4.5942769021
Overlap: 0.0000000000
