exp: -8.8263941808
exp: -8.6528317418
exp: -8.4793192089
exp: -8.3058618141
exp: -8.1324929249
exp: -7.9591893348
exp: -7.7859388177
exp: -7.6127852750
exp: -7.4397672544
exp: -7.2668558862
exp: -7.0940478523
exp: -6.9213698062
exp: -6.7489416548
exp: -6.5766545202
exp: -6.4045287693
exp: -6.2326179832
exp: -6.0608722200
exp: -5.8893348210
exp: -5.7180172434
exp: -5.5468922159
exp: -5.3761406653
exp: -5.2055423906
exp: -5.0352108968
exp: -4.8651820581
exp: -4.6955857992
exp: -4.5263073325
exp: -4.3575942500
exp: -4.1895606222
exp: -4.0219804498
exp: -3.8552562842
exp: -3.6892174278
exp: -3.5242750433
exp: -3.3601745575
exp: -3.1973524422
exp: -3.0353884928
exp: -2.8748046437
exp: -2.7154290755
exp: -2.5585493194
exp: -2.4068876764
exp: -2.2577946405
exp: -2.1226109805
exp: -1.9995885897
exp: -1.8932577822
exp: -1.8012201409
exp: -1.7279136409
exp: -1.6857328268
exp: -1.6887414532
exp: -1.6670349002
exp: -1.6732319075
exp: -1.7453599039
exp: -1.7946664035
exp: -1.8273965673
exp: -1.8682893656
exp: -1.9172106634
exp: -1.9738716143
exp: -2.0363127037
exp: -2.1046899293
exp: -2.1751715260
exp: -2.2552395413
exp: -2.3448294066
exp: -2.4288547648
exp: -2.5180708150
exp: -2.6449018285
exp: -2.7514810086
exp: -2.8486773861
exp: -2.9814371783
exp: -3.1000747786
exp: -3.2362566627
exp: -3.3531448347
exp: -3.4820863980
exp: -3.6177019068
exp: -3.7640445425
exp: -3.8844359220
exp: -4.0181866856
exp: -4.1711004507
exp: -4.3158933940
exp: -4.4725399562
exp: -4.6056381574
exp: -4.7441067700
exp: -4.8968360149
exp: -5.1393412704
exp: -5.3059449787
exp: -5.4727174870
exp: -5.6338506943
exp: -5.7978696007
exp: -5.9651420169
exp: -6.1456706863
exp: -6.2839002388
exp: -6.4498847298
exp: -6.6233428301
exp: -6.7892821962
exp: -6.9647612229
exp: -7.1393428856
exp: -7.2933967479
exp: -7.4794457341
exp: -7.6467351562
exp: -7.8089287642
exp: -7.9801314862
exp: -8.1442538125
exp: -8.3306985930
Overlap: 0.0000000000
