exp: -8.9096006808
exp: -8.8192470931
exp: -8.7289375908
exp: -8.6386928856
exp: -8.5484938607
exp: -8.4583227539
exp: -8.3682336128
exp: -8.2782006579
exp: -8.1882181126
exp: -8.0982778718
exp: -8.0077845132
exp: -7.9184918598
exp: -7.8281944179
exp: -7.7387459815
exp: -7.6487628979
exp: -7.5585819686
exp: -7.4680539271
exp: -7.3786325960
exp: -7.2895365318
exp: -7.2001891126
exp: -7.1114570356
exp: -7.0222336720
exp: -6.9324731195
exp: -6.8434144002
exp: -6.7539743493
exp: -6.6651849599
exp: -6.5781600341
exp: -6.4902911699
exp: -6.4025518217
exp: -6.3142477303
exp: -6.2236473408
exp: -6.1359346216
exp: -6.0477089684
exp: -5.9590627446
exp: -5.8719935750
exp: -5.7829108951
exp: -5.6961160046
exp: -5.6101603350
exp: -5.5232099154
exp: -5.4378135526
exp: -5.3509227872
exp: -5.2642009007
exp: -5.1774222149
exp: -5.0911598599
exp: -5.0053754371
exp: -4.9191758401
exp: -4.8328306608
exp: -4.7470693587
exp: -4.6612150451
exp: -4.5755414786
exp: -4.4899068027
exp: -4.4042492103
exp: -4.3203207166
exp: -4.2373529104
exp: -4.1541582574
exp: -4.0745688217
exp: -3.9940777519
exp: -3.9149424487
exp: -3.8366627997
exp: -3.7591584192
exp: -3.6840661874
exp: -3.6132899774
exp: -3.5464243210
exp: -3.4874431034
exp: -3.4327521154
exp: -3.3782215641
exp: -3.3310618590
exp: -3.2976283865
exp: -3.2552162833
exp: -3.2201915582
exp: -3.1937824216
exp: -3.1670254221
exp: -3.1420868345
exp: -3.1178322391
exp: -3.1086865940
exp: -3.0968254404
exp: -3.0860879853
exp: -3.0796444631
exp: -3.0738408709
exp: -3.0692018177
exp: -3.0677620956
exp: -3.0700868530
exp: -3.0731749173
exp: -3.0793132332
exp: -3.0875635299
exp: -3.0982375624
exp: -3.1109169990
exp: -3.1254369839
exp: -3.1421710720
exp: -3.1608167128
exp: -3.1814444317
exp: -3.2037100847
exp: -3.2277306858
exp: -3.2532222502
exp: -3.2805974720
exp: -3.3093732214
exp: -3.3395887159
exp: -3.3712381027
exp: -3.4042525930
exp: -3.4385869395
Overlap: 0.0000000000
