exp: -9.7143989241
exp: -9.4290309762
exp: -9.1438891714
exp: -8.8589941483
exp: -8.5744634908
exp: -8.2904182459
exp: -8.0065173073
exp: -7.7233175384
exp: -7.4409839003
exp: -7.1584761459
exp: -6.8770083244
exp: -6.5961723146
exp: -6.3159240800
exp: -6.0381513320
exp: -5.7600998440
exp: -5.4845372210
exp: -5.2077111864
exp: -4.9880882325
exp: -4.7955141792
exp: -4.6700530421
exp: -4.6084528469
exp: -4.5843743132
exp: -4.5547073554
exp: -4.5428723418
exp: -4.5515085693
exp: -4.5790523855
exp: -4.6241372704
exp: -4.6855482051
exp: -4.7623487191
exp: -4.8536095011
exp: -4.9585074150
exp: -5.0763258895
exp: -5.2064154637
exp: -5.3478944120
exp: -5.4999995303
Overlap: 0.0000000000
