exp: -9.7142851938
exp: -9.4285712478
exp: -9.1428571240
exp: -8.8571428463
exp: -8.5714284586
exp: -8.2857141901
exp: -7.9999998848
exp: -7.7142856451
exp: -7.4285688406
exp: -7.1428562673
exp: -6.8571364133
exp: -6.5714275252
exp: -6.2857097127
exp: -5.9999939134
exp: -5.7142781813
exp: -5.4285607101
exp: -5.1428309080
exp: -4.8513871266
exp: -4.5562275561
exp: -4.2925421442
exp: -4.0592807692
exp: -3.8563645080
exp: -3.6811412359
exp: -3.5416658318
exp: -3.4197791328
exp: -3.3179596860
exp: -3.2349102920
exp: -3.1709386895
exp: -3.1260594432
exp: -3.0990878524
exp: -3.0908733721
exp: -3.0937484067
exp: -3.1256311632
exp: -3.1768592454
exp: -3.2381401989
Overlap: 0.0000000003
