exp: -9.7143518897
exp: -9.4289698478
exp: -9.1437681647
exp: -8.8588780561
exp: -8.5742293223
exp: -8.2897717432
exp: -8.0057585353
exp: -7.7219458220
exp: -7.4384089458
exp: -7.1551137335
exp: -6.8723751612
exp: -6.5901825513
exp: -6.3086388851
exp: -6.0280934828
exp: -5.7482824112
exp: -5.4754983580
exp: -5.2146922071
exp: -4.9769666063
exp: -4.7728253405
exp: -4.5858129620
exp: -4.4331150226
exp: -4.3046286442
exp: -4.2199295987
exp: -4.1988070006
exp: -4.2988123237
exp: -4.4502886101
exp: -4.6189224843
exp: -4.6851782163
exp: -4.7621500019
exp: -4.8534758884
exp: -4.9584473323
exp: -5.0763456589
exp: -5.2063856348
exp: -5.3478698686
exp: -5.4999776058
Overlap: 0.0000000001
