exp: -9.7143933151
exp: -9.4292665356
exp: -9.1444727048
exp: -8.8600160162
exp: -8.5759003605
exp: -8.2922880313
exp: -8.0092482371
exp: -7.7265192761
exp: -7.4444738620
exp: -7.1629553661
exp: -6.8821117112
exp: -6.6020311255
exp: -6.3227348938
exp: -6.0442254836
exp: -5.7667875904
exp: -5.4917263032
exp: -5.2378005794
exp: -5.0090890276
exp: -4.7979775787
exp: -4.6250395678
exp: -4.4955008272
exp: -4.4338964115
exp: -4.4716295927
exp: -4.5341102835
exp: -4.5556332289
exp: -4.5819906029
exp: -4.6261190871
exp: -4.6858377257
exp: -4.7630491274
exp: -4.8532535265
exp: -4.9585672691
exp: -5.0761441707
exp: -5.2063679499
exp: -5.3478847616
exp: -5.4999784442
Overlap: 0.0000000000
