exp: -9.7143535060
exp: -9.4290041498
exp: -9.1438609695
exp: -8.8589843620
exp: -8.5744001746
exp: -8.2901376556
exp: -8.0062297560
exp: -7.7227132175
exp: -7.4396310575
exp: -7.1570300072
exp: -6.8749659154
exp: -6.5934977483
exp: -6.3127044227
exp: -6.0326651025
exp: -5.7535030397
exp: -5.4794361439
exp: -5.2248425545
exp: -4.9862085789
exp: -4.8727025848
exp: -4.7630703656
exp: -4.6858157478
exp: -4.6171745434
exp: -4.5760644123
exp: -4.5521617021
exp: -4.5476847472
exp: -4.5601662281
exp: -4.5875862674
exp: -4.6308989172
exp: -4.6875529397
exp: -4.7557806313
exp: -4.8360953507
exp: -4.9263848417
exp: -5.0259726053
exp: -5.1372499601
exp: -5.2537098893
Overlap: 0.0002665259
