exp: -9.7142819452
exp: -9.4285699276
exp: -9.1421417266
exp: -8.8569904470
exp: -8.5714435021
exp: -8.2857303370
exp: -7.9940388192
exp: -7.7123178083
exp: -7.4266865826
exp: -7.1408429079
exp: -6.8562263662
exp: -6.5705134424
exp: -6.2848972286
exp: -5.9988156791
exp: -5.7137866461
exp: -5.4283801326
exp: -5.1594691259
exp: -4.9392497950
exp: -4.7416967990
exp: -4.5710512747
exp: -4.4346498777
exp: -4.3836316831
exp: -4.4435671793
exp: -4.5320502608
exp: -4.5463108851
exp: -4.5761746855
exp: -4.6223983424
exp: -4.6846711931
exp: -4.7619444977
exp: -4.8534183257
exp: -4.9584181940
exp: -5.0763306222
exp: -5.2063911091
exp: -5.3478796824
exp: -5.4999749136
Overlap: 0.9999753861
