exp: -9.7143009099
exp: -9.4286692881
exp: -9.1417043442
exp: -8.8576788992
exp: -8.5723295233
exp: -8.2863471931
exp: -7.9990861483
exp: -7.7126189251
exp: -7.4294591920
exp: -7.1445157972
exp: -6.8598031777
exp: -6.5766901099
exp: -6.2923765420
exp: -6.0081424005
exp: -5.7240110500
exp: -5.4371639533
exp: -5.1761900542
exp: -4.9460107685
exp: -4.7352318670
exp: -4.5648091286
exp: -4.4257189793
exp: -4.2809193747
exp: -4.1331467715
exp: -4.0360738206
exp: -3.7297542668
exp: -3.8149074583
exp: -3.6159074563
exp: -4.0495328763
exp: -4.7307236189
exp: -4.8534451480
exp: -4.9583878569
exp: -5.0763307455
exp: -5.2063931844
exp: -5.3478583720
exp: -5.4999835478
Overlap: 0.0000000000
