exp: -9.7142866033
exp: -9.4281948819
exp: -9.1428867274
exp: -8.8577514496
exp: -8.5724524011
exp: -8.2852502661
exp: -7.9999571815
exp: -7.7161565857
exp: -7.4314223162
exp: -7.1482975663
exp: -6.8648434885
exp: -6.5819651656
exp: -6.2990120804
exp: -6.0162767875
exp: -5.7338689390
exp: -5.4520535121
exp: -5.1708172303
exp: -4.8901951006
exp: -4.6304397957
exp: -4.4038931480
exp: -4.2001310649
exp: -4.0265515116
exp: -3.8920102641
exp: -3.7625247741
exp: -3.6465584602
exp: -3.5488355863
exp: -3.4640765706
exp: -3.4044589652
exp: -3.3480916729
exp: -3.3178757275
exp: -3.2743905256
exp: -2.9462562011
exp: -2.9413223395
exp: -2.9510855474
exp: -2.9865796662
Overlap: 0.0000003685
