exp: -9.7140929800
exp: -9.4287209010
exp: -9.1433609885
exp: -8.8584083679
exp: -8.5734913902
exp: -8.2888542916
exp: -8.0044282415
exp: -7.7202324148
exp: -7.4364604008
exp: -7.1527544813
exp: -6.8693974062
exp: -6.5871943550
exp: -6.3049595654
exp: -6.0229903276
exp: -5.7420065460
exp: -5.4683718149
exp: -5.2153203736
exp: -4.9766167575
exp: -4.7584833254
exp: -4.5617996108
exp: -4.3689318260
exp: -4.2630094818
exp: -4.2039099796
exp: -4.1094836501
exp: -4.0783697649
exp: -4.0769625447
exp: -4.1657084145
exp: -4.2178975218
exp: -3.7334204459
exp: -3.6500637204
exp: -3.4515000709
exp: -3.6450830071
exp: -3.7812135992
exp: -3.8824972896
exp: -3.9822856638
Overlap: 0.0001018051
