exp: -9.7142855891
exp: -9.4285714079
exp: -9.1428571333
exp: -8.8571428476
exp: -8.5714283646
exp: -8.2857138196
exp: -7.9999996108
exp: -7.7142847884
exp: -7.4285709200
exp: -7.1428513805
exp: -6.8571380149
exp: -6.5714277855
exp: -6.2857113047
exp: -5.9999893718
exp: -5.7142685443
exp: -5.4285152434
exp: -5.1428274548
exp: -4.8601026947
exp: -4.5975552058
exp: -4.3581741953
exp: -4.1377446233
exp: -3.9339210188
exp: -3.7460929071
exp: -3.5754863311
exp: -3.4296704967
exp: -3.3049677791
exp: -3.2022992760
exp: -3.1126672660
exp: -3.0451342012
exp: -2.9924627470
exp: -2.9488537411
exp: -2.9253604403
exp: -2.9239890049
exp: -2.9382364849
exp: -2.9480676599
Overlap: 0.0000000006
