exp: -9.7143750365
exp: -9.4288287669
exp: -9.1435234860
exp: -8.8599897317
exp: -8.5760060721
exp: -8.2925685185
exp: -8.0096219140
exp: -7.7272361012
exp: -7.4457015230
exp: -7.1645867119
exp: -6.8844665686
exp: -6.6052938775
exp: -6.3265855249
exp: -6.0492876530
exp: -5.7731252172
exp: -5.4877520059
exp: -5.2719364601
exp: -5.0681782985
exp: -4.9152805187
exp: -4.8123370975
exp: -4.7250187201
exp: -4.6592766646
exp: -4.6198082324
exp: -4.6002107920
exp: -4.6014228437
exp: -4.6227104481
exp: -4.6588062658
exp: -4.7101080356
exp: -4.7799788180
exp: -4.8655134784
exp: -4.9662906966
exp: -5.0798351017
exp: -5.2077236207
exp: -5.3481100248
exp: -5.4999126606
Overlap: 0.0000000000
