exp: -9.7143197370
exp: -9.4286371344
exp: -9.1430549619
exp: -8.8577714741
exp: -8.5724305988
exp: -8.2875951443
exp: -8.0032024063
exp: -7.7184397738
exp: -7.4351213450
exp: -7.1516667122
exp: -6.8696192611
exp: -6.5872535155
exp: -6.3058681067
exp: -6.0251287083
exp: -5.7448810804
exp: -5.4398403635
exp: -5.2048815656
exp: -4.9947316372
exp: -4.8089971683
exp: -4.6519369524
exp: -4.5129213193
exp: -4.4048710574
exp: -4.3198882412
exp: -4.3122602119
exp: -4.3193615444
exp: -4.4930119845
exp: -4.6202668203
exp: -4.6830447384
exp: -4.7609741322
exp: -4.8529516100
exp: -4.9581362599
exp: -5.0762710089
exp: -5.2064046231
exp: -5.3478891007
exp: -5.4999881954
Overlap: 0.0000000000
