exp: -9.7143613598
exp: -9.4282164180
exp: -9.1436217559
exp: -8.8584949577
exp: -8.5735070358
exp: -8.2887439314
exp: -8.0041196604
exp: -7.7199177407
exp: -7.4362003551
exp: -7.1525966505
exp: -6.8696486680
exp: -6.5871848411
exp: -6.3051032050
exp: -6.0241861122
exp: -5.7438544670
exp: -5.4715250100
exp: -5.2201758296
exp: -4.9877592856
exp: -4.7735728390
exp: -4.5801808266
exp: -4.3915714485
exp: -4.2589860606
exp: -4.1613651513
exp: -4.0671750001
exp: -3.9895986520
exp: -3.9225562976
exp: -3.8736853512
exp: -3.8358279153
exp: -3.8386320665
exp: -3.8677825506
exp: -3.9586185254
exp: -4.0818048124
exp: -4.3221718182
exp: -4.4704795682
exp: -4.5847682263
Overlap: 0.0000000023
