exp: -9.7143163085
exp: -9.4288090313
exp: -9.1434479388
exp: -8.8587693342
exp: -8.5747864083
exp: -8.2907883752
exp: -8.0072584561
exp: -7.7242708361
exp: -7.4416236723
exp: -7.1596498845
exp: -6.8782599130
exp: -6.5975433952
exp: -6.3174519363
exp: -6.0385303347
exp: -5.7599594780
exp: -5.4931373425
exp: -5.2517061020
exp: -5.0407343266
exp: -4.8753070056
exp: -4.7862188177
exp: -4.7358393774
exp: -4.6762867103
exp: -4.6402302231
exp: -4.6224422153
exp: -4.6241875128
exp: -4.6435724184
exp: -4.6785350072
exp: -4.7302606793
exp: -4.7964699256
exp: -4.8784102210
exp: -4.9750168443
exp: -5.0857587353
exp: -5.2105523971
exp: -5.3489563481
exp: -5.4999974219
Overlap: 0.6660126999
