exp: -9.7143399039
exp: -9.4290341694
exp: -9.1439414856
exp: -8.8575508086
exp: -8.5756544226
exp: -8.2918738933
exp: -8.0085567160
exp: -7.7257847225
exp: -7.4436299988
exp: -7.1619836709
exp: -6.8809826274
exp: -6.6006512042
exp: -6.3211903864
exp: -6.0423664979
exp: -5.7650837950
exp: -5.4930064566
exp: -5.2516254705
exp: -5.0556808887
exp: -4.9236682072
exp: -4.8054863802
exp: -4.7111979645
exp: -4.6395770679
exp: -4.5940962633
exp: -4.5703486371
exp: -4.5677107538
exp: -4.5861448660
exp: -4.6231025703
exp: -4.6886414666
exp: -4.7659342532
exp: -4.8553383060
exp: -4.9592284160
exp: -5.0765681970
exp: -5.2064020281
exp: -5.3478577963
exp: -5.4999630135
Overlap: 0.0000000000
