exp: -9.7144611117
exp: -9.4292458629
exp: -9.1445816580
exp: -8.8600399127
exp: -8.5758390517
exp: -8.2922972913
exp: -8.0091642146
exp: -7.7267319324
exp: -7.4448356028
exp: -7.1637882733
exp: -6.8833821833
exp: -6.6038994095
exp: -6.3250648566
exp: -6.0475389199
exp: -5.7711770662
exp: -5.5025640873
exp: -5.2563807013
exp: -5.0696968602
exp: -4.9217455109
exp: -4.8095147196
exp: -4.7190293632
exp: -4.6551325779
exp: -4.6111046212
exp: -4.5854829075
exp: -4.5793222432
exp: -4.5964005836
exp: -4.6331070495
exp: -4.6850449822
exp: -4.7573494000
exp: -4.8521410093
exp: -4.9588432377
exp: -5.0764719958
exp: -5.2064312754
exp: -5.3478942671
exp: -5.4998334589
Overlap: 0.9998353493
