exp: -9.7143243672
exp: -9.4289132349
exp: -9.1436606837
exp: -8.8585961543
exp: -8.5737512589
exp: -8.2892015066
exp: -8.0048687040
exp: -7.7209249703
exp: -7.4375112955
exp: -7.1544289495
exp: -6.8717985163
exp: -6.5901510306
exp: -6.3089340406
exp: -6.0285897967
exp: -5.7493106165
exp: -5.4718692943
exp: -5.1965878745
exp: -4.9173683867
exp: -4.6582818989
exp: -4.4287200605
exp: -4.2480303506
exp: -4.0870617025
exp: -3.9525703745
exp: -3.8791749137
exp: -3.8874281810
exp: -3.9202105434
exp: -3.9316391389
exp: -3.9456822979
exp: -3.9775945012
exp: -4.0265472409
exp: -4.0918140522
exp: -4.1725860722
exp: -4.2681333091
exp: -4.3775787734
exp: -4.4999894211
Overlap: 0.0000000000
