exp: -9.7144345802
exp: -9.4291874131
exp: -9.1443023325
exp: -8.8596612863
exp: -8.5755160402
exp: -8.2918841641
exp: -8.0085982863
exp: -7.7257608500
exp: -7.4436501767
exp: -7.1619901191
exp: -6.8808863169
exp: -6.6004334933
exp: -6.3207975853
exp: -6.0420567431
exp: -5.7639113829
exp: -5.4865081893
exp: -5.2234042126
exp: -4.9915037224
exp: -4.7774650305
exp: -4.5677889529
exp: -4.3882002516
exp: -4.2740263684
exp: -4.2129584602
exp: -4.1812415607
exp: -4.1381695715
exp: -3.8424467310
exp: -3.6848684537
exp: -4.5274346233
exp: -4.7616614085
exp: -4.8537679484
exp: -4.9585851952
exp: -5.0763867976
exp: -5.2064191128
exp: -5.3478938906
exp: -5.4999997408
Overlap: 0.0000000000
