exp: -9.7141891795
exp: -9.4286484591
exp: -9.1430462114
exp: -8.8570140199
exp: -8.5723678938
exp: -8.2865478258
exp: -8.0026925271
exp: -7.7180536434
exp: -7.4334956309
exp: -7.1494126364
exp: -6.8655219960
exp: -6.5819074809
exp: -6.2852463109
exp: -6.0106307544
exp: -5.7306286342
exp: -5.4510717826
exp: -5.1996589044
exp: -4.9715069866
exp: -4.7799124062
exp: -4.6256873153
exp: -4.5119681605
exp: -4.4551596786
exp: -4.5431075756
exp: -4.5543008762
exp: -4.5610829176
exp: -4.5849748667
exp: -4.6267945434
exp: -4.6882503522
exp: -4.7637917384
exp: -4.8543125478
exp: -4.9588116218
exp: -5.0764531720
exp: -5.2064307799
exp: -5.3478940653
exp: -5.4999993296
Overlap: 0.0000000027
