exp: -9.7144029909
exp: -9.4290147975
exp: -9.1438775416
exp: -8.8589634022
exp: -8.5743696418
exp: -8.2900469102
exp: -8.0060472714
exp: -7.7223025670
exp: -7.4392820913
exp: -7.1566412069
exp: -6.8742501069
exp: -6.5925302433
exp: -6.3121787590
exp: -6.0323694541
exp: -5.7533326046
exp: -5.4857500278
exp: -5.2449112334
exp: -5.0445366447
exp: -4.8917137556
exp: -4.7771349886
exp: -4.6902515848
exp: -4.6238051737
exp: -4.5808647258
exp: -4.5584617189
exp: -4.5544072743
exp: -4.5677570393
exp: -4.5996724348
exp: -4.6435335356
exp: -4.7076803036
exp: -4.7841501841
exp: -4.8813285088
exp: -5.0083909873
exp: -5.2041438718
exp: -5.3478741877
exp: -5.4999572615
Overlap: 0.0000000000
