exp: -9.9000151460
exp: -9.8000602903
exp: -9.7001304022
exp: -9.6002288146
exp: -9.5003558441
exp: -9.4005164242
exp: -9.3007089390
exp: -9.2009294816
exp: -9.1011787280
exp: -9.0014629115
exp: -8.9017843047
exp: -8.8021357379
exp: -8.7025248928
exp: -8.6029538976
exp: -8.5034172042
exp: -8.4039017710
exp: -8.3044339998
exp: -8.2049984628
exp: -8.1056086569
exp: -8.0062408934
exp: -7.9069445712
exp: -7.8076729996
exp: -7.7084490687
exp: -7.6092621790
exp: -7.5101373339
exp: -7.4110395199
exp: -7.3119965865
exp: -7.2130086352
exp: -7.1140679966
exp: -7.0151903949
exp: -6.9164098042
exp: -6.8176464809
exp: -6.7189064477
exp: -6.6202703388
exp: -6.5216741853
exp: -6.4231410837
exp: -6.3246735171
exp: -6.2264280490
exp: -6.1280875859
exp: -6.0298929986
exp: -5.9317910732
exp: -5.8337825143
exp: -5.7359148115
exp: -5.6380642781
exp: -5.5402275135
exp: -5.4426064249
exp: -5.3450003974
exp: -5.2476636869
exp: -5.1504947860
exp: -5.0535341887
exp: -4.9567401581
exp: -4.8602089598
exp: -4.7665058074
exp: -4.6755500369
exp: -4.5860210500
exp: -4.4989888098
exp: -4.4160203034
exp: -4.3358693397
exp: -4.2613102084
exp: -4.1957675176
exp: -4.1373824069
exp: -4.0903878162
exp: -4.0330498023
exp: -3.9780787621
exp: -3.9260818438
exp: -3.8769638025
exp: -3.8306278083
exp: -3.7870124977
exp: -3.7459376577
exp: -3.7076837046
exp: -3.6721444005
exp: -3.6391142964
exp: -3.6087988434
exp: -3.5807763786
exp: -3.5546180265
exp: -3.5311204916
exp: -3.5092404611
exp: -3.4894167305
exp: -3.4711260742
exp: -3.4543168903
exp: -3.4398713768
exp: -3.4286859331
exp: -3.4177142413
exp: -3.4069506863
exp: -3.3996113540
exp: -3.3932866059
exp: -3.3862382954
exp: -3.3826603211
exp: -3.3816369567
exp: -3.3817088020
exp: -3.3855861352
exp: -3.3915386417
exp: -3.3979820601
exp: -3.4037151385
exp: -3.4111322049
exp: -3.4203898992
exp: -3.4396643298
exp: -3.4584879489
exp: -3.4826007809
exp: -3.5154919390
Overlap: 0.0000000000
