exp: -9.8999174084
exp: -9.7998375736
exp: -9.6999210180
exp: -9.5999416021
exp: -9.4999674313
exp: -9.3999848643
exp: -9.3000183625
exp: -9.2000626686
exp: -9.1001179040
exp: -9.0001753883
exp: -8.9002710676
exp: -8.8003656147
exp: -8.7004699511
exp: -8.6005714968
exp: -8.5007039282
exp: -8.4008581834
exp: -8.3010271955
exp: -8.2012199743
exp: -8.1013991136
exp: -8.0015876900
exp: -7.9017964699
exp: -7.8020693842
exp: -7.7022761797
exp: -7.6025272862
exp: -7.5027696196
exp: -7.4030750996
exp: -7.3033619995
exp: -7.2037296567
exp: -7.1040483098
exp: -7.0043712578
exp: -6.9047307145
exp: -6.8051872797
exp: -6.7055652469
exp: -6.6059648109
exp: -6.5064581032
exp: -6.4069751605
exp: -6.3074763920
exp: -6.2079963474
exp: -6.1085489211
exp: -6.0092077930
exp: -5.9098709036
exp: -5.8105600485
exp: -5.7111698999
exp: -5.6119225140
exp: -5.5126623463
exp: -5.4135424157
exp: -5.3143156326
exp: -5.2152129137
exp: -5.1162236349
exp: -5.0172187521
exp: -4.9184302962
exp: -4.8194737969
exp: -4.7207680347
exp: -4.6248658221
exp: -4.5291408857
exp: -4.4330919945
exp: -4.3377526309
exp: -4.2501373801
exp: -4.1889286956
exp: -4.1253685483
exp: -4.0627739663
exp: -3.9972627632
exp: -3.9340939053
exp: -3.8747791941
exp: -3.8197062213
exp: -3.7665538202
exp: -3.7170414523
exp: -3.6717455485
exp: -3.6285157024
exp: -3.5885255624
exp: -3.5515221047
exp: -3.5173649458
exp: -3.4884420254
exp: -3.4632218343
exp: -3.4388599717
exp: -3.4311741227
exp: -3.4706684067
exp: -3.4624524579
exp: -3.4552878063
exp: -3.4490420102
exp: -3.4445523142
exp: -3.4426987566
exp: -3.4424939169
exp: -3.4442745016
exp: -3.4481451332
exp: -3.4540065870
exp: -3.4617091739
exp: -3.4713057121
exp: -3.4844567570
exp: -3.4983520816
exp: -3.5141586014
exp: -3.5333224363
exp: -3.5542368386
exp: -3.5769481037
exp: -3.6017040049
exp: -3.6286783726
exp: -3.6579438371
exp: -3.6895438387
exp: -3.7235837810
exp: -3.7599943048
Overlap: 0.0000000000
