exp: -9.9000022722
exp: -9.8000224618
exp: -9.7000553430
exp: -9.6001143916
exp: -9.5001806284
exp: -9.4002627984
exp: -9.3003619473
exp: -9.2004839604
exp: -9.1006178653
exp: -9.0007987525
exp: -8.9009754147
exp: -8.8011736496
exp: -8.7014037900
exp: -8.6016459377
exp: -8.5019087506
exp: -8.4022307107
exp: -8.3025580736
exp: -8.2029294246
exp: -8.1032945146
exp: -8.0036937351
exp: -7.9041323088
exp: -7.8046884987
exp: -7.7054448949
exp: -7.6059804157
exp: -7.5065735400
exp: -7.4072205372
exp: -7.3078777070
exp: -7.2085750902
exp: -7.1092905429
exp: -7.0100735772
exp: -6.9108955057
exp: -6.8117584690
exp: -6.7126500275
exp: -6.6136061234
exp: -6.5146270464
exp: -6.4156836846
exp: -6.3167828380
exp: -6.2178676692
exp: -6.1190950529
exp: -6.0203429569
exp: -5.9217016786
exp: -5.8230689075
exp: -5.7245144196
exp: -5.6260957977
exp: -5.5277924016
exp: -5.4295361369
exp: -5.3314782671
exp: -5.2334883307
exp: -5.1356138325
exp: -5.0377756182
exp: -4.9401875446
exp: -4.8432052397
exp: -4.7477469737
exp: -4.6548003496
exp: -4.5635522238
exp: -4.4754104708
exp: -4.3884649198
exp: -4.3048025035
exp: -4.2237492630
exp: -4.1480294586
exp: -4.0762444863
exp: -4.0170384038
exp: -3.9713579161
exp: -3.9260642124
exp: -3.8796069370
exp: -3.8403767520
exp: -3.8040560928
exp: -3.7705779266
exp: -3.7427484516
exp: -3.7163988006
exp: -3.6927992636
exp: -3.6667863031
exp: -3.6466371082
exp: -3.6310018974
exp: -3.6081931100
exp: -3.5968347647
exp: -3.5834616473
exp: -3.5798585046
exp: -3.5667980518
exp: -3.5680174652
exp: -3.5652198571
exp: -3.6018948369
exp: -3.6966951941
exp: -3.7969196050
exp: -3.8360660150
exp: -3.8560534760
exp: -3.8780110996
exp: -3.9017399332
exp: -3.9273208135
exp: -3.9546685924
exp: -3.9837072200
exp: -4.0144245116
exp: -4.0467707403
exp: -4.0806975194
exp: -4.1161589301
exp: -4.1531133795
exp: -4.1915158542
exp: -4.2313248660
exp: -4.2724995970
exp: -4.3149999766
Overlap: 0.0000000000
