exp: -9.9000103517
exp: -9.8000390984
exp: -9.7001034163
exp: -9.6002391208
exp: -9.5003832056
exp: -9.4005602747
exp: -9.3007764958
exp: -9.2010214026
exp: -9.1013143791
exp: -9.0016546209
exp: -8.9020269157
exp: -8.8024569362
exp: -8.7028967449
exp: -8.6034227201
exp: -8.5039960394
exp: -8.4046255055
exp: -8.3052579399
exp: -8.2059698914
exp: -8.1067467348
exp: -8.0075914638
exp: -7.9084347885
exp: -7.8093858580
exp: -7.7104267795
exp: -7.6115373284
exp: -7.5127281743
exp: -7.4139598114
exp: -7.3152856227
exp: -7.2166278750
exp: -7.1181072880
exp: -7.0196928620
exp: -6.9213218670
exp: -6.8232242381
exp: -6.7251940929
exp: -6.6275896315
exp: -6.5297508755
exp: -6.4322841740
exp: -6.3347307386
exp: -6.2373945270
exp: -6.1403549927
exp: -6.0436437353
exp: -5.9468113159
exp: -5.8502598931
exp: -5.7536649763
exp: -5.6572597900
exp: -5.5608287113
exp: -5.4644938832
exp: -5.3682827447
exp: -5.2722422228
exp: -5.1762018263
exp: -5.0804036791
exp: -4.9847088033
exp: -4.8893179116
exp: -4.7942824494
exp: -4.7026166972
exp: -4.6111320147
exp: -4.5227173735
exp: -4.4371358846
exp: -4.3537552341
exp: -4.2725334624
exp: -4.1959427668
exp: -4.1216327534
exp: -4.0484922873
exp: -3.9708087090
exp: -3.8965537137
exp: -3.8235244450
exp: -3.7692487995
exp: -3.7236641435
exp: -3.6840868160
exp: -3.6553901216
exp: -3.6262505196
exp: -3.6244708631
exp: -3.6531568326
exp: -3.6311622229
exp: -3.6089397602
exp: -3.5882862149
exp: -3.5692850937
exp: -3.5591858173
exp: -3.5596297851
exp: -3.5711219030
exp: -3.5903546817
exp: -3.6354469943
exp: -3.6461868907
exp: -3.6547143617
exp: -3.6656166628
exp: -3.6788114108
exp: -3.6942844353
exp: -3.7119046946
exp: -3.7316266307
exp: -3.7533470217
exp: -3.7770561762
exp: -3.8026756037
exp: -3.8301228619
exp: -3.8593685245
exp: -3.8903523470
exp: -3.9230254489
exp: -3.9573354066
exp: -3.9932340257
exp: -4.0306745557
exp: -4.0696111125
exp: -4.1099997942
Overlap: 0.0000000000
