exp: -9.9000139218
exp: -9.8000520096
exp: -9.7001148679
exp: -9.6002071671
exp: -9.5003247883
exp: -9.4004670177
exp: -9.3006367920
exp: -9.2008322372
exp: -9.1010579347
exp: -9.0013212837
exp: -8.9015990501
exp: -8.8019081899
exp: -8.7022536685
exp: -8.6026256575
exp: -8.5030233575
exp: -8.4034609681
exp: -8.3039571910
exp: -8.2044360034
exp: -8.1049782178
exp: -8.0055630078
exp: -7.9061544304
exp: -7.8068285199
exp: -7.7074829252
exp: -7.6082073221
exp: -7.5089917608
exp: -7.4098112971
exp: -7.3106847224
exp: -7.2115520491
exp: -7.1125047553
exp: -7.0135240159
exp: -6.9146505284
exp: -6.8157599225
exp: -6.7169797574
exp: -6.6182404034
exp: -6.5195518534
exp: -6.4209330641
exp: -6.3224444313
exp: -6.2241380413
exp: -6.1257654933
exp: -6.0274454409
exp: -5.9292682048
exp: -5.8314436077
exp: -5.7334729194
exp: -5.6355252277
exp: -5.5377389577
exp: -5.4399851972
exp: -5.3426820869
exp: -5.2453709290
exp: -5.1481713149
exp: -5.0510360649
exp: -4.9579782620
exp: -4.8644302927
exp: -4.7730517490
exp: -4.6830906196
exp: -4.5971756437
exp: -4.5120716402
exp: -4.4313150850
exp: -4.3529039341
exp: -4.2730883034
exp: -4.2052772642
exp: -4.1564335135
exp: -4.1444637120
exp: -4.1011743658
exp: -4.0535694012
exp: -4.0079489366
exp: -3.9653665705
exp: -3.9261940623
exp: -3.8900435414
exp: -3.8569804114
exp: -3.8272946536
exp: -3.8006726130
exp: -3.7772967560
exp: -3.7572085469
exp: -3.7401887391
exp: -3.7263613542
exp: -3.7154733070
exp: -3.7074301275
exp: -3.7018070033
exp: -3.6995223601
exp: -3.6997290305
exp: -3.7036638916
exp: -3.7086939482
exp: -3.7173707432
exp: -3.7282726399
exp: -3.7422488046
exp: -3.7583297458
exp: -3.7760521643
exp: -3.7958605372
exp: -3.8177516182
exp: -3.8417884792
exp: -3.8676324226
exp: -3.8953126586
exp: -3.9253117676
exp: -3.9567716925
exp: -3.9899335308
exp: -4.0247601786
exp: -4.0612474084
exp: -4.0993369683
exp: -4.1389279663
exp: -4.1799922268
Overlap: 0.0000000000
exp: -4.1799764845
Overlap: 0.0000000000
