exp: -9.9000049396
exp: -9.8000158937
exp: -9.7000286451
exp: -9.6000334980
exp: -9.4998441344
exp: -9.3999583424
exp: -9.3000326592
exp: -9.2000246903
exp: -9.1003175132
exp: -9.0004887886
exp: -8.9006035207
exp: -8.8007098871
exp: -8.7008467415
exp: -8.6010118432
exp: -8.5011379065
exp: -8.4013302197
exp: -8.3014953744
exp: -8.2016982444
exp: -8.1019153139
exp: -8.0021425605
exp: -7.9023889565
exp: -7.8026346722
exp: -7.7029245457
exp: -7.6032335405
exp: -7.5035577559
exp: -7.4039098269
exp: -7.3042595045
exp: -7.2046321977
exp: -7.1050339378
exp: -7.0054639570
exp: -6.9058327763
exp: -6.8063689439
exp: -6.7068354094
exp: -6.6074863011
exp: -6.5079438819
exp: -6.4085581593
exp: -6.3090449316
exp: -6.2096879785
exp: -6.1105330265
exp: -6.0111389218
exp: -5.9119480244
exp: -5.8128285877
exp: -5.7135474311
exp: -5.6144903790
exp: -5.5153012811
exp: -5.4161914209
exp: -5.3171947382
exp: -5.2182826596
exp: -5.1195492211
exp: -5.0211931624
exp: -4.9222444383
exp: -4.8233950555
exp: -4.7248381384
exp: -4.6255945850
exp: -4.5295759851
exp: -4.4366318381
exp: -4.3469243654
exp: -4.2593022167
exp: -4.1768673282
exp: -4.0980906454
exp: -4.0318316007
exp: -3.9729318294
exp: -3.9270816589
exp: -3.8781077359
exp: -3.8275481732
exp: -3.7801283933
exp: -3.7408516082
exp: -3.7080160320
exp: -3.6762054999
exp: -3.6465166322
exp: -3.6203231723
exp: -3.5974157106
exp: -3.5779348956
exp: -3.5615596604
exp: -3.5482238027
exp: -3.5378966888
exp: -3.5303803970
exp: -3.5255386977
exp: -3.5234126523
exp: -3.5238368479
exp: -3.5267051206
exp: -3.5319790901
exp: -3.5395664893
exp: -3.5494111151
exp: -3.5614467524
exp: -3.5756111596
exp: -3.5918528701
exp: -3.6101128468
exp: -3.6303400977
exp: -3.6524900298
exp: -3.6765105480
exp: -3.7023676059
exp: -3.7300121898
exp: -3.7593989788
exp: -3.7904888644
exp: -3.8232387770
exp: -3.8576074463
exp: -3.8935523595
exp: -3.9310308282
exp: -3.9699999837
Overlap: 0.0000000000
