exp: -9.9000106682
exp: -9.8000372758
exp: -9.7000889602
exp: -9.6001524660
exp: -9.5002464830
exp: -9.4003830431
exp: -9.3005297701
exp: -9.2007137900
exp: -9.1009352018
exp: -9.0012128353
exp: -8.9014704972
exp: -8.8017489109
exp: -8.7020264218
exp: -8.6024722887
exp: -8.5028901392
exp: -8.4033594179
exp: -8.3039124760
exp: -8.2044338049
exp: -8.1051513075
exp: -8.0059788540
exp: -7.9067552502
exp: -7.8075460311
exp: -7.7084467287
exp: -7.6092889732
exp: -7.5102768245
exp: -7.4112626852
exp: -7.3123487757
exp: -7.2134896089
exp: -7.1147427845
exp: -7.0160526421
exp: -6.9174705285
exp: -6.8189315920
exp: -6.7204830054
exp: -6.6220853093
exp: -6.5238588152
exp: -6.4256611187
exp: -6.3275253286
exp: -6.2295048864
exp: -6.1316187255
exp: -6.0337341510
exp: -5.9360308786
exp: -5.8384277133
exp: -5.7410057907
exp: -5.6436104335
exp: -5.5463838461
exp: -5.4492691326
exp: -5.3521872293
exp: -5.2552771628
exp: -5.1585583380
exp: -5.0619015815
exp: -4.9655126629
exp: -4.8692267756
exp: -4.7731166332
exp: -4.6772796781
exp: -4.5816260816
exp: -4.4870747709
exp: -4.3947661137
exp: -4.3042596197
exp: -4.2169396267
exp: -4.1348874666
exp: -4.0571730154
exp: -3.9848978673
exp: -3.9197480220
exp: -3.8528075189
exp: -3.7871082647
exp: -3.7239198747
exp: -3.6644430496
exp: -3.6074754767
exp: -3.5540490585
exp: -3.5028124742
exp: -3.4553685684
exp: -3.4106443555
exp: -3.3682922860
exp: -3.3294720309
exp: -3.2937589501
exp: -3.2600851172
exp: -3.2286433799
exp: -3.1999316428
exp: -3.1734657520
exp: -3.1491327753
exp: -3.1274856636
exp: -3.1083300971
exp: -3.0919417993
exp: -3.0780166362
exp: -3.0668225397
exp: -3.0583221668
exp: -3.0521598648
exp: -3.0486214238
exp: -3.0478621658
exp: -3.0498510809
exp: -3.0545916348
exp: -3.0620314955
exp: -3.0719149738
exp: -3.0858774616
exp: -3.1034104497
exp: -3.1228212598
exp: -3.1453443891
exp: -3.1707046656
exp: -3.1988782344
exp: -3.2298360104
Overlap: 0.0000000000
