exp: -9.8999989704
exp: -9.8000176987
exp: -9.7000582031
exp: -9.6001067545
exp: -9.5001696308
exp: -9.4002466975
exp: -9.3003396060
exp: -9.2004497103
exp: -9.1005730719
exp: -9.0007121089
exp: -8.9008757786
exp: -8.8010558314
exp: -8.7012518939
exp: -8.6014621830
exp: -8.5016994137
exp: -8.4019618487
exp: -8.3022430555
exp: -8.2025484849
exp: -8.1028722914
exp: -8.0032323808
exp: -7.9036066456
exp: -7.8040149531
exp: -7.7044507794
exp: -7.6049040390
exp: -7.5053813257
exp: -7.4058950485
exp: -7.3064396209
exp: -7.2070168962
exp: -7.1076417668
exp: -7.0083086194
exp: -6.9090278668
exp: -6.8097941400
exp: -6.7105950593
exp: -6.6114618341
exp: -6.5123104905
exp: -6.4132215777
exp: -6.3142114038
exp: -6.2152628412
exp: -6.1163224500
exp: -6.0174622128
exp: -5.9186318853
exp: -5.8198951501
exp: -5.7212056083
exp: -5.6226084334
exp: -5.5240714123
exp: -5.4255833543
exp: -5.3271185747
exp: -5.2287498860
exp: -5.1309382746
exp: -5.0365013046
exp: -4.9456309766
exp: -4.8577481345
exp: -4.7732282479
exp: -4.6905924467
exp: -4.6120406326
exp: -4.5351584481
exp: -4.4617519379
exp: -4.3858075942
exp: -4.3112694473
exp: -4.2420411142
exp: -4.1771324741
exp: -4.1063108602
exp: -4.0565734628
exp: -4.0184202866
exp: -3.9806144273
exp: -3.9487942839
exp: -3.9207562059
exp: -3.9043337699
exp: -3.9761219408
exp: -4.0419568994
exp: -4.0696807118
exp: -4.0731561292
exp: -4.0876457965
exp: -4.0825701490
exp: -4.1013519130
exp: -4.1118617826
exp: -4.1236796759
exp: -4.1315710594
exp: -4.1375544113
exp: -4.1480200226
exp: -4.1600378926
exp: -4.1730860421
exp: -4.1867178538
exp: -4.2028544110
exp: -4.2199474108
exp: -4.2382160805
exp: -4.2593517140
exp: -4.2814206173
exp: -4.3054581488
exp: -4.3309535156
exp: -4.3571532648
exp: -4.3847053899
exp: -4.4132133869
exp: -4.4435344808
exp: -4.4744036024
exp: -4.5065704688
exp: -4.5397063829
exp: -4.5736519849
exp: -4.6085897475
exp: -4.6051710336
Overlap: 0.0000000000
