exp: -9.8999866011
exp: -9.7999470066
exp: -9.6997103880
exp: -9.6001048052
exp: -9.5001713397
exp: -9.4002577113
exp: -9.3003541170
exp: -9.2004711671
exp: -9.1006014946
exp: -9.0007440163
exp: -8.9009066543
exp: -8.8010809932
exp: -8.7012668805
exp: -8.6014817251
exp: -8.5016968975
exp: -8.4019224115
exp: -8.3021604643
exp: -8.2024339792
exp: -8.1027154367
exp: -8.0030080216
exp: -7.9033303236
exp: -7.8037172973
exp: -7.7041124277
exp: -7.6044637312
exp: -7.5048826718
exp: -7.4053147508
exp: -7.3058066065
exp: -7.2063354860
exp: -7.1068401790
exp: -7.0075660354
exp: -6.9081707338
exp: -6.8087359726
exp: -6.7094230174
exp: -6.6100923734
exp: -6.5108260259
exp: -6.4116250449
exp: -6.3124396668
exp: -6.2133113017
exp: -6.1141148114
exp: -6.0152758228
exp: -5.9163297495
exp: -5.8174480520
exp: -5.7185816416
exp: -5.6196497278
exp: -5.5210061059
exp: -5.4223842000
exp: -5.3237832614
exp: -5.2255298971
exp: -5.1272689938
exp: -5.0288948818
exp: -4.9305384423
exp: -4.8322788766
exp: -4.7343754780
exp: -4.6364268580
exp: -4.5255665832
exp: -4.4435168006
exp: -4.3521906539
exp: -4.2654301086
exp: -4.1795306867
exp: -4.0964905024
exp: -4.0187327379
exp: -3.9501150937
exp: -3.8810716570
exp: -3.8213540353
exp: -3.7600324837
exp: -3.6975520082
exp: -3.6439883432
exp: -3.5871003685
exp: -3.5356949806
exp: -3.4889005876
exp: -3.4472106097
exp: -3.4066825212
exp: -3.3693888731
exp: -3.3338427566
exp: -3.2995388500
exp: -3.2721374125
exp: -3.2445279530
exp: -3.2214794030
exp: -3.1975808768
exp: -3.1767903058
exp: -3.1588516659
exp: -3.1450623027
exp: -3.1295714565
exp: -3.1153069156
exp: -3.1094351838
exp: -3.1031119147
exp: -3.0950139890
exp: -3.0895662653
exp: -3.0926612418
exp: -3.0933043914
exp: -2.7962868075
exp: -2.8348520045
exp: -2.8458740606
exp: -2.8601279092
exp: -2.8754011852
exp: -2.8929383866
exp: -2.9130594492
exp: -2.9359047410
exp: -2.9615114003
exp: -2.9899810164
Overlap: 0.0000000000
exp: -2.9899917182
Overlap: 0.0000000000
