exp: -9.9000010838
exp: -9.8000392783
exp: -9.7000895996
exp: -9.6001631976
exp: -9.5002577121
exp: -9.4003775167
exp: -9.3005255185
exp: -9.2006934746
exp: -9.1008877710
exp: -9.0011033922
exp: -8.9013572487
exp: -8.8016304983
exp: -8.7019315110
exp: -8.6022649214
exp: -8.5026462484
exp: -8.4030427412
exp: -8.3034639747
exp: -8.2039253319
exp: -8.1044348650
exp: -8.0049915628
exp: -7.9055775149
exp: -7.8062008417
exp: -7.7068912383
exp: -7.6076086218
exp: -7.5083944110
exp: -7.4092382612
exp: -7.3101349515
exp: -7.2110465163
exp: -7.1120175616
exp: -7.0130684705
exp: -6.9140622736
exp: -6.8151250234
exp: -6.7163309995
exp: -6.6176836826
exp: -6.5190150620
exp: -6.4203873089
exp: -6.3217704756
exp: -6.2232670360
exp: -6.1248425877
exp: -6.0265689048
exp: -5.9282763558
exp: -5.8301953719
exp: -5.7321787081
exp: -5.6341537330
exp: -5.5363538246
exp: -5.4386535655
exp: -5.3410102689
exp: -5.2435299486
exp: -5.1462817535
exp: -5.0491633910
exp: -4.9519831507
exp: -4.8550761144
exp: -4.7582947601
exp: -4.6618072322
exp: -4.5654958316
exp: -4.4693607391
exp: -4.3762076341
exp: -4.2830774085
exp: -4.1918872612
exp: -4.1049194329
exp: -4.0198284017
exp: -3.9432205380
exp: -3.8674376922
exp: -3.7972132354
exp: -3.7295382858
exp: -3.6648447519
exp: -3.6031407049
exp: -3.5438878959
exp: -3.4881261159
exp: -3.4357406650
exp: -3.3843571004
exp: -3.3361953177
exp: -3.2885094083
exp: -3.2446144218
exp: -3.2033916283
exp: -3.1642216064
exp: -3.1263668801
exp: -3.0950143274
exp: -3.0641191810
exp: -3.0326679097
exp: -3.0042482565
exp: -2.9787923551
exp: -2.9556822479
exp: -2.9336166696
exp: -2.9145357996
exp: -2.8963385263
exp: -2.8794624693
exp: -2.8666753951
exp: -2.8549438119
exp: -2.8430855049
exp: -2.8354522319
exp: -2.8293268460
exp: -2.8223093530
exp: -2.8190022854
exp: -2.8188012572
exp: -2.8197889239
exp: -2.8197308373
exp: -2.8230038016
exp: -2.8298458126
exp: -2.8388390159
Overlap: 0.0000000084
