exp: -9.9000157703
exp: -9.8000601119
exp: -9.7001298394
exp: -9.6002456902
exp: -9.5003766636
exp: -9.4005586375
exp: -9.3007690194
exp: -9.2010170645
exp: -9.1013084886
exp: -9.0016270145
exp: -8.9020028445
exp: -8.8024110903
exp: -8.7028598704
exp: -8.6033552205
exp: -8.5038982907
exp: -8.4044829698
exp: -8.3051115372
exp: -8.2057994326
exp: -8.1065295242
exp: -8.0072867413
exp: -7.9080972132
exp: -7.8089604138
exp: -7.7098712563
exp: -7.6108064788
exp: -7.5118287042
exp: -7.4128981132
exp: -7.3140274823
exp: -7.2152001316
exp: -7.1164042340
exp: -7.0177453037
exp: -6.9190403118
exp: -6.8204717862
exp: -6.7219827381
exp: -6.6235463798
exp: -6.5252542293
exp: -6.4270999651
exp: -6.3290173357
exp: -6.2310267839
exp: -6.1332472180
exp: -6.0357044995
exp: -5.9383173312
exp: -5.8412978821
exp: -5.7443637803
exp: -5.6478378344
exp: -5.5513815203
exp: -5.4550074415
exp: -5.3584873803
exp: -5.2621339591
exp: -5.1657814319
exp: -5.0695074369
exp: -4.9733271677
exp: -4.8772124999
exp: -4.7812079626
exp: -4.6854005355
exp: -4.5898989503
exp: -4.4944737595
exp: -4.3998802850
exp: -4.3068260351
exp: -4.2157666635
exp: -4.1263238154
exp: -4.0391367472
exp: -3.9547329490
exp: -3.8751229898
exp: -3.8014424405
exp: -3.7307341383
exp: -3.6643307054
exp: -3.6011557410
exp: -3.5454475949
exp: -3.4950199597
exp: -3.4478196594
exp: -3.3999247077
exp: -3.3554780266
exp: -3.3156292699
exp: -3.2794097949
exp: -3.2449391695
exp: -3.2130318461
exp: -3.1837403536
exp: -3.1570623304
exp: -3.1341643204
exp: -3.1138590852
exp: -3.0967592412
exp: -3.0829046552
exp: -3.0719649169
exp: -3.0640852772
exp: -3.0588835865
exp: -3.0568471044
exp: -3.0575052438
exp: -3.0609239318
exp: -3.0670469977
exp: -3.0757238569
exp: -3.0869794425
exp: -3.1007520095
exp: -3.1169270768
exp: -3.1356219463
exp: -3.1566195765
exp: -3.1799330353
exp: -3.2054618274
exp: -3.2331962759
exp: -3.2630666630
exp: -3.2949999129
Overlap: 0.0000000000
exp: -3.2949992465
Overlap: 0.0000000000
