exp: -9.9000000303
exp: -9.8000179170
exp: -9.7000395845
exp: -9.6000674144
exp: -9.5001137830
exp: -9.4001688540
exp: -9.3002191270
exp: -9.2003098888
exp: -9.1003855394
exp: -9.0004817210
exp: -8.9005922339
exp: -8.8007007406
exp: -8.7008327332
exp: -8.6009761857
exp: -8.5011371276
exp: -8.4013117204
exp: -8.3015025042
exp: -8.2016976393
exp: -8.1019197136
exp: -8.0021655714
exp: -7.9024310302
exp: -7.8026821268
exp: -7.7029617634
exp: -7.6033054101
exp: -7.5036359173
exp: -7.4039606504
exp: -7.3043320230
exp: -7.2047452383
exp: -7.1051591198
exp: -7.0055929361
exp: -6.9060666429
exp: -6.8065738337
exp: -6.7071034136
exp: -6.6076806835
exp: -6.5082397149
exp: -6.4089085477
exp: -6.3095506750
exp: -6.2102247442
exp: -6.1109234232
exp: -6.0117450223
exp: -5.9125374233
exp: -5.8133727777
exp: -5.7141898896
exp: -5.6151201979
exp: -5.5161312839
exp: -5.4173688480
exp: -5.3183713640
exp: -5.2194136763
exp: -5.1207157470
exp: -5.0220005781
exp: -4.9233626558
exp: -4.8248242469
exp: -4.7264603376
exp: -4.6280149495
exp: -4.5313865201
exp: -4.4377157959
exp: -4.3448862889
exp: -4.2567744284
exp: -4.1711751171
exp: -4.0876964896
exp: -4.0050465069
exp: -3.9217695848
exp: -3.8400326452
exp: -3.7593615323
exp: -3.6811752852
exp: -3.6135138911
exp: -3.5487565185
exp: -3.4769180041
exp: -3.4158211240
exp: -3.3836562044
exp: -3.4118853489
exp: -3.4057611207
exp: -3.3908005664
exp: -3.3767165800
exp: -3.3513460765
exp: -3.3265843979
exp: -3.2992821917
exp: -3.2653572809
exp: -3.2263724759
exp: -3.1911963744
exp: -3.1608662634
exp: -3.1451730293
exp: -3.1344627745
exp: -3.1254126848
exp: -3.1174801537
exp: -3.1127851466
exp: -3.1112854514
exp: -3.1116921934
exp: -3.1130789265
exp: -3.1169793411
exp: -2.8854990996
exp: -2.9127289449
exp: -2.9298422786
exp: -2.9499459580
exp: -2.9665010538
exp: -2.9848272878
exp: -3.0041421600
exp: -3.0280996646
exp: -3.0554607254
exp: -3.0851115288
Overlap: 0.0000000002
