exp: -9.8996086304
exp: -9.8000385480
exp: -9.7000837455
exp: -9.6001442098
exp: -9.5002288061
exp: -9.4003344518
exp: -9.3004594437
exp: -9.2006090700
exp: -9.1007739917
exp: -9.0009711976
exp: -8.9012028233
exp: -8.8014540155
exp: -8.7017505853
exp: -8.6020595136
exp: -8.5023812094
exp: -8.4027588455
exp: -8.3031785559
exp: -8.2036281077
exp: -8.1040914693
exp: -8.0046300943
exp: -7.9051493341
exp: -7.8057064174
exp: -7.7063250414
exp: -7.6069762739
exp: -7.5076581812
exp: -7.4082888297
exp: -7.3091500054
exp: -7.2098077833
exp: -7.1106143868
exp: -7.0114063705
exp: -6.9123511029
exp: -6.8133064831
exp: -6.7143598630
exp: -6.6154559707
exp: -6.5165907735
exp: -6.4176681552
exp: -6.3188413607
exp: -6.2199996428
exp: -6.1214512290
exp: -6.0227912323
exp: -5.9241941675
exp: -5.8254827526
exp: -5.7270000784
exp: -5.6284164959
exp: -5.5301665541
exp: -5.4319462786
exp: -5.3337252255
exp: -5.2358826198
exp: -5.1381088683
exp: -5.0405224076
exp: -4.9431220970
exp: -4.8465080157
exp: -4.7500247200
exp: -4.6574145091
exp: -4.5662356981
exp: -4.4780891929
exp: -4.3919615912
exp: -4.3096927665
exp: -4.2278917324
exp: -4.1494476640
exp: -4.0735419528
exp: -4.0001575032
exp: -3.9187230437
exp: -3.8565082598
exp: -3.7989037075
exp: -3.7226968475
exp: -3.6567415571
exp: -3.5834668835
exp: -3.5170357576
exp: -3.4610119773
exp: -3.4186901263
exp: -3.3837824143
exp: -3.3475500897
exp: -3.3120120148
exp: -3.2810338749
exp: -3.2527908673
exp: -3.2285890337
exp: -3.2049161195
exp: -3.1846373975
exp: -3.1658960011
exp: -3.1494480879
exp: -3.1359849009
exp: -3.1260937408
exp: -3.1199340733
exp: -3.1162978251
exp: -3.1169332248
exp: -3.1215719729
exp: -3.1292830230
exp: -3.1389922328
exp: -3.1506781302
exp: -3.1647984907
exp: -3.1812739947
exp: -3.2000430577
exp: -3.2210254455
exp: -3.2441648478
exp: -3.2693941805
exp: -3.2966494625
exp: -3.3258734231
exp: -3.3570092848
exp: -3.3899997701
Overlap: 0.0000000000
