exp: -9.8999459747
exp: -9.8000314650
exp: -9.7000667594
exp: -9.6001176235
exp: -9.5001919275
exp: -9.4002682030
exp: -9.3003683754
exp: -9.2004848693
exp: -9.1006192277
exp: -9.0007692646
exp: -8.9009392873
exp: -8.8011239421
exp: -8.7013269727
exp: -8.6015487498
exp: -8.5017962434
exp: -8.4020621697
exp: -8.3023585032
exp: -8.2026592861
exp: -8.1029933798
exp: -8.0033557025
exp: -7.9037418575
exp: -7.8041591625
exp: -7.7045936907
exp: -7.6050619312
exp: -7.5055337735
exp: -7.4061034331
exp: -7.3066974119
exp: -7.2072365916
exp: -7.1078823732
exp: -7.0085573720
exp: -6.9092456744
exp: -6.8100252535
exp: -6.7107595531
exp: -6.6116423933
exp: -6.5125366395
exp: -6.4134748916
exp: -6.3144952875
exp: -6.2155116800
exp: -6.1167000632
exp: -6.0178870094
exp: -5.9191371712
exp: -5.8204448792
exp: -5.7218623952
exp: -5.6232776858
exp: -5.5248467853
exp: -5.4263592256
exp: -5.3279865562
exp: -5.2296642440
exp: -5.1314680513
exp: -5.0333787044
exp: -4.9371782126
exp: -4.8422418181
exp: -4.7506436228
exp: -4.6620362503
exp: -4.5757633019
exp: -4.4896063879
exp: -4.4088105198
exp: -4.3337127016
exp: -4.2634985870
exp: -4.1910702510
exp: -4.1376944952
exp: -4.0946542774
exp: -4.0945856029
exp: -4.0564384144
exp: -4.0139993129
exp: -3.9752039758
exp: -3.9392730488
exp: -3.9061714632
exp: -3.8759452313
exp: -3.8485963635
exp: -3.8240443441
exp: -3.8022220920
exp: -3.7832110026
exp: -3.7667779184
exp: -3.7529116749
exp: -3.7415785905
exp: -3.7327020222
exp: -3.7262597683
exp: -3.7222070168
exp: -3.7204627297
exp: -3.7210108727
exp: -3.7238543078
exp: -3.7289269150
exp: -3.7362036232
exp: -3.7456289925
exp: -3.7572492368
exp: -3.7709957860
exp: -3.7869203244
exp: -3.8049352128
exp: -3.8250684282
exp: -3.8473153378
exp: -3.8716487909
exp: -3.8980634929
exp: -3.9265287216
exp: -3.9571316300
exp: -3.9897361501
exp: -4.0243584974
exp: -4.0609666410
exp: -4.0995226199
exp: -4.1399916279
Overlap: 0.9999855080
