exp: -9.9000051226
exp: -9.8000410265
exp: -9.7000966204
exp: -9.6001838358
exp: -9.5002909596
exp: -9.4004288947
exp: -9.3006031167
exp: -9.2008128570
exp: -9.1010487162
exp: -9.0013196037
exp: -8.9016180373
exp: -8.8019502175
exp: -8.7023177505
exp: -8.6027211644
exp: -8.5031534646
exp: -8.4036181234
exp: -8.3041317124
exp: -8.2046815767
exp: -8.1052771129
exp: -8.0059025441
exp: -7.9065841012
exp: -7.8073026202
exp: -7.7080340829
exp: -7.6088238283
exp: -7.5096785460
exp: -7.4105967837
exp: -7.3115368078
exp: -7.2125805020
exp: -7.1137108873
exp: -7.0148655859
exp: -6.9161378271
exp: -6.8174502101
exp: -6.7188364234
exp: -6.6202927898
exp: -6.5218261273
exp: -6.4234541257
exp: -6.3252442217
exp: -6.2270069751
exp: -6.1287825832
exp: -6.0307452086
exp: -5.9327541170
exp: -5.8348277883
exp: -5.7369816865
exp: -5.6392631129
exp: -5.5417112984
exp: -5.4441641460
exp: -5.3467422767
exp: -5.2494352206
exp: -5.1521834165
exp: -5.0551249088
exp: -4.9582120025
exp: -4.8615347576
exp: -4.7648791439
exp: -4.6684931853
exp: -4.5720992783
exp: -4.4760386873
exp: -4.3834745031
exp: -4.2918434765
exp: -4.2032048497
exp: -4.1216414519
exp: -4.0439223653
exp: -3.9710818128
exp: -3.9041619153
exp: -3.8385265681
exp: -3.7761665304
exp: -3.7170583640
exp: -3.6616546221
exp: -3.6093544439
exp: -3.5601002623
exp: -3.5154801445
exp: -3.4741728834
exp: -3.4360483363
exp: -3.4011949278
exp: -3.3694931847
exp: -3.3413683643
exp: -3.3164942172
exp: -3.2951125571
exp: -3.2770415300
exp: -3.2621255118
exp: -3.2502727826
exp: -3.2416115865
exp: -3.2358511379
exp: -3.2329713265
exp: -3.2329467240
exp: -3.2356525675
exp: -3.2409608534
exp: -3.2488647609
exp: -3.2591748986
exp: -3.2718561720
exp: -3.2868928828
exp: -3.3041566812
exp: -3.3235961179
exp: -3.3451422140
exp: -3.3687362104
exp: -3.3943144247
exp: -3.4218194519
exp: -3.4511948032
exp: -3.4823854192
exp: -3.5153369206
exp: -3.5499974402
Overlap: 0.0000000000
