exp: -9.9000139540
exp: -9.8000477951
exp: -9.7001083898
exp: -9.6002036410
exp: -9.5003542591
exp: -9.4005140591
exp: -9.3007028418
exp: -9.2009027352
exp: -9.1011537942
exp: -9.0014601100
exp: -8.9017706366
exp: -8.8021338778
exp: -8.7025661212
exp: -8.6031332066
exp: -8.5036954377
exp: -8.4043036122
exp: -8.3049908775
exp: -8.2057146668
exp: -8.1065141967
exp: -8.0075152756
exp: -7.9085558277
exp: -7.8096544371
exp: -7.7108422183
exp: -7.6120946917
exp: -7.5133799309
exp: -7.4148113633
exp: -7.3162704158
exp: -7.2177848382
exp: -7.1194161274
exp: -7.0211688673
exp: -6.9230846677
exp: -6.8250045859
exp: -6.7270297603
exp: -6.6291334364
exp: -6.5313330306
exp: -6.4336506278
exp: -6.3361023722
exp: -6.2386914769
exp: -6.1413413712
exp: -6.0441158606
exp: -5.9470300954
exp: -5.8500605424
exp: -5.7532392871
exp: -5.6566909591
exp: -5.5602213132
exp: -5.4637934186
exp: -5.3675573357
exp: -5.2714611385
exp: -5.1755551463
exp: -5.0797860121
exp: -4.9841882481
exp: -4.8888229235
exp: -4.7936610574
exp: -4.6987008861
exp: -4.6040275032
exp: -4.5105527676
exp: -4.4198054788
exp: -4.3303589580
exp: -4.2427622526
exp: -4.1588955019
exp: -4.0813631959
exp: -4.0130219715
exp: -3.9629860182
exp: -3.9145839134
exp: -3.8634736592
exp: -3.8139962360
exp: -3.7686965139
exp: -3.7272973043
exp: -3.6896347061
exp: -3.6555060657
exp: -3.6239757679
exp: -3.5966134893
exp: -3.5715928691
exp: -3.5495234837
exp: -3.5307962622
exp: -3.5139437501
exp: -3.4996477447
exp: -3.4881250789
exp: -3.4781935764
exp: -3.4710619889
exp: -3.4660463809
exp: -3.4630581309
exp: -3.4618129273
exp: -3.4629619090
exp: -3.4663066258
exp: -3.4712641486
exp: -3.4784331222
exp: -3.4873937933
exp: -3.4983033735
exp: -3.5111626253
exp: -3.5259798840
exp: -3.5427854385
exp: -3.5616333161
exp: -3.5827787867
exp: -3.6060049028
exp: -3.6316194365
exp: -3.6596772824
exp: -3.6902981568
exp: -3.7236154814
exp: -3.7596523626
Overlap: 0.0000000000
