exp: -9.9000103894
exp: -9.8000543087
exp: -9.7001204017
exp: -9.6002255235
exp: -9.5003535721
exp: -9.4005395541
exp: -9.3007606443
exp: -9.2009985802
exp: -9.1012887997
exp: -9.0016180262
exp: -8.9019715032
exp: -8.8023736318
exp: -8.7028085581
exp: -8.6032992433
exp: -8.5038247124
exp: -8.4044008050
exp: -8.3050317464
exp: -8.2056885832
exp: -8.1064020491
exp: -8.0071433988
exp: -7.9079793767
exp: -7.8088416214
exp: -7.7097622594
exp: -7.6107709726
exp: -7.5118491871
exp: -7.4129709432
exp: -7.3140661283
exp: -7.2152628886
exp: -7.1164531749
exp: -7.0178880196
exp: -6.9193386675
exp: -6.8209650770
exp: -6.7226060444
exp: -6.6244631361
exp: -6.5264344146
exp: -6.4285776473
exp: -6.3311554980
exp: -6.2337902466
exp: -6.1366547639
exp: -6.0397181658
exp: -5.9430630642
exp: -5.8465914702
exp: -5.7503271323
exp: -5.6542653457
exp: -5.5581046357
exp: -5.4619431233
exp: -5.3656787585
exp: -5.2694665189
exp: -5.1734033164
exp: -5.0774480513
exp: -4.9815697112
exp: -4.8858762924
exp: -4.7883126052
exp: -4.6947685522
exp: -4.6035168068
exp: -4.5142749667
exp: -4.4275306131
exp: -4.3431609320
exp: -4.2608060192
exp: -4.1793937134
exp: -4.1012249134
exp: -4.0240989588
exp: -3.9547527825
exp: -3.8915275117
exp: -3.8264862982
exp: -3.7706088832
exp: -3.7129040867
exp: -3.6629983529
exp: -3.6213101532
exp: -3.5786563977
exp: -3.5421232294
exp: -3.5091956305
exp: -3.4757128943
exp: -3.4447200965
exp: -3.4200050493
exp: -3.3999367453
exp: -3.3798312704
exp: -3.3628605136
exp: -3.3503629953
exp: -3.3360379613
exp: -3.3267330778
exp: -3.3187996866
exp: -3.3118592743
exp: -3.3081509445
exp: -3.3087536478
exp: -3.3111053713
exp: -3.3197142920
exp: -3.3319832591
exp: -3.3457001276
exp: -3.3598721436
exp: -3.3774844166
exp: -3.3964155088
exp: -3.4177026837
exp: -3.4413314264
exp: -3.4669516062
exp: -3.4946959382
exp: -3.5244681247
exp: -3.5560944472
exp: -3.5896248564
exp: -3.6249958109
Overlap: 0.0000000000
exp: -3.6249912956
Overlap: 0.0000000000
