exp: -9.8999368437
exp: -9.7999066786
exp: -9.7001223539
exp: -9.6002246680
exp: -9.5003526431
exp: -9.4005095609
exp: -9.3007069144
exp: -9.2009250920
exp: -9.1011776366
exp: -9.0014727602
exp: -8.9018005461
exp: -8.8021618734
exp: -8.7025617189
exp: -8.6029988829
exp: -8.5034780399
exp: -8.4040078312
exp: -8.3045787067
exp: -8.2051738625
exp: -8.1058233217
exp: -8.0065245436
exp: -7.9072694758
exp: -7.8080686681
exp: -7.7089162535
exp: -7.6098043872
exp: -7.5107388267
exp: -7.4117397370
exp: -7.3128299385
exp: -7.2139582679
exp: -7.1151824441
exp: -7.0164357826
exp: -6.9177659847
exp: -6.8191782466
exp: -6.7206602526
exp: -6.6222439787
exp: -6.5239741619
exp: -6.4257028928
exp: -6.3275806707
exp: -6.2295644191
exp: -6.1316408131
exp: -6.0339639756
exp: -5.9363788283
exp: -5.8389553756
exp: -5.7414019927
exp: -5.6440774976
exp: -5.5468380321
exp: -5.4494766224
exp: -5.3525024335
exp: -5.2556278597
exp: -5.1587949876
exp: -5.0621805189
exp: -4.9654707796
exp: -4.8693849607
exp: -4.7732402149
exp: -4.6775061809
exp: -4.5823954516
exp: -4.4881077947
exp: -4.3986081471
exp: -4.3140850695
exp: -4.2294407898
exp: -4.1453031672
exp: -4.0618203058
exp: -3.9799801751
exp: -3.9072520855
exp: -3.8352934925
exp: -3.7685697966
exp: -3.7146485260
exp: -3.6608080871
exp: -3.6041922271
exp: -3.5579944878
exp: -3.5103368030
exp: -3.4709362002
exp: -3.4271154303
exp: -3.3883312095
exp: -3.3602981894
exp: -3.3296021539
exp: -3.3011960194
exp: -3.2733564404
exp: -3.2512220997
exp: -3.2342154885
exp: -3.2184225873
exp: -3.2049270737
exp: -3.1923822644
exp: -3.1818190331
exp: -3.1761062839
exp: -3.1697238366
exp: -3.1686425983
exp: -3.1685990984
exp: -3.1708577325
exp: -3.1771788767
exp: -3.1808267933
exp: -3.1902557565
exp: -3.1996463012
exp: -3.2099114386
exp: -3.2212778759
exp: -3.2346724834
exp: -3.2477638579
exp: -3.2794858303
exp: -3.3040404604
exp: -3.3415925006
exp: -3.4009230235
Overlap: 0.0000000000
