exp: -9.8999412466
exp: -9.8000540722
exp: -9.7001193795
exp: -9.6002144584
exp: -9.5003353215
exp: -9.4004867931
exp: -9.3006674047
exp: -9.2008808175
exp: -9.1011241125
exp: -9.0013953813
exp: -8.9017091194
exp: -8.8020567074
exp: -8.7024381795
exp: -8.6028544141
exp: -8.5033174627
exp: -8.4037987982
exp: -8.3043483656
exp: -8.2049171168
exp: -8.1055206557
exp: -8.0061717415
exp: -7.9069045013
exp: -7.8076732974
exp: -7.7084728193
exp: -7.6093746849
exp: -7.5102279391
exp: -7.4112294849
exp: -7.3122715074
exp: -7.2133985301
exp: -7.1146552194
exp: -7.0159987008
exp: -6.9173356203
exp: -6.8189605505
exp: -6.7207147176
exp: -6.6226709360
exp: -6.5246866733
exp: -6.4272046315
exp: -6.3295004294
exp: -6.2321009947
exp: -6.1345840367
exp: -6.0371393211
exp: -5.9398311284
exp: -5.8424279491
exp: -5.7455785197
exp: -5.6486785377
exp: -5.5519917875
exp: -5.4554836377
exp: -5.3590247337
exp: -5.2629210640
exp: -5.1665976670
exp: -5.0704064754
exp: -4.9743143428
exp: -4.8784230224
exp: -4.7828408051
exp: -4.6872366205
exp: -4.5917996407
exp: -4.4970170956
exp: -4.4008838828
exp: -4.3081389682
exp: -4.2176014746
exp: -4.1296166419
exp: -4.0439417635
exp: -3.9616928385
exp: -3.8842912834
exp: -3.8122740326
exp: -3.7496507406
exp: -3.6854994742
exp: -3.6356360195
exp: -3.5919610339
exp: -3.5452545722
exp: -3.5009831142
exp: -3.4610750417
exp: -3.4209633314
exp: -3.3826870136
exp: -3.3412558184
exp: -3.3099724353
exp: -3.2820823101
exp: -3.2522581495
exp: -3.2281378053
exp: -3.2056924080
exp: -3.1915323947
exp: -3.1682657145
exp: -3.1545772285
exp: -3.1477994448
exp: -3.1377446000
exp: -3.1324497864
exp: -3.1272331039
exp: -3.1242010183
exp: -3.1257397836
exp: -3.1247746309
exp: -3.1291910653
exp: -3.1306497446
exp: -3.1394429731
exp: -3.1432462363
exp: -3.1561295621
exp: -3.1698146050
exp: -3.1860002591
exp: -3.2006130521
exp: -3.2198785619
exp: -3.2449065284
exp: -3.2714047906
Overlap: 0.0000000000
