exp: -9.9000088635
exp: -9.8000211139
exp: -9.7001019053
exp: -9.6001849410
exp: -9.5002930956
exp: -9.4004279312
exp: -9.3005880739
exp: -9.2007807649
exp: -9.1009941565
exp: -9.0012419533
exp: -8.9015237422
exp: -8.8018380710
exp: -8.7021892589
exp: -8.6025722340
exp: -8.5030022814
exp: -8.4034539043
exp: -8.3039440525
exp: -8.2044777384
exp: -8.1050584100
exp: -8.0056784380
exp: -7.9063559290
exp: -7.8070636289
exp: -7.7078419964
exp: -7.6086522891
exp: -7.5095495197
exp: -7.4104905408
exp: -7.3114989401
exp: -7.2125161902
exp: -7.1136551323
exp: -7.0149351418
exp: -6.9163450877
exp: -6.8179929667
exp: -6.7197997630
exp: -6.6218059261
exp: -6.5240938211
exp: -6.4261612402
exp: -6.3283344666
exp: -6.2306873743
exp: -6.1331469869
exp: -6.0357209305
exp: -5.9384498890
exp: -5.8412029217
exp: -5.7442167429
exp: -5.6474335736
exp: -5.5506133241
exp: -5.4539975292
exp: -5.3574640569
exp: -5.2610872284
exp: -5.1649642574
exp: -5.0691087943
exp: -4.9734067448
exp: -4.8787360279
exp: -4.7856973130
exp: -4.6965198176
exp: -4.6106802542
exp: -4.5280280437
exp: -4.4470479749
exp: -4.3685572285
exp: -4.2953400685
exp: -4.2334103233
exp: -4.1682493788
exp: -4.1406032913
exp: -4.0978122305
exp: -4.0547361941
exp: -4.0077460522
exp: -3.9651970959
exp: -3.9245561898
exp: -3.8865860399
exp: -3.8513868847
exp: -3.8197157670
exp: -3.7955498871
exp: -3.7708100504
exp: -3.7739925303
exp: -3.8125340133
exp: -3.7985872532
exp: -3.7855386871
exp: -3.7745967285
exp: -3.7656082081
exp: -3.7586812037
exp: -3.7536635884
exp: -3.7505129637
exp: -3.7491688602
exp: -3.7498539138
exp: -3.7522539682
exp: -3.7563214482
exp: -3.7622970801
exp: -3.7700702655
exp: -3.7793656068
exp: -3.7906116031
exp: -3.8037662511
exp: -3.8182169107
exp: -3.8344411771
exp: -3.8529087657
exp: -3.8725062600
exp: -3.8942639731
exp: -3.9177945716
exp: -3.9411908605
exp: -3.9671086679
exp: -4.0109495529
exp: -4.0483617689
Overlap: 0.0000000000
