exp: -10.8899751514
exp: -10.7800758635
exp: -10.6701623880
exp: -10.5603020091
exp: -10.4504695285
exp: -10.3406984001
exp: -10.2309559517
exp: -10.1212592902
exp: -10.0116138042
exp: -9.9020314219
exp: -9.7924911695
exp: -9.6829962997
exp: -9.5735451131
exp: -9.4641728384
exp: -9.3548528124
exp: -9.2456038388
exp: -9.1364246323
exp: -9.0272636676
exp: -8.9181965551
exp: -8.8092212681
exp: -8.7003373714
exp: -8.5914809773
exp: -8.4827315920
exp: -8.3740348282
exp: -8.2655092491
exp: -8.1571118344
exp: -8.0488624620
exp: -7.9406623338
exp: -7.8326308802
exp: -7.7247569285
exp: -7.6171269684
exp: -7.5095502018
exp: -7.4023249708
exp: -7.2953265508
exp: -7.1883950869
exp: -7.0816547982
exp: -6.9749179309
exp: -6.8683110032
exp: -6.7618092670
exp: -6.6553333381
exp: -6.5488561266
exp: -6.4424130006
exp: -6.3361238939
exp: -6.2299080777
exp: -6.1238328945
exp: -6.0178826265
exp: -5.9122084911
exp: -5.8065793682
exp: -5.7011086910
exp: -5.5957796607
exp: -5.4906794596
exp: -5.3857479913
exp: -5.2809742043
exp: -5.1766868842
exp: -5.0749059398
exp: -4.9753739142
exp: -4.8783529097
exp: -4.7822800209
exp: -4.6893191487
exp: -4.5986444530
exp: -4.5093389917
exp: -4.4231542201
exp: -4.3399122738
exp: -4.2660907113
exp: -4.1982809564
exp: -4.1511918609
exp: -4.1109409962
exp: -4.0754151708
exp: -4.0256424488
exp: -3.9963163291
exp: -3.9618257525
exp: -3.9282653434
exp: -3.8916773348
exp: -3.8569380094
exp: -3.8250292176
exp: -3.7955094475
exp: -3.7689978332
exp: -3.7461387747
exp: -3.7253898799
exp: -3.7067175961
exp: -3.6910637210
exp: -3.6781420455
exp: -3.6668038795
exp: -3.6577563959
exp: -3.6511119090
exp: -3.6464027423
exp: -3.6425226469
exp: -3.6408751036
exp: -3.6407807635
exp: -3.6429100499
exp: -3.6473875075
exp: -3.6546410871
exp: -3.6643520764
exp: -3.6758492855
exp: -3.6914174013
exp: -3.7092013672
exp: -3.7285957371
exp: -3.7507740532
exp: -3.7753832031
exp: -3.8062810280
Overlap: 0.0000000000
