exp: -10.8900029506
exp: -10.7800304854
exp: -10.6700937099
exp: -10.5601788089
exp: -10.4502818391
exp: -10.3404012768
exp: -10.2305601264
exp: -10.1207246825
exp: -10.0109180610
exp: -9.9011278593
exp: -9.7913656850
exp: -9.6816158793
exp: -9.5718914755
exp: -9.4621884718
exp: -9.3525179420
exp: -9.2428479395
exp: -9.1332277016
exp: -9.0236431749
exp: -8.9140686991
exp: -8.8044948165
exp: -8.6949826489
exp: -8.5855094147
exp: -8.4760462209
exp: -8.3666038060
exp: -8.2572044983
exp: -8.1478198059
exp: -8.0385273232
exp: -7.9292670050
exp: -7.8199980127
exp: -7.7107847589
exp: -7.6015890842
exp: -7.4924455618
exp: -7.3834077508
exp: -7.2743002435
exp: -7.1652918555
exp: -7.0563626996
exp: -6.9475235330
exp: -6.8386644505
exp: -6.7298674551
exp: -6.6213098489
exp: -6.5127511053
exp: -6.4041969464
exp: -6.2958624800
exp: -6.1874445335
exp: -6.0793038081
exp: -5.9712001983
exp: -5.8633501547
exp: -5.7556630530
exp: -5.6479549512
exp: -5.5407270930
exp: -5.4359043906
exp: -5.3339471091
exp: -5.2310973117
exp: -5.1486695717
exp: -5.0541139642
exp: -4.9601971099
exp: -4.8698604275
exp: -4.7834334188
exp: -4.7041452070
exp: -4.6275945248
exp: -4.5565955613
exp: -4.4932001791
exp: -4.4361829016
exp: -4.3750031928
exp: -4.3312343220
exp: -4.2906183086
exp: -4.2435074247
exp: -4.2065495163
exp: -4.1704206537
exp: -4.1397355140
exp: -4.1091807815
exp: -4.0990540958
exp: -4.1006035119
exp: -4.0888300416
exp: -4.0872239593
exp: -4.0968190393
exp: -4.1045057375
exp: -4.1309022522
exp: -4.1504583369
exp: -4.1560268502
exp: -4.1621427405
exp: -4.1689495415
exp: -4.1781865802
exp: -4.1897476876
exp: -4.2036144576
exp: -4.2198158629
exp: -4.2385159030
exp: -4.2592796087
exp: -4.2822199426
exp: -4.3074990908
exp: -4.3349243146
exp: -4.3644216316
exp: -4.3960296847
exp: -4.4296978441
exp: -4.4649980723
exp: -4.5030278586
exp: -4.5431655085
exp: -4.5851658683
exp: -4.6290660181
exp: -4.6748208037
Overlap: 0.0000000000
