exp: -10.8900144629
exp: -10.7800559453
exp: -10.6701268433
exp: -10.5602097626
exp: -10.4503470964
exp: -10.3405064708
exp: -10.2307092516
exp: -10.1209701565
exp: -10.0112135154
exp: -9.9015053154
exp: -9.7918272192
exp: -9.6821690523
exp: -9.5725738850
exp: -9.4630030662
exp: -9.3534885956
exp: -9.2439591748
exp: -9.1345212225
exp: -9.0250848891
exp: -8.9157479570
exp: -8.8063513821
exp: -8.6970812836
exp: -8.5878230776
exp: -8.4785761292
exp: -8.3695735663
exp: -8.2604694076
exp: -8.1514098919
exp: -8.0424096309
exp: -7.9335379677
exp: -7.8246884845
exp: -7.7159129658
exp: -7.6071496999
exp: -7.4984086326
exp: -7.3899532238
exp: -7.2817199655
exp: -7.1733678104
exp: -7.0651217053
exp: -6.9572822592
exp: -6.8490747429
exp: -6.7410587719
exp: -6.6331493460
exp: -6.5250880174
exp: -6.4175311971
exp: -6.3099412567
exp: -6.2023886480
exp: -6.0952696990
exp: -5.9881269923
exp: -5.8814058859
exp: -5.7744763119
exp: -5.6684316591
exp: -5.5622055666
exp: -5.4601507921
exp: -5.3580123440
exp: -5.2570226130
exp: -5.1588758199
exp: -5.0632475169
exp: -4.9701072379
exp: -4.8807689786
exp: -4.7933476644
exp: -4.7140054560
exp: -4.6429338753
exp: -4.5821251534
exp: -4.5144287221
exp: -4.4482699430
exp: -4.3845310261
exp: -4.3285968401
exp: -4.2784601273
exp: -4.2277259392
exp: -4.1783213714
exp: -4.1306757363
exp: -4.0847650268
exp: -4.0399935745
exp: -3.9969133582
exp: -3.9453608678
exp: -3.8983518575
exp: -3.8530303364
exp: -3.8265124514
exp: -3.8059859733
exp: -3.7890253747
exp: -3.7760838007
exp: -3.7589916496
exp: -3.7437156720
exp: -3.7335036882
exp: -3.7257363581
exp: -3.7206846504
exp: -3.7195588965
exp: -3.7205682083
exp: -3.7255099804
exp: -3.7357911607
exp: -3.7506414961
exp: -3.7668896906
exp: -3.7859434854
exp: -3.8073914320
exp: -3.8315096646
exp: -3.8581564191
exp: -3.8871756717
exp: -3.9184951012
exp: -3.9520056240
exp: -3.9876387461
exp: -4.0253246203
exp: -4.0649999631
Overlap: 0.0000000000
exp: -4.0649999681
Overlap: 0.0000000000
