exp: -10.8899983764
exp: -10.7800291120
exp: -10.6700779690
exp: -10.5601441570
exp: -10.4502231993
exp: -10.3403346363
exp: -10.2304553715
exp: -10.1205989360
exp: -10.0107623872
exp: -9.9009545072
exp: -9.7911728444
exp: -9.6814230861
exp: -9.5716843083
exp: -9.4619658398
exp: -9.3522942055
exp: -9.2426497855
exp: -9.1330305514
exp: -9.0234434170
exp: -8.9138819042
exp: -8.8044077769
exp: -8.6949272731
exp: -8.5855198403
exp: -8.4761237671
exp: -8.3668307078
exp: -8.2575762700
exp: -8.1484178313
exp: -8.0392232798
exp: -7.9300513332
exp: -7.8210244915
exp: -7.7120867158
exp: -7.6033279038
exp: -7.4945287888
exp: -7.3858839565
exp: -7.2772819223
exp: -7.1689100256
exp: -7.0605217170
exp: -6.9521765077
exp: -6.8440521838
exp: -6.7358821237
exp: -6.6277620845
exp: -6.5197410887
exp: -6.4119723069
exp: -6.3040949740
exp: -6.1962557512
exp: -6.0885140773
exp: -5.9809238991
exp: -5.8733752658
exp: -5.7659355371
exp: -5.6586415262
exp: -5.5513270241
exp: -5.4439358876
exp: -5.3371051425
exp: -5.2302305187
exp: -5.1236683473
exp: -5.0136003921
exp: -4.9088172818
exp: -4.8114399286
exp: -4.7141811501
exp: -4.6188140797
exp: -4.5272819030
exp: -4.4416646477
exp: -4.3582971292
exp: -4.2748065680
exp: -4.2189574099
exp: -4.1593276438
exp: -4.1136332263
exp: -4.0774387663
exp: -4.0558703273
exp: -4.0381054123
exp: -4.0031774411
exp: -3.9672663517
exp: -3.9346033670
exp: -3.9050204948
exp: -3.8783557748
exp: -3.8544486101
exp: -3.8329266189
exp: -3.8145105060
exp: -3.7985538753
exp: -3.7849117023
exp: -3.7734415142
exp: -3.7645730434
exp: -3.7574503805
exp: -3.7524199617
exp: -3.7490345983
exp: -3.7476840548
exp: -3.7482489879
exp: -3.7492146100
exp: -3.7545322719
exp: -3.7580613909
exp: -3.7655056403
exp: -3.7893751273
exp: -3.8063062030
exp: -3.8242745080
exp: -3.8423924322
exp: -3.8622283363
exp: -3.8847899799
exp: -3.9091085488
exp: -3.9351635158
exp: -3.9640830934
exp: -3.9719470509
Overlap: 0.0000000000
