exp: -10.8900079963
exp: -10.7800336087
exp: -10.6700731615
exp: -10.5601262031
exp: -10.4501942895
exp: -10.3402741747
exp: -10.2303789314
exp: -10.1205001641
exp: -10.0106459734
exp: -9.9008189437
exp: -9.7910073022
exp: -9.6812297339
exp: -9.5714747816
exp: -9.4617449833
exp: -9.3520228374
exp: -9.2423393917
exp: -9.1326855166
exp: -9.0230649017
exp: -8.9134679421
exp: -8.8039016506
exp: -8.6943440687
exp: -8.5848474658
exp: -8.4753605846
exp: -8.3659051622
exp: -8.2564870746
exp: -8.1471072670
exp: -8.0377277337
exp: -7.9284316422
exp: -7.8191563214
exp: -7.7099360861
exp: -7.6006971212
exp: -7.4915570544
exp: -7.3824987020
exp: -7.2734160377
exp: -7.1643949504
exp: -7.0554407549
exp: -6.9466119355
exp: -6.8378788451
exp: -6.7290696434
exp: -6.6203614648
exp: -6.5117897166
exp: -6.4032373173
exp: -6.2947952755
exp: -6.1865797118
exp: -6.0783399945
exp: -5.9702273317
exp: -5.8622692669
exp: -5.7543741231
exp: -5.6464105703
exp: -5.5385210398
exp: -5.4307570205
exp: -5.3229922091
exp: -5.2153581141
exp: -5.1096372169
exp: -4.9991232248
exp: -4.8945313596
exp: -4.7937621366
exp: -4.6928007517
exp: -4.5955141882
exp: -4.5017940844
exp: -4.4136489392
exp: -4.3296898483
exp: -4.2164319461
exp: -4.1189830867
exp: -3.9929599995
exp: -3.9036949248
exp: -3.8251893879
exp: -3.7468362987
exp: -3.6740251359
exp: -3.6047555486
exp: -3.5401395452
exp: -3.4785512834
exp: -3.4224493380
exp: -3.3697502211
exp: -3.3199138982
exp: -3.2740218830
exp: -3.2298882738
exp: -3.1888909995
exp: -3.1523496238
exp: -3.1182215499
exp: -3.0864260656
exp: -3.0573895039
exp: -3.0313905114
exp: -3.0083200551
exp: -2.9884623453
exp: -2.9718314359
exp: -2.9584380713
exp: -2.9482815865
exp: -2.9412227207
exp: -2.9372857240
exp: -2.9364884184
exp: -2.9388316606
exp: -2.9443045404
exp: -2.9529509731
exp: -2.9647756975
exp: -2.9799821035
exp: -2.9983333223
exp: -3.0203915266
exp: -3.0458552847
exp: -3.0748565466
Overlap: 0.0000000000
