exp: -10.8899777447
exp: -10.7800486125
exp: -10.6701130528
exp: -10.5601944662
exp: -10.4503101512
exp: -10.3404462687
exp: -10.2306146024
exp: -10.1208111466
exp: -10.0110303002
exp: -9.9012984239
exp: -9.7915852075
exp: -9.6819101623
exp: -9.5722586079
exp: -9.4626610070
exp: -9.3530743857
exp: -9.2435293187
exp: -9.1340223821
exp: -9.0245678519
exp: -8.9151556350
exp: -8.8057712404
exp: -8.6964419600
exp: -8.5871709415
exp: -8.4779510691
exp: -8.3687898057
exp: -8.2596844910
exp: -8.1506669124
exp: -8.0418622903
exp: -7.9330366495
exp: -7.8242944982
exp: -7.7157310583
exp: -7.6072839733
exp: -7.4990649742
exp: -7.3912415625
exp: -7.2834130975
exp: -7.1758134791
exp: -7.0681467306
exp: -6.9603749215
exp: -6.8525465084
exp: -6.7449815071
exp: -6.6374270022
exp: -6.5297622351
exp: -6.4223051100
exp: -6.3149760237
exp: -6.2077987153
exp: -6.1007364475
exp: -5.9938748456
exp: -5.8870529734
exp: -5.7803455296
exp: -5.6736072760
exp: -5.5672380228
exp: -5.4607263230
exp: -5.3556558399
exp: -5.2524677082
exp: -5.1516103997
exp: -5.0534911290
exp: -4.9579201214
exp: -4.8644935669
exp: -4.7742965443
exp: -4.6875397944
exp: -4.6031797757
exp: -4.5254993639
exp: -4.4594293847
exp: -4.3930609951
exp: -4.3536464478
exp: -4.2939652818
exp: -4.2376402440
exp: -4.1818191174
exp: -4.1227254178
exp: -4.0689927437
exp: -4.0172896695
exp: -3.9636515769
exp: -3.9139355562
exp: -3.8727393746
exp: -3.8351683390
exp: -3.7997594340
exp: -3.7675372614
exp: -3.7389752818
exp: -3.7135585779
exp: -3.6896034185
exp: -3.6686211777
exp: -3.6498971997
exp: -3.6338038887
exp: -3.6196393676
exp: -3.6078193600
exp: -3.5991048801
exp: -3.5947362477
exp: -3.5946383105
exp: -3.6102293316
exp: -3.6165070886
exp: -3.6250021984
exp: -3.6357219013
exp: -3.6482469759
exp: -3.6629949670
exp: -3.6800856991
exp: -3.6993610871
exp: -3.7209486338
exp: -3.7450316481
exp: -3.7740538317
exp: -3.8087288267
exp: -3.8441576688
Overlap: 0.0000000000
