exp: -10.8900071775
exp: -10.7800251972
exp: -10.6700588659
exp: -10.5601072419
exp: -10.4501728836
exp: -10.3402563774
exp: -10.2303577449
exp: -10.1204796110
exp: -10.0106252007
exp: -9.9007845454
exp: -9.7909554634
exp: -9.6811601104
exp: -9.5713998175
exp: -9.4617227099
exp: -9.3520204820
exp: -9.2423368212
exp: -9.1326793178
exp: -9.0230041870
exp: -8.9133521741
exp: -8.8037346963
exp: -8.6940566647
exp: -8.5844419562
exp: -8.4748881413
exp: -8.3653475957
exp: -8.2558324699
exp: -8.1465042040
exp: -8.0370654506
exp: -7.9276805927
exp: -7.8182920711
exp: -7.7091552970
exp: -7.5999338188
exp: -7.4908030320
exp: -7.3816185420
exp: -7.2726578590
exp: -7.1635390699
exp: -7.0546228671
exp: -6.9457250306
exp: -6.8370492736
exp: -6.7283803910
exp: -6.6203116563
exp: -6.5116944734
exp: -6.4040612537
exp: -6.2959770316
exp: -6.1876530664
exp: -6.0795521148
exp: -5.9714002785
exp: -5.8634138074
exp: -5.7552927874
exp: -5.6481314911
exp: -5.5408748919
exp: -5.4343731595
exp: -5.3273768730
exp: -5.2199317194
exp: -5.1160910281
exp: -5.0139606762
exp: -4.9139479759
exp: -4.8169259031
exp: -4.7224941373
exp: -4.6312445017
exp: -4.5447091196
exp: -4.4618804428
exp: -4.3863513727
exp: -4.3142308283
exp: -4.2428190548
exp: -4.1737346022
exp: -4.1114392464
exp: -4.0584501413
exp: -4.0227409850
exp: -4.0029820875
exp: -3.9667943630
exp: -3.9376369501
exp: -3.9034060954
exp: -3.8698716970
exp: -3.8392476109
exp: -3.8144547458
exp: -3.7860681768
exp: -3.7624172636
exp: -3.7361017452
exp: -3.7163046347
exp: -3.6977479394
exp: -3.6822825167
exp: -3.6687895148
exp: -3.6566456984
exp: -3.6502010648
exp: -3.6410191413
exp: -3.6324466758
exp: -3.6276706493
exp: -3.6277436035
exp: -3.6128906360
exp: -3.6287101809
exp: -3.6289900752
exp: -3.6687586052
exp: -3.6838277460
exp: -3.7045357339
exp: -3.7251543818
exp: -3.7756164830
exp: -3.8026479797
exp: -3.8306835909
exp: -3.8622096975
exp: -3.8965328925
Overlap: 0.0000000000
exp: -3.8965080908
Overlap: 0.0000000000
