exp: -10.8900093849
exp: -10.7800398698
exp: -10.6700871731
exp: -10.5601560141
exp: -10.4502422332
exp: -10.3403504086
exp: -10.2304781505
exp: -10.1206654160
exp: -10.0108150414
exp: -9.9009830506
exp: -9.7911988168
exp: -9.6811393457
exp: -9.5722261612
exp: -9.4626869380
exp: -9.3531928376
exp: -9.2437357345
exp: -9.1343056702
exp: -9.0249750367
exp: -8.9156971937
exp: -8.8064443572
exp: -8.6972457700
exp: -8.5881114937
exp: -8.4789951544
exp: -8.3699616232
exp: -8.2609987185
exp: -8.1521078986
exp: -8.0432793599
exp: -7.9345261603
exp: -7.8258456815
exp: -7.7172249238
exp: -7.6086433888
exp: -7.5001474694
exp: -7.3917485586
exp: -7.2835098546
exp: -7.1753663676
exp: -7.0672921694
exp: -6.9591958278
exp: -6.8513154046
exp: -6.7434992037
exp: -6.6358861211
exp: -6.5283398002
exp: -6.4209300426
exp: -6.3137459466
exp: -6.2066025355
exp: -6.0996916888
exp: -5.9928779053
exp: -5.8861990902
exp: -5.7797668154
exp: -5.6732956138
exp: -5.5670212137
exp: -5.4592714756
exp: -5.3464900485
exp: -5.2436462332
exp: -5.1390994414
exp: -5.0519045313
exp: -4.9618453481
exp: -4.8735376079
exp: -4.7878768733
exp: -4.6989079979
exp: -4.6142577231
exp: -4.5309938723
exp: -4.4529426418
exp: -4.3804977232
exp: -4.3121742122
exp: -4.2462168156
exp: -4.1828323096
exp: -4.1224075208
exp: -4.0702981013
exp: -4.0186658428
exp: -3.9709780345
exp: -3.9256098161
exp: -3.8804269734
exp: -3.8389837621
exp: -3.8027794648
exp: -3.7657050477
exp: -3.7346177074
exp: -3.7066405527
exp: -3.6804801774
exp: -3.6637994769
exp: -3.6443841609
exp: -3.6308091389
exp: -3.6185491973
exp: -3.6077657686
exp: -3.5943134965
exp: -3.5857542304
exp: -3.5800461592
exp: -3.5777277734
exp: -3.5769470647
exp: -3.5785297449
exp: -3.5812376337
exp: -3.5867534772
exp: -3.5950550537
exp: -3.6062675703
exp: -3.6186684504
exp: -3.6332073262
exp: -3.6505837374
exp: -3.6704344204
exp: -3.6899659374
exp: -3.7168382120
exp: -3.7403265808
Overlap: 0.0000000000
