exp: -10.8900087943
exp: -10.7800298413
exp: -10.6700664528
exp: -10.5601201591
exp: -10.4502078362
exp: -10.3403040887
exp: -10.2303926924
exp: -10.1205205047
exp: -10.0106725673
exp: -9.9008349256
exp: -9.7910301481
exp: -9.6812423441
exp: -9.5714832023
exp: -9.4617390345
exp: -9.3520260420
exp: -9.2423392372
exp: -9.1326734010
exp: -9.0230337717
exp: -8.9134351982
exp: -8.8038532271
exp: -8.6943051716
exp: -8.5847763621
exp: -8.4752793515
exp: -8.3658330764
exp: -8.2563957307
exp: -8.1470274186
exp: -8.0376953968
exp: -7.9283833779
exp: -7.8191164873
exp: -7.7098875820
exp: -7.6006659981
exp: -7.4915113214
exp: -7.3823542281
exp: -7.2733483048
exp: -7.1644102969
exp: -7.0555357859
exp: -6.9465753705
exp: -6.8377512870
exp: -6.7290587494
exp: -6.6203053632
exp: -6.5117361898
exp: -6.4032290224
exp: -6.2949587975
exp: -6.1868897414
exp: -6.0791167404
exp: -5.9720645951
exp: -5.8650701965
exp: -5.7587014822
exp: -5.6539431841
exp: -5.5495058942
exp: -5.4445503034
exp: -5.3394787931
exp: -5.2353054841
exp: -5.1325268814
exp: -5.0304810110
exp: -4.9300367457
exp: -4.8322290720
exp: -4.7371035364
exp: -4.6469310182
exp: -4.5552073207
exp: -4.4736899763
exp: -4.3991462554
exp: -4.3221860013
exp: -4.2535898279
exp: -4.1837880999
exp: -4.1196060401
exp: -4.0542836018
exp: -3.9907127341
exp: -3.9202759161
exp: -3.8584110416
exp: -3.8037421789
exp: -3.7423056498
exp: -3.6797781095
exp: -3.6173557307
exp: -3.5710470739
exp: -3.5381176534
exp: -3.5018593247
exp: -3.4625549705
exp: -3.4339434959
exp: -3.4322015603
exp: -3.4323306043
exp: -3.4351553338
exp: -3.4340268508
exp: -3.4467361138
exp: -3.4644683816
exp: -3.5111844663
exp: -3.5374216503
exp: -3.5835935362
exp: -3.6207670746
exp: -3.6337459679
exp: -3.6416506940
exp: -3.6555997698
exp: -3.6796304450
exp: -3.7028365951
exp: -3.7286309940
exp: -3.7548972259
exp: -3.7850455990
exp: -3.8173022190
exp: -3.8523134217
exp: -3.8899631803
Overlap: 0.0000000000
