exp: -10.8900167237
exp: -10.7800675830
exp: -10.6701469699
exp: -10.5602594148
exp: -10.4504024261
exp: -10.3405776531
exp: -10.2308064304
exp: -10.1210574628
exp: -10.0113422202
exp: -9.9016607098
exp: -9.7920322130
exp: -9.6824463372
exp: -9.5729111788
exp: -9.4633991019
exp: -9.3539564142
exp: -9.2445674505
exp: -9.1352472979
exp: -9.0259958698
exp: -8.9167968315
exp: -8.8076468192
exp: -8.6986009397
exp: -8.5897306869
exp: -8.4808683509
exp: -8.3721187199
exp: -8.2634565330
exp: -8.1548648437
exp: -8.0463578636
exp: -7.9380329615
exp: -7.8298341464
exp: -7.7217020802
exp: -7.6136231993
exp: -7.5056121512
exp: -7.3975850406
exp: -7.2896763177
exp: -7.1818132479
exp: -7.0740391621
exp: -6.9663806771
exp: -6.8587627441
exp: -6.7512331086
exp: -6.6437779299
exp: -6.5364654578
exp: -6.4292932359
exp: -6.3221604928
exp: -6.2153033788
exp: -6.1084097557
exp: -6.0017866434
exp: -5.8952260650
exp: -5.7888803356
exp: -5.6829301303
exp: -5.5770271230
exp: -5.4726773476
exp: -5.3714103681
exp: -5.2725720895
exp: -5.1774105790
exp: -5.0847344022
exp: -4.9946276139
exp: -4.9086698211
exp: -4.8255747517
exp: -4.7435467145
exp: -4.6637150934
exp: -4.5891864536
exp: -4.5183850773
exp: -4.4473198145
exp: -4.3940230985
exp: -4.3347732882
exp: -4.2919499960
exp: -4.2615529418
exp: -4.2724394172
exp: -4.3752331418
exp: -4.4203808283
exp: -4.4075309086
exp: -4.3939991061
exp: -4.3834009562
exp: -4.3756878079
exp: -4.3707409024
exp: -4.3684848303
exp: -4.3687565817
exp: -4.3716880033
exp: -4.3770392260
exp: -4.3849597606
exp: -4.3952380817
exp: -4.4078714162
exp: -4.4226729709
exp: -4.4398309035
exp: -4.4592486213
exp: -4.4807820073
exp: -4.5043773068
exp: -4.5302285836
exp: -4.5580316768
exp: -4.5878472853
exp: -4.6199100744
exp: -4.6538412318
exp: -4.6898485758
exp: -4.7277342659
exp: -4.7675747864
exp: -4.8092774601
exp: -4.8530248994
exp: -4.8985432429
exp: -4.9458808135
exp: -4.9949623666
Overlap: 0.0000000000
