exp: -10.8900070610
exp: -10.7800456213
exp: -10.6701028217
exp: -10.5601772733
exp: -10.4502493485
exp: -10.3404373717
exp: -10.2306093078
exp: -10.1207947548
exp: -10.0110216125
exp: -9.9012671002
exp: -9.7915402310
exp: -9.6818526637
exp: -9.5722304250
exp: -9.4626092935
exp: -9.3529656881
exp: -9.2434164076
exp: -9.1339008902
exp: -9.0244170815
exp: -8.9150056401
exp: -8.8056336087
exp: -8.6962218980
exp: -8.5869266247
exp: -8.4775918376
exp: -8.3684450113
exp: -8.2592111532
exp: -8.1501225809
exp: -8.0410232176
exp: -7.9321089073
exp: -7.8230717612
exp: -7.7142149303
exp: -7.6053921730
exp: -7.4967572320
exp: -7.3881086841
exp: -7.2795726461
exp: -7.1709697539
exp: -7.0626851927
exp: -6.9545079706
exp: -6.8464774227
exp: -6.7383582986
exp: -6.6305142309
exp: -6.5226136247
exp: -6.4149929555
exp: -6.3075568040
exp: -6.2004466010
exp: -6.0933444257
exp: -5.9863626216
exp: -5.8795041032
exp: -5.7731178085
exp: -5.6667629924
exp: -5.5605884219
exp: -5.4549734627
exp: -5.3497306101
exp: -5.2445949145
exp: -5.1393546512
exp: -5.0346461409
exp: -4.9304959228
exp: -4.8271394743
exp: -4.7263570341
exp: -4.6335946081
exp: -4.5419451706
exp: -4.4557869677
exp: -4.3725361135
exp: -4.2923789671
exp: -4.2202816842
exp: -4.1518122521
exp: -4.0934497805
exp: -4.0407632088
exp: -3.9904359754
exp: -3.9421055346
exp: -3.8973214824
exp: -3.8529299156
exp: -3.8203703991
exp: -3.7865472283
exp: -3.7582969488
exp: -3.7459394510
exp: -3.7159444817
exp: -3.7060530835
exp: -3.6983487750
exp: -3.7092159274
exp: -3.7188328095
exp: -3.7268249192
exp: -3.7285342881
exp: -3.7282564963
exp: -3.7301653889
exp: -3.7343493286
exp: -3.7407895151
exp: -3.7495148317
exp: -3.7604223663
exp: -3.7734858018
exp: -3.7885816828
exp: -3.8059091735
exp: -3.8255757380
exp: -3.8473395847
exp: -3.8718364922
exp: -3.8988308697
exp: -3.9278577691
exp: -3.9594862461
exp: -3.9934146199
exp: -4.0301939930
exp: -4.0691374553
Overlap: 0.0000000009
exp: -4.0693941447
Overlap: 0.0000000025
