exp: -10.8900230365
exp: -10.7800923176
exp: -10.6701978620
exp: -10.5603478281
exp: -10.4505314647
exp: -10.3407853860
exp: -10.2310938387
exp: -10.1214505886
exp: -10.0118557621
exp: -9.9023376079
exp: -9.7928525317
exp: -9.6835637492
exp: -9.5742012430
exp: -9.4649066833
exp: -9.3556660763
exp: -9.2465073948
exp: -9.1374168611
exp: -9.0284834293
exp: -8.9195708118
exp: -8.8108291423
exp: -8.7022647750
exp: -8.5938499947
exp: -8.4855494040
exp: -8.3772813809
exp: -8.2693248836
exp: -8.1616184774
exp: -8.0540968937
exp: -7.9466974724
exp: -7.8394065347
exp: -7.7321015614
exp: -7.6250696232
exp: -7.5178536316
exp: -7.4108435921
exp: -7.3040300492
exp: -7.1973748211
exp: -7.0907698273
exp: -6.9843769947
exp: -6.8782071833
exp: -6.7719487211
exp: -6.6661381120
exp: -6.5604202523
exp: -6.4546781516
exp: -6.3491581085
exp: -6.2441044280
exp: -6.1394192402
exp: -6.0348380309
exp: -5.9304993973
exp: -5.8262300943
exp: -5.7224245279
exp: -5.6189171191
exp: -5.5158394639
exp: -5.4127633091
exp: -5.3102438604
exp: -5.2072529513
exp: -5.1104784977
exp: -5.0150869422
exp: -4.9213228964
exp: -4.8296356157
exp: -4.7409716027
exp: -4.6539013393
exp: -4.5717270537
exp: -4.4955584007
exp: -4.4290668863
exp: -4.3745233637
exp: -4.3241799348
exp: -4.2714461799
exp: -4.2220846746
exp: -4.1760746476
exp: -4.1352583619
exp: -4.1005719620
exp: -4.0705037520
exp: -4.0432433840
exp: -4.0206777533
exp: -4.0005475763
exp: -3.9839975349
exp: -3.9714079786
exp: -3.9622228999
exp: -3.9563494493
exp: -3.9535401821
exp: -3.9539864522
exp: -3.9574218718
exp: -3.9638201237
exp: -3.9728753232
exp: -3.9846665014
exp: -3.9990509278
exp: -4.0159247251
exp: -4.0351972438
exp: -4.0567809841
exp: -4.0806002632
exp: -4.1065712045
exp: -4.1346283774
exp: -4.1646941169
exp: -4.1966973960
exp: -4.2305765435
exp: -4.2662698473
exp: -4.3037192174
exp: -4.3428687826
exp: -4.3836653359
exp: -4.4260585452
exp: -4.4699999599
Overlap: 0.0000000000
