exp: -10.8897973879
exp: -10.7800475406
exp: -10.6701090478
exp: -10.5601973507
exp: -10.4503090291
exp: -10.3404479220
exp: -10.2306181356
exp: -10.1208135628
exp: -10.0110423379
exp: -9.9013057030
exp: -9.7916099896
exp: -9.6819577315
exp: -9.5723353139
exp: -9.4627623155
exp: -9.3532138849
exp: -9.2436926526
exp: -9.1342113083
exp: -9.0247851754
exp: -8.9154131331
exp: -8.8060507904
exp: -8.6967322729
exp: -8.5874385561
exp: -8.4782263537
exp: -8.3690670086
exp: -8.2599167643
exp: -8.1508511937
exp: -8.0418222068
exp: -7.9328577972
exp: -7.8239152953
exp: -7.7150395088
exp: -7.6062192202
exp: -7.4974605913
exp: -7.3887897660
exp: -7.2801507576
exp: -7.1715793789
exp: -7.0630577293
exp: -6.9546427141
exp: -6.8462659619
exp: -6.7379999310
exp: -6.6297906561
exp: -6.5216910580
exp: -6.4136851645
exp: -6.3057351041
exp: -6.1978946492
exp: -6.0901129998
exp: -5.9824245015
exp: -5.8749678109
exp: -5.7676957186
exp: -5.6604103910
exp: -5.5532578820
exp: -5.4463078306
exp: -5.3393888596
exp: -5.2328221234
exp: -5.1263614622
exp: -5.0202112473
exp: -4.9128629089
exp: -4.8074191817
exp: -4.7059560416
exp: -4.6063585594
exp: -4.5091124727
exp: -4.4121023367
exp: -4.3205145725
exp: -4.2303398106
exp: -4.1387383341
exp: -4.0500825846
exp: -3.9601329812
exp: -3.8821940611
exp: -3.8210932882
exp: -3.7556222019
exp: -3.6866442477
exp: -3.6206418572
exp: -3.5502378171
exp: -3.4909871045
exp: -3.4361146707
exp: -3.3903221072
exp: -3.3397845536
exp: -3.2950122990
exp: -3.2552125658
exp: -3.2460592410
exp: -3.2489192486
exp: -3.2416315218
exp: -3.2473495814
exp: -3.2304037724
exp: -3.2150126862
exp: -3.2019350163
exp: -3.1917813878
exp: -3.1844021666
exp: -3.1793245605
exp: -3.1772166398
exp: -3.1776328108
exp: -3.1808227781
exp: -3.1867604026
exp: -3.1955474216
exp: -3.2071979815
exp: -3.2218696210
exp: -3.2394624065
exp: -3.2602436069
exp: -3.2847118988
exp: -3.3121055527
exp: -3.3435447113
Overlap: 0.0000000000
