exp: -10.8900120177
exp: -10.7800509753
exp: -10.6701169491
exp: -10.5602072084
exp: -10.4503294299
exp: -10.3404838148
exp: -10.2306719290
exp: -10.1208874685
exp: -10.0111314616
exp: -9.9014126296
exp: -9.7917267451
exp: -9.6820821877
exp: -9.5724966347
exp: -9.4629080374
exp: -9.3533867432
exp: -9.2438847553
exp: -9.1344441878
exp: -9.0250339198
exp: -8.9156551059
exp: -8.8064131632
exp: -8.6970995997
exp: -8.5879306120
exp: -8.4787938482
exp: -8.3696503506
exp: -8.2606499242
exp: -8.1516829857
exp: -8.0427866596
exp: -7.9339323718
exp: -7.8251934854
exp: -7.7165517513
exp: -7.6080347127
exp: -7.4996092143
exp: -7.3913808932
exp: -7.2833031988
exp: -7.1753653470
exp: -7.0674838858
exp: -6.9598159569
exp: -6.8524035892
exp: -6.7451568863
exp: -6.6377966476
exp: -6.5306724012
exp: -6.4234665320
exp: -6.3164010341
exp: -6.2094419147
exp: -6.1025450854
exp: -5.9958490876
exp: -5.8892099325
exp: -5.7828078281
exp: -5.6764361904
exp: -5.5703168233
exp: -5.4644261507
exp: -5.3586407991
exp: -5.2531222350
exp: -5.1478131199
exp: -5.0424243916
exp: -4.9372868759
exp: -4.8296492621
exp: -4.7291624768
exp: -4.6324614683
exp: -4.5405875190
exp: -4.4519357693
exp: -4.3672821943
exp: -4.2864035960
exp: -4.2083956128
exp: -4.1359989219
exp: -4.0698291448
exp: -4.0076607096
exp: -3.9533087345
exp: -3.9047066047
exp: -3.8537123871
exp: -3.8089975975
exp: -3.7650824157
exp: -3.7249575769
exp: -3.6856511261
exp: -3.6493387215
exp: -3.6155923575
exp: -3.5828384450
exp: -3.5571089934
exp: -3.5336111443
exp: -3.5061937829
exp: -3.4716480368
exp: -3.4706990888
exp: -3.4573583264
exp: -3.4470977773
exp: -3.4369948855
exp: -3.4316958077
exp: -3.4276020461
exp: -3.4368643666
exp: -3.4514654287
exp: -3.4592372177
exp: -3.4702117607
exp: -3.4829981474
exp: -3.4983604026
exp: -3.5166546382
exp: -3.5374277629
exp: -3.5611799709
exp: -3.5876564806
exp: -3.6171380427
exp: -3.6495311245
exp: -3.6848129502
Overlap: 0.0000000000
