exp: -10.8900044840
exp: -10.7800129307
exp: -10.6700360428
exp: -10.5601369593
exp: -10.4502198749
exp: -10.3403153282
exp: -10.2304339917
exp: -10.1205702885
exp: -10.0107257410
exp: -9.9009099929
exp: -9.7911024051
exp: -9.6813251450
exp: -9.5715649114
exp: -9.4618297908
exp: -9.3521145494
exp: -9.2424355418
exp: -9.1327672822
exp: -9.0231395217
exp: -8.9135361055
exp: -8.8039792162
exp: -8.6944293210
exp: -8.5848799132
exp: -8.4753659124
exp: -8.3659728341
exp: -8.2564493631
exp: -8.1470270531
exp: -8.0376239002
exp: -7.9283159649
exp: -7.8189949951
exp: -7.7096564222
exp: -7.6004115337
exp: -7.4911606590
exp: -7.3818434181
exp: -7.2727579073
exp: -7.1636378743
exp: -7.0545119305
exp: -6.9455193622
exp: -6.8365454054
exp: -6.7275869327
exp: -6.6186590261
exp: -6.5098256983
exp: -6.4009836288
exp: -6.2921277895
exp: -6.1835850214
exp: -6.0749830528
exp: -5.9664598760
exp: -5.8578595797
exp: -5.7492007443
exp: -5.6408405017
exp: -5.5325092765
exp: -5.4235336570
exp: -5.3158355391
exp: -5.2135377281
exp: -5.1126662037
exp: -5.0246077188
exp: -4.9485759115
exp: -4.8655154592
exp: -4.7849623638
exp: -4.7061949302
exp: -4.6343932146
exp: -4.5638360296
exp: -4.5297348306
exp: -4.4952143448
exp: -4.4546339830
exp: -4.4140555201
exp: -4.3689568688
exp: -4.3266932571
exp: -4.2869037957
exp: -4.2493781485
exp: -4.2144279153
exp: -4.1819497664
exp: -4.1519605935
exp: -4.1242734002
exp: -4.0987310482
exp: -4.0755309992
exp: -4.0543489450
exp: -4.0353625746
exp: -4.0184070074
exp: -4.0035359333
exp: -3.9908666710
exp: -3.9800711161
exp: -3.9713760409
exp: -3.9648471686
exp: -3.9601775893
exp: -3.9578024245
exp: -3.9574604211
exp: -3.9592197099
exp: -3.9635198289
exp: -3.9699319388
exp: -3.9789393625
exp: -3.9901871404
exp: -4.0043106884
exp: -4.0206297504
exp: -4.0395424090
exp: -4.0603813761
exp: -4.0843957641
exp: -4.1142834004
exp: -4.1469564571
exp: -4.1835886415
exp: -4.2237487332
Overlap: 0.0000000000
