exp: -10.8899950499
exp: -10.7800148780
exp: -10.6700316866
exp: -10.5600522312
exp: -10.4500784480
exp: -10.3400823474
exp: -10.2298107007
exp: -10.1193788391
exp: -10.0103410633
exp: -9.9004045861
exp: -9.7904984095
exp: -9.6805952190
exp: -9.5707049954
exp: -9.4608164488
exp: -9.3509272787
exp: -9.2410706958
exp: -9.1312105946
exp: -9.0213665136
exp: -8.9115278268
exp: -8.8016918609
exp: -8.6918732446
exp: -8.5820573710
exp: -8.4722784087
exp: -8.3625162239
exp: -8.2527430189
exp: -8.1429862113
exp: -8.0332575433
exp: -7.9235427837
exp: -7.8138632539
exp: -7.7041679579
exp: -7.5944817819
exp: -7.4848498602
exp: -7.3752448443
exp: -7.2656366115
exp: -7.1560523568
exp: -7.0464869834
exp: -6.9369614028
exp: -6.8274757857
exp: -6.7180541707
exp: -6.6085902464
exp: -6.4992040666
exp: -6.3899366096
exp: -6.2806666531
exp: -6.1714375041
exp: -6.0622710415
exp: -5.9531845814
exp: -5.8441913002
exp: -5.7355811354
exp: -5.6276892981
exp: -5.5244447523
exp: -5.4232757565
exp: -5.3225934086
exp: -5.2242347544
exp: -5.1295019915
exp: -5.0389751366
exp: -4.9492528844
exp: -4.8610207521
exp: -4.7724569384
exp: -4.6915800831
exp: -4.6135423645
exp: -4.5465080169
exp: -4.5185433621
exp: -4.5520996220
exp: -4.5117863105
exp: -4.4772524639
exp: -4.4449007088
exp: -4.4063362178
exp: -4.3698196580
exp: -4.3354102650
exp: -4.3038339145
exp: -4.2739793384
exp: -4.2467299378
exp: -4.2218384353
exp: -4.1989834944
exp: -4.1789720985
exp: -4.1610455746
exp: -4.1448737511
exp: -4.1309625143
exp: -4.1184449398
exp: -4.1073764367
exp: -4.0996728978
exp: -4.0946275725
exp: -4.0910617910
exp: -4.0900835214
exp: -4.0904638934
exp: -4.0932873604
exp: -4.0982871109
exp: -4.1052858575
exp: -4.1136930542
exp: -4.1249014641
exp: -4.1385267263
exp: -4.1552833390
exp: -4.1746982808
exp: -4.1947815157
exp: -4.2172650455
exp: -4.2417927222
exp: -4.2684526680
exp: -4.2973948814
exp: -4.3284378351
exp: -4.3614893388
Overlap: 0.0000000000
