exp: -10.8900148551
exp: -10.7800460058
exp: -10.6700972989
exp: -10.5601756762
exp: -10.4502833032
exp: -10.3404188193
exp: -10.2305820666
exp: -10.1207729566
exp: -10.0109975007
exp: -9.9012386421
exp: -9.7915242025
exp: -9.6818462073
exp: -9.5721812158
exp: -9.4625539538
exp: -9.3529495080
exp: -9.2434501087
exp: -9.1339194911
exp: -9.0244218146
exp: -8.9151178194
exp: -8.8057899001
exp: -8.6964547537
exp: -8.5873582243
exp: -8.4782017532
exp: -8.3692941736
exp: -8.2601260365
exp: -8.1511497292
exp: -8.0423197863
exp: -7.9335204940
exp: -7.8248120429
exp: -7.7161873385
exp: -7.6077689906
exp: -7.4995946979
exp: -7.3916117851
exp: -7.2838604737
exp: -7.1762913092
exp: -7.0687800940
exp: -6.9615262600
exp: -6.8544795008
exp: -6.7471834430
exp: -6.6399002939
exp: -6.5327242740
exp: -6.4256696619
exp: -6.3186597878
exp: -6.2116439615
exp: -6.1046993409
exp: -5.9981178336
exp: -5.8916214431
exp: -5.7852185618
exp: -5.6791158200
exp: -5.5728276549
exp: -5.4669645599
exp: -5.3615774178
exp: -5.2562158841
exp: -5.1511746932
exp: -5.0471507025
exp: -4.9458944563
exp: -4.8463410118
exp: -4.7490232987
exp: -4.6534529676
exp: -4.5601640040
exp: -4.4674442141
exp: -4.3756411949
exp: -4.2886520006
exp: -4.2034155056
exp: -4.1211286722
exp: -4.0495997980
exp: -3.9843650992
exp: -3.9310633619
exp: -3.9011226986
exp: -3.8597591306
exp: -3.8212200319
exp: -3.7779698564
exp: -3.7364868839
exp: -3.6964865419
exp: -3.6592698906
exp: -3.6228844428
exp: -3.5839795453
exp: -3.5460008644
exp: -3.5101536141
exp: -3.4850663119
exp: -3.4646521999
exp: -3.4451701487
exp: -3.4310738630
exp: -3.4198984928
exp: -3.4089656044
exp: -3.4013049782
exp: -3.3969592971
exp: -3.3962053842
exp: -3.3973930571
exp: -3.4003555975
exp: -3.4062329978
exp: -3.4150164710
exp: -3.4228186488
exp: -3.4336485813
exp: -3.4491217973
exp: -3.4658744791
exp: -3.4861510417
exp: -3.5073872560
exp: -3.5333157382
exp: -3.5648271305
Overlap: 0.0000000000
exp: -3.5650025688
Overlap: 0.0000000000
