exp: -10.8899944257
exp: -10.7800188910
exp: -10.6700465798
exp: -10.5600526164
exp: -10.4501532648
exp: -10.3402021633
exp: -10.2302637289
exp: -10.1203321508
exp: -10.0104006272
exp: -9.9004996644
exp: -9.7905679372
exp: -9.6807205643
exp: -9.5709490015
exp: -9.4611064763
exp: -9.3511787726
exp: -9.2414037225
exp: -9.1315831790
exp: -9.0218054710
exp: -8.9120316122
exp: -8.8024068047
exp: -8.6925956751
exp: -8.5828903132
exp: -8.4732681031
exp: -8.3636032753
exp: -8.2539218738
exp: -8.1443648373
exp: -8.0347620606
exp: -7.9251114216
exp: -7.8154946041
exp: -7.7058502562
exp: -7.5962330642
exp: -7.4866566847
exp: -7.3770987204
exp: -7.2675349819
exp: -7.1579512196
exp: -7.0486229101
exp: -6.9391364314
exp: -6.8296714134
exp: -6.7204713620
exp: -6.6111890395
exp: -6.5019935929
exp: -6.3928560515
exp: -6.2837749688
exp: -6.1746438688
exp: -6.0655331593
exp: -5.9563875242
exp: -5.8477680446
exp: -5.7387072427
exp: -5.6299934245
exp: -5.5212281409
exp: -5.4127132641
exp: -5.3042606014
exp: -5.1955502056
exp: -5.0874305182
exp: -4.9797209486
exp: -4.8737067769
exp: -4.7721110463
exp: -4.6692857255
exp: -4.5693960793
exp: -4.4742065709
exp: -4.3842517472
exp: -4.2975890619
exp: -4.2172475536
exp: -4.1397900477
exp: -4.0631874857
exp: -3.9897490921
exp: -3.9245073907
exp: -3.8646607169
exp: -3.8015855905
exp: -3.7435089377
exp: -3.6849391094
exp: -3.6235346089
exp: -3.5695737614
exp: -3.5223896035
exp: -3.4735336418
exp: -3.4311838964
exp: -3.3907247510
exp: -3.3518197042
exp: -3.3162131883
exp: -3.2825752314
exp: -3.2484379800
exp: -3.2199137823
exp: -3.1935330617
exp: -3.1690913904
exp: -3.1460957503
exp: -3.1284438010
exp: -3.1200572585
exp: -3.1196047977
exp: -3.1096445339
exp: -3.1026390402
exp: -3.0983307568
exp: -3.0949959836
exp: -3.0977802724
exp: -3.1032709935
exp: -3.1150392836
exp: -3.1290915435
exp: -3.1451111464
exp: -3.0874199276
exp: -3.0899841658
exp: -3.1172841269
Overlap: 0.0000000000
