exp: -10.8900045103
exp: -10.7800164482
exp: -10.6700377168
exp: -10.5600687615
exp: -10.4501313776
exp: -10.3401784795
exp: -10.2302410254
exp: -10.1203201646
exp: -10.0104551371
exp: -9.9005569496
exp: -9.7906940922
exp: -9.6808512416
exp: -9.5710093629
exp: -9.4612223962
exp: -9.3515013836
exp: -9.2417980793
exp: -9.1320734446
exp: -9.0223306106
exp: -8.9126724662
exp: -8.8030383082
exp: -8.6934819341
exp: -8.5838763053
exp: -8.4743032507
exp: -8.3648187149
exp: -8.2556097585
exp: -8.1460451588
exp: -8.0366468644
exp: -7.9272489886
exp: -7.8180489190
exp: -7.7087958478
exp: -7.5996617140
exp: -7.4908228819
exp: -7.3818302513
exp: -7.2731950915
exp: -7.1645676090
exp: -7.0558642713
exp: -6.9473890114
exp: -6.8391675827
exp: -6.7310516470
exp: -6.6231453199
exp: -6.5155322512
exp: -6.4078203958
exp: -6.3007864929
exp: -6.1941530563
exp: -6.0873950168
exp: -5.9805217881
exp: -5.8740957784
exp: -5.7674431396
exp: -5.6609579560
exp: -5.5543186654
exp: -5.4483141318
exp: -5.3425482465
exp: -5.2372936381
exp: -5.1352245747
exp: -5.0375057348
exp: -4.9446194438
exp: -4.8536926610
exp: -4.7659770610
exp: -4.6837150392
exp: -4.6001090669
exp: -4.5218662019
exp: -4.4442448453
exp: -4.3810468538
exp: -4.3194565896
exp: -4.2625103709
exp: -4.2220028460
exp: -4.1712767674
exp: -4.1514697779
exp: -4.1127987475
exp: -4.1418063082
exp: -4.1673139176
exp: -4.1625319025
exp: -4.1448744428
exp: -4.1240466028
exp: -4.1056561156
exp: -4.0876386606
exp: -4.0729683537
exp: -4.0602757604
exp: -4.0502620187
exp: -4.0412967733
exp: -4.0346302514
exp: -4.0296129027
exp: -4.0265057350
exp: -4.0260996953
exp: -4.0270778991
exp: -4.0306328606
exp: -4.0367359190
exp: -4.0439395689
exp: -4.0528407204
exp: -4.0639953258
exp: -4.0772512617
exp: -4.0928477312
exp: -4.1086783133
exp: -4.1276813244
exp: -4.1451832973
exp: -4.1574067999
exp: -4.1779909591
exp: -4.1902542121
exp: -4.2336905458
exp: -4.2702078904
Overlap: 0.0000000107
