exp: -10.8900107430
exp: -10.7800304888
exp: -10.6700747161
exp: -10.5601273522
exp: -10.4502014352
exp: -10.3402865734
exp: -10.2304115654
exp: -10.1205249291
exp: -10.0106866948
exp: -9.9008929383
exp: -9.7910996769
exp: -9.6812887531
exp: -9.5715399407
exp: -9.4617845887
exp: -9.3520682314
exp: -9.2422352220
exp: -9.1326103979
exp: -9.0229120553
exp: -8.9131722821
exp: -8.8037154388
exp: -8.6937660370
exp: -8.5843638309
exp: -8.4744535624
exp: -8.3648769766
exp: -8.2594304058
exp: -8.1513217268
exp: -8.0427468948
exp: -7.9340125008
exp: -7.8254425428
exp: -7.7170180893
exp: -7.6087326653
exp: -7.5006340503
exp: -7.3926069167
exp: -7.2847089071
exp: -7.1767729400
exp: -7.0690920856
exp: -6.9612768140
exp: -6.8535404297
exp: -6.7459071032
exp: -6.6383458544
exp: -6.5308004823
exp: -6.4233903458
exp: -6.3161794062
exp: -6.2090809475
exp: -6.1021144024
exp: -5.9952493162
exp: -5.8885130076
exp: -5.7820571364
exp: -5.6756890593
exp: -5.5694991800
exp: -5.4634709534
exp: -5.3575555851
exp: -5.2519573294
exp: -5.1464483604
exp: -5.0409471779
exp: -4.9362642940
exp: -4.8314685062
exp: -4.7279229316
exp: -4.6277698492
exp: -4.5273319598
exp: -4.4301769940
exp: -4.3333075520
exp: -4.2388978634
exp: -4.1460461383
exp: -4.0587053008
exp: -3.9776440269
exp: -3.9018176411
exp: -3.8292620971
exp: -3.7608397436
exp: -3.6944555779
exp: -3.6320888181
exp: -3.5748833060
exp: -3.5189236047
exp: -3.4680516687
exp: -3.4220141974
exp: -3.3781469609
exp: -3.3383431577
exp: -3.3008753299
exp: -3.2656782026
exp: -3.2341650687
exp: -3.2057816688
exp: -3.1818676437
exp: -3.1616694775
exp: -3.1461693056
exp: -3.1355007944
exp: -3.1326233283
exp: -3.1289223489
exp: -3.1275752744
exp: -3.1282838180
exp: -3.1319050503
exp: -3.1385177337
exp: -3.1479569984
exp: -3.1601897604
exp: -3.1753829198
exp: -3.1933146542
exp: -3.2140012661
exp: -3.2375819696
exp: -3.2639499401
exp: -3.2930861195
exp: -3.3249873759
Overlap: 0.0000000000
