exp: -11.8797759534
exp: -11.7599515812
exp: -11.6400313145
exp: -11.5200199248
exp: -11.4000737446
exp: -11.2800488667
exp: -11.1600804212
exp: -11.0402994920
exp: -10.9202445896
exp: -10.8002926080
exp: -10.6801985423
exp: -10.5600678238
exp: -10.4404852552
exp: -10.3201522328
exp: -10.2009565452
exp: -10.0813200101
exp: -9.9614190483
exp: -9.8415977403
exp: -9.7219681734
exp: -9.6020311290
exp: -9.4822411171
exp: -9.3626513238
exp: -9.2428532217
exp: -9.1235224687
exp: -9.0035910108
exp: -8.8845042308
exp: -8.7647810650
exp: -8.6452102106
exp: -8.5258172841
exp: -8.4060833547
exp: -8.2867927737
exp: -8.1674693987
exp: -8.0481523002
exp: -7.9286037428
exp: -7.8094063432
exp: -7.6899613779
exp: -7.5708939294
exp: -7.4520060029
exp: -7.3327359012
exp: -7.2134814910
exp: -7.0943395877
exp: -6.9749469210
exp: -6.8561391634
exp: -6.7369414953
exp: -6.6176736863
exp: -6.4990264993
exp: -6.3803902622
exp: -6.2614640762
exp: -6.1428996971
exp: -6.0237956953
exp: -5.9054153685
exp: -5.7841700741
exp: -5.6663906655
exp: -5.5572203732
exp: -5.4453529852
exp: -5.3386273092
exp: -5.2365385869
exp: -5.1391324232
exp: -5.0442331695
exp: -4.9537708607
exp: -4.8662292077
exp: -4.7836670456
exp: -4.7064324550
exp: -4.6350494812
exp: -4.5696792092
exp: -4.5065279663
exp: -4.4505014568
exp: -4.3914469066
exp: -4.3385966282
exp: -4.2868967314
exp: -4.2411342351
exp: -4.2007612259
exp: -4.1609202426
exp: -4.1254069706
exp: -4.0946554323
exp: -4.0741912808
exp: -4.0504525545
exp: -4.0450090924
exp: -4.0940322140
exp: -4.1155557001
exp: -4.1317588593
exp: -4.1347513132
exp: -4.1390326431
exp: -4.1461723633
exp: -4.1563391172
exp: -4.1691607281
exp: -4.1847451555
exp: -4.2029333292
exp: -4.2236817174
exp: -4.2469246049
exp: -4.2727568124
exp: -4.3009706530
exp: -4.3314756141
exp: -4.3642200941
exp: -4.3991809087
exp: -4.4362850171
exp: -4.4754755979
exp: -4.5166956673
exp: -4.5598888926
exp: -4.6049993518
Overlap: 0.0000000000
exp: -4.6049998590
Overlap: 0.0000000000
