exp: -11.8799961928
exp: -11.7600398510
exp: -11.6400847298
exp: -11.5201543885
exp: -11.4002594512
exp: -11.2803749011
exp: -11.1605113654
exp: -11.0406903503
exp: -10.9209002162
exp: -10.8011150190
exp: -10.6813788690
exp: -10.5616804552
exp: -10.4419986534
exp: -10.3223367295
exp: -10.2027238709
exp: -10.0831564825
exp: -9.9635973840
exp: -9.8441161832
exp: -9.7246483337
exp: -9.6052018278
exp: -9.4858747736
exp: -9.3665052518
exp: -9.2472531393
exp: -9.1279749832
exp: -9.0088137444
exp: -8.8898393140
exp: -8.7706435964
exp: -8.6515754685
exp: -8.5326112889
exp: -8.4137198077
exp: -8.2949314848
exp: -8.1761624505
exp: -8.0574655750
exp: -7.9387828651
exp: -7.8202449861
exp: -7.7018287714
exp: -7.5835818585
exp: -7.4651416978
exp: -7.3472207272
exp: -7.2291358998
exp: -7.1111386974
exp: -6.9933132825
exp: -6.8756210405
exp: -6.7579829370
exp: -6.6405043653
exp: -6.5235457077
exp: -6.4063871677
exp: -6.2908086337
exp: -6.1759659615
exp: -6.0696628923
exp: -5.9672850378
exp: -5.8658328677
exp: -5.7683462745
exp: -5.6686787546
exp: -5.5722042157
exp: -5.4885251534
exp: -5.4062310593
exp: -5.3267326526
exp: -5.2664603888
exp: -5.2044196301
exp: -5.1456888302
exp: -5.1328790256
exp: -5.0819458710
exp: -5.0681074926
exp: -5.0501223813
exp: -5.0688902597
exp: -5.0652574857
exp: -5.0451550670
exp: -5.0257856509
exp: -5.0089544857
exp: -4.9950114551
exp: -4.9841252178
exp: -4.9758675134
exp: -4.9703651742
exp: -4.9674803793
exp: -4.9671549231
exp: -4.9693205309
exp: -4.9738604718
exp: -4.9807474838
exp: -4.9899750336
exp: -5.0014935534
exp: -5.0150588146
exp: -5.0308309767
exp: -5.0486633895
exp: -5.0686065989
exp: -5.0905384386
exp: -5.1143738000
exp: -5.1402036486
exp: -5.1677507787
exp: -5.1970586429
exp: -5.2290555911
exp: -5.2623933965
exp: -5.2977722489
exp: -5.3349882140
exp: -5.3741901672
exp: -5.4157706774
exp: -5.4597222502
exp: -5.5062461481
exp: -5.5559898839
exp: -5.6097659865
Overlap: 0.0000000002
exp: -5.6097556875
Overlap: 0.0000000000
