exp: -11.8800144469
exp: -11.7600543336
exp: -11.6401268221
exp: -11.5202228372
exp: -11.4003409042
exp: -11.2804891930
exp: -11.1606816705
exp: -11.0408719176
exp: -10.9211054004
exp: -10.8013779400
exp: -10.6816847047
exp: -10.5620307032
exp: -10.4424102009
exp: -10.3228205035
exp: -10.2032689687
exp: -10.0837889439
exp: -9.9643012112
exp: -9.8449154454
exp: -9.7255302640
exp: -9.6062876004
exp: -9.4870049615
exp: -9.3679185941
exp: -9.2487904788
exp: -9.1297343932
exp: -9.0107770302
exp: -8.8918085837
exp: -8.7729040272
exp: -8.6540273614
exp: -8.5353262666
exp: -8.4167123118
exp: -8.2981016250
exp: -8.1797170746
exp: -8.0611553994
exp: -7.9429219189
exp: -7.8248504007
exp: -7.7070788963
exp: -7.5893039064
exp: -7.4719486164
exp: -7.3546430872
exp: -7.2379105308
exp: -7.1212540286
exp: -7.0048098954
exp: -6.8879464658
exp: -6.7714259361
exp: -6.6548431908
exp: -6.5382989761
exp: -6.4223278546
exp: -6.3065620584
exp: -6.1911009280
exp: -6.0764504691
exp: -5.9610298840
exp: -5.8500752555
exp: -5.7436478103
exp: -5.6413235475
exp: -5.5396660985
exp: -5.4428985695
exp: -5.3537227401
exp: -5.2727574198
exp: -5.1920163941
exp: -5.1249751746
exp: -5.0627724185
exp: -5.0378929149
exp: -4.9972160197
exp: -4.9474190102
exp: -4.9006639238
exp: -4.8576026662
exp: -4.8179819000
exp: -4.7819995431
exp: -4.7497061639
exp: -4.7207993584
exp: -4.6953225610
exp: -4.6734469236
exp: -4.6549122380
exp: -4.6399633082
exp: -4.6284778518
exp: -4.6205487807
exp: -4.6161717190
exp: -4.6147985621
exp: -4.6154544893
exp: -4.6199650357
exp: -4.6285321461
exp: -4.6391512629
exp: -4.6525002234
exp: -4.6691347945
exp: -4.6873766710
exp: -4.7082095158
exp: -4.7316047036
exp: -4.7574550532
exp: -4.7856872907
exp: -4.8162322235
exp: -4.8489607072
exp: -4.8840583653
exp: -4.9212172145
exp: -4.9606434786
exp: -5.0021348731
exp: -5.0457193961
exp: -5.0913198834
exp: -5.1389442067
exp: -5.1885131906
exp: -5.2399862286
Overlap: 0.0000000000
exp: -5.2399966919
Overlap: 0.0000000000
