exp: -11.8799315808
exp: -11.7599776264
exp: -11.6399454171
exp: -11.5201758496
exp: -11.4002777115
exp: -11.2804051655
exp: -11.1605591681
exp: -11.0407280392
exp: -10.9209884241
exp: -10.8012101521
exp: -10.6815135210
exp: -10.5617808272
exp: -10.4420948203
exp: -10.3224179492
exp: -10.2027833840
exp: -10.0832459997
exp: -9.9637218870
exp: -9.8441216838
exp: -9.7247454621
exp: -9.6052448917
exp: -9.4858550616
exp: -9.3665651645
exp: -9.2472394086
exp: -9.1282707179
exp: -9.0090081098
exp: -8.8897958300
exp: -8.7708525774
exp: -8.6517872471
exp: -8.5327567778
exp: -8.4141951776
exp: -8.2954041707
exp: -8.1764632651
exp: -8.0581287061
exp: -7.9394599426
exp: -7.8208143460
exp: -7.7021404317
exp: -7.5837109492
exp: -7.4649829635
exp: -7.3466650477
exp: -7.2284678857
exp: -7.1103239160
exp: -6.9926337050
exp: -6.8756462503
exp: -6.7588060672
exp: -6.6417992023
exp: -6.5247851312
exp: -6.4077231092
exp: -6.2909620587
exp: -6.1741342696
exp: -6.0574114985
exp: -5.9408247845
exp: -5.8248418141
exp: -5.7087003924
exp: -5.5921460813
exp: -5.4770258499
exp: -5.3677018649
exp: -5.2580572042
exp: -5.1496660890
exp: -5.0453127443
exp: -4.9491775930
exp: -4.8536504323
exp: -4.7600288728
exp: -4.6750115614
exp: -4.5920377616
exp: -4.5109931634
exp: -4.4376846462
exp: -4.3719245862
exp: -4.3013676470
exp: -4.2365847282
exp: -4.1743318810
exp: -4.1099900321
exp: -4.0560761642
exp: -4.0022342747
exp: -3.9543795610
exp: -3.9066450202
exp: -3.8609252707
exp: -3.8198925267
exp: -3.7803066326
exp: -3.7442404718
exp: -3.7119799137
exp: -3.6793616517
exp: -3.6518003137
exp: -3.6280043602
exp: -3.6062185233
exp: -3.5876414059
exp: -3.5728260758
exp: -3.5599384557
exp: -3.5507967107
exp: -3.5437917854
exp: -3.5393130709
exp: -3.5369678986
exp: -3.5377700975
exp: -3.5399070352
exp: -3.5440090926
exp: -3.5505043942
exp: -3.5609355558
exp: -3.5782594210
exp: -3.5971129566
exp: -3.6069259160
exp: -3.5362949774
Overlap: 0.0000000000
exp: -3.5825026856
Overlap: 0.0000000000
