exp: -11.8799991650
exp: -11.7600411242
exp: -11.6401006305
exp: -11.5201762784
exp: -11.4002831589
exp: -11.2804165817
exp: -11.1605701175
exp: -11.0407436906
exp: -10.9209610536
exp: -10.8011858890
exp: -10.6814547418
exp: -10.5617475558
exp: -10.4420735237
exp: -10.3224122948
exp: -10.2028072037
exp: -10.0832456300
exp: -9.9637075845
exp: -9.8442020563
exp: -9.7247302644
exp: -9.6053045268
exp: -9.4859335145
exp: -9.3665669079
exp: -9.2472839138
exp: -9.1280192971
exp: -9.0088440174
exp: -8.8896672400
exp: -8.7705945967
exp: -8.6516136363
exp: -8.5326555206
exp: -8.4138115395
exp: -8.2949761991
exp: -8.1761882342
exp: -8.0574838104
exp: -7.9389123757
exp: -7.8203826638
exp: -7.7018623133
exp: -7.5836512890
exp: -7.4654920009
exp: -7.3472390851
exp: -7.2291431588
exp: -7.1111208788
exp: -6.9932484539
exp: -6.8755485643
exp: -6.7578548410
exp: -6.6402934927
exp: -6.5228560500
exp: -6.4056492338
exp: -6.2883659613
exp: -6.1724625683
exp: -6.0617407013
exp: -5.9546119564
exp: -5.8492234120
exp: -5.7471958605
exp: -5.6481410358
exp: -5.5501070146
exp: -5.4541931928
exp: -5.3618188971
exp: -5.2781887525
exp: -5.1949521622
exp: -5.1031270622
exp: -5.0186748982
exp: -4.9457746617
exp: -4.8594484638
exp: -4.8220995792
exp: -4.7640138585
exp: -4.7361121626
exp: -4.7160817069
exp: -4.7839833559
exp: -4.8654609839
exp: -4.8532657885
exp: -4.8340904487
exp: -4.8178104776
exp: -4.8046482143
exp: -4.7946687238
exp: -4.7876471944
exp: -4.7835526754
exp: -4.7822931565
exp: -4.7838020590
exp: -4.7880421457
exp: -4.7949824382
exp: -4.8045570228
exp: -4.8166850449
exp: -4.8313678792
exp: -4.8485145805
exp: -4.8681240954
exp: -4.8901661685
exp: -4.9146227841
exp: -4.9413778957
exp: -4.9704685034
exp: -5.0020389587
exp: -5.0358066526
exp: -5.0719172405
exp: -5.1103068955
exp: -5.1508958754
exp: -5.1937196112
exp: -5.2386906967
exp: -5.2859035781
exp: -5.3352012394
exp: -5.3865699457
exp: -5.4399499512
Overlap: 0.0000000034
exp: -5.4399787959
Overlap: 0.0000000022
