exp: -11.8799723087
exp: -11.7600590582
exp: -11.6401188303
exp: -11.5202097127
exp: -11.4003254223
exp: -11.2804740943
exp: -11.1606166741
exp: -11.0408080404
exp: -10.9210325463
exp: -10.8012874999
exp: -10.6815777547
exp: -10.5619074114
exp: -10.4422932115
exp: -10.3227223988
exp: -10.2031673660
exp: -10.0836317312
exp: -9.9641513888
exp: -9.8447197439
exp: -9.7253776706
exp: -9.6060211323
exp: -9.4867738825
exp: -9.3675552928
exp: -9.2484638742
exp: -9.1294666734
exp: -9.0104479282
exp: -8.8914943514
exp: -8.7725934292
exp: -8.6538684580
exp: -8.5351573177
exp: -8.4164763723
exp: -8.2979055012
exp: -8.1795449300
exp: -8.0613819144
exp: -7.9429620655
exp: -7.8249675617
exp: -7.7067053335
exp: -7.5886865409
exp: -7.4707846362
exp: -7.3529027174
exp: -7.2351374594
exp: -7.1174176444
exp: -6.9999297965
exp: -6.8824757822
exp: -6.7652604042
exp: -6.6479486681
exp: -6.5312261101
exp: -6.4146792687
exp: -6.2944180184
exp: -6.1817986039
exp: -6.0714164630
exp: -5.9632899126
exp: -5.8577202497
exp: -5.7565714418
exp: -5.6621106234
exp: -5.5733397813
exp: -5.4920115995
exp: -5.4139902907
exp: -5.3374009512
exp: -5.2653658774
exp: -5.1966408517
exp: -5.1307954477
exp: -5.0687113796
exp: -5.0101053569
exp: -4.9557052138
exp: -4.9050470917
exp: -4.8580442101
exp: -4.8161938372
exp: -4.7785320030
exp: -4.7455759032
exp: -4.7199809650
exp: -4.6980115281
exp: -4.6753768791
exp: -4.6564177076
exp: -4.6397385103
exp: -4.6261005395
exp: -4.6164363571
exp: -4.6099861314
exp: -4.6053999562
exp: -4.6037230576
exp: -4.6051974989
exp: -4.6093471383
exp: -4.6134982439
exp: -4.6233104584
exp: -4.6322596062
exp: -4.6392634500
exp: -4.6507813391
exp: -4.6670504164
exp: -4.6815834001
exp: -4.6955927371
exp: -4.7120151695
exp: -4.6516704680
exp: -4.6746104320
exp: -4.6986705283
exp: -4.7259227674
exp: -4.7536360402
exp: -4.7844981823
exp: -4.8181258885
exp: -4.8240885013
exp: -4.8768112880
exp: -5.0622209965
Overlap: 0.0000000000
exp: -5.0615383047
Overlap: 0.0000000000
