exp: -11.8800109461
exp: -11.7600439433
exp: -11.6400989643
exp: -11.5201775112
exp: -11.4002750377
exp: -11.2804018349
exp: -11.1605535069
exp: -11.0407188084
exp: -10.9209174472
exp: -10.8011383208
exp: -10.6813900257
exp: -10.5616641528
exp: -10.4419622047
exp: -10.3222978270
exp: -10.2026625538
exp: -10.0830455670
exp: -9.9634762133
exp: -9.8439164012
exp: -9.7243972932
exp: -9.6049125768
exp: -9.4854493919
exp: -9.3660357175
exp: -9.2466515517
exp: -9.1273295439
exp: -9.0080353987
exp: -8.8887898104
exp: -8.7696073888
exp: -8.6503978986
exp: -8.5312830177
exp: -8.4121880430
exp: -8.2931047615
exp: -8.1741781515
exp: -8.0552735738
exp: -7.9364363671
exp: -7.8176673795
exp: -7.6989777799
exp: -7.5802727882
exp: -7.4616802547
exp: -7.3432039807
exp: -7.2248304003
exp: -7.1065057199
exp: -6.9881898958
exp: -6.8700755481
exp: -6.7520767516
exp: -6.6342394891
exp: -6.5164272805
exp: -6.3986871499
exp: -6.2811084108
exp: -6.1635774502
exp: -6.0467189345
exp: -5.9328579184
exp: -5.8198084085
exp: -5.7098764025
exp: -5.6013584533
exp: -5.4978421873
exp: -5.3937313147
exp: -5.2916217359
exp: -5.1913551198
exp: -5.1002405241
exp: -5.0105773817
exp: -4.9312667177
exp: -4.8582296339
exp: -4.7778387962
exp: -4.7059422368
exp: -4.6415402692
exp: -4.5667757990
exp: -4.5062595105
exp: -4.4396363284
exp: -4.3813525268
exp: -4.3250451544
exp: -4.2672185776
exp: -4.2157185122
exp: -4.1666221288
exp: -4.1254478361
exp: -4.0785981610
exp: -4.0361563866
exp: -3.9967325589
exp: -3.9642262128
exp: -3.9265061728
exp: -3.8800730820
exp: -3.8374204793
exp: -3.8050655293
exp: -3.7703470428
exp: -3.7635257974
exp: -3.7359706562
exp: -3.7202768262
exp: -3.7112415024
exp: -3.6966956854
exp: -3.7021354557
exp: -3.7017485294
exp: -3.6870241616
exp: -3.7086309322
exp: -3.7079055121
exp: -3.7333855272
exp: -3.7315481610
exp: -3.7688240539
exp: -3.7896262383
exp: -3.8148748160
exp: -3.8444156881
exp: -3.8766604874
Overlap: 0.0000000000
exp: -3.8767335836
Overlap: 0.0000000000
