exp: -11.8799481292
exp: -11.7600635731
exp: -11.6401481809
exp: -11.5202598776
exp: -11.4004139016
exp: -11.2806153952
exp: -11.1608388998
exp: -11.0411137059
exp: -10.9214331651
exp: -10.8017887491
exp: -10.6822058040
exp: -10.5626491505
exp: -10.4431708853
exp: -10.3237237500
exp: -10.2043371185
exp: -10.0849947828
exp: -9.9656849666
exp: -9.8464821897
exp: -9.7273379902
exp: -9.6082314138
exp: -9.4891442176
exp: -9.3701294320
exp: -9.2512150797
exp: -9.1323830530
exp: -9.0136864091
exp: -8.8950224446
exp: -8.7764856271
exp: -8.6579906623
exp: -8.5395231735
exp: -8.4212608748
exp: -8.3031163890
exp: -8.1849689311
exp: -8.0671656003
exp: -7.9492472620
exp: -7.8317150748
exp: -7.7143343779
exp: -7.5971244244
exp: -7.4801369859
exp: -7.3634155241
exp: -7.2470423886
exp: -7.1308510872
exp: -7.0144127697
exp: -6.8986095303
exp: -6.7824512884
exp: -6.6663779058
exp: -6.5505022509
exp: -6.4346439006
exp: -6.3190404936
exp: -6.2034966451
exp: -6.0883757222
exp: -5.9742650834
exp: -5.8647216528
exp: -5.7552583211
exp: -5.6483077036
exp: -5.5416945617
exp: -5.4363382200
exp: -5.3332958625
exp: -5.2336253159
exp: -5.1343842371
exp: -5.0434991466
exp: -4.9607664412
exp: -4.8742440781
exp: -4.8064962876
exp: -4.7562832403
exp: -4.6797768428
exp: -4.6312707525
exp: -4.5837855826
exp: -4.5128911000
exp: -4.4462216605
exp: -4.3836451719
exp: -4.3254822131
exp: -4.2724090924
exp: -4.2237107951
exp: -4.1818750180
exp: -4.1412287474
exp: -4.1058286404
exp: -4.0737143232
exp: -4.0436686876
exp: -4.0173242997
exp: -3.9932477227
exp: -3.9743487027
exp: -3.9565918317
exp: -3.9419180726
exp: -3.9302214923
exp: -3.9225496894
exp: -3.9177402790
exp: -3.9144751432
exp: -3.9139020438
exp: -3.9155626707
exp: -3.9198477103
exp: -3.9265101150
exp: -3.9348915355
exp: -3.9461077765
exp: -3.9599216386
exp: -3.9750598784
exp: -3.9920278251
exp: -4.0114124629
exp: -4.0315630603
exp: -4.0580768922
exp: -4.0886977824
Overlap: 0.0000000000
exp: -4.0878571272
Overlap: 0.0000000000
