exp: -11.8800039241
exp: -11.7600223349
exp: -11.6400439284
exp: -11.5200802018
exp: -11.4001383812
exp: -11.2802034203
exp: -11.1602872218
exp: -11.0403722952
exp: -10.9204787915
exp: -10.8005956039
exp: -10.6807436547
exp: -10.5609194351
exp: -10.4411127451
exp: -10.3213190454
exp: -10.2015471061
exp: -10.0817933894
exp: -9.9621225478
exp: -9.8423926207
exp: -9.7227791404
exp: -9.6031213987
exp: -9.4834967997
exp: -9.3639943204
exp: -9.2444509315
exp: -9.1249192469
exp: -9.0054639742
exp: -8.8859648615
exp: -8.7665876231
exp: -8.6471845925
exp: -8.5277700952
exp: -8.4084467612
exp: -8.2891326116
exp: -8.1698391448
exp: -8.0506015069
exp: -7.9313958628
exp: -7.8122112887
exp: -7.6930892833
exp: -7.5739914059
exp: -7.4549510960
exp: -7.3359725857
exp: -7.2169785196
exp: -7.0980891179
exp: -6.9791698216
exp: -6.8603868343
exp: -6.7416657370
exp: -6.6228779492
exp: -6.5042109508
exp: -6.3855599978
exp: -6.2669851614
exp: -6.1485253635
exp: -6.0301722113
exp: -5.9118084422
exp: -5.7935118555
exp: -5.6697708558
exp: -5.5576266925
exp: -5.4482550932
exp: -5.3425520852
exp: -5.2393199497
exp: -5.1406363879
exp: -5.0442737981
exp: -4.9509578479
exp: -4.8631436607
exp: -4.7853004307
exp: -4.7033138281
exp: -4.6455074133
exp: -4.5692119243
exp: -4.5031094026
exp: -4.4431071377
exp: -4.3853565865
exp: -4.3408090500
exp: -4.2903645815
exp: -4.2433753182
exp: -4.1967927015
exp: -4.1602498565
exp: -4.1162526070
exp: -4.0862977598
exp: -4.1714151976
exp: -4.3000546439
exp: -4.3056415713
exp: -4.3004947662
exp: -4.2982996987
exp: -4.2991578783
exp: -4.3028884445
exp: -4.3096035887
exp: -4.3190844114
exp: -4.3313699686
exp: -4.3463095315
exp: -4.3639410505
exp: -4.3842064623
exp: -4.4069895518
exp: -4.4322637779
exp: -4.4599948112
exp: -4.4900624540
exp: -4.5224979637
exp: -4.5571999539
exp: -4.5941189722
exp: -4.6332151957
exp: -4.6743933013
exp: -4.7176130748
exp: -4.7628305818
exp: -4.8099814528
Overlap: 0.0000000000
exp: -4.8099959547
Overlap: 0.0000000000
