exp: -11.8800090334
exp: -11.7600415453
exp: -11.6400808603
exp: -11.5201452617
exp: -11.4000139679
exp: -11.2801722850
exp: -11.1603946892
exp: -11.0402118613
exp: -10.9208128877
exp: -10.8013362779
exp: -10.6817508991
exp: -10.5621400172
exp: -10.4422388867
exp: -10.3230777881
exp: -10.2038575209
exp: -10.0844317482
exp: -9.9650315506
exp: -9.8457066762
exp: -9.7264073371
exp: -9.6071644133
exp: -9.4879703037
exp: -9.3688264960
exp: -9.2497286038
exp: -9.1306907053
exp: -9.0116619426
exp: -8.8927019949
exp: -8.7739154102
exp: -8.6550898003
exp: -8.5363187875
exp: -8.4176001903
exp: -8.2990250724
exp: -8.1804531364
exp: -8.0619862897
exp: -7.9435553854
exp: -7.8252721309
exp: -7.7069616167
exp: -7.5886344724
exp: -7.4706119733
exp: -7.3525133950
exp: -7.2345550916
exp: -7.1167024452
exp: -6.9988467781
exp: -6.8811069982
exp: -6.7635092037
exp: -6.6461195128
exp: -6.5286447141
exp: -6.4113298479
exp: -6.2942713153
exp: -6.1773693220
exp: -6.0606648991
exp: -5.9438220132
exp: -5.8274582441
exp: -5.7118046149
exp: -5.5977016267
exp: -5.4861457968
exp: -5.3760374933
exp: -5.2705128619
exp: -5.1724438028
exp: -5.0721921446
exp: -4.9846266476
exp: -4.8990366924
exp: -4.8129633536
exp: -4.7375379453
exp: -4.6653575449
exp: -4.5902465570
exp: -4.5234116743
exp: -4.4645345246
exp: -4.4101325463
exp: -4.3590054909
exp: -4.3097719052
exp: -4.2624645247
exp: -4.2205808306
exp: -4.1846951929
exp: -4.1459490102
exp: -4.1141877604
exp: -4.0889566665
exp: -4.0603138806
exp: -4.0438029694
exp: -4.0321927683
exp: -4.0240927667
exp: -4.0097999474
exp: -3.9960833426
exp: -3.9938633093
exp: -4.0121841937
exp: -4.0130994108
exp: -4.0258798973
exp: -4.0408137517
exp: -4.0567504562
exp: -4.0758818875
exp: -4.0959772000
exp: -4.1175907756
exp: -4.1411185580
exp: -4.1673907703
exp: -4.1962086859
exp: -4.2273013372
exp: -4.2612803830
exp: -4.2973816502
exp: -4.3360129032
exp: -4.3767965888
exp: -4.4199401870
Overlap: 0.0000000000
exp: -4.4199490054
Overlap: 0.0000000000
