exp: -11.8800118518
exp: -11.7600734799
exp: -11.6401554814
exp: -11.5202896046
exp: -11.4004473727
exp: -11.2806517839
exp: -11.1609084379
exp: -11.0411967427
exp: -10.9215394095
exp: -10.8019018568
exp: -10.6823451167
exp: -10.5628168059
exp: -10.4433723303
exp: -10.3239647292
exp: -10.2046417131
exp: -10.0853509173
exp: -9.9661290595
exp: -9.8469725458
exp: -9.7277990730
exp: -9.6087386406
exp: -9.4897276913
exp: -9.3708645264
exp: -9.2520101126
exp: -9.1332382574
exp: -9.0145293876
exp: -8.8958740199
exp: -8.7773892499
exp: -8.6589653128
exp: -8.5406421249
exp: -8.4224641180
exp: -8.3043734714
exp: -8.1863746785
exp: -8.0683971852
exp: -7.9504645319
exp: -7.8327873264
exp: -7.7150807884
exp: -7.5977795157
exp: -7.4805423005
exp: -7.3636380212
exp: -7.2466531396
exp: -7.1300736068
exp: -7.0133960124
exp: -6.8971145916
exp: -6.7806523401
exp: -6.6643115046
exp: -6.5481444914
exp: -6.4322056999
exp: -6.3165784423
exp: -6.2014097352
exp: -6.0862503497
exp: -5.9715603683
exp: -5.8574687216
exp: -5.7462965690
exp: -5.6371153204
exp: -5.5317444257
exp: -5.4287846739
exp: -5.3293183084
exp: -5.2324849274
exp: -5.1377149703
exp: -5.0459778621
exp: -4.9568211190
exp: -4.8715760665
exp: -4.7875656156
exp: -4.7083484679
exp: -4.6329923480
exp: -4.5470410026
exp: -4.4659785831
exp: -4.3957040448
exp: -4.3338512650
exp: -4.3224595993
exp: -4.3259910627
exp: -4.3164086603
exp: -4.2872652752
exp: -4.2671953585
exp: -4.2441130566
exp: -4.2158508159
exp: -4.1971749343
exp: -4.1828971703
exp: -4.0461609617
exp: -4.0581639355
exp: -4.0794877946
exp: -4.1335898558
exp: -4.1589867669
exp: -4.0519902275
exp: -4.2029234296
exp: -4.0915235710
exp: -4.1909721777
exp: -4.1183519637
exp: -4.1604923470
exp: -4.1904176915
exp: -4.2855105968
exp: -4.2479370733
exp: -4.2435094685
exp: -4.2112039837
exp: -4.2784499636
exp: -4.3326257819
exp: -4.3710457318
exp: -4.4301086389
exp: -4.4799104161
exp: -4.7487854438
Overlap: 0.0000000242
exp: -4.7534835890
Overlap: 0.0000001882
