exp: -11.8799969597
exp: -11.7600273889
exp: -11.6400644054
exp: -11.5201374563
exp: -11.4002288324
exp: -11.2803250646
exp: -11.1604366780
exp: -11.0405698156
exp: -10.9207183959
exp: -10.8008600265
exp: -10.6810824036
exp: -10.5613121491
exp: -10.4415532156
exp: -10.3218259259
exp: -10.2020888373
exp: -10.0823955922
exp: -9.9627177194
exp: -9.8430770113
exp: -9.7234758055
exp: -9.6038856833
exp: -9.4842955200
exp: -9.3647732443
exp: -9.2452879716
exp: -9.1258085031
exp: -9.0063908971
exp: -8.8869774320
exp: -8.7676003955
exp: -8.6482582904
exp: -8.5289759400
exp: -8.4096685405
exp: -8.2904419194
exp: -8.1712784076
exp: -8.0521208071
exp: -7.9330512226
exp: -7.8139872316
exp: -7.6950148375
exp: -7.5760467798
exp: -7.4570911952
exp: -7.3382206738
exp: -7.2194787107
exp: -7.1007354577
exp: -6.9820802531
exp: -6.8634614534
exp: -6.7449869775
exp: -6.6265099533
exp: -6.5080569848
exp: -6.3896427692
exp: -6.2713954612
exp: -6.1532654013
exp: -6.0350755649
exp: -5.9176333971
exp: -5.8017736291
exp: -5.6897874871
exp: -5.5804065188
exp: -5.4762472077
exp: -5.3707960620
exp: -5.2683286583
exp: -5.1677700534
exp: -5.0766817166
exp: -4.9865780582
exp: -4.8961828142
exp: -4.8184646451
exp: -4.7473568037
exp: -4.7425647585
exp: -4.7134882819
exp: -4.6889430851
exp: -4.6561395803
exp: -4.6164687591
exp: -4.5819427738
exp: -4.5531563692
exp: -4.5250166612
exp: -4.5009548081
exp: -4.4749428428
exp: -4.4524028238
exp: -4.4322002721
exp: -4.4153651116
exp: -4.4000338590
exp: -4.3901969618
exp: -4.3801514729
exp: -4.3853463378
exp: -4.3868159925
exp: -4.4063326607
exp: -4.4356002830
exp: -4.4680160965
exp: -4.4853551937
exp: -4.5012186674
exp: -4.5189718806
exp: -4.5391692002
exp: -4.5618351465
exp: -4.5868727868
exp: -4.6144589960
exp: -4.6445727376
exp: -4.6768368223
exp: -4.7118598793
exp: -4.7490683609
exp: -4.7886628817
exp: -4.8305253699
exp: -4.8748140269
exp: -4.9212145049
exp: -4.9697387471
Overlap: 0.0000000000
exp: -4.9697990655
Overlap: 0.0000000000
