exp: -11.8800093240
exp: -11.7600340999
exp: -11.6400770537
exp: -11.5201392467
exp: -11.4002073012
exp: -11.2803019661
exp: -11.1603891208
exp: -11.0405199865
exp: -10.9206480179
exp: -10.8008088986
exp: -10.6809765295
exp: -10.5611494466
exp: -10.4413607418
exp: -10.3217876399
exp: -10.2020372704
exp: -10.0823018160
exp: -9.9625754543
exp: -9.8428766960
exp: -9.7232937823
exp: -9.6037645681
exp: -9.4842012967
exp: -9.3646853824
exp: -9.2452534759
exp: -9.1256343286
exp: -9.0061294266
exp: -8.8867021286
exp: -8.7672654471
exp: -8.6478119499
exp: -8.5284752646
exp: -8.4092291432
exp: -8.2899249653
exp: -8.1710239711
exp: -8.0519155978
exp: -7.9331366046
exp: -7.8146247190
exp: -7.6957022868
exp: -7.5772475861
exp: -7.4590070920
exp: -7.3408613076
exp: -7.2227204187
exp: -7.1050236553
exp: -6.9873817513
exp: -6.8694941383
exp: -6.7518579544
exp: -6.6341124325
exp: -6.5164016702
exp: -6.3987948295
exp: -6.2813278348
exp: -6.1638941514
exp: -6.0466800528
exp: -5.9294786293
exp: -5.8135274610
exp: -5.6998651802
exp: -5.5881666562
exp: -5.4813952904
exp: -5.3769590984
exp: -5.2802658986
exp: -5.1854006194
exp: -5.0975047576
exp: -5.0088569675
exp: -4.9336296763
exp: -4.8857239678
exp: -4.8280958628
exp: -4.8100571940
exp: -4.7708679209
exp: -4.7207056335
exp: -4.6724394929
exp: -4.6280913755
exp: -4.5874692075
exp: -4.5497740393
exp: -4.5150004328
exp: -4.4838068251
exp: -4.4555378511
exp: -4.4318771883
exp: -4.4099804779
exp: -4.3912588253
exp: -4.3757092481
exp: -4.3643508441
exp: -4.3558091723
exp: -4.3495412475
exp: -4.3454607045
exp: -4.3461919170
exp: -4.3474703116
exp: -4.3526680083
exp: -4.3586809931
exp: -4.3677021597
exp: -4.3791409573
exp: -4.3923744802
exp: -4.4084060674
exp: -4.4265938173
exp: -4.4468821559
exp: -4.4705496953
exp: -4.4946473943
exp: -4.5219216808
exp: -4.5505235566
exp: -4.5800720540
exp: -4.6120785713
exp: -4.6454651681
exp: -4.6803380575
exp: -4.7168521936
Overlap: 0.0000000000
exp: -4.7167760117
Overlap: 0.0000000000
exp: -4.7167760117
Overlap: 0.0000000000
