exp: -11.8800008000
exp: -11.7600802068
exp: -11.6401831091
exp: -11.5203182366
exp: -11.4005078524
exp: -11.2807273855
exp: -11.1610230897
exp: -11.0413517760
exp: -10.9217599855
exp: -10.8021712024
exp: -10.6826752168
exp: -10.5632762988
exp: -10.4439038265
exp: -10.3245589338
exp: -10.2053720801
exp: -10.0862195611
exp: -9.9671678204
exp: -9.8481791723
exp: -9.7293099913
exp: -9.6105004167
exp: -9.4917212733
exp: -9.3731731088
exp: -9.2547724910
exp: -9.1363244688
exp: -9.0180779250
exp: -8.8998570708
exp: -8.7817925777
exp: -8.6639161413
exp: -8.5459785162
exp: -8.4284430958
exp: -8.3109280397
exp: -8.1936669799
exp: -8.0764011878
exp: -7.9595277739
exp: -7.8428494496
exp: -7.7267818667
exp: -7.6107127549
exp: -7.4948330618
exp: -7.3792707381
exp: -7.2636816371
exp: -7.1484514627
exp: -7.0332634678
exp: -6.9186333950
exp: -6.8036004128
exp: -6.6895030002
exp: -6.5755825210
exp: -6.4618250134
exp: -6.3487262355
exp: -6.2360776243
exp: -6.1240381950
exp: -6.0118934632
exp: -5.9011299471
exp: -5.7898422668
exp: -5.6864871759
exp: -5.5840227193
exp: -5.4847327432
exp: -5.3879328673
exp: -5.2959935676
exp: -5.2093499175
exp: -5.1291357167
exp: -5.0628085844
exp: -5.0098965751
exp: -4.9928230277
exp: -4.9490901039
exp: -4.9029671936
exp: -4.8611260222
exp: -4.8242575340
exp: -4.7907932334
exp: -4.7609774455
exp: -4.7353208761
exp: -4.7124927075
exp: -4.6937558022
exp: -4.6780320679
exp: -4.6651796621
exp: -4.6556972845
exp: -4.6489278189
exp: -4.6449925361
exp: -4.6438245213
exp: -4.6449908786
exp: -4.6493095129
exp: -4.6558481950
exp: -4.6650368784
exp: -4.6769877880
exp: -4.6910497075
exp: -4.7075938847
exp: -4.7262737184
exp: -4.7472657788
exp: -4.7714328371
exp: -4.7966689454
exp: -4.8249520331
exp: -4.8549887210
exp: -4.8869364467
exp: -4.9220575253
exp: -4.9582836933
exp: -4.9976321406
exp: -5.0391528073
exp: -5.0828699611
exp: -5.1295509775
exp: -5.1783344625
exp: -5.2294832842
Overlap: 0.0000000000
exp: -5.2294217366
Overlap: 0.0000000000
