exp: -11.8799509074
exp: -11.7600365498
exp: -11.6400872933
exp: -11.5201624686
exp: -11.4002536452
exp: -11.2803718115
exp: -11.1605200795
exp: -11.0406854024
exp: -10.9208774240
exp: -10.8010927699
exp: -10.6813314444
exp: -10.5616196510
exp: -10.4419210359
exp: -10.3222778761
exp: -10.2026487499
exp: -10.0830586453
exp: -9.9634266160
exp: -9.8439161684
exp: -9.7243736291
exp: -9.6049112266
exp: -9.4855309671
exp: -9.3661770421
exp: -9.2468128692
exp: -9.1275297664
exp: -9.0082409661
exp: -8.8890252828
exp: -8.7698962093
exp: -8.6507138191
exp: -8.5316308983
exp: -8.4128623469
exp: -8.2940090275
exp: -8.1751870757
exp: -8.0565648343
exp: -7.9382019768
exp: -7.8198717917
exp: -7.7015615016
exp: -7.5830319834
exp: -7.4653778768
exp: -7.3471971568
exp: -7.2291288655
exp: -7.1117291821
exp: -6.9940378779
exp: -6.8769645815
exp: -6.7599972453
exp: -6.6432835718
exp: -6.5270530824
exp: -6.4110190181
exp: -6.2958681293
exp: -6.1813468114
exp: -6.0664853009
exp: -5.9518577475
exp: -5.8395596798
exp: -5.7312201663
exp: -5.6275204326
exp: -5.5271152855
exp: -5.4323778247
exp: -5.3412163536
exp: -5.2536441366
exp: -5.1584772190
exp: -5.0701991236
exp: -4.9882600746
exp: -4.9115673141
exp: -4.8453243817
exp: -4.7724400408
exp: -4.7099706242
exp: -4.6460450689
exp: -4.5949633053
exp: -4.5418355232
exp: -4.5043088521
exp: -4.4508680162
exp: -4.4624314708
exp: -4.5416525640
exp: -4.5960801884
exp: -4.5924879837
exp: -4.5769844832
exp: -4.5610132464
exp: -4.5471077207
exp: -4.5349204641
exp: -4.5251640664
exp: -4.5176310612
exp: -4.5116910580
exp: -4.5078495205
exp: -4.5062685092
exp: -4.5061515720
exp: -4.5084689249
exp: -4.5124594278
exp: -4.5183856115
exp: -4.5260519592
exp: -4.5357671705
exp: -4.5473933880
exp: -4.5610914286
exp: -4.5768406335
exp: -4.5945221848
exp: -4.6145199015
exp: -4.6366157235
exp: -4.6606838442
exp: -4.6878073688
exp: -4.7173850469
exp: -4.7487477467
exp: -4.7841016492
Overlap: 0.0000000000
exp: -4.7837401681
Overlap: 0.0000000000
