exp: -11.8800149629
exp: -11.7600436566
exp: -11.6400989655
exp: -11.5201813600
exp: -11.4002845858
exp: -11.2804223348
exp: -11.1605623018
exp: -11.0407411636
exp: -10.9209851185
exp: -10.8012049861
exp: -10.6814508975
exp: -10.5617520830
exp: -10.4420668798
exp: -10.3224307390
exp: -10.2028172159
exp: -10.0832444790
exp: -9.9636642165
exp: -9.8441655806
exp: -9.7246800634
exp: -9.6052719907
exp: -9.4858884363
exp: -9.3665200043
exp: -9.2472238760
exp: -9.1279060470
exp: -9.0086833327
exp: -8.8895452988
exp: -8.7703748678
exp: -8.6513668376
exp: -8.5323578089
exp: -8.4133620310
exp: -8.2945011743
exp: -8.1756565244
exp: -8.0569247898
exp: -7.9380901055
exp: -7.8194342253
exp: -7.7009883430
exp: -7.5823966411
exp: -7.4638649887
exp: -7.3457045045
exp: -7.2272868754
exp: -7.1090636321
exp: -6.9909011920
exp: -6.8729180706
exp: -6.7550564900
exp: -6.6372510320
exp: -6.5198007493
exp: -6.4023452739
exp: -6.2854527117
exp: -6.1687812126
exp: -6.0526785482
exp: -5.9372746545
exp: -5.8240545454
exp: -5.7167833497
exp: -5.6061800325
exp: -5.4999354607
exp: -5.3962632513
exp: -5.2947387308
exp: -5.1922218863
exp: -5.0917528859
exp: -4.9998163051
exp: -4.9135268724
exp: -4.8316508035
exp: -4.7594265732
exp: -4.6917908025
exp: -4.6473968133
exp: -4.6503612549
exp: -4.6432468865
exp: -4.6065114229
exp: -4.5682215849
exp: -4.5334829838
exp: -4.5021833732
exp: -4.4739528694
exp: -4.4495649844
exp: -4.4283455810
exp: -4.4105334483
exp: -4.3957789667
exp: -4.3844623277
exp: -4.3762567208
exp: -4.3710021911
exp: -4.3686782031
exp: -4.3694321389
exp: -4.3732618044
exp: -4.3798977408
exp: -4.3894256735
exp: -4.4017968554
exp: -4.4168920262
exp: -4.4347554898
exp: -4.4553784576
exp: -4.4786622293
exp: -4.5045795242
exp: -4.5328953752
exp: -4.5637010207
exp: -4.5968651128
exp: -4.6323430314
exp: -4.6700609698
exp: -4.7099545655
exp: -4.7519597674
exp: -4.7960082949
exp: -4.8420425581
exp: -4.8899996363
Overlap: 0.0000000000
exp: -4.8899996791
Overlap: 0.0000000000
