exp: -11.8800147877
exp: -11.7600627429
exp: -11.6401419842
exp: -11.5202509067
exp: -11.4004252320
exp: -11.2806072142
exp: -11.1608513487
exp: -11.0411290915
exp: -10.9214440416
exp: -10.8018185430
exp: -10.6822424480
exp: -10.5627133833
exp: -10.4432171989
exp: -10.3237783976
exp: -10.2044169195
exp: -10.0850601077
exp: -9.9657940992
exp: -9.8465651944
exp: -9.7274160410
exp: -9.6083820205
exp: -9.4893631373
exp: -9.3704057846
exp: -9.2515065203
exp: -9.1326996151
exp: -9.0140655847
exp: -8.8954237757
exp: -8.7768788908
exp: -8.6585488696
exp: -8.5402363752
exp: -8.4221987707
exp: -8.3043140943
exp: -8.1862395596
exp: -8.0682613282
exp: -7.9505606580
exp: -7.8331382932
exp: -7.7162600467
exp: -7.5988447459
exp: -7.4820100534
exp: -7.3650955604
exp: -7.2483060631
exp: -7.1316315926
exp: -7.0148429867
exp: -6.8982262016
exp: -6.7818917793
exp: -6.6654678607
exp: -6.5491705138
exp: -6.4331144034
exp: -6.3172964475
exp: -6.2015738276
exp: -6.0861830695
exp: -5.9711148475
exp: -5.8522198516
exp: -5.7491105186
exp: -5.6456455563
exp: -5.5432500560
exp: -5.4499346505
exp: -5.3585657856
exp: -5.2717862832
exp: -5.1892801702
exp: -5.1167756995
exp: -5.0446871056
exp: -4.9808059908
exp: -4.9124842905
exp: -4.8513673620
exp: -4.7952574499
exp: -4.7410865784
exp: -4.6959777487
exp: -4.6532708487
exp: -4.5948357579
exp: -4.5156396967
exp: -4.4696236099
exp: -4.4514409762
exp: -4.4014596001
exp: -4.3612233181
exp: -4.3824613097
exp: -4.3601089650
exp: -4.3471113813
exp: -4.3497110432
exp: -4.2824448359
exp: -4.2748286498
exp: -4.3461044617
exp: -4.4515510695
exp: -4.5005439623
exp: -4.5397958764
exp: -4.5725853908
exp: -4.6043821294
exp: -4.6349440858
exp: -4.6707250564
exp: -4.6982571860
exp: -4.7301988500
exp: -4.6611877371
exp: -4.7092840443
exp: -4.7191123119
exp: -4.7704307923
exp: -4.9225991504
exp: -4.9779410327
exp: -5.0341629220
exp: -5.1448830068
exp: -5.1938810762
exp: -5.2447635668
Overlap: 0.0000000000
exp: -5.2447350269
Overlap: 0.0000000000
