exp: -11.8799413011
exp: -11.7599601114
exp: -11.6400628631
exp: -11.5199684376
exp: -11.4003403867
exp: -11.2805244236
exp: -11.1607053500
exp: -11.0409200448
exp: -10.9211782501
exp: -10.8014760173
exp: -10.6818052724
exp: -10.5621672373
exp: -10.4425585747
exp: -10.3229830037
exp: -10.2034502906
exp: -10.0839665726
exp: -9.9644830789
exp: -9.8450976971
exp: -9.7257695248
exp: -9.6064817198
exp: -9.4871982861
exp: -9.3679543113
exp: -9.2487664552
exp: -9.1296783521
exp: -9.0105811315
exp: -8.8915676416
exp: -8.7726596113
exp: -8.6538082584
exp: -8.5350352955
exp: -8.4163644233
exp: -8.2977077501
exp: -8.1791686273
exp: -8.0606950602
exp: -7.9424001225
exp: -7.8241310992
exp: -7.7060818291
exp: -7.5881977640
exp: -7.4704936432
exp: -7.3528585151
exp: -7.2358139140
exp: -7.1187982865
exp: -7.0023735928
exp: -6.8860564453
exp: -6.7697851059
exp: -6.6535685821
exp: -6.5373149191
exp: -6.4214045381
exp: -6.3056850747
exp: -6.1901768913
exp: -6.0799236699
exp: -5.9709626757
exp: -5.8662279166
exp: -5.7636983533
exp: -5.6660312601
exp: -5.5693153556
exp: -5.4772917158
exp: -5.3898560629
exp: -5.3113031736
exp: -5.2309437652
exp: -5.1650794678
exp: -5.1024379914
exp: -5.0510226316
exp: -5.0312838413
exp: -5.0054489393
exp: -4.9797890744
exp: -4.9580751766
exp: -4.9700358001
exp: -4.9688940068
exp: -4.9551723894
exp: -4.9425731607
exp: -4.9257257219
exp: -4.9236223051
exp: -4.9239813464
exp: -4.9355318870
exp: -4.9381863849
exp: -4.9436505643
exp: -4.9504790494
exp: -4.9639960889
exp: -4.9853424330
exp: -5.0007328235
exp: -5.0145130702
exp: -5.0424487640
exp: -5.0613556688
exp: -5.0862515267
exp: -5.1118684818
exp: -5.1385856509
exp: -5.1706845565
exp: -5.2252210101
exp: -5.2705468490
exp: -5.3400222269
exp: -5.3605586556
exp: -5.4091613850
exp: -5.4565187454
exp: -5.5275684625
exp: -5.6906745428
exp: -5.8321534353
exp: -5.8932282200
exp: -5.9516410423
exp: -6.0100030010
exp: -6.0699826396
Overlap: 0.0000000000
exp: -6.0699836800
Overlap: 0.0000000000
