exp: -11.8800060739
exp: -11.7600284666
exp: -11.6400637137
exp: -11.5201168300
exp: -11.4001915474
exp: -11.2802974604
exp: -11.1604161721
exp: -11.0405556769
exp: -10.9207380101
exp: -10.8009174014
exp: -10.6811388992
exp: -10.5614184736
exp: -10.4416818673
exp: -10.3219720102
exp: -10.2022680424
exp: -10.0826175777
exp: -9.9630140094
exp: -9.8433496821
exp: -9.7237982800
exp: -9.6042410227
exp: -9.4847367107
exp: -9.3652841008
exp: -9.2458550170
exp: -9.1264651883
exp: -9.0070665126
exp: -8.8877434579
exp: -8.7684033919
exp: -8.6492045204
exp: -8.5300544355
exp: -8.4109525859
exp: -8.2918198515
exp: -8.1727267843
exp: -8.0537407721
exp: -7.9346313933
exp: -7.8157640244
exp: -7.6970817471
exp: -7.5781812698
exp: -7.4592338809
exp: -7.3406075770
exp: -7.2218931941
exp: -7.1032899398
exp: -6.9847113417
exp: -6.8664298572
exp: -6.7479696239
exp: -6.6296270043
exp: -6.5113640025
exp: -6.3933063788
exp: -6.2751400232
exp: -6.1567771030
exp: -6.0390255349
exp: -5.9209748625
exp: -5.8048564808
exp: -5.6917614750
exp: -5.5814655352
exp: -5.4732387060
exp: -5.3705000573
exp: -5.2688117796
exp: -5.1699306975
exp: -5.0756726586
exp: -4.9877270113
exp: -4.9020948337
exp: -4.8342524970
exp: -4.7942747912
exp: -4.7800843163
exp: -4.7233186960
exp: -4.6694748105
exp: -4.6205301112
exp: -4.5733075200
exp: -4.5304514887
exp: -4.4904160947
exp: -4.4559435384
exp: -4.4285790194
exp: -4.4103221101
exp: -4.3990819352
exp: -4.3819707279
exp: -4.3672470836
exp: -4.3552486366
exp: -4.3463418076
exp: -4.3403492602
exp: -4.3378826400
exp: -4.3384725025
exp: -4.3419701110
exp: -4.3486073029
exp: -4.3580970352
exp: -4.3706772844
exp: -4.3860923646
exp: -4.4042413315
exp: -4.4251533917
exp: -4.4486851592
exp: -4.4747775085
exp: -4.5033238992
exp: -4.5342962674
exp: -4.5675834580
exp: -4.6031336387
exp: -4.6408584601
exp: -4.6807024481
exp: -4.7226083121
exp: -4.7665010197
exp: -4.8123158785
exp: -4.8599998230
Overlap: 0.0000000000
exp: -4.8599999358
Overlap: 0.0000000000
