exp: -11.8800033453
exp: -11.7600243010
exp: -11.6400554203
exp: -11.5201000000
exp: -11.4001634235
exp: -11.2802356972
exp: -11.1603211949
exp: -11.0404244375
exp: -10.9205335931
exp: -10.8006725687
exp: -10.6808181217
exp: -10.5609908480
exp: -10.4411992202
exp: -10.3213912376
exp: -10.2015652252
exp: -10.0818286886
exp: -9.9620594433
exp: -9.8423126643
exp: -9.7226103233
exp: -9.6029255905
exp: -9.4832299314
exp: -9.3636015186
exp: -9.2439374526
exp: -9.1243228580
exp: -9.0048166537
exp: -8.8853373250
exp: -8.7658054009
exp: -8.6463747069
exp: -8.5268737537
exp: -8.4074289925
exp: -8.2880764075
exp: -8.1686605966
exp: -8.0493477868
exp: -7.9301683024
exp: -7.8109399079
exp: -7.6916685410
exp: -7.5726881753
exp: -7.4534949319
exp: -7.3344310007
exp: -7.2155258058
exp: -7.0968404895
exp: -6.9777755896
exp: -6.8590249312
exp: -6.7401350566
exp: -6.6213396384
exp: -6.5028474252
exp: -6.3840658659
exp: -6.2655973084
exp: -6.1470782285
exp: -6.0286389997
exp: -5.9206194754
exp: -5.8156001924
exp: -5.7072658623
exp: -5.6002920340
exp: -5.4942658425
exp: -5.3913000757
exp: -5.2907339697
exp: -5.1952361440
exp: -5.1009325899
exp: -5.0158202310
exp: -4.9369968613
exp: -4.8787949767
exp: -4.8269364179
exp: -4.7725929580
exp: -4.7191230960
exp: -4.6706552023
exp: -4.6198124874
exp: -4.5737307664
exp: -4.5304172160
exp: -4.4879019569
exp: -4.4523742359
exp: -4.4174738959
exp: -4.3910412059
exp: -4.3633693260
exp: -4.3356876076
exp: -4.3122836542
exp: -4.2942012637
exp: -4.2823930878
exp: -4.2637721609
exp: -4.2541273884
exp: -4.2474160283
exp: -4.2482429567
exp: -4.2463867320
exp: -4.2518955846
exp: -4.2513997371
exp: -4.2749065648
exp: -4.3018046489
exp: -4.3511992226
exp: -4.4185034538
exp: -4.4810741887
exp: -4.5239947729
exp: -4.5534781838
exp: -4.5846961905
exp: -4.6184001985
exp: -4.6545288288
exp: -4.6930570941
exp: -4.7338295423
exp: -4.7769587473
exp: -4.8223676996
exp: -4.8699842038
Overlap: 0.0000000000
exp: -4.8699822477
Overlap: 0.0000000000
