exp: -8.9100097209
exp: -8.8200370927
exp: -8.7300911684
exp: -8.6401625752
exp: -8.5502560074
exp: -8.4603667835
exp: -8.3704955980
exp: -8.2806508641
exp: -8.1908210200
exp: -8.1010236588
exp: -8.0112428146
exp: -7.9214770658
exp: -7.8317791416
exp: -7.7421031307
exp: -7.6524085705
exp: -7.5627660684
exp: -7.4731184852
exp: -7.3835746468
exp: -7.2940026270
exp: -7.2044709413
exp: -7.1149999990
exp: -7.0255621078
exp: -6.9360739040
exp: -6.8466498631
exp: -6.7572422308
exp: -6.6677098271
exp: -6.5784050116
exp: -6.4891719448
exp: -6.4000076966
exp: -6.3107248423
exp: -6.2216433668
exp: -6.1326653767
exp: -6.0435439096
exp: -5.9544535275
exp: -5.8657240529
exp: -5.7768247557
exp: -5.6880067353
exp: -5.5990893593
exp: -5.5101250810
exp: -5.4215330914
exp: -5.3328314456
exp: -5.2443381286
exp: -5.1561154197
exp: -5.0676287690
exp: -4.9791187879
exp: -4.8909668536
exp: -4.8025626690
exp: -4.7150327319
exp: -4.6273692474
exp: -4.5395637543
exp: -4.4523091890
exp: -4.3654343558
exp: -4.2847519600
exp: -4.2091924510
exp: -4.1316326252
exp: -4.0551918810
exp: -3.9822753273
exp: -3.9136612713
exp: -3.8505532184
exp: -3.8024015572
exp: -3.7700973596
exp: -3.7245159921
exp: -3.6783085263
exp: -3.6352958921
exp: -3.5955722590
exp: -3.5589870290
exp: -3.5254009176
exp: -3.4948966488
exp: -3.4672536141
exp: -3.4425163440
exp: -3.4204099668
exp: -3.4009506448
exp: -3.3840353561
exp: -3.3694377104
exp: -3.3573747896
exp: -3.3475452075
exp: -3.3398848770
exp: -3.3343057511
exp: -3.3308372803
exp: -3.3293441244
exp: -3.3297423707
exp: -3.3319996340
exp: -3.3360519100
exp: -3.3418117387
exp: -3.3492751649
exp: -3.3583424164
exp: -3.3690391280
exp: -3.3813235542
exp: -3.3951488744
exp: -3.4102917979
exp: -3.4270010383
exp: -3.4452074546
exp: -3.4651560676
exp: -3.4861549909
exp: -3.5088990825
exp: -3.5324159019
exp: -3.5573463470
exp: -3.5828425012
exp: -3.6135507395
exp: -3.6463204156
Overlap: 0.0000000000
