exp: -8.9100078539
exp: -8.8200299360
exp: -8.7300697100
exp: -8.6401200360
exp: -8.5501904700
exp: -8.4602763884
exp: -8.3703794905
exp: -8.2804987108
exp: -8.1906365774
exp: -8.1007910497
exp: -8.0109707653
exp: -7.9211628669
exp: -7.8313776023
exp: -7.7416104575
exp: -7.6518722779
exp: -7.5621507583
exp: -7.4724607964
exp: -7.3827882105
exp: -7.2931395709
exp: -7.2035153568
exp: -7.1139181634
exp: -7.0243518776
exp: -6.9348060011
exp: -6.8452975833
exp: -6.7558098329
exp: -6.6663491107
exp: -6.5769288994
exp: -6.4875652103
exp: -6.3982043870
exp: -6.3088904107
exp: -6.2195982984
exp: -6.1303414725
exp: -6.0411625922
exp: -5.9520222985
exp: -5.8629462394
exp: -5.7738820622
exp: -5.6849171237
exp: -5.5960681598
exp: -5.5072772510
exp: -5.4185534200
exp: -5.3299081132
exp: -5.2413067284
exp: -5.1528639056
exp: -5.0646700588
exp: -4.9765861446
exp: -4.8884805526
exp: -4.8006298014
exp: -4.7126906067
exp: -4.6248288694
exp: -4.5372107790
exp: -4.4495144165
exp: -4.3619995910
exp: -4.2746153805
exp: -4.1875334232
exp: -4.1006045515
exp: -4.0152238129
exp: -3.9312407165
exp: -3.8490398918
exp: -3.7686789137
exp: -3.6908828593
exp: -3.6138017106
exp: -3.5391473540
exp: -3.4655732725
exp: -3.3941142571
exp: -3.3239243021
exp: -3.2572569281
exp: -3.1937431164
exp: -3.1322966936
exp: -3.0744746837
exp: -3.0243494886
exp: -2.9824101286
exp: -2.9404934588
exp: -2.8873566273
exp: -2.8249433988
exp: -2.7778840465
exp: -2.7345186632
exp: -2.6952255313
exp: -2.6604897706
exp: -2.6294150780
exp: -2.6042577725
exp: -2.5817459947
exp: -2.5579762770
exp: -2.5419059562
exp: -2.5264881962
exp: -2.5154640630
exp: -2.5048390694
exp: -2.4964122686
exp: -2.4897957164
exp: -2.4853308044
exp: -2.4822675403
exp: -2.4816638957
exp: -2.4838772405
exp: -2.4864009350
exp: -2.4932861321
exp: -2.4979724962
exp: -2.5065028025
exp: -2.5180677051
exp: -2.5277069374
exp: -2.5394877496
exp: -2.5547327353
Overlap: 0.0000000447
exp: -2.5539624559
Overlap: 0.0000020935
