exp: -8.9099643300
exp: -8.8198687023
exp: -8.7299817712
exp: -8.6400018936
exp: -8.5501265176
exp: -8.4601757243
exp: -8.3702848191
exp: -8.2804226000
exp: -8.1905434502
exp: -8.1006819765
exp: -8.0108373354
exp: -7.9210146160
exp: -7.8312075665
exp: -7.7414235124
exp: -7.6516670090
exp: -7.5619291516
exp: -7.4722210870
exp: -7.3825413620
exp: -7.2928802043
exp: -7.2032462348
exp: -7.1136180730
exp: -7.0240348422
exp: -6.9344765423
exp: -6.8449399406
exp: -6.7554543241
exp: -6.6659826938
exp: -6.5766577188
exp: -6.4872565664
exp: -6.3979254916
exp: -6.3086986256
exp: -6.2194296118
exp: -6.1302499047
exp: -6.0411042658
exp: -5.9515163784
exp: -5.8629125770
exp: -5.7741046471
exp: -5.6850480445
exp: -5.5964422066
exp: -5.5076784852
exp: -5.4189395548
exp: -5.3303207957
exp: -5.2419028239
exp: -5.1534984921
exp: -5.0648769239
exp: -4.9765359676
exp: -4.8883742088
exp: -4.7999373175
exp: -4.7122490179
exp: -4.6237640431
exp: -4.5355797347
exp: -4.4479102013
exp: -4.3607019205
exp: -4.2729774837
exp: -4.1856134478
exp: -4.0980399515
exp: -4.0111485809
exp: -3.9242574929
exp: -3.8376367172
exp: -3.7509336005
exp: -3.6642748488
exp: -3.5790706643
exp: -3.4954200866
exp: -3.4157768856
exp: -3.3521207406
exp: -3.2843627260
exp: -3.2188552734
exp: -3.1548161620
exp: -3.0933086190
exp: -3.0343747375
exp: -2.9786585334
exp: -2.9271138184
exp: -2.8776573595
exp: -2.8322493675
exp: -2.7896526640
exp: -2.7498214626
exp: -2.7130256343
exp: -2.6786087492
exp: -2.6474414710
exp: -2.6190080425
exp: -2.5930304555
exp: -2.5699621406
exp: -2.5496442002
exp: -2.5318048937
exp: -2.5165430222
exp: -2.5037406160
exp: -2.4935535157
exp: -2.4857640985
exp: -2.4805781225
exp: -2.4781642032
exp: -2.4774710644
exp: -2.4788973124
exp: -2.4825820692
exp: -2.4886590362
exp: -2.4967707079
exp: -2.5069789785
exp: -2.5203043779
exp: -2.5349185458
exp: -2.5531720075
exp: -2.5743986665
exp: -2.5988654080
Overlap: 0.0000000000
