exp: -8.9100048501
exp: -8.8200381366
exp: -8.7300882881
exp: -8.6401616552
exp: -8.5502594058
exp: -8.4603764013
exp: -8.3705180049
exp: -8.2806877568
exp: -8.1908693899
exp: -8.1010830296
exp: -8.0113174740
exp: -7.9215754234
exp: -7.8318562468
exp: -7.7421611387
exp: -7.6524944323
exp: -7.5628517568
exp: -7.4732355200
exp: -7.3836428300
exp: -7.2940681678
exp: -7.2045091912
exp: -7.1149939193
exp: -7.0255086029
exp: -6.9360356680
exp: -6.8465838655
exp: -6.7571773899
exp: -6.6678249188
exp: -6.5784703340
exp: -6.4891558769
exp: -6.3998718133
exp: -6.3106395183
exp: -6.2214439275
exp: -6.1323144875
exp: -6.0432034402
exp: -5.9541926330
exp: -5.8652409976
exp: -5.7764013492
exp: -5.6875172160
exp: -5.5986978399
exp: -5.5099334858
exp: -5.4213742963
exp: -5.3328852061
exp: -5.2444746080
exp: -5.1561892493
exp: -5.0680594323
exp: -4.9801525552
exp: -4.8922385313
exp: -4.8044722458
exp: -4.7168597910
exp: -4.6294581425
exp: -4.5420480875
exp: -4.4546652980
exp: -4.3675275179
exp: -4.2803710497
exp: -4.1951449567
exp: -4.1118215283
exp: -4.0309387868
exp: -3.9527941291
exp: -3.8776732485
exp: -3.8071156471
exp: -3.7404021036
exp: -3.6768823042
exp: -3.6170247375
exp: -3.5698668168
exp: -3.5201703608
exp: -3.4804315908
exp: -3.4505069812
exp: -3.4201678088
exp: -3.4050228142
exp: -3.3774584562
exp: -3.3505647453
exp: -3.3266073156
exp: -3.3053932176
exp: -3.2870052791
exp: -3.2712297836
exp: -3.2580018596
exp: -3.2472211330
exp: -3.2389449174
exp: -3.2330730108
exp: -3.2294839298
exp: -3.2281137390
exp: -3.2289301562
exp: -3.2318333224
exp: -3.2368100321
exp: -3.2437773364
exp: -3.2527403420
exp: -3.2636947077
exp: -3.2764628887
exp: -3.2911773555
exp: -3.3077264748
exp: -3.3260675304
exp: -3.3461759152
exp: -3.3682081729
exp: -3.3919027468
exp: -3.4173166354
exp: -3.4444972322
exp: -3.4733378798
exp: -3.5038454987
exp: -3.5359809675
exp: -3.5697094248
exp: -3.6049984749
Overlap: 0.0000000000
exp: -3.6049950043
Overlap: 0.0000000000
