exp: -8.9099996823
exp: -8.8198768272
exp: -8.7300569848
exp: -8.6401047933
exp: -8.5501676575
exp: -8.4602423191
exp: -8.3703331578
exp: -8.2804400851
exp: -8.1905595451
exp: -8.1006986636
exp: -8.0108567385
exp: -7.9210203416
exp: -7.8312052670
exp: -7.7414113877
exp: -7.6516097838
exp: -7.5618324276
exp: -7.4720350705
exp: -7.3823252273
exp: -7.2925688940
exp: -7.2028988761
exp: -7.1131878860
exp: -7.0235860146
exp: -6.9339668068
exp: -6.8443317006
exp: -6.7547512778
exp: -6.6651760481
exp: -6.5756436571
exp: -6.4862105281
exp: -6.3968040683
exp: -6.3075134395
exp: -6.2180882961
exp: -6.1286777706
exp: -6.0394333389
exp: -5.9501439250
exp: -5.8608297754
exp: -5.7716386225
exp: -5.6824712516
exp: -5.5936164060
exp: -5.5045777420
exp: -5.4155558187
exp: -5.3267007640
exp: -5.2378342116
exp: -5.1490185019
exp: -5.0603073677
exp: -4.9715309466
exp: -4.8830394348
exp: -4.7946064169
exp: -4.7059833532
exp: -4.6177768924
exp: -4.5293197033
exp: -4.4411578867
exp: -4.3531142265
exp: -4.2652466261
exp: -4.1774140557
exp: -4.0811620272
exp: -4.0028835606
exp: -3.9252891460
exp: -3.8488042350
exp: -3.7742408606
exp: -3.7040209165
exp: -3.6495167509
exp: -3.5868697628
exp: -3.5472155676
exp: -3.5244113884
exp: -3.4840256895
exp: -3.4447184994
exp: -3.4083432005
exp: -3.3752702434
exp: -3.3451100695
exp: -3.3178150794
exp: -3.2933630556
exp: -3.2715901824
exp: -3.2524468962
exp: -3.2358031433
exp: -3.2216010027
exp: -3.2098028147
exp: -3.2002976282
exp: -3.1930326440
exp: -3.1878822468
exp: -3.1847741869
exp: -3.1837402165
exp: -3.1846522892
exp: -3.1874694573
exp: -3.1922418052
exp: -3.1989208661
exp: -3.2073303254
exp: -3.2174501244
exp: -3.2294559544
exp: -3.2432208149
exp: -3.2587176430
exp: -3.2760629638
exp: -3.2951281249
exp: -3.3160220648
exp: -3.3387286309
exp: -3.3632598468
exp: -3.3896953422
exp: -3.4180376711
exp: -3.4482642395
exp: -3.4804248765
exp: -3.5146207777
Overlap: 0.0000000000
