exp: -8.9100073969
exp: -8.8197508317
exp: -8.7301546927
exp: -8.6402744233
exp: -8.5504347229
exp: -8.4606210527
exp: -8.3708522539
exp: -8.2811165221
exp: -8.1914307684
exp: -8.1017961860
exp: -8.0122129248
exp: -7.9226831350
exp: -7.8331800937
exp: -7.7437363438
exp: -7.6543435796
exp: -7.5650092388
exp: -7.4757422791
exp: -7.3865423942
exp: -7.2973849251
exp: -7.2083012408
exp: -7.1192773924
exp: -7.0303290256
exp: -6.9414818206
exp: -6.8526963587
exp: -6.7640086777
exp: -6.6754134658
exp: -6.5869055603
exp: -6.4984874361
exp: -6.4101498045
exp: -6.3219390328
exp: -6.2338080237
exp: -6.1458123790
exp: -6.0578660401
exp: -5.9701092744
exp: -5.8824290235
exp: -5.7948643354
exp: -5.7074549498
exp: -5.6200921465
exp: -5.5329233751
exp: -5.4458787258
exp: -5.3589326244
exp: -5.2721863465
exp: -5.1855219283
exp: -5.0991406786
exp: -5.0128083788
exp: -4.9266162815
exp: -4.8408830355
exp: -4.7551984148
exp: -4.6697657288
exp: -4.5846667398
exp: -4.4999023419
exp: -4.4154397167
exp: -4.3310684001
exp: -4.2470519694
exp: -4.1665357867
exp: -4.0871038534
exp: -4.0095209357
exp: -3.9346589932
exp: -3.8628300919
exp: -3.7946685424
exp: -3.7333672434
exp: -3.6796468499
exp: -3.6282340806
exp: -3.5802052473
exp: -3.5316916714
exp: -3.4852178655
exp: -3.4411514658
exp: -3.3997297152
exp: -3.3608457480
exp: -3.3241312548
exp: -3.2897699607
exp: -3.2576497725
exp: -3.2275948025
exp: -3.1998523497
exp: -3.1741073813
exp: -3.1505525654
exp: -3.1284494574
exp: -3.1086102337
exp: -3.0903249857
exp: -3.0721181348
exp: -3.0570067654
exp: -3.0443554725
exp: -3.0343304532
exp: -3.0260022798
exp: -3.0209847114
exp: -3.0175573490
exp: -3.0168192125
exp: -3.0182395456
exp: -3.0202371476
exp: -3.0245115189
exp: -3.0302719791
exp: -3.0407326882
exp: -3.0572658775
exp: -3.0717993650
exp: -3.1058467548
exp: -3.1459144673
exp: -3.1843108032
exp: -3.2133000436
exp: -3.2431753219
exp: -3.2749944474
Overlap: 0.0000000000
