exp: -8.9100104878
exp: -8.8200425487
exp: -8.7300933413
exp: -8.6401693565
exp: -8.5502385462
exp: -8.4603749642
exp: -8.3704343554
exp: -8.2808453577
exp: -8.1910927422
exp: -8.1013809574
exp: -8.0116992158
exp: -7.9220580939
exp: -7.8324546570
exp: -7.7428882400
exp: -7.6533486185
exp: -7.5638785448
exp: -7.4744357664
exp: -7.3850325526
exp: -7.2957108915
exp: -7.2064177956
exp: -7.1171550158
exp: -7.0279561691
exp: -6.9388204431
exp: -6.8497346811
exp: -6.7606819144
exp: -6.6716927879
exp: -6.5827620177
exp: -6.4938881316
exp: -6.4050930474
exp: -6.3163314481
exp: -6.2275928887
exp: -6.1389831818
exp: -6.0504303155
exp: -5.9619659912
exp: -5.8734966503
exp: -5.7851809620
exp: -5.6969054512
exp: -5.6087530619
exp: -5.5205905892
exp: -5.4325191852
exp: -5.3445679775
exp: -5.2567438229
exp: -5.1689592467
exp: -5.0814070782
exp: -4.9938168247
exp: -4.9063528095
exp: -4.8190502904
exp: -4.7317931351
exp: -4.6452698034
exp: -4.5583473389
exp: -4.4716318938
exp: -4.3853088355
exp: -4.2990239852
exp: -4.2131755188
exp: -4.1278146007
exp: -4.0441337228
exp: -3.9617605122
exp: -3.8810276094
exp: -3.8049149234
exp: -3.7306898955
exp: -3.6575108467
exp: -3.5859774276
exp: -3.5171290469
exp: -3.4504862992
exp: -3.3901559792
exp: -3.3328060785
exp: -3.2853889906
exp: -3.2466630008
exp: -3.2092549228
exp: -3.1642086224
exp: -3.1202072732
exp: -3.0775363811
exp: -3.0387763881
exp: -2.9974403191
exp: -2.9510134604
exp: -2.8995147791
exp: -2.8650229426
exp: -2.8363801932
exp: -2.8075363714
exp: -2.7810298208
exp: -2.7580607829
exp: -2.7376088294
exp: -2.7189652347
exp: -2.7032981821
exp: -2.6899246329
exp: -2.6790369386
exp: -2.6709759349
exp: -2.6659651839
exp: -2.6633983868
exp: -2.6633636443
exp: -2.6652854082
exp: -2.6701623156
exp: -2.6769429152
exp: -2.6863803426
exp: -2.6984082860
exp: -2.7132398722
exp: -2.7300313821
exp: -2.7497559121
exp: -2.7723559832
exp: -2.7966735024
Overlap: 0.0000000000
