exp: -8.9099825411
exp: -8.8200238914
exp: -8.7300522000
exp: -8.6400957780
exp: -8.5501547376
exp: -8.4602264544
exp: -8.3703110908
exp: -8.2804130165
exp: -8.1905323169
exp: -8.1006655856
exp: -8.0108127534
exp: -7.9209800009
exp: -7.8311613656
exp: -7.7413644336
exp: -7.6515871878
exp: -7.5618284857
exp: -7.4720897489
exp: -7.3823707572
exp: -7.2926750539
exp: -7.2029933436
exp: -7.1133344329
exp: -7.0237043479
exp: -6.9340926170
exp: -6.8445075224
exp: -6.7549420105
exp: -6.6654052144
exp: -6.5758993064
exp: -6.4864171947
exp: -6.3969599619
exp: -6.3075415861
exp: -6.2181402090
exp: -6.1287769637
exp: -6.0394601971
exp: -5.9501453005
exp: -5.8608778841
exp: -5.7716742937
exp: -5.6824831621
exp: -5.5933863412
exp: -5.5042764080
exp: -5.4152641346
exp: -5.3262688182
exp: -5.2373792696
exp: -5.1485131572
exp: -5.0596306738
exp: -4.9708466119
exp: -4.8821821775
exp: -4.7935409030
exp: -4.7049795766
exp: -4.6164282486
exp: -4.5279910484
exp: -4.4396060654
exp: -4.3513839264
exp: -4.2632904291
exp: -4.1767025282
exp: -4.0916630381
exp: -4.0083498890
exp: -3.9272771616
exp: -3.8480360274
exp: -3.7729578819
exp: -3.7045429988
exp: -3.6455151309
exp: -3.5808354458
exp: -3.5159446831
exp: -3.4530396441
exp: -3.3974262667
exp: -3.3460083373
exp: -3.2957116042
exp: -3.2497647454
exp: -3.2055686893
exp: -3.1620122323
exp: -3.1212016180
exp: -3.0904197588
exp: -3.0689489918
exp: -3.0332703442
exp: -3.0136195237
exp: -3.0147982656
exp: -3.0514544469
exp: -3.0975896869
exp: -3.1197522297
exp: -3.1176007021
exp: -3.1157658834
exp: -3.1177361949
exp: -3.1237824440
exp: -3.1287691205
exp: -3.1376029006
exp: -3.1478169487
exp: -3.1607213317
exp: -3.1748899484
exp: -3.1907819660
exp: -3.2087988447
exp: -3.2284651106
exp: -3.2498955504
exp: -3.2730613218
exp: -3.2978875818
exp: -3.3243669712
exp: -3.3524445790
exp: -3.3820786572
exp: -3.4132526749
exp: -3.4459052471
exp: -3.4799925404
Overlap: 0.9999919622
