exp: -8.9099997764
exp: -8.8200593607
exp: -8.7301243405
exp: -8.6402251682
exp: -8.5503628668
exp: -8.4605371431
exp: -8.3707395635
exp: -8.2809762994
exp: -8.1912516250
exp: -8.1015623032
exp: -8.0119049199
exp: -7.9222889438
exp: -7.8327234691
exp: -7.7431837674
exp: -7.6537060340
exp: -7.5642408331
exp: -7.4748292130
exp: -7.3854604479
exp: -7.2961263966
exp: -7.2068853616
exp: -7.1176457937
exp: -7.0284480949
exp: -6.9392828928
exp: -6.8501520576
exp: -6.7610807949
exp: -6.6720907998
exp: -6.5831181079
exp: -6.4942061714
exp: -6.4053928639
exp: -6.3166270788
exp: -6.2279015384
exp: -6.1393687319
exp: -6.0508317536
exp: -5.9623975970
exp: -5.8740607579
exp: -5.7858314110
exp: -5.6976269941
exp: -5.6095883408
exp: -5.5216472223
exp: -5.4339663969
exp: -5.3465731800
exp: -5.2592674379
exp: -5.1723832343
exp: -5.0857131969
exp: -4.9996272239
exp: -4.9142039610
exp: -4.8286983277
exp: -4.7434600191
exp: -4.6579605089
exp: -4.5721597999
exp: -4.4866857169
exp: -4.4012436982
exp: -4.3160212834
exp: -4.2312105736
exp: -4.1469516203
exp: -4.0471687463
exp: -3.9753363468
exp: -3.9043728905
exp: -3.8325343365
exp: -3.7649821841
exp: -3.6956332957
exp: -3.6290523339
exp: -3.5689523612
exp: -3.5197750826
exp: -3.4836238057
exp: -3.4525463602
exp: -3.4132769528
exp: -3.3751546322
exp: -3.3395066760
exp: -3.3064178291
exp: -3.2759762698
exp: -3.2481308744
exp: -3.2225890015
exp: -3.1995524772
exp: -3.1787936462
exp: -3.1602815998
exp: -3.1440544533
exp: -3.1299216411
exp: -3.1178100755
exp: -3.1077034878
exp: -3.0996228457
exp: -3.0933618807
exp: -3.0889027616
exp: -3.0863021745
exp: -3.0854225996
exp: -3.0862723270
exp: -3.0888171007
exp: -3.0930277360
exp: -3.0989031569
exp: -3.1064605867
exp: -3.1157537030
exp: -3.1266737332
exp: -3.1394221389
exp: -3.1541845655
exp: -3.1712904058
exp: -3.1898262702
exp: -3.2103292688
exp: -3.2331909788
exp: -3.2545123863
exp: -3.2856080982
Overlap: 0.0000000000
exp: -3.2853097117
Overlap: 0.0000000000
