exp: -8.9100065029
exp: -8.8200043869
exp: -8.7300290250
exp: -8.6398814977
exp: -8.5501535294
exp: -8.4602496783
exp: -8.3703766840
exp: -8.2805030199
exp: -8.1906401264
exp: -8.1008022079
exp: -8.0109818485
exp: -7.9211776080
exp: -7.8313973701
exp: -7.7416479877
exp: -7.6519038371
exp: -7.5621789627
exp: -7.4724970582
exp: -7.3828384708
exp: -7.2931859621
exp: -7.2035685032
exp: -7.1139808743
exp: -7.0244187811
exp: -6.9348956043
exp: -6.8453754208
exp: -6.7558995313
exp: -6.6664463324
exp: -6.5770379142
exp: -6.4876638428
exp: -6.3983359579
exp: -6.3090436099
exp: -6.2197793387
exp: -6.1305442359
exp: -6.0413554724
exp: -5.9522201354
exp: -5.8631223652
exp: -5.7740976520
exp: -5.6850969287
exp: -5.5961578669
exp: -5.5072563275
exp: -5.4184017160
exp: -5.3296403852
exp: -5.2409092431
exp: -5.1522509716
exp: -5.0636172705
exp: -4.9750593874
exp: -4.8865532987
exp: -4.7981820310
exp: -4.7098796745
exp: -4.6215761614
exp: -4.5334540217
exp: -4.4453851311
exp: -4.3573218214
exp: -4.2694193550
exp: -4.1820529638
exp: -4.0977885008
exp: -4.0152666309
exp: -3.9337991619
exp: -3.8547999261
exp: -3.7786854849
exp: -3.7073070903
exp: -3.6430537548
exp: -3.5842804156
exp: -3.5290034402
exp: -3.4721158975
exp: -3.4175280721
exp: -3.3654548707
exp: -3.3155966862
exp: -3.2690748339
exp: -3.2248645619
exp: -3.1831950044
exp: -3.1444724579
exp: -3.1076255441
exp: -3.0740191545
exp: -3.0429122557
exp: -3.0130914808
exp: -2.9860456586
exp: -2.9614226713
exp: -2.9399703261
exp: -2.9209691803
exp: -2.9033514296
exp: -2.8879005754
exp: -2.8744830541
exp: -2.8651397578
exp: -2.8576582274
exp: -2.8583509877
exp: -2.8654169294
exp: -2.8687146208
exp: -2.8798713045
exp: -2.9212327880
exp: -2.9329868901
exp: -2.9443769939
exp: -2.9569982394
exp: -2.9715549801
exp: -2.9882179218
exp: -3.0069790244
exp: -3.0279588202
exp: -3.0513039422
exp: -3.0768885250
exp: -3.1047900983
exp: -3.1349920278
Overlap: 0.0000000000
