exp: -8.9100013492
exp: -8.8200058475
exp: -8.7300111688
exp: -8.6400171516
exp: -8.5500221519
exp: -8.4600423969
exp: -8.3700598227
exp: -8.2800560929
exp: -8.1900406664
exp: -8.1000096469
exp: -8.0101075729
exp: -7.9201958623
exp: -7.8301329701
exp: -7.7400971290
exp: -7.6502291146
exp: -7.5601977840
exp: -7.4701887954
exp: -7.3802877700
exp: -7.2904331508
exp: -7.2005127445
exp: -7.1105068373
exp: -7.0201937218
exp: -6.9305589093
exp: -6.8404826441
exp: -6.7506665992
exp: -6.6609049272
exp: -6.5709324630
exp: -6.4806123510
exp: -6.3911102913
exp: -6.3011450216
exp: -6.2111894508
exp: -6.1214401358
exp: -6.0312942717
exp: -5.9418289788
exp: -5.8519352871
exp: -5.7618248545
exp: -5.6719628199
exp: -5.5817773620
exp: -5.4924579848
exp: -5.4022997687
exp: -5.3124300428
exp: -5.2230750033
exp: -5.1332823062
exp: -5.0436371112
exp: -4.9538726765
exp: -4.8640898630
exp: -4.7744964718
exp: -4.6849145157
exp: -4.5952921058
exp: -4.5055618556
exp: -4.4158467173
exp: -4.3262760349
exp: -4.2376219492
exp: -4.1506574972
exp: -4.0664340480
exp: -3.9840035612
exp: -3.9032788383
exp: -3.8248686340
exp: -3.7471109452
exp: -3.6722217449
exp: -3.5988794539
exp: -3.5289790199
exp: -3.4596462072
exp: -3.3875414621
exp: -3.3236077644
exp: -3.2667833469
exp: -3.2272402740
exp: -3.2542393903
exp: -3.2765977542
exp: -3.2497689758
exp: -3.2187623410
exp: -3.1920037752
exp: -3.1658821970
exp: -3.1418000162
exp: -3.1208689511
exp: -3.1028902927
exp: -3.0863483053
exp: -3.0727963157
exp: -3.0627092412
exp: -3.0544956775
exp: -3.0484659187
exp: -3.0427287453
exp: -3.0389678254
exp: -3.0382476601
exp: -3.0427414372
exp: -3.0480704168
exp: -3.0546276758
exp: -3.0606521198
exp: -3.0697687521
exp: -3.0802675939
exp: -3.0934524290
exp: -3.1057914135
exp: -3.1191719607
exp: -3.1322237912
exp: -3.1488879767
exp: -3.1663444393
exp: -3.1831786428
exp: -3.1680562327
exp: -3.2270651474
exp: -3.2712312998
Overlap: 0.0000000000
