exp: -8.9100095623
exp: -8.8200319296
exp: -8.7300992380
exp: -8.6401797079
exp: -8.5502879252
exp: -8.4604163878
exp: -8.3705963666
exp: -8.2807871468
exp: -8.1910275163
exp: -8.1012951927
exp: -8.0116067502
exp: -7.9219458986
exp: -7.8323161460
exp: -7.7427398712
exp: -7.6532108938
exp: -7.5637445173
exp: -7.4742577488
exp: -7.3848650487
exp: -7.2955016650
exp: -7.2062469138
exp: -7.1170292800
exp: -7.0278813818
exp: -6.9388028922
exp: -6.8497387892
exp: -6.7608364334
exp: -6.6721757327
exp: -6.5835591742
exp: -6.4950667431
exp: -6.4068875245
exp: -6.3187007980
exp: -6.2305415289
exp: -6.1423366189
exp: -6.0541760190
exp: -5.9660377116
exp: -5.8779403272
exp: -5.7899312948
exp: -5.7019850436
exp: -5.6141725412
exp: -5.5264211606
exp: -5.4387773665
exp: -5.3512048253
exp: -5.2637513731
exp: -5.1764191852
exp: -5.0891618424
exp: -5.0021083551
exp: -4.9151776991
exp: -4.8283919096
exp: -4.7417249703
exp: -4.6553184845
exp: -4.5689550024
exp: -4.4829260937
exp: -4.3969893689
exp: -4.3112833097
exp: -4.2255736820
exp: -4.1402306230
exp: -4.0550596100
exp: -3.9703731789
exp: -3.8876473527
exp: -3.8051084061
exp: -3.7245979326
exp: -3.6459378807
exp: -3.5699001415
exp: -3.4961938009
exp: -3.4255363996
exp: -3.3639151096
exp: -3.3109249946
exp: -3.2611585055
exp: -3.2122550914
exp: -3.1693533883
exp: -3.1298516610
exp: -3.0911774512
exp: -3.0531735492
exp: -3.0181770256
exp: -2.9860236682
exp: -2.9569897352
exp: -2.9306397553
exp: -2.9068488474
exp: -2.8856109902
exp: -2.8668843579
exp: -2.8506173620
exp: -2.8366198996
exp: -2.8249192170
exp: -2.8154459811
exp: -2.8081896974
exp: -2.8029700279
exp: -2.7997928195
exp: -2.7987186602
exp: -2.7996403607
exp: -2.8025490284
exp: -2.8074609727
exp: -2.8142472275
exp: -2.8231459134
exp: -2.8340049035
exp: -2.8468893707
exp: -2.8619269814
exp: -2.8791240528
exp: -2.8987905869
exp: -2.9210420694
exp: -2.9460917540
exp: -2.9741077522
Overlap: 0.0000000000
