exp: -8.9099992433
exp: -8.8200239366
exp: -8.7300706283
exp: -8.6401323164
exp: -8.5502112312
exp: -8.4603019711
exp: -8.3704295655
exp: -8.2805654793
exp: -8.1907283221
exp: -8.1009049389
exp: -8.0110964526
exp: -7.9213177347
exp: -7.8315630723
exp: -7.7418296934
exp: -7.6521147864
exp: -7.5624377302
exp: -7.4727702989
exp: -7.3831306264
exp: -7.2935280962
exp: -7.2039437012
exp: -7.1143797000
exp: -7.0248493599
exp: -6.9353527663
exp: -6.8458821555
exp: -6.7564547015
exp: -6.6670447578
exp: -6.5777000708
exp: -6.4883648035
exp: -6.3990595642
exp: -6.3097943273
exp: -6.2206292795
exp: -6.1314516568
exp: -6.0423584656
exp: -5.9533084639
exp: -5.8642962535
exp: -5.7753799576
exp: -5.6865649237
exp: -5.5977665709
exp: -5.5090694813
exp: -5.4203857781
exp: -5.3318430251
exp: -5.2432811193
exp: -5.1549918118
exp: -5.0667499333
exp: -4.9785950452
exp: -4.8905174224
exp: -4.8026439065
exp: -4.7147803505
exp: -4.6269633813
exp: -4.5393961216
exp: -4.4519289358
exp: -4.3646196210
exp: -4.2772232157
exp: -4.1910377520
exp: -4.1060699157
exp: -4.0242480184
exp: -3.9437238349
exp: -3.8642834107
exp: -3.7867651574
exp: -3.7112622392
exp: -3.6394018625
exp: -3.5731331744
exp: -3.5058429866
exp: -3.4412144468
exp: -3.3758757049
exp: -3.3173350322
exp: -3.2732135924
exp: -3.2380953782
exp: -3.2467006972
exp: -3.2286436310
exp: -3.1951894880
exp: -3.1619681168
exp: -3.1305862108
exp: -3.1012195951
exp: -3.0742072467
exp: -3.0490858695
exp: -3.0260950979
exp: -3.0049827708
exp: -2.9861153889
exp: -2.9695914533
exp: -2.9553699248
exp: -2.9434800600
exp: -2.9339576923
exp: -2.9268227136
exp: -2.9214021488
exp: -2.9216406647
exp: -2.9258106350
exp: -2.9375324229
exp: -2.9468179756
exp: -2.9575166207
exp: -2.9699409023
exp: -2.9843394270
exp: -3.0008929737
exp: -3.0196066447
exp: -3.0404413218
exp: -3.0633562092
exp: -3.0883099137
exp: -3.1152708839
exp: -3.1441099195
exp: -3.1749748873
Overlap: 0.0000000000
