exp: -8.9100117063
exp: -8.8200465821
exp: -8.7301009630
exp: -8.6401845815
exp: -8.5502879781
exp: -8.4604141719
exp: -8.3705709408
exp: -8.2807437055
exp: -8.1909529372
exp: -8.1011821597
exp: -8.0114393045
exp: -7.9217331153
exp: -7.8320367070
exp: -7.7423829491
exp: -7.6527568280
exp: -7.5631472697
exp: -7.4735739576
exp: -7.3840373774
exp: -7.2945400886
exp: -7.2050586488
exp: -7.1156098621
exp: -7.0261936830
exp: -6.9368254402
exp: -6.8474856103
exp: -6.7581879125
exp: -6.6689042641
exp: -6.5796886173
exp: -6.4904807769
exp: -6.4013201322
exp: -6.3122256849
exp: -6.2231555920
exp: -6.1340790600
exp: -6.0451044684
exp: -5.9561491176
exp: -5.8672609734
exp: -5.7784412852
exp: -5.6896583963
exp: -5.6009477118
exp: -5.5123028228
exp: -5.4236774096
exp: -5.3351371827
exp: -5.2465761938
exp: -5.1581612203
exp: -5.0698112792
exp: -4.9815157217
exp: -4.8933511469
exp: -4.8052883585
exp: -4.7173033431
exp: -4.6294376886
exp: -4.5416282713
exp: -4.4539456183
exp: -4.3662915850
exp: -4.2786638857
exp: -4.1912583035
exp: -4.1043842865
exp: -4.0174999023
exp: -3.9307691229
exp: -3.8444802896
exp: -3.7587265513
exp: -3.6731246257
exp: -3.5883030759
exp: -3.5086462876
exp: -3.4302747705
exp: -3.3533483060
exp: -3.2784889606
exp: -3.2081076707
exp: -3.1441630154
exp: -3.0881201688
exp: -3.0370621103
exp: -2.9846440274
exp: -2.9337227801
exp: -2.8860874234
exp: -2.8418441824
exp: -2.8003750235
exp: -2.7618001980
exp: -2.7261884495
exp: -2.6932447977
exp: -2.6629530088
exp: -2.6351775257
exp: -2.6099157136
exp: -2.5869929863
exp: -2.5664165222
exp: -2.5481171752
exp: -2.5320203401
exp: -2.5183517731
exp: -2.5067558956
exp: -2.4972367375
exp: -2.4899733205
exp: -2.4848053903
exp: -2.4818131798
exp: -2.4811633091
exp: -2.4827783930
exp: -2.4866836244
exp: -2.4929091699
exp: -2.5017155513
exp: -2.5132036484
exp: -2.5275616118
exp: -2.5450423916
exp: -2.5657814892
exp: -2.5899915612
Overlap: 0.0000000000
