exp: -8.9100071927
exp: -8.8200285834
exp: -8.7300598910
exp: -8.6400179023
exp: -8.5502658726
exp: -8.4603887692
exp: -8.3705364142
exp: -8.2807087068
exp: -8.1909069612
exp: -8.1011259477
exp: -8.0113841585
exp: -7.9216705028
exp: -7.8319804399
exp: -7.7423036133
exp: -7.6526274050
exp: -7.5629505671
exp: -7.4733287286
exp: -7.3838014437
exp: -7.2942297610
exp: -7.2046529336
exp: -7.1151490935
exp: -7.0257142981
exp: -6.9363270807
exp: -6.8468362145
exp: -6.7575498901
exp: -6.6681769537
exp: -6.5788708125
exp: -6.4897920052
exp: -6.4005606401
exp: -6.3112971798
exp: -6.2223362455
exp: -6.1333058894
exp: -6.0444016172
exp: -5.9554826270
exp: -5.8665546202
exp: -5.7776917428
exp: -5.6890223913
exp: -5.6003265684
exp: -5.5117025478
exp: -5.4230479616
exp: -5.3345407205
exp: -5.2460116923
exp: -5.1574420445
exp: -5.0693259773
exp: -4.9809746189
exp: -4.8933388517
exp: -4.8052375350
exp: -4.7172079430
exp: -4.6292333008
exp: -4.5412512279
exp: -4.4534250952
exp: -4.3662314159
exp: -4.2792730669
exp: -4.1918232748
exp: -4.1045146159
exp: -4.0173075557
exp: -3.9305294049
exp: -3.8436382286
exp: -3.7572110342
exp: -3.6719925890
exp: -3.5895437200
exp: -3.5145397609
exp: -3.4479929636
exp: -3.3789503155
exp: -3.3105654799
exp: -3.2461534029
exp: -3.1821523750
exp: -3.1201911211
exp: -3.0601940363
exp: -3.0025145075
exp: -2.9477972622
exp: -2.8951564753
exp: -2.8453760872
exp: -2.7985972202
exp: -2.7535549696
exp: -2.7109579757
exp: -2.6709196395
exp: -2.6342923123
exp: -2.6010694074
exp: -2.5687095325
exp: -2.5396518505
exp: -2.5151140346
exp: -2.4921783884
exp: -2.4711126294
exp: -2.4523504736
exp: -2.4361709226
exp: -2.4273100150
exp: -2.4179517024
exp: -2.4079756596
exp: -2.3998305224
exp: -2.4051918255
exp: -2.4119288113
exp: -2.4223818238
exp: -2.4293438447
exp: -2.4368155925
exp: -2.4417767856
exp: -2.4519045542
exp: -2.4616013689
exp: -2.4792467101
exp: -2.5684052688
Overlap: 0.0000000000
