exp: -8.9100112017
exp: -8.8200604995
exp: -8.7301281900
exp: -8.6402273313
exp: -8.5503521851
exp: -8.4605227037
exp: -8.3707102140
exp: -8.2809184168
exp: -8.1911789251
exp: -8.1014619100
exp: -8.0118185137
exp: -7.9222238299
exp: -7.8326504368
exp: -7.7431782474
exp: -7.6536941105
exp: -7.5642468701
exp: -7.4748694808
exp: -7.3856068612
exp: -7.2963759718
exp: -7.2071707454
exp: -7.1180508065
exp: -7.0289585677
exp: -6.9398910928
exp: -6.8509048533
exp: -6.7619665613
exp: -6.6730503489
exp: -6.5842191424
exp: -6.4954455386
exp: -6.4067670607
exp: -6.3181690059
exp: -6.2296256284
exp: -6.1411106915
exp: -6.0526663642
exp: -5.9642546239
exp: -5.8759181089
exp: -5.7877406310
exp: -5.6996914394
exp: -5.6117045599
exp: -5.5238826580
exp: -5.4360406907
exp: -5.3482243812
exp: -5.2605408729
exp: -5.1732264433
exp: -5.0857774252
exp: -4.9984318203
exp: -4.9114781733
exp: -4.8245127634
exp: -4.7376797663
exp: -4.6519653574
exp: -4.5707325140
exp: -4.4905175661
exp: -4.4134636711
exp: -4.3385880572
exp: -4.2684240291
exp: -4.1990820236
exp: -4.1398948445
exp: -4.0892959943
exp: -4.0448961564
exp: -4.0009988971
exp: -3.9600010269
exp: -3.9222289110
exp: -3.8919817481
exp: -3.8652787417
exp: -3.8423937155
exp: -3.8197856458
exp: -3.7997493803
exp: -3.7811523101
exp: -3.7718833228
exp: -3.7617721853
exp: -3.7527969534
exp: -3.7464675702
exp: -3.7419417140
exp: -3.7403491525
exp: -3.7390713045
exp: -3.7400686121
exp: -3.7431242633
exp: -3.7478022630
exp: -3.7538913677
exp: -3.7622165466
exp: -3.7724133096
exp: -3.7845709056
exp: -3.7981515673
exp: -3.8130012830
exp: -3.8291919290
exp: -3.8474723436
exp: -3.8671526791
exp: -3.8891795949
exp: -3.9114429711
exp: -3.9360521552
exp: -3.9620122532
exp: -3.9892764544
exp: -4.0179690671
exp: -4.0480642620
exp: -4.0801951050
exp: -4.1129918656
exp: -4.1489519893
exp: -4.1864927792
exp: -4.2254425710
exp: -4.2659360539
exp: -4.3084243547
Overlap: 0.0000001664
