exp: -8.9100115872
exp: -8.8200396963
exp: -8.7300975774
exp: -8.6401949509
exp: -8.5503107169
exp: -8.4604500954
exp: -8.3706182190
exp: -8.2808153869
exp: -8.1910465417
exp: -8.1013073998
exp: -8.0115968906
exp: -7.9219295661
exp: -7.8322951701
exp: -7.7426947997
exp: -7.6531369673
exp: -7.5636152310
exp: -7.4741518813
exp: -7.3847081463
exp: -7.2953512156
exp: -7.2060081507
exp: -7.1167085264
exp: -7.0275044409
exp: -6.9383493213
exp: -6.8491871318
exp: -6.7601456868
exp: -6.6711624746
exp: -6.5822382393
exp: -6.4934038438
exp: -6.4046321543
exp: -6.3159569785
exp: -6.2273595647
exp: -6.1388247724
exp: -6.0503189071
exp: -5.9618901687
exp: -5.8736200918
exp: -5.7853493019
exp: -5.6971269339
exp: -5.6090097902
exp: -5.5209950126
exp: -5.4330965109
exp: -5.3452691261
exp: -5.2575532869
exp: -5.1699559931
exp: -5.0824456455
exp: -4.9951547072
exp: -4.9079309840
exp: -4.8207823625
exp: -4.7338327594
exp: -4.6469691501
exp: -4.5604585896
exp: -4.4740831438
exp: -4.3878213455
exp: -4.3016850138
exp: -4.2157978393
exp: -4.1296941759
exp: -4.0462228445
exp: -3.9653063511
exp: -3.8854705857
exp: -3.8084161985
exp: -3.7351735756
exp: -3.6720566925
exp: -3.6112123870
exp: -3.5499940206
exp: -3.4904878781
exp: -3.4333209863
exp: -3.3785248988
exp: -3.3263012897
exp: -3.2764298748
exp: -3.2294212172
exp: -3.1852834742
exp: -3.1439242327
exp: -3.1059090048
exp: -3.0704839829
exp: -3.0384240716
exp: -3.0093245571
exp: -2.9831042791
exp: -2.9591486592
exp: -2.9395838632
exp: -2.9229809216
exp: -2.9105779290
exp: -2.8995095014
exp: -2.8913406781
exp: -2.8855871055
exp: -2.8821251944
exp: -2.8811611983
exp: -2.8826791276
exp: -2.8866944148
exp: -2.8930630899
exp: -2.9016454011
exp: -2.9127964144
exp: -2.9259903268
exp: -2.9413623605
exp: -2.9588030167
exp: -2.9783909303
exp: -2.9997784194
exp: -3.0232970062
exp: -3.0485697627
exp: -3.0756596380
exp: -3.1044769195
exp: -3.1349967716
Overlap: 0.0000000000
