exp: -8.9100054664
exp: -8.8200201254
exp: -8.7300472169
exp: -8.6401032909
exp: -8.5501590855
exp: -8.4602290762
exp: -8.3703468779
exp: -8.2804630543
exp: -8.1905945214
exp: -8.1007388455
exp: -8.0109071585
exp: -7.9210912083
exp: -7.8313015360
exp: -7.7415326522
exp: -7.6517895407
exp: -7.5620677749
exp: -7.4723603871
exp: -7.3826804820
exp: -7.2930169098
exp: -7.2033955759
exp: -7.1137844071
exp: -7.0242166707
exp: -6.9347000635
exp: -6.8452026900
exp: -6.7557007560
exp: -6.6662691855
exp: -6.5768441367
exp: -6.4874945404
exp: -6.3981369755
exp: -6.3088524935
exp: -6.2195750545
exp: -6.1303772498
exp: -6.0412346422
exp: -5.9520979086
exp: -5.8630386615
exp: -5.7739991545
exp: -5.6850141970
exp: -5.5960441333
exp: -5.5071074476
exp: -5.4182847029
exp: -5.3294696528
exp: -5.2406966499
exp: -5.1519422661
exp: -5.0632326660
exp: -4.9746737796
exp: -4.8861184444
exp: -4.7977127430
exp: -4.7093869482
exp: -4.6211573907
exp: -4.5329318910
exp: -4.4458814487
exp: -4.3598069760
exp: -4.2794693917
exp: -4.1995509473
exp: -4.1213011591
exp: -4.0447901480
exp: -3.9741524459
exp: -3.9044264730
exp: -3.8370464227
exp: -3.7707459121
exp: -3.7084540425
exp: -3.6517035074
exp: -3.5899435575
exp: -3.5444174884
exp: -3.5088315620
exp: -3.4663836722
exp: -3.4500075038
exp: -3.4242696060
exp: -3.4281064621
exp: -3.4007795643
exp: -3.3864598125
exp: -3.3994690539
exp: -3.4183523110
exp: -3.4663235093
exp: -3.4696189950
exp: -3.4651056761
exp: -3.4623331295
exp: -3.4609011676
exp: -3.4615166126
exp: -3.4642948152
exp: -3.4688851017
exp: -3.4753782980
exp: -3.4836826395
exp: -3.4937188438
exp: -3.5056722260
exp: -3.5191262785
exp: -3.5348351184
exp: -3.5520511947
exp: -3.5710239747
exp: -3.5917275126
exp: -3.6141597247
exp: -3.6383714119
exp: -3.6643209932
exp: -3.6920296531
exp: -3.7213663925
exp: -3.7526354540
exp: -3.7856910937
exp: -3.8204217748
exp: -3.8568753341
exp: -3.8949979249
Overlap: 0.0000000000
