exp: -8.9100134422
exp: -8.8200539693
exp: -8.7301232512
exp: -8.6402231173
exp: -8.5503606233
exp: -8.4605225087
exp: -8.3707168194
exp: -8.2809663609
exp: -8.1912322747
exp: -8.1015581114
exp: -8.0119271222
exp: -7.9223162160
exp: -7.8327843329
exp: -7.7432916792
exp: -7.6538494308
exp: -7.5644728842
exp: -7.4751477186
exp: -7.3859171005
exp: -7.2967704907
exp: -7.2076273136
exp: -7.1185702765
exp: -7.0296311096
exp: -6.9408060415
exp: -6.8520522078
exp: -6.7633924838
exp: -6.6748478209
exp: -6.5863498393
exp: -6.4979481261
exp: -6.4096474635
exp: -6.3216802849
exp: -6.2336781199
exp: -6.1458410971
exp: -6.0581791351
exp: -5.9706382757
exp: -5.8833762200
exp: -5.7960996484
exp: -5.7091608980
exp: -5.6225147483
exp: -5.5360142881
exp: -5.4494254943
exp: -5.3628100372
exp: -5.2761223218
exp: -5.1895550690
exp: -5.1031353241
exp: -5.0168613372
exp: -4.9307189031
exp: -4.8447786313
exp: -4.7589901051
exp: -4.6734329325
exp: -4.5880925339
exp: -4.5028564577
exp: -4.4178826119
exp: -4.3331779803
exp: -4.2485929156
exp: -4.1643729419
exp: -4.0802819805
exp: -3.9964860422
exp: -3.9137086632
exp: -3.8288727719
exp: -3.7487090519
exp: -3.6698308457
exp: -3.5934429538
exp: -3.5191143566
exp: -3.4497904385
exp: -3.3823855318
exp: -3.3191560423
exp: -3.2595664098
exp: -3.2046343849
exp: -3.1536075156
exp: -3.1069469944
exp: -3.0618448202
exp: -3.0188926139
exp: -2.9791271760
exp: -2.9422039159
exp: -2.9081370109
exp: -2.8774584088
exp: -2.8491401406
exp: -2.8245329101
exp: -2.8031420120
exp: -2.7841042854
exp: -2.7681101397
exp: -2.7548815722
exp: -2.7443985287
exp: -2.7366663176
exp: -2.7315631632
exp: -2.7291527981
exp: -2.7293804673
exp: -2.7319843283
exp: -2.7370050870
exp: -2.7444143328
exp: -2.7545024392
exp: -2.7665635830
exp: -2.7811347538
exp: -2.7978258091
exp: -2.8165299813
exp: -2.8373394960
exp: -2.8601188112
exp: -2.8848573209
exp: -2.9115049548
exp: -2.9399991500
Overlap: 0.0000000000
